<?xml version="1.0" encoding="UTF-8"?>
<coverage generated="1600917013224" clover="3.2.0">
  <project timestamp="1600917013224" name="All files">
    <metrics statements="4277" coveredstatements="2489" conditionals="1524" coveredconditionals="669" methods="1316" coveredmethods="588" elements="7117" coveredelements="3746" complexity="0" loc="4277" ncloc="4277" packages="19" files="188" classes="188"/>
    <package name="dist">
      <metrics statements="1736" coveredstatements="324" conditionals="695" coveredconditionals="42" methods="618" coveredmethods="27"/>
      <file name="rx-util.js" path="C:\Users\rxliuli\Text\Pkg\rx-util\dist\rx-util.js">
        <metrics statements="1736" coveredstatements="324" conditionals="695" coveredconditionals="42" methods="618" coveredmethods="27"/>
        <line num="1" count="1" type="stmt"/>
        <line num="2" count="1" type="cond" truecount="3" falsecount="1"/>
        <line num="14" count="0" type="stmt"/>
        <line num="15" count="0" type="stmt"/>
        <line num="16" count="0" type="stmt"/>
        <line num="18" count="0" type="stmt"/>
        <line num="20" count="0" type="stmt"/>
        <line num="21" count="0" type="stmt"/>
        <line num="23" count="0" type="stmt"/>
        <line num="42" count="1" type="cond" truecount="2" falsecount="0"/>
        <line num="43" count="0" type="stmt"/>
        <line num="44" count="0" type="stmt"/>
        <line num="45" count="1" type="cond" truecount="1" falsecount="1"/>
        <line num="46" count="1" type="cond" truecount="2" falsecount="0"/>
        <line num="56" count="0" type="stmt"/>
        <line num="67" count="0" type="stmt"/>
        <line num="68" count="0" type="stmt"/>
        <line num="78" count="0" type="stmt"/>
        <line num="80" count="0" type="stmt"/>
        <line num="81" count="0" type="stmt"/>
        <line num="82" count="0" type="stmt"/>
        <line num="84" count="0" type="stmt"/>
        <line num="86" count="0" type="stmt"/>
        <line num="87" count="0" type="stmt"/>
        <line num="89" count="0" type="stmt"/>
        <line num="99" count="0" type="stmt"/>
        <line num="100" count="0" type="stmt"/>
        <line num="101" count="0" type="cond" truecount="0" falsecount="2"/>
        <line num="102" count="0" type="stmt"/>
        <line num="104" count="0" type="stmt"/>
        <line num="105" count="0" type="stmt"/>
        <line num="115" count="0" type="stmt"/>
        <line num="127" count="0" type="stmt"/>
        <line num="128" count="0" type="stmt"/>
        <line num="129" count="0" type="stmt"/>
        <line num="131" count="0" type="stmt"/>
        <line num="138" count="1" type="stmt"/>
        <line num="150" count="0" type="cond" truecount="0" falsecount="2"/>
        <line num="151" count="0" type="stmt"/>
        <line num="153" count="0" type="stmt"/>
        <line num="154" count="0" type="stmt"/>
        <line num="155" count="0" type="cond" truecount="0" falsecount="2"/>
        <line num="156" count="0" type="stmt"/>
        <line num="158" count="0" type="stmt"/>
        <line num="159" count="0" type="stmt"/>
        <line num="160" count="0" type="stmt"/>
        <line num="161" count="0" type="stmt"/>
        <line num="162" count="0" type="stmt"/>
        <line num="164" count="0" type="stmt"/>
        <line num="165" count="0" type="stmt"/>
        <line num="167" count="0" type="cond" truecount="0" falsecount="2"/>
        <line num="168" count="0" type="stmt"/>
        <line num="169" count="0" type="stmt"/>
        <line num="181" count="0" type="stmt"/>
        <line num="182" count="0" type="cond" truecount="0" falsecount="2"/>
        <line num="183" count="0" type="stmt"/>
        <line num="185" count="0" type="cond" truecount="0" falsecount="3"/>
        <line num="187" count="0" type="stmt"/>
        <line num="190" count="0" type="stmt"/>
        <line num="191" count="0" type="stmt"/>
        <line num="193" count="0" type="stmt"/>
        <line num="194" count="0" type="cond" truecount="0" falsecount="2"/>
        <line num="196" count="0" type="stmt"/>
        <line num="197" count="0" type="cond" truecount="0" falsecount="2"/>
        <line num="198" count="0" type="stmt"/>
        <line num="201" count="0" type="cond" truecount="0" falsecount="2"/>
        <line num="202" count="0" type="stmt"/>
        <line num="204" count="0" type="cond" truecount="0" falsecount="2"/>
        <line num="205" count="0" type="stmt"/>
        <line num="208" count="0" type="stmt"/>
        <line num="210" count="0" type="stmt"/>
        <line num="226" count="1" type="stmt"/>
        <line num="230" count="1" type="stmt"/>
        <line num="234" count="1" type="stmt"/>
        <line num="238" count="1" type="stmt"/>
        <line num="242" count="1" type="stmt"/>
        <line num="251" count="0" type="stmt"/>
        <line num="255" count="0" type="stmt"/>
        <line num="256" count="0" type="cond" truecount="0" falsecount="2"/>
        <line num="257" count="0" type="stmt"/>
        <line num="259" count="0" type="stmt"/>
        <line num="260" count="0" type="stmt"/>
        <line num="261" count="0" type="stmt"/>
        <line num="263" count="0" type="stmt"/>
        <line num="264" count="0" type="stmt"/>
        <line num="266" count="0" type="cond" truecount="0" falsecount="4"/>
        <line num="268" count="0" type="stmt"/>
        <line num="269" count="0" type="stmt"/>
        <line num="271" count="0" type="stmt"/>
        <line num="272" count="0" type="stmt"/>
        <line num="274" count="0" type="stmt"/>
        <line num="275" count="0" type="stmt"/>
        <line num="277" count="0" type="stmt"/>
        <line num="278" count="0" type="stmt"/>
        <line num="282" count="1" type="stmt"/>
        <line num="313" count="1" type="stmt"/>
        <line num="323" count="1" type="stmt"/>
        <line num="324" count="8" type="cond" truecount="2" falsecount="0"/>
        <line num="325" count="5" type="stmt"/>
        <line num="327" count="3" type="cond" truecount="2" falsecount="0"/>
        <line num="328" count="1" type="stmt"/>
        <line num="330" count="2" type="cond" truecount="1" falsecount="1"/>
        <line num="331" count="0" type="stmt"/>
        <line num="332" count="0" type="cond" truecount="0" falsecount="2"/>
        <line num="333" count="0" type="stmt"/>
        <line num="336" count="2" type="stmt"/>
        <line num="337" count="2" type="cond" truecount="1" falsecount="1"/>
        <line num="340" count="1" type="stmt"/>
        <line num="347" count="1" type="stmt"/>
        <line num="354" count="1" type="stmt"/>
        <line num="361" count="0" type="stmt"/>
        <line num="362" count="0" type="cond" truecount="0" falsecount="4"/>
        <line num="363" count="0" type="stmt"/>
        <line num="365" count="0" type="cond" truecount="0" falsecount="2"/>
        <line num="366" count="0" type="stmt"/>
        <line num="368" count="0" type="cond" truecount="0" falsecount="2"/>
        <line num="369" count="0" type="stmt"/>
        <line num="370" count="0" type="cond" truecount="0" falsecount="2"/>
        <line num="374" count="0" type="stmt"/>
        <line num="376" count="0" type="stmt"/>
        <line num="388" count="0" type="stmt"/>
        <line num="389" count="0" type="cond" truecount="0" falsecount="2"/>
        <line num="390" count="0" type="stmt"/>
        <line num="392" count="0" type="cond" truecount="0" falsecount="2"/>
        <line num="393" count="0" type="stmt"/>
        <line num="394" count="0" type="cond" truecount="0" falsecount="2"/>
        <line num="395" count="0" type="stmt"/>
        <line num="396" count="0" type="stmt"/>
        <line num="401" count="0" type="stmt"/>
        <line num="414" count="0" type="stmt"/>
        <line num="417" count="0" type="stmt"/>
        <line num="428" count="0" type="stmt"/>
        <line num="429" count="0" type="stmt"/>
        <line num="430" count="0" type="stmt"/>
        <line num="431" count="0" type="stmt"/>
        <line num="433" count="0" type="stmt"/>
        <line num="457" count="0" type="stmt"/>
        <line num="461" count="0" type="stmt"/>
        <line num="465" count="0" type="stmt"/>
        <line num="470" count="0" type="stmt"/>
        <line num="480" count="0" type="stmt"/>
        <line num="481" count="0" type="stmt"/>
        <line num="482" count="0" type="stmt"/>
        <line num="483" count="0" type="stmt"/>
        <line num="484" count="0" type="stmt"/>
        <line num="486" count="0" type="stmt"/>
        <line num="489" count="0" type="stmt"/>
        <line num="492" count="0" type="stmt"/>
        <line num="493" count="0" type="stmt"/>
        <line num="495" count="0" type="stmt"/>
        <line num="507" count="0" type="stmt"/>
        <line num="508" count="0" type="stmt"/>
        <line num="509" count="0" type="stmt"/>
        <line num="510" count="0" type="cond" truecount="0" falsecount="2"/>
        <line num="511" count="0" type="stmt"/>
        <line num="513" count="0" type="stmt"/>
        <line num="515" count="0" type="stmt"/>
        <line num="525" count="0" type="cond" truecount="0" falsecount="2"/>
        <line num="537" count="0" type="stmt"/>
        <line num="550" count="0" type="cond" truecount="0" falsecount="2"/>
        <line num="564" count="0" type="stmt"/>
        <line num="565" count="0" type="stmt"/>
        <line num="567" count="0" type="cond" truecount="0" falsecount="2"/>
        <line num="568" count="0" type="stmt"/>
        <line num="570" count="0" type="stmt"/>
        <line num="571" count="0" type="cond" truecount="0" falsecount="2"/>
        <line num="572" count="0" type="stmt"/>
        <line num="574" count="0" type="stmt"/>
        <line num="576" count="0" type="stmt"/>
        <line num="588" count="0" type="stmt"/>
        <line num="589" count="0" type="stmt"/>
        <line num="598" count="0" type="stmt"/>
        <line num="599" count="0" type="stmt"/>
        <line num="608" count="1" type="stmt"/>
        <line num="610" count="0" type="stmt"/>
        <line num="615" count="1" type="stmt"/>
        <line num="616" count="1" type="stmt"/>
        <line num="617" count="1" type="stmt"/>
        <line num="623" count="1" type="stmt"/>
        <line num="624" count="1" type="stmt"/>
        <line num="625" count="1" type="stmt"/>
        <line num="626" count="1" type="stmt"/>
        <line num="627" count="1" type="stmt"/>
        <line num="628" count="1" type="stmt"/>
        <line num="629" count="1" type="stmt"/>
        <line num="630" count="1" type="stmt"/>
        <line num="631" count="1" type="stmt"/>
        <line num="632" count="1" type="stmt"/>
        <line num="633" count="1" type="stmt"/>
        <line num="634" count="1" type="stmt"/>
        <line num="635" count="1" type="stmt"/>
        <line num="636" count="1" type="stmt"/>
        <line num="645" count="0" type="stmt"/>
        <line num="646" count="0" type="stmt"/>
        <line num="647" count="0" type="stmt"/>
        <line num="648" count="0" type="stmt"/>
        <line num="651" count="1" type="stmt"/>
        <line num="661" count="0" type="stmt"/>
        <line num="669" count="0" type="stmt"/>
        <line num="670" count="0" type="cond" truecount="0" falsecount="2"/>
        <line num="671" count="0" type="stmt"/>
        <line num="674" count="0" type="stmt"/>
        <line num="676" count="0" type="stmt"/>
        <line num="678" count="0" type="cond" truecount="0" falsecount="2"/>
        <line num="679" count="0" type="stmt"/>
        <line num="682" count="0" type="stmt"/>
        <line num="683" count="0" type="stmt"/>
        <line num="684" count="0" type="stmt"/>
        <line num="685" count="0" type="stmt"/>
        <line num="686" count="0" type="stmt"/>
        <line num="687" count="0" type="cond" truecount="0" falsecount="2"/>
        <line num="688" count="0" type="stmt"/>
        <line num="690" count="0" type="stmt"/>
        <line num="691" count="0" type="cond" truecount="0" falsecount="2"/>
        <line num="692" count="0" type="stmt"/>
        <line num="695" count="0" type="stmt"/>
        <line num="698" count="0" type="stmt"/>
        <line num="703" count="0" type="stmt"/>
        <line num="712" count="0" type="stmt"/>
        <line num="713" count="0" type="stmt"/>
        <line num="714" count="0" type="cond" truecount="0" falsecount="2"/>
        <line num="723" count="0" type="stmt"/>
        <line num="724" count="0" type="stmt"/>
        <line num="733" count="0" type="stmt"/>
        <line num="734" count="0" type="stmt"/>
        <line num="741" count="0" type="stmt"/>
        <line num="747" count="0" type="stmt"/>
        <line num="753" count="0" type="stmt"/>
        <line num="761" count="0" type="stmt"/>
        <line num="764" count="0" type="stmt"/>
        <line num="765" count="0" type="stmt"/>
        <line num="766" count="0" type="stmt"/>
        <line num="771" count="0" type="stmt"/>
        <line num="772" count="0" type="stmt"/>
        <line num="773" count="0" type="stmt"/>
        <line num="774" count="0" type="cond" truecount="0" falsecount="2"/>
        <line num="775" count="0" type="stmt"/>
        <line num="778" count="0" type="stmt"/>
        <line num="782" count="0" type="stmt"/>
        <line num="783" count="0" type="stmt"/>
        <line num="784" count="0" type="stmt"/>
        <line num="785" count="0" type="stmt"/>
        <line num="787" count="0" type="stmt"/>
        <line num="791" count="0" type="stmt"/>
        <line num="792" count="0" type="stmt"/>
        <line num="793" count="0" type="stmt"/>
        <line num="794" count="0" type="stmt"/>
        <line num="796" count="0" type="stmt"/>
        <line num="800" count="0" type="stmt"/>
        <line num="801" count="0" type="stmt"/>
        <line num="802" count="0" type="cond" truecount="0" falsecount="2"/>
        <line num="803" count="0" type="stmt"/>
        <line num="806" count="0" type="stmt"/>
        <line num="809" count="0" type="stmt"/>
        <line num="813" count="0" type="stmt"/>
        <line num="814" count="0" type="stmt"/>
        <line num="815" count="0" type="cond" truecount="0" falsecount="2"/>
        <line num="816" count="0" type="stmt"/>
        <line num="819" count="0" type="stmt"/>
        <line num="822" count="0" type="stmt"/>
        <line num="826" count="0" type="stmt"/>
        <line num="827" count="0" type="stmt"/>
        <line num="828" count="0" type="stmt"/>
        <line num="829" count="0" type="cond" truecount="0" falsecount="2"/>
        <line num="830" count="0" type="stmt"/>
        <line num="833" count="0" type="stmt"/>
        <line num="842" count="0" type="stmt"/>
        <line num="845" count="0" type="stmt"/>
        <line num="846" count="0" type="stmt"/>
        <line num="850" count="0" type="stmt"/>
        <line num="851" count="0" type="stmt"/>
        <line num="852" count="0" type="stmt"/>
        <line num="853" count="0" type="stmt"/>
        <line num="854" count="0" type="cond" truecount="0" falsecount="2"/>
        <line num="855" count="0" type="stmt"/>
        <line num="858" count="0" type="stmt"/>
        <line num="862" count="0" type="stmt"/>
        <line num="863" count="0" type="stmt"/>
        <line num="867" count="0" type="stmt"/>
        <line num="868" count="0" type="stmt"/>
        <line num="869" count="0" type="stmt"/>
        <line num="873" count="0" type="stmt"/>
        <line num="876" count="0" type="stmt"/>
        <line num="877" count="0" type="stmt"/>
        <line num="878" count="0" type="cond" truecount="0" falsecount="2"/>
        <line num="879" count="0" type="stmt"/>
        <line num="882" count="0" type="stmt"/>
        <line num="885" count="0" type="stmt"/>
        <line num="889" count="0" type="stmt"/>
        <line num="890" count="0" type="stmt"/>
        <line num="891" count="0" type="cond" truecount="0" falsecount="2"/>
        <line num="892" count="0" type="stmt"/>
        <line num="895" count="0" type="stmt"/>
        <line num="898" count="0" type="stmt"/>
        <line num="902" count="0" type="stmt"/>
        <line num="903" count="0" type="stmt"/>
        <line num="907" count="0" type="stmt"/>
        <line num="908" count="0" type="stmt"/>
        <line num="924" count="0" type="stmt"/>
        <line num="925" count="0" type="stmt"/>
        <line num="930" count="0" type="stmt"/>
        <line num="937" count="0" type="stmt"/>
        <line num="938" count="0" type="stmt"/>
        <line num="941" count="0" type="stmt"/>
        <line num="949" count="0" type="stmt"/>
        <line num="950" count="0" type="cond" truecount="0" falsecount="2"/>
        <line num="951" count="0" type="stmt"/>
        <line num="953" count="0" type="stmt"/>
        <line num="954" count="0" type="stmt"/>
        <line num="957" count="0" type="stmt"/>
        <line num="960" count="0" type="stmt"/>
        <line num="963" count="0" type="stmt"/>
        <line num="966" count="0" type="stmt"/>
        <line num="969" count="0" type="stmt"/>
        <line num="972" count="0" type="stmt"/>
        <line num="975" count="0" type="stmt"/>
        <line num="978" count="0" type="stmt"/>
        <line num="981" count="0" type="stmt"/>
        <line num="984" count="0" type="stmt"/>
        <line num="987" count="0" type="stmt"/>
        <line num="990" count="0" type="stmt"/>
        <line num="993" count="0" type="stmt"/>
        <line num="999" count="0" type="stmt"/>
        <line num="1000" count="0" type="stmt"/>
        <line num="1001" count="0" type="stmt"/>
        <line num="1002" count="0" type="stmt"/>
        <line num="1003" count="0" type="stmt"/>
        <line num="1004" count="0" type="stmt"/>
        <line num="1005" count="0" type="cond" truecount="0" falsecount="2"/>
        <line num="1006" count="0" type="stmt"/>
        <line num="1009" count="0" type="cond" truecount="0" falsecount="2"/>
        <line num="1010" count="0" type="stmt"/>
        <line num="1012" count="0" type="stmt"/>
        <line num="1015" count="0" type="cond" truecount="0" falsecount="2"/>
        <line num="1016" count="0" type="stmt"/>
        <line num="1018" count="0" type="stmt"/>
        <line num="1021" count="0" type="cond" truecount="0" falsecount="2"/>
        <line num="1022" count="0" type="stmt"/>
        <line num="1031" count="0" type="stmt"/>
        <line num="1037" count="0" type="stmt"/>
        <line num="1038" count="0" type="stmt"/>
        <line num="1042" count="0" type="stmt"/>
        <line num="1043" count="0" type="stmt"/>
        <line num="1044" count="0" type="stmt"/>
        <line num="1049" count="0" type="stmt"/>
        <line num="1050" count="0" type="stmt"/>
        <line num="1061" count="0" type="cond" truecount="0" falsecount="2"/>
        <line num="1067" count="1" type="stmt"/>
        <line num="1071" count="1" type="stmt"/>
        <line num="1075" count="1" type="stmt"/>
        <line num="1079" count="1" type="stmt"/>
        <line num="1083" count="1" type="stmt"/>
        <line num="1088" count="1" type="stmt"/>
        <line num="1092" count="1" type="stmt"/>
        <line num="1096" count="1" type="stmt"/>
        <line num="1108" count="0" type="cond" truecount="0" falsecount="2"/>
        <line num="1116" count="0" type="cond" truecount="0" falsecount="2"/>
        <line num="1124" count="0" type="cond" truecount="0" falsecount="2"/>
        <line num="1125" count="0" type="stmt"/>
        <line num="1127" count="0" type="stmt"/>
        <line num="1135" count="0" type="cond" truecount="0" falsecount="2"/>
        <line num="1143" count="0" type="cond" truecount="0" falsecount="2"/>
        <line num="1151" count="0" type="cond" truecount="0" falsecount="2"/>
        <line num="1161" count="0" type="cond" truecount="0" falsecount="2"/>
        <line num="1169" count="0" type="cond" truecount="0" falsecount="2"/>
        <line num="1177" count="0" type="cond" truecount="0" falsecount="2"/>
        <line num="1185" count="0" type="cond" truecount="0" falsecount="2"/>
        <line num="1193" count="0" type="cond" truecount="0" falsecount="2"/>
        <line num="1200" count="1" type="stmt"/>
        <line num="1206" count="1" type="stmt"/>
        <line num="1207" count="1" type="stmt"/>
        <line num="1208" count="1" type="stmt"/>
        <line num="1209" count="1" type="stmt"/>
        <line num="1210" count="1" type="stmt"/>
        <line num="1211" count="1" type="stmt"/>
        <line num="1212" count="1" type="stmt"/>
        <line num="1213" count="1" type="stmt"/>
        <line num="1214" count="1" type="stmt"/>
        <line num="1215" count="1" type="stmt"/>
        <line num="1216" count="1" type="stmt"/>
        <line num="1217" count="1" type="stmt"/>
        <line num="1218" count="1" type="stmt"/>
        <line num="1219" count="1" type="stmt"/>
        <line num="1220" count="1" type="stmt"/>
        <line num="1221" count="1" type="stmt"/>
        <line num="1222" count="1" type="stmt"/>
        <line num="1223" count="1" type="stmt"/>
        <line num="1224" count="1" type="stmt"/>
        <line num="1237" count="0" type="stmt"/>
        <line num="1238" count="0" type="cond" truecount="0" falsecount="2"/>
        <line num="1239" count="0" type="stmt"/>
        <line num="1240" count="0" type="cond" truecount="0" falsecount="2"/>
        <line num="1241" count="0" type="stmt"/>
        <line num="1245" count="0" type="stmt"/>
        <line num="1253" count="0" type="stmt"/>
        <line num="1261" count="0" type="stmt"/>
        <line num="1269" count="0" type="stmt"/>
        <line num="1277" count="0" type="stmt"/>
        <line num="1285" count="0" type="stmt"/>
        <line num="1293" count="0" type="stmt"/>
        <line num="1301" count="0" type="stmt"/>
        <line num="1309" count="0" type="cond" truecount="0" falsecount="3"/>
        <line num="1320" count="0" type="cond" truecount="0" falsecount="3"/>
        <line num="1330" count="0" type="stmt"/>
        <line num="1338" count="0" type="stmt"/>
        <line num="1346" count="0" type="stmt"/>
        <line num="1354" count="0" type="stmt"/>
        <line num="1362" count="0" type="stmt"/>
        <line num="1370" count="0" type="cond" truecount="0" falsecount="2"/>
        <line num="1378" count="0" type="stmt"/>
        <line num="1386" count="0" type="cond" truecount="0" falsecount="4"/>
        <line num="1396" count="0" type="cond" truecount="0" falsecount="2"/>
        <line num="1404" count="0" type="cond" truecount="0" falsecount="2"/>
        <line num="1410" count="1" type="stmt"/>
        <line num="1421" count="0" type="cond" truecount="0" falsecount="2"/>
        <line num="1422" count="0" type="stmt"/>
        <line num="1423" count="0" type="stmt"/>
        <line num="1424" count="0" type="cond" truecount="0" falsecount="2"/>
        <line num="1427" count="0" type="stmt"/>
        <line num="1437" count="0" type="cond" truecount="0" falsecount="2"/>
        <line num="1438" count="0" type="stmt"/>
        <line num="1439" count="0" type="stmt"/>
        <line num="1440" count="0" type="stmt"/>
        <line num="1451" count="0" type="cond" truecount="0" falsecount="2"/>
        <line num="1460" count="0" type="cond" truecount="0" falsecount="1"/>
        <line num="1461" count="0" type="stmt"/>
        <line num="1462" count="0" type="stmt"/>
        <line num="1463" count="0" type="stmt"/>
        <line num="1464" count="0" type="stmt"/>
        <line num="1476" count="0" type="stmt"/>
        <line num="1477" count="0" type="stmt"/>
        <line num="1478" count="0" type="cond" truecount="0" falsecount="1"/>
        <line num="1479" count="0" type="stmt"/>
        <line num="1481" count="0" type="stmt"/>
        <line num="1482" count="0" type="stmt"/>
        <line num="1484" count="0" type="cond" truecount="0" falsecount="2"/>
        <line num="1485" count="0" type="stmt"/>
        <line num="1487" count="0" type="stmt"/>
        <line num="1488" count="0" type="stmt"/>
        <line num="1500" count="0" type="stmt"/>
        <line num="1501" count="0" type="stmt"/>
        <line num="1502" count="0" type="stmt"/>
        <line num="1504" count="0" type="stmt"/>
        <line num="1516" count="0" type="stmt"/>
        <line num="1517" count="0" type="stmt"/>
        <line num="1518" count="0" type="stmt"/>
        <line num="1519" count="0" type="stmt"/>
        <line num="1520" count="0" type="cond" truecount="0" falsecount="2"/>
        <line num="1521" count="0" type="stmt"/>
        <line num="1523" count="0" type="stmt"/>
        <line num="1534" count="0" type="stmt"/>
        <line num="1535" count="0" type="stmt"/>
        <line num="1536" count="0" type="stmt"/>
        <line num="1537" count="0" type="stmt"/>
        <line num="1538" count="0" type="cond" truecount="0" falsecount="2"/>
        <line num="1539" count="0" type="stmt"/>
        <line num="1541" count="0" type="stmt"/>
        <line num="1542" count="0" type="stmt"/>
        <line num="1554" count="0" type="stmt"/>
        <line num="1555" count="0" type="stmt"/>
        <line num="1556" count="0" type="stmt"/>
        <line num="1571" count="0" type="stmt"/>
        <line num="1572" count="0" type="stmt"/>
        <line num="1573" count="0" type="stmt"/>
        <line num="1574" count="0" type="stmt"/>
        <line num="1580" count="1" type="stmt"/>
        <line num="1591" count="1" type="stmt"/>
        <line num="1601" count="1" type="stmt"/>
        <line num="1622" count="0" type="stmt"/>
        <line num="1623" count="0" type="stmt"/>
        <line num="1625" count="0" type="stmt"/>
        <line num="1626" count="0" type="stmt"/>
        <line num="1627" count="0" type="stmt"/>
        <line num="1628" count="0" type="cond" truecount="0" falsecount="2"/>
        <line num="1629" count="0" type="stmt"/>
        <line num="1630" count="0" type="stmt"/>
        <line num="1631" count="0" type="stmt"/>
        <line num="1632" count="0" type="stmt"/>
        <line num="1633" count="0" type="stmt"/>
        <line num="1636" count="0" type="stmt"/>
        <line num="1640" count="0" type="stmt"/>
        <line num="1641" count="0" type="cond" truecount="0" falsecount="2"/>
        <line num="1642" count="0" type="stmt"/>
        <line num="1645" count="0" type="stmt"/>
        <line num="1647" count="0" type="stmt"/>
        <line num="1650" count="0" type="stmt"/>
        <line num="1654" count="0" type="stmt"/>
        <line num="1655" count="0" type="cond" truecount="0" falsecount="4"/>
        <line num="1656" count="0" type="stmt"/>
        <line num="1657" count="0" type="stmt"/>
        <line num="1659" count="0" type="stmt"/>
        <line num="1663" count="0" type="stmt"/>
        <line num="1664" count="0" type="cond" truecount="0" falsecount="4"/>
        <line num="1665" count="0" type="stmt"/>
        <line num="1666" count="0" type="stmt"/>
        <line num="1670" count="0" type="stmt"/>
        <line num="1671" count="0" type="cond" truecount="0" falsecount="2"/>
        <line num="1672" count="0" type="stmt"/>
        <line num="1678" count="0" type="stmt"/>
        <line num="1679" count="0" type="stmt"/>
        <line num="1680" count="0" type="stmt"/>
        <line num="1681" count="0" type="stmt"/>
        <line num="1682" count="0" type="stmt"/>
        <line num="1683" count="0" type="stmt"/>
        <line num="1684" count="0" type="stmt"/>
        <line num="1685" count="0" type="stmt"/>
        <line num="1686" count="0" type="cond" truecount="0" falsecount="2"/>
        <line num="1687" count="0" type="stmt"/>
        <line num="1689" count="0" type="cond" truecount="0" falsecount="2"/>
        <line num="1692" count="0" type="stmt"/>
        <line num="1694" count="0" type="cond" truecount="0" falsecount="6"/>
        <line num="1698" count="0" type="stmt"/>
        <line num="1700" count="0" type="stmt"/>
        <line num="1712" count="0" type="stmt"/>
        <line num="1721" count="0" type="stmt"/>
        <line num="1722" count="0" type="stmt"/>
        <line num="1723" count="0" type="stmt"/>
        <line num="1724" count="0" type="stmt"/>
        <line num="1725" count="0" type="stmt"/>
        <line num="1726" count="0" type="stmt"/>
        <line num="1727" count="0" type="stmt"/>
        <line num="1728" count="0" type="stmt"/>
        <line num="1729" count="0" type="stmt"/>
        <line num="1738" count="0" type="stmt"/>
        <line num="1739" count="0" type="stmt"/>
        <line num="1740" count="0" type="stmt"/>
        <line num="1749" count="0" type="stmt"/>
        <line num="1759" count="0" type="stmt"/>
        <line num="1769" count="0" type="stmt"/>
        <line num="1770" count="0" type="stmt"/>
        <line num="1780" count="0" type="stmt"/>
        <line num="1781" count="0" type="stmt"/>
        <line num="1782" count="0" type="stmt"/>
        <line num="1791" count="0" type="cond" truecount="0" falsecount="4"/>
        <line num="1792" count="0" type="stmt"/>
        <line num="1794" count="0" type="stmt"/>
        <line num="1804" count="0" type="stmt"/>
        <line num="1805" count="0" type="stmt"/>
        <line num="1817" count="0" type="stmt"/>
        <line num="1819" count="1" type="stmt"/>
        <line num="1821" count="0" type="stmt"/>
        <line num="1822" count="0" type="stmt"/>
        <line num="1824" count="0" type="stmt"/>
        <line num="1825" count="0" type="stmt"/>
        <line num="1836" count="0" type="stmt"/>
        <line num="1837" count="0" type="cond" truecount="0" falsecount="2"/>
        <line num="1838" count="0" type="stmt"/>
        <line num="1840" count="0" type="stmt"/>
        <line num="1851" count="0" type="stmt"/>
        <line num="1852" count="0" type="stmt"/>
        <line num="1853" count="0" type="stmt"/>
        <line num="1854" count="0" type="stmt"/>
        <line num="1865" count="0" type="stmt"/>
        <line num="1879" count="0" type="stmt"/>
        <line num="1880" count="0" type="stmt"/>
        <line num="1881" count="0" type="stmt"/>
        <line num="1882" count="0" type="stmt"/>
        <line num="1888" count="0" type="stmt"/>
        <line num="1889" count="0" type="stmt"/>
        <line num="1890" count="0" type="stmt"/>
        <line num="1891" count="0" type="stmt"/>
        <line num="1892" count="0" type="stmt"/>
        <line num="1902" count="0" type="cond" truecount="0" falsecount="2"/>
        <line num="1904" count="0" type="stmt"/>
        <line num="1906" count="0" type="stmt"/>
        <line num="1916" count="0" type="cond" truecount="0" falsecount="2"/>
        <line num="1919" count="0" type="stmt"/>
        <line num="1921" count="0" type="cond" truecount="0" falsecount="4"/>
        <line num="1922" count="0" type="stmt"/>
        <line num="1923" count="0" type="stmt"/>
        <line num="1924" count="0" type="stmt"/>
        <line num="1925" count="0" type="stmt"/>
        <line num="1927" count="0" type="stmt"/>
        <line num="1929" count="0" type="stmt"/>
        <line num="1931" count="0" type="stmt"/>
        <line num="1941" count="0" type="cond" truecount="0" falsecount="2"/>
        <line num="1942" count="0" type="stmt"/>
        <line num="1944" count="0" type="cond" truecount="0" falsecount="2"/>
        <line num="1945" count="0" type="stmt"/>
        <line num="1947" count="0" type="stmt"/>
        <line num="1958" count="0" type="stmt"/>
        <line num="1959" count="0" type="stmt"/>
        <line num="1960" count="0" type="stmt"/>
        <line num="1962" count="0" type="stmt"/>
        <line num="1972" count="0" type="stmt"/>
        <line num="1973" count="0" type="stmt"/>
        <line num="1984" count="0" type="stmt"/>
        <line num="1985" count="0" type="stmt"/>
        <line num="1987" count="0" type="stmt"/>
        <line num="1999" count="0" type="stmt"/>
        <line num="2008" count="0" type="stmt"/>
        <line num="2009" count="0" type="cond" truecount="0" falsecount="2"/>
        <line num="2010" count="0" type="stmt"/>
        <line num="2013" count="0" type="cond" truecount="0" falsecount="2"/>
        <line num="2015" count="0" type="stmt"/>
        <line num="2034" count="0" type="stmt"/>
        <line num="2035" count="0" type="stmt"/>
        <line num="2037" count="0" type="stmt"/>
        <line num="2038" count="0" type="cond" truecount="0" falsecount="2"/>
        <line num="2039" count="0" type="stmt"/>
        <line num="2040" count="0" type="stmt"/>
        <line num="2041" count="0" type="stmt"/>
        <line num="2054" count="0" type="stmt"/>
        <line num="2056" count="0" type="cond" truecount="0" falsecount="2"/>
        <line num="2057" count="0" type="stmt"/>
        <line num="2059" count="0" type="stmt"/>
        <line num="2073" count="0" type="stmt"/>
        <line num="2084" count="0" type="stmt"/>
        <line num="2094" count="0" type="stmt"/>
        <line num="2095" count="0" type="stmt"/>
        <line num="2104" count="0" type="stmt"/>
        <line num="2105" count="0" type="cond" truecount="0" falsecount="2"/>
        <line num="2106" count="0" type="stmt"/>
        <line num="2109" count="0" type="stmt"/>
        <line num="2115" count="0" type="stmt"/>
        <line num="2116" count="0" type="stmt"/>
        <line num="2134" count="0" type="stmt"/>
        <line num="2136" count="0" type="stmt"/>
        <line num="2138" count="0" type="stmt"/>
        <line num="2139" count="0" type="stmt"/>
        <line num="2140" count="0" type="cond" truecount="0" falsecount="2"/>
        <line num="2141" count="0" type="stmt"/>
        <line num="2142" count="0" type="stmt"/>
        <line num="2143" count="0" type="stmt"/>
        <line num="2144" count="0" type="stmt"/>
        <line num="2146" count="0" type="stmt"/>
        <line num="2159" count="0" type="stmt"/>
        <line num="2160" count="0" type="stmt"/>
        <line num="2161" count="0" type="stmt"/>
        <line num="2172" count="0" type="stmt"/>
        <line num="2173" count="0" type="stmt"/>
        <line num="2174" count="0" type="stmt"/>
        <line num="2175" count="0" type="cond" truecount="0" falsecount="2"/>
        <line num="2176" count="0" type="stmt"/>
        <line num="2177" count="0" type="stmt"/>
        <line num="2179" count="0" type="stmt"/>
        <line num="2180" count="0" type="cond" truecount="0" falsecount="2"/>
        <line num="2181" count="0" type="stmt"/>
        <line num="2182" count="0" type="stmt"/>
        <line num="2196" count="0" type="stmt"/>
        <line num="2197" count="0" type="stmt"/>
        <line num="2198" count="0" type="stmt"/>
        <line num="2199" count="0" type="cond" truecount="0" falsecount="2"/>
        <line num="2200" count="0" type="stmt"/>
        <line num="2201" count="0" type="stmt"/>
        <line num="2204" count="0" type="stmt"/>
        <line num="2215" count="0" type="stmt"/>
        <line num="2217" count="0" type="stmt"/>
        <line num="2219" count="0" type="stmt"/>
        <line num="2222" count="0" type="stmt"/>
        <line num="2226" count="0" type="stmt"/>
        <line num="2227" count="0" type="stmt"/>
        <line num="2230" count="0" type="stmt"/>
        <line num="2242" count="0" type="cond" truecount="0" falsecount="2"/>
        <line num="2243" count="0" type="stmt"/>
        <line num="2245" count="0" type="stmt"/>
        <line num="2257" count="0" type="stmt"/>
        <line num="2267" count="0" type="stmt"/>
        <line num="2277" count="0" type="stmt"/>
        <line num="2286" count="0" type="cond" truecount="0" falsecount="4"/>
        <line num="2287" count="0" type="stmt"/>
        <line num="2289" count="0" type="stmt"/>
        <line num="2299" count="0" type="cond" truecount="0" falsecount="2"/>
        <line num="2308" count="0" type="stmt"/>
        <line num="2309" count="0" type="stmt"/>
        <line num="2310" count="0" type="cond" truecount="0" falsecount="2"/>
        <line num="2311" count="0" type="stmt"/>
        <line num="2321" count="0" type="stmt"/>
        <line num="2322" count="0" type="stmt"/>
        <line num="2323" count="0" type="stmt"/>
        <line num="2335" count="0" type="stmt"/>
        <line num="2336" count="0" type="stmt"/>
        <line num="2337" count="0" type="cond" truecount="0" falsecount="2"/>
        <line num="2338" count="0" type="stmt"/>
        <line num="2340" count="0" type="stmt"/>
        <line num="2350" count="0" type="stmt"/>
        <line num="2351" count="0" type="stmt"/>
        <line num="2352" count="0" type="stmt"/>
        <line num="2354" count="0" type="stmt"/>
        <line num="2358" count="0" type="cond" truecount="0" falsecount="2"/>
        <line num="2359" count="0" type="cond" truecount="0" falsecount="2"/>
        <line num="2360" count="0" type="cond" truecount="0" falsecount="2"/>
        <line num="2361" count="0" type="stmt"/>
        <line num="2363" count="0" type="stmt"/>
        <line num="2372" count="0" type="stmt"/>
        <line num="2377" count="0" type="stmt"/>
        <line num="2378" count="0" type="stmt"/>
        <line num="2379" count="0" type="stmt"/>
        <line num="2380" count="0" type="cond" truecount="0" falsecount="4"/>
        <line num="2392" count="0" type="stmt"/>
        <line num="2400" count="0" type="stmt"/>
        <line num="2408" count="0" type="stmt"/>
        <line num="2416" count="0" type="stmt"/>
        <line num="2424" count="0" type="stmt"/>
        <line num="2432" count="0" type="stmt"/>
        <line num="2439" count="1" type="stmt"/>
        <line num="2444" count="1" type="stmt"/>
        <line num="2454" count="0" type="stmt"/>
        <line num="2461" count="0" type="stmt"/>
        <line num="2469" count="0" type="stmt"/>
        <line num="2476" count="0" type="stmt"/>
        <line num="2484" count="0" type="stmt"/>
        <line num="2493" count="0" type="stmt"/>
        <line num="2500" count="0" type="stmt"/>
        <line num="2508" count="0" type="stmt"/>
        <line num="2515" count="0" type="stmt"/>
        <line num="2522" count="0" type="stmt"/>
        <line num="2523" count="0" type="cond" truecount="0" falsecount="2"/>
        <line num="2524" count="0" type="stmt"/>
        <line num="2526" count="0" type="cond" truecount="0" falsecount="2"/>
        <line num="2527" count="0" type="stmt"/>
        <line num="2529" count="0" type="cond" truecount="0" falsecount="2"/>
        <line num="2530" count="0" type="stmt"/>
        <line num="2533" count="0" type="stmt"/>
        <line num="2541" count="0" type="stmt"/>
        <line num="2548" count="0" type="stmt"/>
        <line num="2555" count="0" type="stmt"/>
        <line num="2562" count="0" type="stmt"/>
        <line num="2571" count="0" type="stmt"/>
        <line num="2581" count="0" type="stmt"/>
        <line num="2594" count="0" type="stmt"/>
        <line num="2595" count="0" type="stmt"/>
        <line num="2602" count="0" type="stmt"/>
        <line num="2609" count="0" type="stmt"/>
        <line num="2616" count="0" type="stmt"/>
        <line num="2623" count="0" type="stmt"/>
        <line num="2630" count="0" type="stmt"/>
        <line num="2638" count="0" type="stmt"/>
        <line num="2639" count="0" type="stmt"/>
        <line num="2640" count="0" type="stmt"/>
        <line num="2648" count="0" type="stmt"/>
        <line num="2658" count="0" type="stmt"/>
        <line num="2671" count="0" type="stmt"/>
        <line num="2672" count="0" type="cond" truecount="0" falsecount="2"/>
        <line num="2673" count="0" type="stmt"/>
        <line num="2675" count="0" type="cond" truecount="0" falsecount="2"/>
        <line num="2676" count="0" type="stmt"/>
        <line num="2678" count="0" type="stmt"/>
        <line num="2689" count="0" type="stmt"/>
        <line num="2690" count="0" type="stmt"/>
        <line num="2691" count="0" type="stmt"/>
        <line num="2702" count="0" type="stmt"/>
        <line num="2704" count="0" type="stmt"/>
        <line num="2705" count="0" type="stmt"/>
        <line num="2706" count="0" type="stmt"/>
        <line num="2707" count="0" type="stmt"/>
        <line num="2708" count="0" type="stmt"/>
        <line num="2709" count="0" type="stmt"/>
        <line num="2710" count="0" type="stmt"/>
        <line num="2717" count="1" type="stmt"/>
        <line num="2723" count="0" type="stmt"/>
        <line num="2727" count="0" type="stmt"/>
        <line num="2733" count="1" type="stmt"/>
        <line num="2739" count="0" type="stmt"/>
        <line num="2755" count="0" type="stmt"/>
        <line num="2765" count="0" type="stmt"/>
        <line num="2781" count="0" type="stmt"/>
        <line num="2782" count="0" type="stmt"/>
        <line num="2783" count="0" type="stmt"/>
        <line num="2784" count="0" type="stmt"/>
        <line num="2785" count="0" type="stmt"/>
        <line num="2786" count="0" type="cond" truecount="0" falsecount="4"/>
        <line num="2787" count="0" type="cond" truecount="0" falsecount="2"/>
        <line num="2788" count="0" type="stmt"/>
        <line num="2790" count="0" type="stmt"/>
        <line num="2793" count="0" type="cond" truecount="0" falsecount="2"/>
        <line num="2794" count="0" type="stmt"/>
        <line num="2796" count="0" type="stmt"/>
        <line num="2813" count="0" type="stmt"/>
        <line num="2814" count="0" type="stmt"/>
        <line num="2815" count="0" type="stmt"/>
        <line num="2834" count="0" type="stmt"/>
        <line num="2835" count="0" type="stmt"/>
        <line num="2836" count="0" type="stmt"/>
        <line num="2853" count="0" type="stmt"/>
        <line num="2869" count="0" type="stmt"/>
        <line num="2885" count="0" type="stmt"/>
        <line num="2892" count="1" type="stmt"/>
        <line num="2896" count="1" type="stmt"/>
        <line num="2900" count="1" type="stmt"/>
        <line num="2904" count="1" type="stmt"/>
        <line num="2908" count="1" type="stmt"/>
        <line num="2923" count="0" type="cond" truecount="0" falsecount="5"/>
        <line num="2925" count="0" type="stmt"/>
        <line num="2927" count="0" type="stmt"/>
        <line num="2929" count="0" type="stmt"/>
        <line num="2931" count="0" type="stmt"/>
        <line num="2933" count="0" type="stmt"/>
        <line num="2956" count="0" type="stmt"/>
        <line num="2962" count="0" type="stmt"/>
        <line num="2971" count="0" type="cond" truecount="0" falsecount="2"/>
        <line num="2972" count="0" type="stmt"/>
        <line num="2974" count="0" type="stmt"/>
        <line num="2984" count="1" type="stmt"/>
        <line num="2985" count="1" type="cond" truecount="1" falsecount="1"/>
        <line num="2986" count="0" type="stmt"/>
        <line num="2988" count="1" type="stmt"/>
        <line num="2991" count="0" type="stmt"/>
        <line num="2994" count="0" type="stmt"/>
        <line num="2997" count="0" type="stmt"/>
        <line num="3005" count="0" type="stmt"/>
        <line num="3006" count="0" type="cond" truecount="0" falsecount="2"/>
        <line num="3007" count="0" type="stmt"/>
        <line num="3008" count="0" type="stmt"/>
        <line num="3010" count="0" type="stmt"/>
        <line num="3013" count="0" type="stmt"/>
        <line num="3016" count="0" type="stmt"/>
        <line num="3019" count="0" type="stmt"/>
        <line num="3022" count="0" type="stmt"/>
        <line num="3030" count="0" type="stmt"/>
        <line num="3031" count="0" type="stmt"/>
        <line num="3034" count="0" type="stmt"/>
        <line num="3035" count="0" type="cond" truecount="0" falsecount="2"/>
        <line num="3036" count="0" type="stmt"/>
        <line num="3037" count="0" type="stmt"/>
        <line num="3039" count="0" type="stmt"/>
        <line num="3041" count="0" type="stmt"/>
        <line num="3042" count="0" type="stmt"/>
        <line num="3045" count="0" type="stmt"/>
        <line num="3046" count="0" type="stmt"/>
        <line num="3049" count="0" type="stmt"/>
        <line num="3050" count="0" type="stmt"/>
        <line num="3053" count="0" type="stmt"/>
        <line num="3054" count="0" type="stmt"/>
        <line num="3057" count="0" type="stmt"/>
        <line num="3058" count="0" type="stmt"/>
        <line num="3066" count="0" type="stmt"/>
        <line num="3067" count="0" type="stmt"/>
        <line num="3068" count="0" type="stmt"/>
        <line num="3071" count="0" type="stmt"/>
        <line num="3074" count="0" type="stmt"/>
        <line num="3075" count="0" type="cond" truecount="0" falsecount="2"/>
        <line num="3076" count="0" type="stmt"/>
        <line num="3077" count="0" type="stmt"/>
        <line num="3079" count="0" type="stmt"/>
        <line num="3080" count="0" type="stmt"/>
        <line num="3082" count="0" type="stmt"/>
        <line num="3083" count="0" type="stmt"/>
        <line num="3086" count="0" type="stmt"/>
        <line num="3087" count="0" type="stmt"/>
        <line num="3090" count="0" type="stmt"/>
        <line num="3091" count="0" type="stmt"/>
        <line num="3094" count="0" type="stmt"/>
        <line num="3095" count="0" type="stmt"/>
        <line num="3098" count="0" type="stmt"/>
        <line num="3099" count="0" type="stmt"/>
        <line num="3102" count="1" type="stmt"/>
        <line num="3104" count="1" type="stmt"/>
        <line num="3106" count="1" type="stmt"/>
        <line num="3108" count="1" type="stmt"/>
        <line num="3115" count="1" type="cond" truecount="1" falsecount="2"/>
        <line num="3117" count="1" type="stmt"/>
        <line num="3119" count="0" type="stmt"/>
        <line num="3121" count="0" type="stmt"/>
        <line num="3126" count="1" type="stmt"/>
        <line num="3135" count="1" type="stmt"/>
        <line num="3137" count="0" type="stmt"/>
        <line num="3138" count="0" type="stmt"/>
        <line num="3139" count="0" type="cond" truecount="0" falsecount="2"/>
        <line num="3140" count="0" type="stmt"/>
        <line num="3142" count="0" type="stmt"/>
        <line num="3143" count="0" type="stmt"/>
        <line num="3144" count="0" type="stmt"/>
        <line num="3145" count="0" type="stmt"/>
        <line num="3149" count="1" type="stmt"/>
        <line num="3152" count="0" type="cond" truecount="0" falsecount="2"/>
        <line num="3153" count="0" type="stmt"/>
        <line num="3156" count="0" type="stmt"/>
        <line num="3161" count="1" type="stmt"/>
        <line num="3173" count="1" type="stmt"/>
        <line num="3179" count="0" type="stmt"/>
        <line num="3192" count="0" type="stmt"/>
        <line num="3203" count="0" type="stmt"/>
        <line num="3213" count="0" type="stmt"/>
        <line num="3214" count="0" type="cond" truecount="0" falsecount="2"/>
        <line num="3215" count="0" type="stmt"/>
        <line num="3219" count="0" type="cond" truecount="0" falsecount="2"/>
        <line num="3220" count="0" type="stmt"/>
        <line num="3222" count="0" type="cond" truecount="0" falsecount="2"/>
        <line num="3223" count="0" type="stmt"/>
        <line num="3224" count="0" type="stmt"/>
        <line num="3227" count="0" type="stmt"/>
        <line num="3239" count="0" type="stmt"/>
        <line num="3241" count="0" type="stmt"/>
        <line num="3242" count="0" type="cond" truecount="0" falsecount="2"/>
        <line num="3243" count="0" type="stmt"/>
        <line num="3245" count="0" type="cond" truecount="0" falsecount="2"/>
        <line num="3246" count="0" type="stmt"/>
        <line num="3248" count="0" type="cond" truecount="0" falsecount="2"/>
        <line num="3249" count="0" type="stmt"/>
        <line num="3251" count="0" type="stmt"/>
        <line num="3254" count="0" type="stmt"/>
        <line num="3266" count="0" type="stmt"/>
        <line num="3268" count="0" type="cond" truecount="0" falsecount="2"/>
        <line num="3269" count="0" type="stmt"/>
        <line num="3278" count="0" type="stmt"/>
        <line num="3279" count="0" type="stmt"/>
        <line num="3280" count="0" type="stmt"/>
        <line num="3281" count="0" type="cond" truecount="0" falsecount="5"/>
        <line num="3284" count="0" type="stmt"/>
        <line num="3286" count="0" type="stmt"/>
        <line num="3288" count="0" type="stmt"/>
        <line num="3290" count="0" type="stmt"/>
        <line num="3291" count="0" type="stmt"/>
        <line num="3295" count="0" type="stmt"/>
        <line num="3297" count="0" type="stmt"/>
        <line num="3298" count="0" type="stmt"/>
        <line num="3299" count="0" type="stmt"/>
        <line num="3305" count="1" type="stmt"/>
        <line num="3316" count="0" type="stmt"/>
        <line num="3318" count="0" type="stmt"/>
        <line num="3321" count="0" type="cond" truecount="0" falsecount="2"/>
        <line num="3322" count="0" type="stmt"/>
        <line num="3325" count="0" type="stmt"/>
        <line num="3326" count="0" type="stmt"/>
        <line num="3327" count="0" type="stmt"/>
        <line num="3328" count="0" type="stmt"/>
        <line num="3329" count="0" type="stmt"/>
        <line num="3330" count="0" type="cond" truecount="0" falsecount="2"/>
        <line num="3331" count="0" type="stmt"/>
        <line num="3333" count="0" type="stmt"/>
        <line num="3334" count="0" type="cond" truecount="0" falsecount="2"/>
        <line num="3335" count="0" type="stmt"/>
        <line num="3338" count="0" type="stmt"/>
        <line num="3341" count="0" type="stmt"/>
        <line num="3345" count="0" type="stmt"/>
        <line num="3346" count="0" type="stmt"/>
        <line num="3347" count="0" type="stmt"/>
        <line num="3348" count="0" type="cond" truecount="0" falsecount="2"/>
        <line num="3349" count="0" type="stmt"/>
        <line num="3351" count="0" type="cond" truecount="0" falsecount="2"/>
        <line num="3352" count="0" type="stmt"/>
        <line num="3355" count="0" type="stmt"/>
        <line num="3357" count="0" type="stmt"/>
        <line num="3370" count="3" type="stmt"/>
        <line num="3378" count="0" type="cond" truecount="0" falsecount="2"/>
        <line num="3379" count="0" type="stmt"/>
        <line num="3381" count="0" type="stmt"/>
        <line num="3389" count="0" type="cond" truecount="0" falsecount="2"/>
        <line num="3390" count="0" type="stmt"/>
        <line num="3392" count="0" type="stmt"/>
        <line num="3402" count="0" type="cond" truecount="0" falsecount="2"/>
        <line num="3403" count="0" type="stmt"/>
        <line num="3405" count="0" type="cond" truecount="0" falsecount="2"/>
        <line num="3406" count="0" type="stmt"/>
        <line num="3412" count="1" type="stmt"/>
        <line num="3416" count="1" type="stmt"/>
        <line num="3420" count="1" type="stmt"/>
        <line num="3430" count="0" type="stmt"/>
        <line num="3431" count="0" type="stmt"/>
        <line num="3432" count="0" type="cond" truecount="0" falsecount="4"/>
        <line num="3433" count="0" type="stmt"/>
        <line num="3436" count="0" type="stmt"/>
        <line num="3446" count="1" type="stmt"/>
        <line num="3447" count="0" type="stmt"/>
        <line num="3448" count="0" type="cond" truecount="0" falsecount="2"/>
        <line num="3449" count="0" type="stmt"/>
        <line num="3451" count="0" type="cond" truecount="0" falsecount="2"/>
        <line num="3452" count="0" type="stmt"/>
        <line num="3455" count="0" type="stmt"/>
        <line num="3468" count="0" type="stmt"/>
        <line num="3477" count="0" type="cond" truecount="0" falsecount="2"/>
        <line num="3478" count="0" type="stmt"/>
        <line num="3480" count="0" type="cond" truecount="0" falsecount="2"/>
        <line num="3481" count="0" type="stmt"/>
        <line num="3483" count="0" type="cond" truecount="0" falsecount="2"/>
        <line num="3484" count="0" type="stmt"/>
        <line num="3485" count="0" type="stmt"/>
        <line num="3486" count="0" type="stmt"/>
        <line num="3487" count="0" type="stmt"/>
        <line num="3488" count="0" type="stmt"/>
        <line num="3492" count="0" type="stmt"/>
        <line num="3503" count="0" type="stmt"/>
        <line num="3518" count="0" type="stmt"/>
        <line num="3526" count="1" type="stmt"/>
        <line num="3544" count="1" type="stmt"/>
        <line num="3552" count="1" type="stmt"/>
        <line num="3554" count="1" type="stmt"/>
        <line num="3561" count="1" type="stmt"/>
        <line num="3562" count="1" type="stmt"/>
        <line num="3563" count="1" type="stmt"/>
        <line num="3564" count="1" type="stmt"/>
        <line num="3565" count="1" type="stmt"/>
        <line num="3566" count="1" type="stmt"/>
        <line num="3567" count="0" type="stmt"/>
        <line num="3569" count="1" type="stmt"/>
        <line num="3571" count="1" type="stmt"/>
        <line num="3573" count="0" type="stmt"/>
        <line num="3574" count="0" type="cond" truecount="0" falsecount="2"/>
        <line num="3578" count="0" type="stmt"/>
        <line num="3579" count="0" type="cond" truecount="0" falsecount="4"/>
        <line num="3580" count="0" type="stmt"/>
        <line num="3582" count="0" type="cond" truecount="0" falsecount="2"/>
        <line num="3584" count="0" type="stmt"/>
        <line num="3596" count="0" type="stmt"/>
        <line num="3597" count="0" type="cond" truecount="0" falsecount="2"/>
        <line num="3598" count="0" type="stmt"/>
        <line num="3600" count="0" type="stmt"/>
        <line num="3609" count="0" type="stmt"/>
        <line num="3620" count="0" type="stmt"/>
        <line num="3639" count="0" type="stmt"/>
        <line num="3640" count="0" type="stmt"/>
        <line num="3641" count="0" type="cond" truecount="0" falsecount="4"/>
        <line num="3643" count="0" type="stmt"/>
        <line num="3645" count="0" type="stmt"/>
        <line num="3651" count="0" type="cond" truecount="0" falsecount="4"/>
        <line num="3652" count="0" type="stmt"/>
        <line num="3653" count="0" type="stmt"/>
        <line num="3655" count="0" type="stmt"/>
        <line num="3656" count="0" type="stmt"/>
        <line num="3659" count="0" type="stmt"/>
        <line num="3660" count="0" type="stmt"/>
        <line num="3671" count="0" type="stmt"/>
        <line num="3675" count="0" type="stmt"/>
        <line num="3676" count="0" type="cond" truecount="0" falsecount="4"/>
        <line num="3678" count="0" type="stmt"/>
        <line num="3680" count="0" type="stmt"/>
        <line num="3686" count="0" type="cond" truecount="0" falsecount="4"/>
        <line num="3687" count="0" type="stmt"/>
        <line num="3688" count="0" type="stmt"/>
        <line num="3690" count="0" type="stmt"/>
        <line num="3691" count="0" type="stmt"/>
        <line num="3692" count="0" type="stmt"/>
        <line num="3693" count="0" type="stmt"/>
        <line num="3696" count="0" type="stmt"/>
        <line num="3697" count="0" type="stmt"/>
        <line num="3705" count="1" type="stmt"/>
        <line num="3720" count="0" type="stmt"/>
        <line num="3721" count="0" type="stmt"/>
        <line num="3723" count="0" type="stmt"/>
        <line num="3724" count="0" type="stmt"/>
        <line num="3725" count="0" type="cond" truecount="0" falsecount="2"/>
        <line num="3726" count="0" type="stmt"/>
        <line num="3728" count="0" type="stmt"/>
        <line num="3729" count="0" type="stmt"/>
        <line num="3730" count="0" type="stmt"/>
        <line num="3734" count="0" type="stmt"/>
        <line num="3737" count="0" type="stmt"/>
        <line num="3750" count="0" type="stmt"/>
        <line num="3751" count="0" type="stmt"/>
        <line num="3753" count="0" type="stmt"/>
        <line num="3754" count="0" type="stmt"/>
        <line num="3755" count="0" type="cond" truecount="0" falsecount="2"/>
        <line num="3756" count="0" type="stmt"/>
        <line num="3758" count="0" type="stmt"/>
        <line num="3759" count="0" type="stmt"/>
        <line num="3760" count="0" type="stmt"/>
        <line num="3764" count="0" type="stmt"/>
        <line num="3767" count="0" type="stmt"/>
        <line num="3776" count="1" type="stmt"/>
        <line num="3793" count="0" type="stmt"/>
        <line num="3794" count="0" type="stmt"/>
        <line num="3796" count="0" type="stmt"/>
        <line num="3803" count="0" type="cond" truecount="0" falsecount="1"/>
        <line num="3804" count="0" type="stmt"/>
        <line num="3805" count="0" type="stmt"/>
        <line num="3806" count="0" type="stmt"/>
        <line num="3808" count="0" type="cond" truecount="0" falsecount="2"/>
        <line num="3809" count="0" type="stmt"/>
        <line num="3810" count="0" type="stmt"/>
        <line num="3813" count="0" type="stmt"/>
        <line num="3820" count="0" type="cond" truecount="0" falsecount="2"/>
        <line num="3821" count="0" type="stmt"/>
        <line num="3823" count="0" type="stmt"/>
        <line num="3825" count="0" type="stmt"/>
        <line num="3827" count="0" type="stmt"/>
        <line num="3828" count="0" type="stmt"/>
        <line num="3830" count="0" type="stmt"/>
        <line num="3831" count="0" type="stmt"/>
        <line num="3833" count="0" type="stmt"/>
        <line num="3842" count="1" type="stmt"/>
        <line num="3851" count="0" type="stmt"/>
        <line num="3861" count="0" type="stmt"/>
        <line num="3870" count="0" type="stmt"/>
        <line num="3871" count="0" type="stmt"/>
        <line num="3872" count="0" type="stmt"/>
        <line num="3873" count="0" type="stmt"/>
        <line num="3874" count="0" type="stmt"/>
        <line num="3875" count="0" type="stmt"/>
        <line num="3876" count="0" type="stmt"/>
        <line num="3888" count="0" type="stmt"/>
        <line num="3901" count="0" type="cond" truecount="0" falsecount="3"/>
        <line num="3910" count="1" type="stmt"/>
        <line num="3923" count="0" type="stmt"/>
        <line num="3933" count="0" type="cond" truecount="0" falsecount="2"/>
        <line num="3934" count="0" type="stmt"/>
        <line num="3936" count="0" type="cond" truecount="0" falsecount="2"/>
        <line num="3937" count="0" type="stmt"/>
        <line num="3939" count="0" type="stmt"/>
        <line num="3945" count="1" type="stmt"/>
        <line num="3950" count="1" type="stmt"/>
        <line num="3953" count="1" type="stmt"/>
        <line num="3954" count="1" type="stmt"/>
        <line num="3955" count="1" type="stmt"/>
        <line num="3956" count="1" type="stmt"/>
        <line num="3957" count="1" type="stmt"/>
        <line num="3958" count="1" type="stmt"/>
        <line num="3960" count="1" type="stmt"/>
        <line num="3981" count="1" type="stmt"/>
        <line num="3985" count="1" type="stmt"/>
        <line num="3989" count="1" type="stmt"/>
        <line num="3993" count="1" type="stmt"/>
        <line num="3997" count="1" type="stmt"/>
        <line num="3998" count="1" type="stmt"/>
        <line num="3999" count="1" type="stmt"/>
        <line num="4000" count="1" type="stmt"/>
        <line num="4001" count="1" type="stmt"/>
        <line num="4002" count="1" type="stmt"/>
        <line num="4003" count="1" type="stmt"/>
        <line num="4004" count="1" type="stmt"/>
        <line num="4005" count="1" type="stmt"/>
        <line num="4006" count="1" type="stmt"/>
        <line num="4007" count="1" type="stmt"/>
        <line num="4008" count="1" type="stmt"/>
        <line num="4009" count="1" type="stmt"/>
        <line num="4010" count="1" type="stmt"/>
        <line num="4011" count="1" type="stmt"/>
        <line num="4012" count="1" type="stmt"/>
        <line num="4013" count="1" type="stmt"/>
        <line num="4014" count="1" type="stmt"/>
        <line num="4021" count="24" type="cond" truecount="1" falsecount="1"/>
        <line num="4028" count="1" type="stmt"/>
        <line num="4029" count="24" type="stmt"/>
        <line num="4030" count="5" type="cond" truecount="2" falsecount="0"/>
        <line num="4033" count="1" type="stmt"/>
        <line num="4038" count="1" type="stmt"/>
        <line num="4046" count="0" type="stmt"/>
        <line num="4056" count="0" type="cond" truecount="0" falsecount="3"/>
        <line num="4057" count="0" type="stmt"/>
        <line num="4058" count="0" type="stmt"/>
        <line num="4059" count="0" type="stmt"/>
        <line num="4060" count="0" type="cond" truecount="0" falsecount="2"/>
        <line num="4061" count="0" type="stmt"/>
        <line num="4062" count="0" type="stmt"/>
        <line num="4064" count="0" type="stmt"/>
        <line num="4065" count="0" type="stmt"/>
        <line num="4066" count="0" type="cond" truecount="0" falsecount="2"/>
        <line num="4067" count="0" type="cond" truecount="0" falsecount="2"/>
        <line num="4068" count="0" type="stmt"/>
        <line num="4069" count="0" type="stmt"/>
        <line num="4072" count="0" type="stmt"/>
        <line num="4075" count="0" type="stmt"/>
        <line num="4076" count="0" type="cond" truecount="0" falsecount="2"/>
        <line num="4077" count="0" type="stmt"/>
        <line num="4078" count="0" type="cond" truecount="0" falsecount="2"/>
        <line num="4079" count="0" type="stmt"/>
        <line num="4080" count="0" type="stmt"/>
        <line num="4095" count="0" type="stmt"/>
        <line num="4096" count="0" type="stmt"/>
        <line num="4098" count="0" type="cond" truecount="0" falsecount="2"/>
        <line num="4099" count="0" type="stmt"/>
        <line num="4101" count="0" type="stmt"/>
        <line num="4104" count="0" type="cond" truecount="0" falsecount="2"/>
        <line num="4105" count="0" type="stmt"/>
        <line num="4106" count="0" type="stmt"/>
        <line num="4108" count="0" type="stmt"/>
        <line num="4109" count="0" type="stmt"/>
        <line num="4121" count="0" type="cond" truecount="0" falsecount="4"/>
        <line num="4129" count="0" type="stmt"/>
        <line num="4130" count="0" type="stmt"/>
        <line num="4131" count="0" type="cond" truecount="0" falsecount="2"/>
        <line num="4132" count="0" type="stmt"/>
        <line num="4134" count="0" type="stmt"/>
        <line num="4137" count="0" type="stmt"/>
        <line num="4139" count="0" type="stmt"/>
        <line num="4150" count="0" type="stmt"/>
        <line num="4151" count="0" type="stmt"/>
        <line num="4152" count="0" type="cond" truecount="0" falsecount="2"/>
        <line num="4153" count="0" type="stmt"/>
        <line num="4156" count="0" type="stmt"/>
        <line num="4158" count="0" type="stmt"/>
        <line num="4160" count="0" type="stmt"/>
        <line num="4161" count="0" type="stmt"/>
        <line num="4162" count="0" type="stmt"/>
        <line num="4163" count="0" type="stmt"/>
        <line num="4165" count="0" type="cond" truecount="0" falsecount="4"/>
        <line num="4166" count="0" type="stmt"/>
        <line num="4168" count="0" type="stmt"/>
        <line num="4169" count="0" type="stmt"/>
        <line num="4170" count="0" type="stmt"/>
        <line num="4171" count="0" type="cond" truecount="0" falsecount="2"/>
        <line num="4172" count="0" type="stmt"/>
        <line num="4174" count="0" type="cond" truecount="0" falsecount="2"/>
        <line num="4176" count="0" type="cond" truecount="0" falsecount="2"/>
        <line num="4178" count="0" type="stmt"/>
        <line num="4180" count="0" type="cond" truecount="0" falsecount="2"/>
        <line num="4181" count="0" type="stmt"/>
        <line num="4184" count="0" type="stmt"/>
        <line num="4185" count="0" type="stmt"/>
        <line num="4186" count="0" type="stmt"/>
        <line num="4190" count="0" type="stmt"/>
        <line num="4204" count="0" type="stmt"/>
        <line num="4218" count="0" type="stmt"/>
        <line num="4229" count="0" type="stmt"/>
        <line num="4236" count="1" type="stmt"/>
        <line num="4245" count="0" type="stmt"/>
        <line num="4249" count="0" type="stmt"/>
        <line num="4260" count="0" type="cond" truecount="0" falsecount="2"/>
        <line num="4261" count="0" type="stmt"/>
        <line num="4263" count="0" type="stmt"/>
        <line num="4274" count="0" type="stmt"/>
        <line num="4297" count="0" type="stmt"/>
        <line num="4298" count="0" type="cond" truecount="0" falsecount="2"/>
        <line num="4299" count="0" type="stmt"/>
        <line num="4301" count="0" type="stmt"/>
        <line num="4302" count="0" type="stmt"/>
        <line num="4303" count="0" type="cond" truecount="0" falsecount="2"/>
        <line num="4304" count="0" type="stmt"/>
        <line num="4306" count="0" type="stmt"/>
        <line num="4307" count="0" type="stmt"/>
        <line num="4318" count="0" type="cond" truecount="0" falsecount="2"/>
        <line num="4319" count="0" type="stmt"/>
        <line num="4322" count="0" type="stmt"/>
        <line num="4332" count="0" type="stmt"/>
        <line num="4333" count="0" type="stmt"/>
        <line num="4334" count="0" type="cond" truecount="0" falsecount="4"/>
        <line num="4335" count="0" type="stmt"/>
        <line num="4337" count="0" type="stmt"/>
        <line num="4339" count="0" type="stmt"/>
        <line num="4347" count="0" type="stmt"/>
        <line num="4353" count="0" type="cond" truecount="0" falsecount="1"/>
        <line num="4356" count="0" type="stmt"/>
        <line num="4357" count="0" type="stmt"/>
        <line num="4358" count="0" type="stmt"/>
        <line num="4360" count="0" type="stmt"/>
        <line num="4372" count="0" type="stmt"/>
        <line num="4374" count="0" type="stmt"/>
        <line num="4376" count="0" type="stmt"/>
        <line num="4377" count="0" type="stmt"/>
        <line num="4379" count="0" type="stmt"/>
        <line num="4380" count="0" type="stmt"/>
        <line num="4381" count="0" type="cond" truecount="0" falsecount="2"/>
        <line num="4382" count="0" type="stmt"/>
        <line num="4383" count="0" type="stmt"/>
        <line num="4385" count="0" type="stmt"/>
        <line num="4386" count="0" type="stmt"/>
        <line num="4387" count="0" type="stmt"/>
        <line num="4390" count="0" type="stmt"/>
        <line num="4393" count="0" type="stmt"/>
        <line num="4394" count="0" type="stmt"/>
        <line num="4395" count="0" type="stmt"/>
        <line num="4397" count="0" type="cond" truecount="0" falsecount="2"/>
        <line num="4398" count="0" type="stmt"/>
        <line num="4399" count="0" type="stmt"/>
        <line num="4401" count="0" type="stmt"/>
        <line num="4403" count="0" type="stmt"/>
        <line num="4412" count="1" type="stmt"/>
        <line num="4423" count="0" type="stmt"/>
        <line num="4424" count="0" type="cond" truecount="0" falsecount="2"/>
        <line num="4431" count="0" type="stmt"/>
        <line num="4439" count="0" type="stmt"/>
        <line num="4440" count="0" type="cond" truecount="0" falsecount="2"/>
        <line num="4444" count="0" type="stmt"/>
        <line num="4446" count="0" type="stmt"/>
        <line num="4447" count="0" type="cond" truecount="0" falsecount="2"/>
        <line num="4448" count="0" type="stmt"/>
        <line num="4450" count="0" type="stmt"/>
        <line num="4456" count="0" type="stmt"/>
        <line num="4464" count="0" type="stmt"/>
        <line num="4476" count="0" type="cond" truecount="0" falsecount="2"/>
        <line num="4477" count="0" type="stmt"/>
        <line num="4479" count="0" type="stmt"/>
        <line num="4481" count="0" type="stmt"/>
        <line num="4482" count="0" type="stmt"/>
        <line num="4484" count="0" type="stmt"/>
        <line num="4486" count="0" type="cond" truecount="0" falsecount="2"/>
        <line num="4487" count="0" type="stmt"/>
        <line num="4490" count="0" type="stmt"/>
        <line num="4493" count="0" type="stmt"/>
        <line num="4496" count="0" type="stmt"/>
        <line num="4510" count="0" type="cond" truecount="0" falsecount="2"/>
        <line num="4511" count="0" type="stmt"/>
        <line num="4513" count="0" type="stmt"/>
        <line num="4514" count="0" type="stmt"/>
        <line num="4516" count="0" type="stmt"/>
        <line num="4517" count="0" type="stmt"/>
        <line num="4518" count="0" type="stmt"/>
        <line num="4519" count="0" type="stmt"/>
        <line num="4520" count="0" type="cond" truecount="0" falsecount="2"/>
        <line num="4521" count="0" type="stmt"/>
        <line num="4523" count="0" type="stmt"/>
        <line num="4526" count="0" type="stmt"/>
        <line num="4531" count="0" type="stmt"/>
        <line num="4533" count="0" type="stmt"/>
        <line num="4547" count="0" type="cond" truecount="0" falsecount="6"/>
        <line num="4549" count="0" type="stmt"/>
        <line num="4550" count="0" type="stmt"/>
        <line num="4552" count="0" type="cond" truecount="0" falsecount="4"/>
        <line num="4553" count="0" type="stmt"/>
        <line num="4556" count="0" type="cond" truecount="0" falsecount="2"/>
        <line num="4557" count="0" type="stmt"/>
        <line num="4560" count="0" type="cond" truecount="0" falsecount="2"/>
        <line num="4561" count="0" type="stmt"/>
        <line num="4565" count="0" type="cond" truecount="0" falsecount="2"/>
        <line num="4566" count="0" type="stmt"/>
        <line num="4569" count="0" type="cond" truecount="0" falsecount="8"/>
        <line num="4572" count="0" type="stmt"/>
        <line num="4575" count="0" type="cond" truecount="0" falsecount="4"/>
        <line num="4576" count="0" type="stmt"/>
        <line num="4581" count="0" type="cond" truecount="0" falsecount="4"/>
        <line num="4582" count="0" type="stmt"/>
        <line num="4585" count="0" type="cond" truecount="0" falsecount="2"/>
        <line num="4586" count="0" type="stmt"/>
        <line num="4589" count="0" type="cond" truecount="0" falsecount="2"/>
        <line num="4590" count="0" type="stmt"/>
        <line num="4593" count="0" type="stmt"/>
        <line num="4594" count="0" type="cond" truecount="0" falsecount="2"/>
        <line num="4595" count="0" type="stmt"/>
        <line num="4599" count="0" type="stmt"/>
        <line num="4600" count="0" type="cond" truecount="0" falsecount="2"/>
        <line num="4601" count="0" type="stmt"/>
        <line num="4604" count="0" type="cond" truecount="0" falsecount="2"/>
        <line num="4605" count="0" type="stmt"/>
        <line num="4608" count="0" type="cond" truecount="0" falsecount="2"/>
        <line num="4609" count="0" type="stmt"/>
        <line num="4613" count="0" type="stmt"/>
        <line num="4622" count="0" type="stmt"/>
        <line num="4623" count="0" type="stmt"/>
        <line num="4634" count="0" type="stmt"/>
        <line num="4636" count="0" type="stmt"/>
        <line num="4637" count="0" type="stmt"/>
        <line num="4651" count="0" type="stmt"/>
        <line num="4653" count="0" type="stmt"/>
        <line num="4654" count="0" type="stmt"/>
        <line num="4656" count="0" type="stmt"/>
        <line num="4657" count="0" type="stmt"/>
        <line num="4658" count="0" type="stmt"/>
        <line num="4659" count="0" type="stmt"/>
        <line num="4660" count="0" type="stmt"/>
        <line num="4661" count="0" type="stmt"/>
        <line num="4662" count="0" type="stmt"/>
        <line num="4663" count="0" type="stmt"/>
        <line num="4677" count="0" type="stmt"/>
        <line num="4679" count="0" type="stmt"/>
        <line num="4682" count="0" type="stmt"/>
        <line num="4684" count="0" type="stmt"/>
        <line num="4685" count="0" type="stmt"/>
        <line num="4686" count="0" type="stmt"/>
        <line num="4687" count="0" type="stmt"/>
        <line num="4688" count="0" type="cond" truecount="0" falsecount="2"/>
        <line num="4689" count="0" type="stmt"/>
        <line num="4691" count="0" type="stmt"/>
        <line num="4692" count="0" type="stmt"/>
        <line num="4693" count="0" type="stmt"/>
        <line num="4711" count="0" type="stmt"/>
        <line num="4713" count="0" type="stmt"/>
        <line num="4715" count="0" type="cond" truecount="0" falsecount="2"/>
        <line num="4716" count="0" type="stmt"/>
        <line num="4718" count="0" type="stmt"/>
        <line num="4720" count="0" type="stmt"/>
        <line num="4721" count="0" type="stmt"/>
        <line num="4722" count="0" type="stmt"/>
        <line num="4726" count="0" type="stmt"/>
        <line num="4729" count="0" type="stmt"/>
        <line num="4744" count="0" type="stmt"/>
        <line num="4746" count="0" type="stmt"/>
        <line num="4747" count="0" type="stmt"/>
        <line num="4749" count="0" type="stmt"/>
        <line num="4750" count="0" type="stmt"/>
        <line num="4751" count="0" type="stmt"/>
        <line num="4752" count="0" type="stmt"/>
        <line num="4753" count="0" type="stmt"/>
        <line num="4754" count="0" type="stmt"/>
        <line num="4755" count="0" type="stmt"/>
        <line num="4756" count="0" type="stmt"/>
        <line num="4770" count="0" type="stmt"/>
        <line num="4783" count="0" type="stmt"/>
        <line num="4791" count="0" type="stmt"/>
        <line num="4792" count="0" type="cond" truecount="0" falsecount="2"/>
        <line num="4793" count="0" type="stmt"/>
        <line num="4795" count="0" type="stmt"/>
        <line num="4803" count="0" type="cond" truecount="0" falsecount="2"/>
        <line num="4804" count="0" type="stmt"/>
        <line num="4806" count="0" type="stmt"/>
        <line num="4814" count="0" type="cond" truecount="0" falsecount="2"/>
        <line num="4815" count="0" type="stmt"/>
        <line num="4816" count="0" type="stmt"/>
        <line num="4818" count="0" type="cond" truecount="0" falsecount="2"/>
        <line num="4819" count="0" type="stmt"/>
        <line num="4821" count="0" type="stmt"/>
        <line num="4822" count="0" type="stmt"/>
        <line num="4834" count="0" type="stmt"/>
        <line num="4835" count="0" type="stmt"/>
        <line num="4836" count="0" type="stmt"/>
        <line num="4838" count="0" type="stmt"/>
        <line num="4839" count="0" type="stmt"/>
        <line num="4850" count="0" type="stmt"/>
        <line num="4851" count="0" type="stmt"/>
        <line num="4852" count="0" type="cond" truecount="0" falsecount="2"/>
        <line num="4853" count="0" type="stmt"/>
        <line num="4855" count="0" type="stmt"/>
        <line num="4856" count="0" type="stmt"/>
        <line num="4867" count="0" type="stmt"/>
        <line num="4872" count="0" type="stmt"/>
        <line num="4873" count="0" type="stmt"/>
        <line num="4874" count="0" type="stmt"/>
        <line num="4886" count="0" type="stmt"/>
        <line num="4888" count="0" type="cond" truecount="0" falsecount="2"/>
        <line num="4889" count="0" type="stmt"/>
        <line num="4898" count="0" type="stmt"/>
        <line num="4899" count="0" type="stmt"/>
        <line num="4900" count="0" type="stmt"/>
        <line num="4901" count="0" type="cond" truecount="0" falsecount="5"/>
        <line num="4904" count="0" type="stmt"/>
        <line num="4906" count="0" type="stmt"/>
        <line num="4908" count="0" type="stmt"/>
        <line num="4910" count="0" type="stmt"/>
        <line num="4911" count="0" type="stmt"/>
        <line num="4915" count="0" type="stmt"/>
        <line num="4917" count="0" type="stmt"/>
        <line num="4918" count="0" type="stmt"/>
        <line num="4919" count="0" type="stmt"/>
        <line num="4925" count="1" type="stmt"/>
        <line num="4932" count="0" type="cond" truecount="0" falsecount="2"/>
        <line num="4933" count="0" type="stmt"/>
        <line num="4935" count="0" type="stmt"/>
        <line num="4940" count="0" type="stmt"/>
        <line num="4943" count="0" type="stmt"/>
        <line num="4944" count="0" type="cond" truecount="0" falsecount="5"/>
        <line num="4949" count="0" type="stmt"/>
        <line num="4950" count="0" type="cond" truecount="0" falsecount="2"/>
        <line num="4951" count="0" type="stmt"/>
        <line num="4953" count="0" type="cond" truecount="0" falsecount="2"/>
        <line num="4954" count="0" type="cond" truecount="0" falsecount="2"/>
        <line num="4955" count="0" type="cond" truecount="0" falsecount="2"/>
        <line num="4956" count="0" type="stmt"/>
        <line num="4957" count="0" type="stmt"/>
        <line num="4958" count="0" type="stmt"/>
        <line num="4959" count="0" type="stmt"/>
        <line num="4966" count="1" type="stmt"/>
        <line num="4974" count="0" type="stmt"/>
        <line num="4975" count="0" type="stmt"/>
        <line num="4976" count="0" type="stmt"/>
        <line num="4977" count="0" type="stmt"/>
        <line num="4978" count="0" type="stmt"/>
        <line num="4979" count="0" type="stmt"/>
        <line num="4980" count="0" type="stmt"/>
        <line num="4990" count="0" type="cond" truecount="0" falsecount="2"/>
        <line num="5004" count="0" type="stmt"/>
        <line num="5005" count="0" type="stmt"/>
        <line num="5006" count="0" type="stmt"/>
        <line num="5007" count="0" type="stmt"/>
        <line num="5015" count="0" type="stmt"/>
        <line num="5016" count="0" type="stmt"/>
        <line num="5026" count="0" type="cond" truecount="0" falsecount="1"/>
        <line num="5027" count="0" type="stmt"/>
        <line num="5028" count="0" type="cond" truecount="0" falsecount="2"/>
        <line num="5029" count="0" type="stmt"/>
        <line num="5031" count="0" type="stmt"/>
        <line num="5032" count="0" type="stmt"/>
        <line num="5033" count="0" type="stmt"/>
        <line num="5035" count="0" type="stmt"/>
        <line num="5036" count="0" type="stmt"/>
        <line num="5046" count="0" type="stmt"/>
        <line num="5055" count="0" type="cond" truecount="0" falsecount="2"/>
        <line num="5056" count="0" type="stmt"/>
        <line num="5057" count="0" type="stmt"/>
        <line num="5058" count="0" type="stmt"/>
        <line num="5067" count="0" type="cond" truecount="0" falsecount="2"/>
        <line num="5068" count="0" type="stmt"/>
        <line num="5069" count="0" type="stmt"/>
        <line num="5077" count="0" type="stmt"/>
        <line num="5078" count="0" type="stmt"/>
        <line num="5087" count="0" type="cond" truecount="0" falsecount="2"/>
        <line num="5088" count="0" type="stmt"/>
        <line num="5089" count="0" type="stmt"/>
        <line num="5091" count="0" type="stmt"/>
        <line num="5099" count="0" type="cond" truecount="0" falsecount="2"/>
        <line num="5110" count="0" type="stmt"/>
        <line num="5112" count="0" type="stmt"/>
        <line num="5115" count="0" type="stmt"/>
        <line num="5116" count="0" type="stmt"/>
        <line num="5117" count="0" type="stmt"/>
        <line num="5120" count="0" type="cond" truecount="0" falsecount="2"/>
        <line num="5121" count="0" type="stmt"/>
        <line num="5123" count="0" type="stmt"/>
        <line num="5124" count="0" type="stmt"/>
        <line num="5125" count="0" type="cond" truecount="0" falsecount="2"/>
        <line num="5126" count="0" type="stmt"/>
        <line num="5127" count="0" type="stmt"/>
        <line num="5130" count="0" type="stmt"/>
        <line num="5133" count="0" type="stmt"/>
[...]
        <line num="4" count="3" type="stmt"/>
        <line num="12" count="5" type="stmt"/>
        <line num="17" count="3" type="stmt"/>
        <line num="26" count="7" type="cond" truecount="2" falsecount="0"/>
        <line num="27" count="3" type="stmt"/>
        <line num="32" count="4" type="cond" truecount="2" falsecount="0"/>
        <line num="33" count="1" type="stmt"/>
        <line num="35" count="3" type="stmt"/>
        <line num="43" count="3" type="stmt"/>
      </file>
      <file name="StringConverter.ts" path="C:\Users\rxliuli\Text\Pkg\rx-util\src\module\string\StringConverter.ts">
        <metrics statements="7" coveredstatements="7" conditionals="0" coveredconditionals="0" methods="3" coveredmethods="3"/>
        <line num="1" count="3" type="stmt"/>
        <line num="3" count="3" type="stmt"/>
        <line num="13" count="3" type="stmt"/>
        <line num="20" count="4" type="stmt"/>
        <line num="26" count="3" type="stmt"/>
        <line num="38" count="5" type="stmt"/>
        <line num="53" count="2" type="stmt"/>
      </file>
      <file name="StringValidator.ts" path="C:\Users\rxliuli\Text\Pkg\rx-util\src\module\string\StringValidator.ts">
        <metrics statements="25" coveredstatements="24" conditionals="22" coveredconditionals="21" methods="11" coveredmethods="11"/>
        <line num="1" count="39" type="stmt"/>
        <line num="2" count="39" type="stmt"/>
        <line num="7" count="39" type="stmt"/>
        <line num="11" count="39" type="stmt"/>
        <line num="15" count="39" type="stmt"/>
        <line num="19" count="39" type="stmt"/>
        <line num="23" count="39" type="stmt"/>
        <line num="28" count="39" type="stmt"/>
        <line num="32" count="39" type="stmt"/>
        <line num="36" count="39" type="stmt"/>
        <line num="44" count="39" type="stmt"/>
        <line num="51" count="58" type="cond" truecount="2" falsecount="0"/>
        <line num="59" count="20" type="cond" truecount="2" falsecount="0"/>
        <line num="68" count="9" type="cond" truecount="1" falsecount="1"/>
        <line num="69" count="0" type="stmt"/>
        <line num="71" count="9" type="stmt"/>
        <line num="80" count="32" type="cond" truecount="2" falsecount="0"/>
        <line num="88" count="5" type="cond" truecount="2" falsecount="0"/>
        <line num="96" count="9" type="cond" truecount="2" falsecount="0"/>
        <line num="106" count="9" type="cond" truecount="2" falsecount="0"/>
        <line num="114" count="9" type="cond" truecount="2" falsecount="0"/>
        <line num="122" count="7" type="cond" truecount="2" falsecount="0"/>
        <line num="130" count="9" type="cond" truecount="2" falsecount="0"/>
        <line num="138" count="9" type="cond" truecount="2" falsecount="0"/>
        <line num="146" count="39" type="stmt"/>
      </file>
      <file name="blankToNull.ts" path="C:\Users\rxliuli\Text\Pkg\rx-util\src\module\string\blankToNull.ts">
        <metrics statements="3" coveredstatements="3" conditionals="2" coveredconditionals="2" methods="1" coveredmethods="1"/>
        <line num="1" count="4" type="stmt"/>
        <line num="9" count="4" type="stmt"/>
        <line num="10" count="4" type="cond" truecount="2" falsecount="0"/>
      </file>
      <file name="fill.ts" path="C:\Users\rxliuli\Text\Pkg\rx-util\src\module\string\fill.ts">
        <metrics statements="4" coveredstatements="4" conditionals="2" coveredconditionals="2" methods="1" coveredmethods="1"/>
        <line num="9" count="3" type="stmt"/>
        <line num="10" count="5" type="cond" truecount="2" falsecount="0"/>
        <line num="11" count="2" type="stmt"/>
        <line num="13" count="3" type="stmt"/>
      </file>
      <file name="format.ts" path="C:\Users\rxliuli\Text\Pkg\rx-util\src\module\string\format.ts">
        <metrics statements="4" coveredstatements="4" conditionals="0" coveredconditionals="0" methods="2" coveredmethods="2"/>
        <line num="1" count="3" type="stmt"/>
        <line num="11" count="3" type="stmt"/>
        <line num="12" count="1" type="stmt"/>
        <line num="13" count="2" type="stmt"/>
      </file>
      <file name="isBlank.ts" path="C:\Users\rxliuli\Text\Pkg\rx-util\src\module\string\isBlank.ts">
        <metrics statements="3" coveredstatements="3" conditionals="0" coveredconditionals="0" methods="1" coveredmethods="1"/>
        <line num="1" count="3" type="stmt"/>
        <line num="9" count="3" type="stmt"/>
        <line num="10" count="5" type="stmt"/>
      </file>
      <file name="isEmpty.ts" path="C:\Users\rxliuli\Text\Pkg\rx-util\src\module\string\isEmpty.ts">
        <metrics statements="3" coveredstatements="3" conditionals="0" coveredconditionals="0" methods="1" coveredmethods="1"/>
        <line num="1" count="3" type="stmt"/>
        <line num="9" count="3" type="stmt"/>
        <line num="10" count="5" type="stmt"/>
      </file>
      <file name="isFloat.ts" path="C:\Users\rxliuli\Text\Pkg\rx-util\src\module\string\isFloat.ts">
        <metrics statements="3" coveredstatements="3" conditionals="0" coveredconditionals="0" methods="1" coveredmethods="1"/>
        <line num="1" count="3" type="stmt"/>
        <line num="9" count="3" type="stmt"/>
        <line num="10" count="3" type="stmt"/>
      </file>
      <file name="isNumber.ts" path="C:\Users\rxliuli\Text\Pkg\rx-util\src\module\string\isNumber.ts">
        <metrics statements="3" coveredstatements="3" conditionals="0" coveredconditionals="0" methods="1" coveredmethods="1"/>
        <line num="1" count="3" type="stmt"/>
        <line num="9" count="3" type="stmt"/>
        <line num="10" count="3" type="stmt"/>
      </file>
      <file name="randomStr.ts" path="C:\Users\rxliuli\Text\Pkg\rx-util\src\module\string\randomStr.ts">
        <metrics statements="7" coveredstatements="7" conditionals="0" coveredconditionals="0" methods="1" coveredmethods="1"/>
        <line num="5" count="3" type="stmt"/>
        <line num="6" count="3" type="stmt"/>
        <line num="12" count="3" type="stmt"/>
        <line num="13" count="1" type="stmt"/>
        <line num="14" count="1" type="stmt"/>
        <line num="15" count="10" type="stmt"/>
        <line num="17" count="1" type="stmt"/>
      </file>
      <file name="toLowerCase.ts" path="C:\Users\rxliuli\Text\Pkg\rx-util\src\module\string\toLowerCase.ts">
        <metrics statements="5" coveredstatements="5" conditionals="4" coveredconditionals="4" methods="1" coveredmethods="1"/>
        <line num="1" count="5" type="stmt"/>
        <line num="8" count="5" type="stmt"/>
        <line num="9" count="12" type="cond" truecount="4" falsecount="0"/>
        <line num="10" count="1" type="stmt"/>
        <line num="12" count="11" type="stmt"/>
      </file>
      <file name="toString.ts" path="C:\Users\rxliuli\Text\Pkg\rx-util\src\module\string\toString.ts">
        <metrics statements="7" coveredstatements="7" conditionals="4" coveredconditionals="4" methods="1" coveredmethods="1"/>
        <line num="1" count="6" type="stmt"/>
        <line num="9" count="6" type="stmt"/>
        <line num="10" count="36" type="cond" truecount="2" falsecount="0"/>
        <line num="11" count="3" type="stmt"/>
        <line num="13" count="33" type="cond" truecount="2" falsecount="0"/>
        <line num="14" count="1" type="stmt"/>
        <line num="16" count="32" type="stmt"/>
      </file>
      <file name="toUpperCase.ts" path="C:\Users\rxliuli\Text\Pkg\rx-util\src\module\string\toUpperCase.ts">
        <metrics statements="5" coveredstatements="5" conditionals="4" coveredconditionals="4" methods="1" coveredmethods="1"/>
        <line num="1" count="4" type="stmt"/>
        <line num="8" count="4" type="stmt"/>
        <line num="9" count="9" type="cond" truecount="4" falsecount="0"/>
        <line num="10" count="2" type="stmt"/>
        <line num="12" count="7" type="stmt"/>
      </file>
    </package>
    <package name="src.module.string.StringConverter">
      <metrics statements="67" coveredstatements="66" conditionals="19" coveredconditionals="17" methods="14" coveredmethods="14"/>
      <file name="CamelConverter.ts" path="C:\Users\rxliuli\Text\Pkg\rx-util\src\module\string\StringConverter\CamelConverter.ts">
        <metrics statements="7" coveredstatements="7" conditionals="2" coveredconditionals="2" methods="2" coveredmethods="2"/>
        <line num="1" count="3" type="stmt"/>
        <line num="2" count="3" type="stmt"/>
        <line num="3" count="3" type="stmt"/>
        <line num="9" count="3" type="stmt"/>
        <line num="18" count="1" type="stmt"/>
        <line num="19" count="2" type="stmt"/>
        <line num="20" count="2" type="stmt"/>
      </file>
      <file name="CamelOrPascalFrom.ts" path="C:\Users\rxliuli\Text\Pkg\rx-util\src\module\string\StringConverter\CamelOrPascalFrom.ts">
        <metrics statements="14" coveredstatements="14" conditionals="8" coveredconditionals="7" methods="1" coveredmethods="1"/>
        <line num="1" count="3" type="stmt"/>
        <line num="6" count="3" type="stmt"/>
        <line num="15" count="2" type="stmt"/>
        <line num="16" count="2" type="stmt"/>
        <line num="17" count="2" type="stmt"/>
        <line num="18" count="2" type="stmt"/>
        <line num="19" count="22" type="stmt"/>
        <line num="20" count="22" type="cond" truecount="4" falsecount="0"/>
        <line num="21" count="3" type="cond" truecount="2" falsecount="0"/>
        <line num="22" count="2" type="stmt"/>
        <line num="24" count="3" type="stmt"/>
        <line num="27" count="2" type="cond" truecount="1" falsecount="1"/>
        <line num="28" count="2" type="stmt"/>
        <line num="30" count="2" type="stmt"/>
      </file>
      <file name="ConverterFactory.ts" path="C:\Users\rxliuli\Text\Pkg\rx-util\src\module\string\StringConverter\ConverterFactory.ts">
        <metrics statements="12" coveredstatements="11" conditionals="5" coveredconditionals="4" methods="1" coveredmethods="1"/>
        <line num="2" count="3" type="stmt"/>
        <line num="3" count="3" type="stmt"/>
        <line num="4" count="3" type="stmt"/>
        <line num="5" count="3" type="stmt"/>
        <line num="6" count="3" type="stmt"/>
        <line num="11" count="3" type="stmt"/>
        <line num="20" count="8" type="stmt"/>
        <line num="22" count="2" type="stmt"/>
        <line num="24" count="2" type="stmt"/>
        <line num="26" count="2" type="stmt"/>
        <line num="28" count="2" type="stmt"/>
        <line num="30" count="0" type="stmt"/>
      </file>
      <file name="IConverter.ts" path="C:\Users\rxliuli\Text\Pkg\rx-util\src\module\string\StringConverter\IConverter.ts">
        <metrics statements="3" coveredstatements="3" conditionals="0" coveredconditionals="0" methods="2" coveredmethods="2"/>
        <line num="5" count="3" type="stmt"/>
        <line num="14" count="1" type="stmt"/>
        <line num="24" count="1" type="stmt"/>
      </file>
      <file name="PascalConverter.ts" path="C:\Users\rxliuli\Text\Pkg\rx-util\src\module\string\StringConverter\PascalConverter.ts">
        <metrics statements="7" coveredstatements="7" conditionals="0" coveredconditionals="0" methods="2" coveredmethods="2"/>
        <line num="1" count="3" type="stmt"/>
        <line num="2" count="3" type="stmt"/>
        <line num="3" count="3" type="stmt"/>
        <line num="8" count="3" type="stmt"/>
        <line num="17" count="1" type="stmt"/>
        <line num="18" count="2" type="stmt"/>
        <line num="19" count="2" type="stmt"/>
      </file>
      <file name="ScreamingSnakeConverter.ts" path="C:\Users\rxliuli\Text\Pkg\rx-util\src\module\string\StringConverter\ScreamingSnakeConverter.ts">
        <metrics statements="4" coveredstatements="4" conditionals="0" coveredconditionals="0" methods="1" coveredmethods="1"/>
        <line num="1" count="3" type="stmt"/>
        <line num="2" count="3" type="stmt"/>
        <line num="7" count="3" type="stmt"/>
        <line num="16" count="1" type="stmt"/>
      </file>
      <file name="SnakeConverter.ts" path="C:\Users\rxliuli\Text\Pkg\rx-util\src\module\string\StringConverter\SnakeConverter.ts">
        <metrics statements="4" coveredstatements="4" conditionals="0" coveredconditionals="0" methods="1" coveredmethods="1"/>
        <line num="1" count="3" type="stmt"/>
        <line num="2" count="3" type="stmt"/>
        <line num="7" count="3" type="stmt"/>
        <line num="16" count="1" type="stmt"/>
      </file>
      <file name="SnakeOrScreamingSnakeFrom.ts" path="C:\Users\rxliuli\Text\Pkg\rx-util\src\module\string\StringConverter\SnakeOrScreamingSnakeFrom.ts">
        <metrics statements="3" coveredstatements="3" conditionals="0" coveredconditionals="0" methods="1" coveredmethods="1"/>
        <line num="1" count="3" type="stmt"/>
        <line num="6" count="3" type="stmt"/>
        <line num="15" count="2" type="stmt"/>
      </file>
      <file name="StringStyleConverter.ts" path="C:\Users\rxliuli\Text\Pkg\rx-util\src\module\string\StringConverter\StringStyleConverter.ts">
        <metrics statements="8" coveredstatements="8" conditionals="2" coveredconditionals="2" methods="2" coveredmethods="2"/>
        <line num="1" count="3" type="stmt"/>
        <line num="2" count="3" type="stmt"/>
        <line num="11" count="3" type="stmt"/>
        <line num="26" count="4" type="stmt"/>
        <line num="32" count="4" type="stmt"/>
        <line num="41" count="5" type="cond" truecount="2" falsecount="0"/>
        <line num="42" count="1" type="stmt"/>
        <line num="44" count="4" type="stmt"/>
      </file>
      <file name="StringStyleType.ts" path="C:\Users\rxliuli\Text\Pkg\rx-util\src\module\string\StringConverter\StringStyleType.ts">
        <metrics statements="5" coveredstatements="5" conditionals="2" coveredconditionals="2" methods="1" coveredmethods="1"/>
        <line num="4" count="3" type="cond" truecount="2" falsecount="0"/>
        <line num="8" count="3" type="stmt"/>
        <line num="12" count="3" type="stmt"/>
        <line num="16" count="3" type="stmt"/>
        <line num="20" count="3" type="stmt"/>
      </file>
    </package>
    <package name="src.module.tree">
      <metrics statements="86" coveredstatements="71" conditionals="52" coveredconditionals="35" methods="16" coveredmethods="13"/>
      <file name="NodeBridgeUtil.ts" path="C:\Users\rxliuli\Text\Pkg\rx-util\src\module\tree\NodeBridgeUtil.ts">
        <metrics statements="7" coveredstatements="7" conditionals="5" coveredconditionals="2" methods="3" coveredmethods="3"/>
        <line num="1" count="6" type="stmt"/>
        <line num="3" count="6" type="stmt"/>
        <line num="11" count="6" type="stmt"/>
        <line num="23" count="7" type="stmt"/>
        <line num="37" count="1" type="stmt"/>
        <line num="48" count="1" type="stmt"/>
        <line num="56" count="6" type="stmt"/>
      </file>
      <file name="listToTree.ts" path="C:\Users\rxliuli\Text\Pkg\rx-util\src\module\tree\listToTree.ts">
        <metrics statements="20" coveredstatements="20" conditionals="13" coveredconditionals="13" methods="3" coveredmethods="3"/>
        <line num="1" count="3" type="stmt"/>
        <line num="25" count="3" type="stmt"/>
        <line num="29" count="48" type="cond" truecount="1" falsecount="0"/>
        <line num="32" count="7" type="stmt"/>
        <line num="33" count="7" type="stmt"/>
        <line num="34" count="48" type="stmt"/>
        <line num="35" count="48" type="cond" truecount="2" falsecount="0"/>
        <line num="36" count="8" type="stmt"/>
        <line num="37" count="8" type="stmt"/>
        <line num="39" count="40" type="stmt"/>
        <line num="40" count="116" type="stmt"/>
        <line num="41" count="116" type="cond" truecount="2" falsecount="0"/>
        <line num="42" count="38" type="cond" truecount="2" falsecount="0"/>
        <line num="43" count="38" type="stmt"/>
        <line num="44" count="38" type="stmt"/>
        <line num="47" count="2" type="stmt"/>
        <line num="50" count="7" type="stmt"/>
        <line num="51" count="7" type="cond" truecount="2" falsecount="0"/>
        <line num="52" count="6" type="cond" truecount="2" falsecount="0"/>
        <line num="53" count="1" type="stmt"/>
      </file>
      <file name="treeMapping.ts" path="C:\Users\rxliuli\Text\Pkg\rx-util\src\module\tree\treeMapping.ts">
        <metrics statements="11" coveredstatements="11" conditionals="6" coveredconditionals="4" methods="4" coveredmethods="4"/>
        <line num="1" count="6" type="stmt"/>
        <line num="2" count="6" type="stmt"/>
        <line num="29" count="6" type="stmt"/>
        <line num="34" count="6" type="cond" truecount="1" falsecount="0"/>
        <line num="44" count="14" type="stmt"/>
        <line num="45" count="14" type="stmt"/>
        <line num="46" count="14" type="cond" truecount="2" falsecount="0"/>
        <line num="47" count="6" type="stmt"/>
        <line num="49" count="12" type="stmt"/>
        <line num="53" count="14" type="stmt"/>
        <line num="55" count="2" type="stmt"/>
      </file>
      <file name="treeToList.ts" path="C:\Users\rxliuli\Text\Pkg\rx-util\src\module\tree\treeToList.ts">
        <metrics statements="48" coveredstatements="33" conditionals="28" coveredconditionals="16" methods="6" coveredmethods="3"/>
        <line num="1" count="3" type="stmt"/>
        <line num="2" count="3" type="stmt"/>
        <line num="4" count="3" type="stmt"/>
        <line num="5" count="3" type="stmt"/>
        <line num="28" count="3" type="stmt"/>
        <line num="35" count="0" type="stmt"/>
        <line num="36" count="0" type="stmt"/>
        <line num="37" count="0" type="stmt"/>
        <line num="39" count="0" type="stmt"/>
        <line num="42" count="0" type="stmt"/>
        <line num="43" count="0" type="stmt"/>
        <line num="44" count="0" type="cond" truecount="0" falsecount="2"/>
        <line num="45" count="0" type="stmt"/>
        <line num="47" count="0" type="stmt"/>
        <line num="49" count="0" type="cond" truecount="0" falsecount="2"/>
        <line num="50" count="0" type="cond" truecount="0" falsecount="2"/>
        <line num="53" count="0" type="stmt"/>
        <line num="54" count="0" type="stmt"/>
        <line num="56" count="0" type="cond" truecount="0" falsecount="2"/>
        <line num="58" count="0" type="stmt"/>
        <line num="68" count="3" type="stmt"/>
        <line num="75" count="4" type="stmt"/>
        <line num="76" count="4" type="stmt"/>
        <line num="77" count="4" type="cond" truecount="2" falsecount="0"/>
        <line num="78" count="3" type="stmt"/>
        <line num="81" count="4" type="stmt"/>
        <line num="83" count="4" type="stmt"/>
        <line num="85" count="4" type="stmt"/>
        <line num="86" count="4" type="stmt"/>
        <line num="87" count="30" type="stmt"/>
        <line num="88" count="30" type="stmt"/>
        <line num="90" count="30" type="cond" truecount="4" falsecount="0"/>
        <line num="91" count="2" type="stmt"/>
        <line num="93" count="28" type="stmt"/>
        <line num="94" count="28" type="stmt"/>
        <line num="95" count="28" type="stmt"/>
        <line num="96" count="28" type="cond" truecount="2" falsecount="0"/>
        <line num="97" count="16" type="stmt"/>
        <line num="99" count="12" type="stmt"/>
        <line num="100" count="26" type="cond" truecount="1" falsecount="1"/>
        <line num="103" count="12" type="stmt"/>
        <line num="106" count="20" type="stmt"/>
        <line num="108" count="20" type="cond" truecount="2" falsecount="0"/>
        <line num="109" count="2" type="stmt"/>
        <line num="112" count="18" type="stmt"/>
        <line num="113" count="18" type="stmt"/>
        <line num="114" count="18" type="stmt"/>
        <line num="119" count="4" type="stmt"/>
      </file>
    </package>
  </project>
</coverage>
