<?xml version="1.0" encoding="UTF-8"?>
<coverage generated="1602363192906" clover="3.2.0">
  <project timestamp="1602363192906" name="All files">
    <metrics statements="4274" coveredstatements="2483" conditionals="1528" coveredconditionals="667" methods="1478" coveredmethods="591" elements="7280" coveredelements="3741" complexity="0" loc="4274" ncloc="4274" packages="19" files="188" classes="188"/>
    <package name="dist">
      <metrics statements="1735" coveredstatements="322" conditionals="699" coveredconditionals="42" methods="619" coveredmethods="27"/>
      <file name="rx-util.js" path="C:\Users\rxliuli\Text\pkg\rx-util\dist\rx-util.js">
        <metrics statements="1735" coveredstatements="322" conditionals="699" coveredconditionals="42" methods="619" coveredmethods="27"/>
        <line num="1" count="1" type="stmt"/>
        <line num="2" count="1" type="cond" truecount="3" falsecount="1"/>
        <line num="14" count="0" type="stmt"/>
        <line num="15" count="0" type="stmt"/>
        <line num="16" count="0" type="stmt"/>
        <line num="18" count="0" type="stmt"/>
        <line num="20" count="0" type="stmt"/>
        <line num="21" count="0" type="stmt"/>
        <line num="23" count="0" type="stmt"/>
        <line num="42" count="0" type="cond" truecount="0" falsecount="2"/>
        <line num="43" count="1" type="cond" truecount="2" falsecount="0"/>
        <line num="44" count="0" type="stmt"/>
        <line num="45" count="0" type="stmt"/>
        <line num="46" count="1" type="cond" truecount="1" falsecount="1"/>
        <line num="47" count="1" type="cond" truecount="2" falsecount="0"/>
        <line num="57" count="0" type="stmt"/>
        <line num="68" count="0" type="stmt"/>
        <line num="69" count="0" type="stmt"/>
        <line num="79" count="0" type="stmt"/>
        <line num="81" count="0" type="stmt"/>
        <line num="82" count="0" type="stmt"/>
        <line num="83" count="0" type="stmt"/>
        <line num="85" count="0" type="stmt"/>
        <line num="87" count="0" type="stmt"/>
        <line num="88" count="0" type="stmt"/>
        <line num="90" count="0" type="stmt"/>
        <line num="100" count="0" type="stmt"/>
        <line num="101" count="0" type="stmt"/>
        <line num="102" count="0" type="cond" truecount="0" falsecount="2"/>
        <line num="103" count="0" type="stmt"/>
        <line num="105" count="0" type="stmt"/>
        <line num="106" count="0" type="stmt"/>
        <line num="116" count="0" type="stmt"/>
        <line num="128" count="0" type="stmt"/>
        <line num="129" count="0" type="stmt"/>
        <line num="130" count="0" type="stmt"/>
        <line num="132" count="0" type="stmt"/>
        <line num="139" count="1" type="stmt"/>
        <line num="151" count="0" type="cond" truecount="0" falsecount="2"/>
        <line num="152" count="0" type="stmt"/>
        <line num="154" count="0" type="stmt"/>
        <line num="155" count="0" type="stmt"/>
        <line num="156" count="0" type="cond" truecount="0" falsecount="2"/>
        <line num="157" count="0" type="stmt"/>
        <line num="159" count="0" type="stmt"/>
        <line num="160" count="0" type="stmt"/>
        <line num="161" count="0" type="stmt"/>
        <line num="162" count="0" type="stmt"/>
        <line num="163" count="0" type="stmt"/>
        <line num="165" count="0" type="stmt"/>
        <line num="166" count="0" type="stmt"/>
        <line num="168" count="0" type="cond" truecount="0" falsecount="2"/>
        <line num="169" count="0" type="stmt"/>
        <line num="170" count="0" type="stmt"/>
        <line num="182" count="0" type="stmt"/>
        <line num="183" count="0" type="cond" truecount="0" falsecount="2"/>
        <line num="184" count="0" type="stmt"/>
        <line num="186" count="0" type="cond" truecount="0" falsecount="3"/>
        <line num="188" count="0" type="stmt"/>
        <line num="191" count="0" type="stmt"/>
        <line num="192" count="0" type="stmt"/>
        <line num="194" count="0" type="stmt"/>
        <line num="195" count="0" type="cond" truecount="0" falsecount="2"/>
        <line num="197" count="0" type="stmt"/>
        <line num="198" count="0" type="cond" truecount="0" falsecount="2"/>
        <line num="199" count="0" type="stmt"/>
        <line num="202" count="0" type="cond" truecount="0" falsecount="2"/>
        <line num="203" count="0" type="stmt"/>
        <line num="205" count="0" type="cond" truecount="0" falsecount="2"/>
        <line num="206" count="0" type="stmt"/>
        <line num="209" count="0" type="stmt"/>
        <line num="211" count="0" type="stmt"/>
        <line num="227" count="1" type="stmt"/>
        <line num="231" count="1" type="stmt"/>
        <line num="235" count="1" type="stmt"/>
        <line num="239" count="1" type="stmt"/>
        <line num="243" count="1" type="stmt"/>
        <line num="252" count="0" type="stmt"/>
        <line num="256" count="0" type="stmt"/>
        <line num="257" count="0" type="cond" truecount="0" falsecount="2"/>
        <line num="258" count="0" type="stmt"/>
        <line num="260" count="0" type="stmt"/>
        <line num="261" count="0" type="stmt"/>
        <line num="262" count="0" type="stmt"/>
        <line num="264" count="0" type="stmt"/>
        <line num="265" count="0" type="stmt"/>
        <line num="267" count="0" type="cond" truecount="0" falsecount="4"/>
        <line num="269" count="0" type="stmt"/>
        <line num="270" count="0" type="stmt"/>
        <line num="272" count="0" type="stmt"/>
        <line num="273" count="0" type="stmt"/>
        <line num="275" count="0" type="stmt"/>
        <line num="276" count="0" type="stmt"/>
        <line num="278" count="0" type="stmt"/>
        <line num="279" count="0" type="stmt"/>
        <line num="283" count="1" type="stmt"/>
        <line num="314" count="1" type="stmt"/>
        <line num="324" count="1" type="stmt"/>
        <line num="325" count="8" type="cond" truecount="2" falsecount="0"/>
        <line num="326" count="5" type="stmt"/>
        <line num="328" count="3" type="cond" truecount="2" falsecount="0"/>
        <line num="329" count="1" type="stmt"/>
        <line num="331" count="2" type="cond" truecount="1" falsecount="1"/>
        <line num="332" count="0" type="stmt"/>
        <line num="333" count="0" type="cond" truecount="0" falsecount="2"/>
        <line num="334" count="0" type="stmt"/>
        <line num="337" count="2" type="stmt"/>
        <line num="338" count="2" type="cond" truecount="1" falsecount="1"/>
        <line num="341" count="1" type="stmt"/>
        <line num="348" count="1" type="stmt"/>
        <line num="355" count="1" type="stmt"/>
        <line num="362" count="0" type="stmt"/>
        <line num="363" count="0" type="cond" truecount="0" falsecount="4"/>
        <line num="364" count="0" type="stmt"/>
        <line num="366" count="0" type="cond" truecount="0" falsecount="2"/>
        <line num="367" count="0" type="stmt"/>
        <line num="369" count="0" type="cond" truecount="0" falsecount="2"/>
        <line num="370" count="0" type="stmt"/>
        <line num="371" count="0" type="cond" truecount="0" falsecount="2"/>
        <line num="375" count="0" type="stmt"/>
        <line num="377" count="0" type="stmt"/>
        <line num="389" count="0" type="stmt"/>
        <line num="390" count="0" type="cond" truecount="0" falsecount="2"/>
        <line num="391" count="0" type="stmt"/>
        <line num="393" count="0" type="cond" truecount="0" falsecount="2"/>
        <line num="394" count="0" type="stmt"/>
        <line num="395" count="0" type="cond" truecount="0" falsecount="2"/>
        <line num="396" count="0" type="stmt"/>
        <line num="397" count="0" type="stmt"/>
        <line num="402" count="0" type="stmt"/>
        <line num="415" count="0" type="stmt"/>
        <line num="418" count="0" type="stmt"/>
        <line num="429" count="0" type="stmt"/>
        <line num="430" count="0" type="stmt"/>
        <line num="431" count="0" type="stmt"/>
        <line num="432" count="0" type="stmt"/>
        <line num="434" count="0" type="stmt"/>
        <line num="458" count="0" type="stmt"/>
        <line num="462" count="0" type="stmt"/>
        <line num="466" count="0" type="stmt"/>
        <line num="471" count="0" type="stmt"/>
        <line num="481" count="0" type="stmt"/>
        <line num="482" count="0" type="stmt"/>
        <line num="483" count="0" type="stmt"/>
        <line num="484" count="0" type="stmt"/>
        <line num="485" count="0" type="stmt"/>
        <line num="487" count="0" type="stmt"/>
        <line num="490" count="0" type="stmt"/>
        <line num="493" count="0" type="stmt"/>
        <line num="494" count="0" type="stmt"/>
        <line num="496" count="0" type="stmt"/>
        <line num="508" count="0" type="stmt"/>
        <line num="509" count="0" type="stmt"/>
        <line num="510" count="0" type="stmt"/>
        <line num="511" count="0" type="cond" truecount="0" falsecount="2"/>
        <line num="512" count="0" type="stmt"/>
        <line num="514" count="0" type="stmt"/>
        <line num="516" count="0" type="stmt"/>
        <line num="526" count="0" type="cond" truecount="0" falsecount="2"/>
        <line num="538" count="0" type="stmt"/>
        <line num="551" count="0" type="cond" truecount="0" falsecount="2"/>
        <line num="565" count="0" type="stmt"/>
        <line num="566" count="0" type="stmt"/>
        <line num="568" count="0" type="cond" truecount="0" falsecount="2"/>
        <line num="569" count="0" type="stmt"/>
        <line num="571" count="0" type="stmt"/>
        <line num="572" count="0" type="cond" truecount="0" falsecount="2"/>
        <line num="573" count="0" type="stmt"/>
        <line num="575" count="0" type="stmt"/>
        <line num="577" count="0" type="stmt"/>
        <line num="589" count="0" type="stmt"/>
        <line num="590" count="0" type="stmt"/>
        <line num="599" count="0" type="stmt"/>
        <line num="600" count="0" type="stmt"/>
        <line num="609" count="1" type="stmt"/>
        <line num="611" count="0" type="stmt"/>
        <line num="616" count="1" type="stmt"/>
        <line num="617" count="1" type="stmt"/>
        <line num="618" count="1" type="stmt"/>
        <line num="624" count="1" type="stmt"/>
        <line num="625" count="1" type="stmt"/>
        <line num="626" count="1" type="stmt"/>
        <line num="627" count="1" type="stmt"/>
        <line num="628" count="1" type="stmt"/>
        <line num="629" count="1" type="stmt"/>
        <line num="630" count="1" type="stmt"/>
        <line num="631" count="1" type="stmt"/>
        <line num="632" count="1" type="stmt"/>
        <line num="633" count="1" type="stmt"/>
        <line num="634" count="1" type="stmt"/>
        <line num="635" count="1" type="stmt"/>
        <line num="636" count="1" type="stmt"/>
        <line num="637" count="1" type="stmt"/>
        <line num="646" count="0" type="stmt"/>
        <line num="647" count="0" type="stmt"/>
        <line num="648" count="0" type="stmt"/>
        <line num="649" count="0" type="stmt"/>
        <line num="652" count="1" type="stmt"/>
        <line num="662" count="0" type="stmt"/>
        <line num="670" count="0" type="stmt"/>
        <line num="671" count="0" type="cond" truecount="0" falsecount="2"/>
        <line num="672" count="0" type="stmt"/>
        <line num="675" count="0" type="stmt"/>
        <line num="677" count="0" type="stmt"/>
        <line num="679" count="0" type="cond" truecount="0" falsecount="2"/>
        <line num="680" count="0" type="stmt"/>
        <line num="683" count="0" type="stmt"/>
        <line num="684" count="0" type="stmt"/>
        <line num="685" count="0" type="stmt"/>
        <line num="686" count="0" type="stmt"/>
        <line num="687" count="0" type="stmt"/>
        <line num="688" count="0" type="cond" truecount="0" falsecount="2"/>
        <line num="689" count="0" type="stmt"/>
        <line num="691" count="0" type="stmt"/>
        <line num="692" count="0" type="cond" truecount="0" falsecount="2"/>
        <line num="693" count="0" type="stmt"/>
        <line num="696" count="0" type="stmt"/>
        <line num="699" count="0" type="stmt"/>
        <line num="704" count="0" type="stmt"/>
        <line num="713" count="0" type="stmt"/>
        <line num="714" count="0" type="stmt"/>
        <line num="715" count="0" type="cond" truecount="0" falsecount="2"/>
        <line num="724" count="0" type="stmt"/>
        <line num="725" count="0" type="stmt"/>
        <line num="734" count="0" type="stmt"/>
        <line num="735" count="0" type="stmt"/>
        <line num="742" count="0" type="stmt"/>
        <line num="748" count="0" type="stmt"/>
        <line num="754" count="0" type="stmt"/>
        <line num="762" count="0" type="stmt"/>
        <line num="765" count="0" type="stmt"/>
        <line num="766" count="0" type="stmt"/>
        <line num="767" count="0" type="stmt"/>
        <line num="772" count="0" type="stmt"/>
        <line num="773" count="0" type="stmt"/>
        <line num="774" count="0" type="stmt"/>
        <line num="775" count="0" type="cond" truecount="0" falsecount="2"/>
        <line num="776" count="0" type="stmt"/>
        <line num="779" count="0" type="stmt"/>
        <line num="783" count="0" type="stmt"/>
        <line num="784" count="0" type="stmt"/>
        <line num="785" count="0" type="stmt"/>
        <line num="786" count="0" type="stmt"/>
        <line num="788" count="0" type="stmt"/>
        <line num="792" count="0" type="stmt"/>
        <line num="793" count="0" type="stmt"/>
        <line num="794" count="0" type="stmt"/>
        <line num="795" count="0" type="stmt"/>
        <line num="797" count="0" type="stmt"/>
        <line num="801" count="0" type="stmt"/>
        <line num="802" count="0" type="stmt"/>
        <line num="803" count="0" type="cond" truecount="0" falsecount="2"/>
        <line num="804" count="0" type="stmt"/>
        <line num="807" count="0" type="stmt"/>
        <line num="810" count="0" type="stmt"/>
        <line num="814" count="0" type="stmt"/>
        <line num="815" count="0" type="stmt"/>
        <line num="816" count="0" type="cond" truecount="0" falsecount="2"/>
        <line num="817" count="0" type="stmt"/>
        <line num="820" count="0" type="stmt"/>
        <line num="823" count="0" type="stmt"/>
        <line num="827" count="0" type="stmt"/>
        <line num="828" count="0" type="stmt"/>
        <line num="829" count="0" type="stmt"/>
        <line num="830" count="0" type="cond" truecount="0" falsecount="2"/>
        <line num="831" count="0" type="stmt"/>
        <line num="834" count="0" type="stmt"/>
        <line num="843" count="0" type="stmt"/>
        <line num="846" count="0" type="stmt"/>
        <line num="847" count="0" type="stmt"/>
        <line num="851" count="0" type="stmt"/>
        <line num="852" count="0" type="stmt"/>
        <line num="853" count="0" type="stmt"/>
        <line num="854" count="0" type="stmt"/>
        <line num="855" count="0" type="cond" truecount="0" falsecount="2"/>
        <line num="856" count="0" type="stmt"/>
        <line num="859" count="0" type="stmt"/>
        <line num="863" count="0" type="stmt"/>
        <line num="864" count="0" type="stmt"/>
        <line num="868" count="0" type="stmt"/>
        <line num="869" count="0" type="stmt"/>
        <line num="870" count="0" type="stmt"/>
        <line num="874" count="0" type="stmt"/>
        <line num="877" count="0" type="stmt"/>
        <line num="878" count="0" type="stmt"/>
        <line num="879" count="0" type="cond" truecount="0" falsecount="2"/>
        <line num="880" count="0" type="stmt"/>
        <line num="883" count="0" type="stmt"/>
        <line num="886" count="0" type="stmt"/>
        <line num="890" count="0" type="stmt"/>
        <line num="891" count="0" type="stmt"/>
        <line num="892" count="0" type="cond" truecount="0" falsecount="2"/>
        <line num="893" count="0" type="stmt"/>
        <line num="896" count="0" type="stmt"/>
        <line num="899" count="0" type="stmt"/>
        <line num="903" count="0" type="stmt"/>
        <line num="904" count="0" type="stmt"/>
        <line num="908" count="0" type="stmt"/>
        <line num="909" count="0" type="stmt"/>
        <line num="925" count="0" type="stmt"/>
        <line num="926" count="0" type="stmt"/>
        <line num="931" count="0" type="stmt"/>
        <line num="938" count="0" type="stmt"/>
        <line num="939" count="0" type="stmt"/>
        <line num="942" count="0" type="stmt"/>
        <line num="950" count="0" type="stmt"/>
        <line num="951" count="0" type="cond" truecount="0" falsecount="2"/>
        <line num="952" count="0" type="stmt"/>
        <line num="954" count="0" type="stmt"/>
        <line num="955" count="0" type="stmt"/>
        <line num="958" count="0" type="stmt"/>
        <line num="961" count="0" type="stmt"/>
        <line num="964" count="0" type="stmt"/>
        <line num="967" count="0" type="stmt"/>
        <line num="970" count="0" type="stmt"/>
        <line num="973" count="0" type="stmt"/>
        <line num="976" count="0" type="stmt"/>
        <line num="979" count="0" type="stmt"/>
        <line num="982" count="0" type="stmt"/>
        <line num="985" count="0" type="stmt"/>
        <line num="988" count="0" type="stmt"/>
        <line num="991" count="0" type="stmt"/>
        <line num="994" count="0" type="stmt"/>
        <line num="1000" count="0" type="stmt"/>
        <line num="1001" count="0" type="stmt"/>
        <line num="1002" count="0" type="stmt"/>
        <line num="1003" count="0" type="stmt"/>
        <line num="1004" count="0" type="stmt"/>
        <line num="1005" count="0" type="stmt"/>
        <line num="1006" count="0" type="cond" truecount="0" falsecount="2"/>
        <line num="1007" count="0" type="stmt"/>
        <line num="1010" count="0" type="cond" truecount="0" falsecount="2"/>
        <line num="1011" count="0" type="stmt"/>
        <line num="1013" count="0" type="stmt"/>
        <line num="1016" count="0" type="cond" truecount="0" falsecount="2"/>
        <line num="1017" count="0" type="stmt"/>
        <line num="1019" count="0" type="stmt"/>
        <line num="1022" count="0" type="cond" truecount="0" falsecount="2"/>
        <line num="1023" count="0" type="stmt"/>
        <line num="1032" count="0" type="stmt"/>
        <line num="1038" count="0" type="stmt"/>
        <line num="1039" count="0" type="stmt"/>
        <line num="1043" count="0" type="stmt"/>
        <line num="1044" count="0" type="stmt"/>
        <line num="1045" count="0" type="stmt"/>
        <line num="1050" count="0" type="stmt"/>
        <line num="1051" count="0" type="stmt"/>
        <line num="1062" count="0" type="cond" truecount="0" falsecount="2"/>
        <line num="1068" count="1" type="stmt"/>
        <line num="1072" count="1" type="stmt"/>
        <line num="1076" count="1" type="stmt"/>
        <line num="1080" count="1" type="stmt"/>
        <line num="1084" count="1" type="stmt"/>
        <line num="1089" count="1" type="stmt"/>
        <line num="1093" count="1" type="stmt"/>
        <line num="1097" count="1" type="stmt"/>
        <line num="1109" count="0" type="cond" truecount="0" falsecount="2"/>
        <line num="1117" count="0" type="cond" truecount="0" falsecount="2"/>
        <line num="1125" count="0" type="cond" truecount="0" falsecount="2"/>
        <line num="1126" count="0" type="stmt"/>
        <line num="1128" count="0" type="stmt"/>
        <line num="1136" count="0" type="cond" truecount="0" falsecount="2"/>
        <line num="1144" count="0" type="cond" truecount="0" falsecount="2"/>
        <line num="1152" count="0" type="cond" truecount="0" falsecount="2"/>
        <line num="1162" count="0" type="cond" truecount="0" falsecount="2"/>
        <line num="1170" count="0" type="cond" truecount="0" falsecount="2"/>
        <line num="1178" count="0" type="cond" truecount="0" falsecount="2"/>
        <line num="1186" count="0" type="cond" truecount="0" falsecount="2"/>
        <line num="1194" count="0" type="cond" truecount="0" falsecount="2"/>
        <line num="1201" count="1" type="stmt"/>
        <line num="1207" count="1" type="stmt"/>
        <line num="1208" count="1" type="stmt"/>
        <line num="1209" count="1" type="stmt"/>
        <line num="1210" count="1" type="stmt"/>
        <line num="1211" count="1" type="stmt"/>
        <line num="1212" count="1" type="stmt"/>
        <line num="1213" count="1" type="stmt"/>
        <line num="1214" count="1" type="stmt"/>
        <line num="1215" count="1" type="stmt"/>
        <line num="1216" count="1" type="stmt"/>
        <line num="1217" count="1" type="stmt"/>
        <line num="1218" count="1" type="stmt"/>
        <line num="1219" count="1" type="stmt"/>
        <line num="1220" count="1" type="stmt"/>
        <line num="1221" count="1" type="stmt"/>
        <line num="1222" count="1" type="stmt"/>
        <line num="1223" count="1" type="stmt"/>
        <line num="1224" count="1" type="stmt"/>
        <line num="1225" count="1" type="stmt"/>
        <line num="1238" count="0" type="stmt"/>
        <line num="1239" count="0" type="cond" truecount="0" falsecount="2"/>
        <line num="1240" count="0" type="stmt"/>
        <line num="1241" count="0" type="cond" truecount="0" falsecount="2"/>
        <line num="1242" count="0" type="stmt"/>
        <line num="1246" count="0" type="stmt"/>
        <line num="1254" count="0" type="stmt"/>
        <line num="1262" count="0" type="stmt"/>
        <line num="1270" count="0" type="stmt"/>
        <line num="1278" count="0" type="stmt"/>
        <line num="1286" count="0" type="stmt"/>
        <line num="1294" count="0" type="stmt"/>
        <line num="1302" count="0" type="stmt"/>
        <line num="1310" count="0" type="cond" truecount="0" falsecount="3"/>
        <line num="1321" count="0" type="cond" truecount="0" falsecount="3"/>
        <line num="1331" count="0" type="stmt"/>
        <line num="1339" count="0" type="stmt"/>
        <line num="1347" count="0" type="stmt"/>
        <line num="1355" count="0" type="stmt"/>
        <line num="1363" count="0" type="stmt"/>
        <line num="1371" count="0" type="cond" truecount="0" falsecount="2"/>
        <line num="1379" count="0" type="stmt"/>
        <line num="1387" count="0" type="cond" truecount="0" falsecount="4"/>
        <line num="1397" count="0" type="cond" truecount="0" falsecount="2"/>
        <line num="1405" count="0" type="cond" truecount="0" falsecount="2"/>
        <line num="1411" count="1" type="stmt"/>
        <line num="1422" count="0" type="cond" truecount="0" falsecount="2"/>
        <line num="1423" count="0" type="stmt"/>
        <line num="1424" count="0" type="stmt"/>
        <line num="1425" count="0" type="cond" truecount="0" falsecount="2"/>
        <line num="1428" count="0" type="stmt"/>
        <line num="1438" count="0" type="cond" truecount="0" falsecount="2"/>
        <line num="1439" count="0" type="stmt"/>
        <line num="1440" count="0" type="stmt"/>
        <line num="1441" count="0" type="stmt"/>
        <line num="1452" count="0" type="cond" truecount="0" falsecount="2"/>
        <line num="1461" count="0" type="cond" truecount="0" falsecount="1"/>
        <line num="1462" count="0" type="stmt"/>
        <line num="1463" count="0" type="stmt"/>
        <line num="1464" count="0" type="stmt"/>
        <line num="1465" count="0" type="stmt"/>
        <line num="1477" count="0" type="stmt"/>
        <line num="1478" count="0" type="stmt"/>
        <line num="1479" count="0" type="cond" truecount="0" falsecount="1"/>
        <line num="1480" count="0" type="stmt"/>
        <line num="1482" count="0" type="stmt"/>
        <line num="1483" count="0" type="stmt"/>
        <line num="1485" count="0" type="cond" truecount="0" falsecount="2"/>
        <line num="1486" count="0" type="stmt"/>
        <line num="1488" count="0" type="stmt"/>
        <line num="1489" count="0" type="stmt"/>
        <line num="1501" count="0" type="stmt"/>
        <line num="1502" count="0" type="stmt"/>
        <line num="1503" count="0" type="stmt"/>
        <line num="1505" count="0" type="stmt"/>
        <line num="1517" count="0" type="stmt"/>
        <line num="1518" count="0" type="stmt"/>
        <line num="1519" count="0" type="stmt"/>
        <line num="1520" count="0" type="stmt"/>
        <line num="1521" count="0" type="cond" truecount="0" falsecount="2"/>
        <line num="1522" count="0" type="stmt"/>
        <line num="1524" count="0" type="stmt"/>
        <line num="1535" count="0" type="stmt"/>
        <line num="1536" count="0" type="stmt"/>
        <line num="1537" count="0" type="stmt"/>
        <line num="1538" count="0" type="stmt"/>
        <line num="1539" count="0" type="cond" truecount="0" falsecount="2"/>
        <line num="1540" count="0" type="stmt"/>
        <line num="1542" count="0" type="stmt"/>
        <line num="1543" count="0" type="stmt"/>
        <line num="1555" count="0" type="stmt"/>
        <line num="1556" count="0" type="stmt"/>
        <line num="1557" count="0" type="stmt"/>
        <line num="1572" count="0" type="stmt"/>
        <line num="1573" count="0" type="stmt"/>
        <line num="1574" count="0" type="stmt"/>
        <line num="1575" count="0" type="stmt"/>
        <line num="1581" count="1" type="stmt"/>
        <line num="1592" count="1" type="stmt"/>
        <line num="1602" count="1" type="stmt"/>
        <line num="1623" count="0" type="stmt"/>
        <line num="1624" count="0" type="stmt"/>
        <line num="1626" count="0" type="stmt"/>
        <line num="1627" count="0" type="stmt"/>
        <line num="1628" count="0" type="stmt"/>
        <line num="1629" count="0" type="cond" truecount="0" falsecount="2"/>
        <line num="1630" count="0" type="stmt"/>
        <line num="1631" count="0" type="stmt"/>
        <line num="1632" count="0" type="stmt"/>
        <line num="1633" count="0" type="stmt"/>
        <line num="1634" count="0" type="stmt"/>
        <line num="1637" count="0" type="stmt"/>
        <line num="1641" count="0" type="stmt"/>
        <line num="1642" count="0" type="cond" truecount="0" falsecount="2"/>
        <line num="1643" count="0" type="stmt"/>
        <line num="1646" count="0" type="stmt"/>
        <line num="1648" count="0" type="stmt"/>
        <line num="1651" count="0" type="stmt"/>
        <line num="1655" count="0" type="stmt"/>
        <line num="1656" count="0" type="cond" truecount="0" falsecount="4"/>
        <line num="1657" count="0" type="stmt"/>
        <line num="1658" count="0" type="stmt"/>
        <line num="1660" count="0" type="stmt"/>
        <line num="1664" count="0" type="stmt"/>
        <line num="1665" count="0" type="cond" truecount="0" falsecount="4"/>
        <line num="1666" count="0" type="stmt"/>
        <line num="1667" count="0" type="stmt"/>
        <line num="1671" count="0" type="stmt"/>
        <line num="1672" count="0" type="cond" truecount="0" falsecount="2"/>
        <line num="1673" count="0" type="stmt"/>
        <line num="1676" count="0" type="stmt"/>
        <line num="1677" count="0" type="stmt"/>
        <line num="1678" count="0" type="stmt"/>
        <line num="1679" count="0" type="stmt"/>
        <line num="1680" count="0" type="stmt"/>
        <line num="1681" count="0" type="stmt"/>
        <line num="1682" count="0" type="stmt"/>
        <line num="1683" count="0" type="stmt"/>
        <line num="1684" count="0" type="cond" truecount="0" falsecount="2"/>
        <line num="1685" count="0" type="stmt"/>
        <line num="1687" count="0" type="cond" truecount="0" falsecount="2"/>
        <line num="1690" count="0" type="stmt"/>
        <line num="1692" count="0" type="cond" truecount="0" falsecount="6"/>
        <line num="1696" count="0" type="stmt"/>
        <line num="1698" count="0" type="stmt"/>
        <line num="1710" count="0" type="stmt"/>
        <line num="1719" count="0" type="stmt"/>
        <line num="1720" count="0" type="stmt"/>
        <line num="1721" count="0" type="stmt"/>
        <line num="1722" count="0" type="stmt"/>
        <line num="1723" count="0" type="stmt"/>
        <line num="1724" count="0" type="stmt"/>
        <line num="1725" count="0" type="stmt"/>
        <line num="1726" count="0" type="stmt"/>
        <line num="1727" count="0" type="stmt"/>
        <line num="1736" count="0" type="stmt"/>
        <line num="1737" count="0" type="stmt"/>
        <line num="1738" count="0" type="stmt"/>
        <line num="1747" count="0" type="stmt"/>
        <line num="1757" count="0" type="stmt"/>
        <line num="1767" count="0" type="stmt"/>
        <line num="1768" count="0" type="stmt"/>
        <line num="1778" count="0" type="stmt"/>
        <line num="1779" count="0" type="stmt"/>
        <line num="1780" count="0" type="stmt"/>
        <line num="1789" count="0" type="cond" truecount="0" falsecount="4"/>
        <line num="1790" count="0" type="stmt"/>
        <line num="1792" count="0" type="stmt"/>
        <line num="1802" count="0" type="stmt"/>
        <line num="1803" count="0" type="stmt"/>
        <line num="1815" count="0" type="stmt"/>
        <line num="1817" count="1" type="stmt"/>
        <line num="1819" count="0" type="stmt"/>
        <line num="1820" count="0" type="stmt"/>
        <line num="1822" count="0" type="stmt"/>
        <line num="1823" count="0" type="stmt"/>
        <line num="1834" count="0" type="stmt"/>
        <line num="1835" count="0" type="cond" truecount="0" falsecount="2"/>
        <line num="1836" count="0" type="stmt"/>
        <line num="1838" count="0" type="stmt"/>
        <line num="1849" count="0" type="stmt"/>
        <line num="1850" count="0" type="stmt"/>
        <line num="1851" count="0" type="stmt"/>
        <line num="1852" count="0" type="stmt"/>
        <line num="1863" count="0" type="stmt"/>
        <line num="1877" count="0" type="stmt"/>
        <line num="1878" count="0" type="stmt"/>
        <line num="1879" count="0" type="stmt"/>
        <line num="1880" count="0" type="stmt"/>
        <line num="1886" count="0" type="stmt"/>
        <line num="1887" count="0" type="stmt"/>
        <line num="1888" count="0" type="stmt"/>
        <line num="1889" count="0" type="stmt"/>
        <line num="1890" count="0" type="stmt"/>
        <line num="1900" count="0" type="cond" truecount="0" falsecount="2"/>
        <line num="1902" count="0" type="stmt"/>
        <line num="1904" count="0" type="stmt"/>
        <line num="1914" count="0" type="cond" truecount="0" falsecount="2"/>
        <line num="1917" count="0" type="stmt"/>
        <line num="1919" count="0" type="cond" truecount="0" falsecount="4"/>
        <line num="1920" count="0" type="stmt"/>
        <line num="1921" count="0" type="stmt"/>
        <line num="1922" count="0" type="stmt"/>
        <line num="1923" count="0" type="stmt"/>
        <line num="1925" count="0" type="stmt"/>
        <line num="1927" count="0" type="stmt"/>
        <line num="1929" count="0" type="stmt"/>
        <line num="1939" count="0" type="cond" truecount="0" falsecount="2"/>
        <line num="1940" count="0" type="stmt"/>
        <line num="1942" count="0" type="cond" truecount="0" falsecount="2"/>
        <line num="1943" count="0" type="stmt"/>
        <line num="1945" count="0" type="stmt"/>
        <line num="1956" count="0" type="stmt"/>
        <line num="1957" count="0" type="stmt"/>
        <line num="1958" count="0" type="stmt"/>
        <line num="1960" count="0" type="stmt"/>
        <line num="1970" count="0" type="stmt"/>
        <line num="1971" count="0" type="stmt"/>
        <line num="1982" count="0" type="stmt"/>
        <line num="1983" count="0" type="stmt"/>
        <line num="1985" count="0" type="stmt"/>
        <line num="1997" count="0" type="stmt"/>
        <line num="2006" count="0" type="stmt"/>
        <line num="2007" count="0" type="cond" truecount="0" falsecount="2"/>
        <line num="2008" count="0" type="stmt"/>
        <line num="2011" count="0" type="cond" truecount="0" falsecount="2"/>
        <line num="2013" count="0" type="stmt"/>
        <line num="2032" count="0" type="stmt"/>
        <line num="2033" count="0" type="stmt"/>
        <line num="2035" count="0" type="stmt"/>
        <line num="2036" count="0" type="cond" truecount="0" falsecount="2"/>
        <line num="2037" count="0" type="stmt"/>
        <line num="2038" count="0" type="stmt"/>
        <line num="2039" count="0" type="stmt"/>
        <line num="2052" count="0" type="stmt"/>
        <line num="2054" count="0" type="cond" truecount="0" falsecount="2"/>
        <line num="2055" count="0" type="stmt"/>
        <line num="2057" count="0" type="stmt"/>
        <line num="2071" count="0" type="stmt"/>
        <line num="2082" count="0" type="stmt"/>
        <line num="2092" count="0" type="stmt"/>
        <line num="2093" count="0" type="stmt"/>
        <line num="2102" count="0" type="stmt"/>
        <line num="2103" count="0" type="cond" truecount="0" falsecount="2"/>
        <line num="2104" count="0" type="stmt"/>
        <line num="2107" count="0" type="stmt"/>
        <line num="2113" count="0" type="stmt"/>
        <line num="2114" count="0" type="stmt"/>
        <line num="2132" count="0" type="stmt"/>
        <line num="2134" count="0" type="stmt"/>
        <line num="2136" count="0" type="stmt"/>
        <line num="2137" count="0" type="stmt"/>
        <line num="2138" count="0" type="cond" truecount="0" falsecount="2"/>
        <line num="2139" count="0" type="stmt"/>
        <line num="2140" count="0" type="stmt"/>
        <line num="2141" count="0" type="stmt"/>
        <line num="2142" count="0" type="stmt"/>
        <line num="2144" count="0" type="stmt"/>
        <line num="2157" count="0" type="stmt"/>
        <line num="2158" count="0" type="stmt"/>
        <line num="2159" count="0" type="stmt"/>
        <line num="2170" count="0" type="stmt"/>
        <line num="2171" count="0" type="stmt"/>
        <line num="2172" count="0" type="stmt"/>
        <line num="2173" count="0" type="cond" truecount="0" falsecount="2"/>
        <line num="2174" count="0" type="stmt"/>
        <line num="2175" count="0" type="stmt"/>
        <line num="2177" count="0" type="stmt"/>
        <line num="2178" count="0" type="cond" truecount="0" falsecount="2"/>
        <line num="2179" count="0" type="stmt"/>
        <line num="2180" count="0" type="stmt"/>
        <line num="2194" count="0" type="stmt"/>
        <line num="2195" count="0" type="stmt"/>
        <line num="2196" count="0" type="stmt"/>
        <line num="2197" count="0" type="cond" truecount="0" falsecount="2"/>
        <line num="2198" count="0" type="stmt"/>
        <line num="2199" count="0" type="stmt"/>
        <line num="2202" count="0" type="stmt"/>
        <line num="2213" count="0" type="stmt"/>
        <line num="2215" count="0" type="stmt"/>
        <line num="2217" count="0" type="stmt"/>
        <line num="2220" count="0" type="stmt"/>
        <line num="2224" count="0" type="stmt"/>
        <line num="2225" count="0" type="stmt"/>
        <line num="2228" count="0" type="stmt"/>
        <line num="2240" count="0" type="cond" truecount="0" falsecount="2"/>
        <line num="2241" count="0" type="stmt"/>
        <line num="2243" count="0" type="stmt"/>
        <line num="2255" count="0" type="stmt"/>
        <line num="2265" count="0" type="stmt"/>
        <line num="2275" count="0" type="stmt"/>
        <line num="2284" count="0" type="cond" truecount="0" falsecount="4"/>
        <line num="2285" count="0" type="stmt"/>
        <line num="2287" count="0" type="stmt"/>
        <line num="2297" count="0" type="cond" truecount="0" falsecount="2"/>
        <line num="2306" count="0" type="stmt"/>
        <line num="2307" count="0" type="stmt"/>
        <line num="2308" count="0" type="cond" truecount="0" falsecount="2"/>
        <line num="2309" count="0" type="stmt"/>
        <line num="2319" count="0" type="stmt"/>
        <line num="2320" count="0" type="stmt"/>
        <line num="2321" count="0" type="stmt"/>
        <line num="2333" count="0" type="stmt"/>
        <line num="2334" count="0" type="stmt"/>
        <line num="2335" count="0" type="cond" truecount="0" falsecount="2"/>
        <line num="2336" count="0" type="stmt"/>
        <line num="2338" count="0" type="stmt"/>
        <line num="2348" count="0" type="stmt"/>
        <line num="2349" count="0" type="stmt"/>
        <line num="2350" count="0" type="stmt"/>
        <line num="2352" count="0" type="stmt"/>
        <line num="2356" count="0" type="cond" truecount="0" falsecount="2"/>
        <line num="2357" count="0" type="cond" truecount="0" falsecount="2"/>
        <line num="2358" count="0" type="cond" truecount="0" falsecount="2"/>
        <line num="2359" count="0" type="stmt"/>
        <line num="2361" count="0" type="stmt"/>
        <line num="2370" count="0" type="stmt"/>
        <line num="2375" count="0" type="stmt"/>
        <line num="2376" count="0" type="stmt"/>
        <line num="2377" count="0" type="stmt"/>
        <line num="2378" count="0" type="cond" truecount="0" falsecount="4"/>
        <line num="2390" count="0" type="stmt"/>
        <line num="2398" count="0" type="stmt"/>
        <line num="2406" count="0" type="stmt"/>
        <line num="2414" count="0" type="stmt"/>
        <line num="2422" count="0" type="stmt"/>
        <line num="2430" count="0" type="stmt"/>
        <line num="2437" count="1" type="stmt"/>
        <line num="2442" count="1" type="stmt"/>
        <line num="2452" count="0" type="stmt"/>
        <line num="2459" count="0" type="stmt"/>
        <line num="2467" count="0" type="stmt"/>
        <line num="2474" count="0" type="stmt"/>
        <line num="2482" count="0" type="stmt"/>
        <line num="2491" count="0" type="stmt"/>
        <line num="2498" count="0" type="stmt"/>
        <line num="2506" count="0" type="stmt"/>
        <line num="2513" count="0" type="stmt"/>
        <line num="2520" count="0" type="stmt"/>
        <line num="2521" count="0" type="cond" truecount="0" falsecount="2"/>
        <line num="2522" count="0" type="stmt"/>
        <line num="2524" count="0" type="cond" truecount="0" falsecount="2"/>
        <line num="2525" count="0" type="stmt"/>
        <line num="2527" count="0" type="cond" truecount="0" falsecount="2"/>
        <line num="2528" count="0" type="stmt"/>
        <line num="2531" count="0" type="stmt"/>
        <line num="2539" count="0" type="stmt"/>
        <line num="2546" count="0" type="stmt"/>
        <line num="2553" count="0" type="stmt"/>
        <line num="2560" count="0" type="stmt"/>
        <line num="2569" count="0" type="stmt"/>
        <line num="2579" count="0" type="stmt"/>
        <line num="2592" count="0" type="stmt"/>
        <line num="2593" count="0" type="stmt"/>
        <line num="2600" count="0" type="stmt"/>
        <line num="2607" count="0" type="stmt"/>
        <line num="2614" count="0" type="stmt"/>
        <line num="2621" count="0" type="stmt"/>
        <line num="2628" count="0" type="stmt"/>
        <line num="2636" count="0" type="stmt"/>
        <line num="2637" count="0" type="stmt"/>
        <line num="2638" count="0" type="stmt"/>
        <line num="2646" count="0" type="stmt"/>
        <line num="2656" count="0" type="stmt"/>
        <line num="2669" count="0" type="stmt"/>
        <line num="2670" count="0" type="cond" truecount="0" falsecount="2"/>
        <line num="2671" count="0" type="stmt"/>
        <line num="2673" count="0" type="cond" truecount="0" falsecount="2"/>
        <line num="2674" count="0" type="stmt"/>
        <line num="2676" count="0" type="stmt"/>
        <line num="2687" count="0" type="stmt"/>
        <line num="2688" count="0" type="stmt"/>
        <line num="2689" count="0" type="stmt"/>
        <line num="2700" count="0" type="stmt"/>
        <line num="2702" count="0" type="stmt"/>
        <line num="2703" count="0" type="stmt"/>
        <line num="2704" count="0" type="stmt"/>
        <line num="2705" count="0" type="stmt"/>
        <line num="2706" count="0" type="stmt"/>
        <line num="2707" count="0" type="stmt"/>
        <line num="2708" count="0" type="stmt"/>
        <line num="2715" count="1" type="stmt"/>
        <line num="2721" count="0" type="stmt"/>
        <line num="2725" count="0" type="stmt"/>
        <line num="2731" count="1" type="stmt"/>
        <line num="2737" count="0" type="stmt"/>
        <line num="2753" count="0" type="stmt"/>
        <line num="2763" count="0" type="stmt"/>
        <line num="2779" count="0" type="stmt"/>
        <line num="2780" count="0" type="stmt"/>
        <line num="2781" count="0" type="stmt"/>
        <line num="2782" count="0" type="stmt"/>
        <line num="2783" count="0" type="stmt"/>
        <line num="2784" count="0" type="cond" truecount="0" falsecount="4"/>
        <line num="2785" count="0" type="cond" truecount="0" falsecount="2"/>
        <line num="2786" count="0" type="stmt"/>
        <line num="2788" count="0" type="stmt"/>
        <line num="2791" count="0" type="cond" truecount="0" falsecount="2"/>
        <line num="2792" count="0" type="stmt"/>
        <line num="2794" count="0" type="stmt"/>
        <line num="2811" count="0" type="stmt"/>
        <line num="2812" count="0" type="stmt"/>
        <line num="2813" count="0" type="stmt"/>
        <line num="2832" count="0" type="stmt"/>
        <line num="2833" count="0" type="stmt"/>
        <line num="2834" count="0" type="stmt"/>
        <line num="2851" count="0" type="stmt"/>
        <line num="2867" count="0" type="stmt"/>
        <line num="2883" count="0" type="stmt"/>
        <line num="2890" count="1" type="stmt"/>
        <line num="2894" count="1" type="stmt"/>
        <line num="2898" count="1" type="stmt"/>
        <line num="2902" count="1" type="stmt"/>
        <line num="2906" count="1" type="stmt"/>
        <line num="2921" count="0" type="cond" truecount="0" falsecount="5"/>
        <line num="2923" count="0" type="stmt"/>
        <line num="2925" count="0" type="stmt"/>
        <line num="2927" count="0" type="stmt"/>
        <line num="2929" count="0" type="stmt"/>
        <line num="2931" count="0" type="stmt"/>
        <line num="2954" count="0" type="stmt"/>
        <line num="2960" count="0" type="stmt"/>
        <line num="2969" count="0" type="cond" truecount="0" falsecount="2"/>
        <line num="2970" count="0" type="stmt"/>
        <line num="2972" count="0" type="stmt"/>
        <line num="2982" count="1" type="stmt"/>
        <line num="2983" count="1" type="cond" truecount="1" falsecount="1"/>
        <line num="2984" count="0" type="stmt"/>
        <line num="2986" count="1" type="stmt"/>
        <line num="2989" count="0" type="stmt"/>
        <line num="2992" count="0" type="stmt"/>
        <line num="2995" count="0" type="stmt"/>
        <line num="3003" count="0" type="stmt"/>
        <line num="3004" count="0" type="cond" truecount="0" falsecount="2"/>
        <line num="3005" count="0" type="stmt"/>
        <line num="3006" count="0" type="stmt"/>
        <line num="3008" count="0" type="stmt"/>
        <line num="3011" count="0" type="stmt"/>
        <line num="3014" count="0" type="stmt"/>
        <line num="3017" count="0" type="stmt"/>
        <line num="3020" count="0" type="stmt"/>
        <line num="3028" count="0" type="stmt"/>
        <line num="3029" count="0" type="stmt"/>
        <line num="3032" count="0" type="stmt"/>
        <line num="3033" count="0" type="cond" truecount="0" falsecount="2"/>
        <line num="3034" count="0" type="stmt"/>
        <line num="3035" count="0" type="stmt"/>
        <line num="3037" count="0" type="stmt"/>
        <line num="3039" count="0" type="stmt"/>
        <line num="3040" count="0" type="stmt"/>
        <line num="3043" count="0" type="stmt"/>
        <line num="3044" count="0" type="stmt"/>
        <line num="3047" count="0" type="stmt"/>
        <line num="3048" count="0" type="stmt"/>
        <line num="3051" count="0" type="stmt"/>
        <line num="3052" count="0" type="stmt"/>
        <line num="3055" count="0" type="stmt"/>
        <line num="3056" count="0" type="stmt"/>
        <line num="3064" count="0" type="stmt"/>
        <line num="3065" count="0" type="stmt"/>
        <line num="3066" count="0" type="stmt"/>
        <line num="3069" count="0" type="stmt"/>
        <line num="3072" count="0" type="stmt"/>
        <line num="3073" count="0" type="cond" truecount="0" falsecount="2"/>
        <line num="3074" count="0" type="stmt"/>
        <line num="3075" count="0" type="stmt"/>
        <line num="3077" count="0" type="stmt"/>
        <line num="3078" count="0" type="stmt"/>
        <line num="3080" count="0" type="stmt"/>
        <line num="3081" count="0" type="stmt"/>
        <line num="3084" count="0" type="stmt"/>
        <line num="3085" count="0" type="stmt"/>
        <line num="3088" count="0" type="stmt"/>
        <line num="3089" count="0" type="stmt"/>
        <line num="3092" count="0" type="stmt"/>
        <line num="3093" count="0" type="stmt"/>
        <line num="3096" count="0" type="stmt"/>
        <line num="3097" count="0" type="stmt"/>
        <line num="3100" count="1" type="stmt"/>
        <line num="3102" count="1" type="stmt"/>
        <line num="3104" count="1" type="stmt"/>
        <line num="3106" count="1" type="stmt"/>
        <line num="3113" count="1" type="cond" truecount="1" falsecount="2"/>
        <line num="3115" count="1" type="stmt"/>
        <line num="3117" count="0" type="stmt"/>
        <line num="3119" count="0" type="stmt"/>
        <line num="3124" count="1" type="stmt"/>
        <line num="3133" count="1" type="stmt"/>
        <line num="3135" count="0" type="stmt"/>
        <line num="3136" count="0" type="stmt"/>
        <line num="3137" count="0" type="cond" truecount="0" falsecount="2"/>
        <line num="3138" count="0" type="stmt"/>
        <line num="3140" count="0" type="stmt"/>
        <line num="3141" count="0" type="stmt"/>
        <line num="3142" count="0" type="stmt"/>
        <line num="3143" count="0" type="stmt"/>
        <line num="3147" count="1" type="stmt"/>
        <line num="3150" count="0" type="cond" truecount="0" falsecount="2"/>
        <line num="3151" count="0" type="stmt"/>
        <line num="3154" count="0" type="stmt"/>
        <line num="3159" count="1" type="stmt"/>
        <line num="3171" count="1" type="stmt"/>
        <line num="3177" count="0" type="stmt"/>
        <line num="3190" count="0" type="stmt"/>
        <line num="3201" count="0" type="stmt"/>
        <line num="3211" count="0" type="stmt"/>
        <line num="3212" count="0" type="cond" truecount="0" falsecount="2"/>
        <line num="3213" count="0" type="stmt"/>
        <line num="3217" count="0" type="cond" truecount="0" falsecount="2"/>
        <line num="3218" count="0" type="stmt"/>
        <line num="3220" count="0" type="cond" truecount="0" falsecount="2"/>
        <line num="3221" count="0" type="stmt"/>
        <line num="3222" count="0" type="stmt"/>
        <line num="3225" count="0" type="stmt"/>
        <line num="3237" count="0" type="stmt"/>
        <line num="3239" count="0" type="stmt"/>
        <line num="3240" count="0" type="cond" truecount="0" falsecount="2"/>
        <line num="3241" count="0" type="stmt"/>
        <line num="3243" count="0" type="cond" truecount="0" falsecount="2"/>
        <line num="3244" count="0" type="stmt"/>
        <line num="3246" count="0" type="cond" truecount="0" falsecount="2"/>
        <line num="3247" count="0" type="stmt"/>
        <line num="3249" count="0" type="stmt"/>
        <line num="3252" count="0" type="stmt"/>
        <line num="3264" count="0" type="stmt"/>
        <line num="3266" count="0" type="cond" truecount="0" falsecount="2"/>
        <line num="3267" count="0" type="stmt"/>
        <line num="3276" count="0" type="stmt"/>
        <line num="3277" count="0" type="stmt"/>
        <line num="3278" count="0" type="stmt"/>
        <line num="3279" count="0" type="cond" truecount="0" falsecount="5"/>
        <line num="3282" count="0" type="stmt"/>
        <line num="3284" count="0" type="stmt"/>
        <line num="3286" count="0" type="stmt"/>
        <line num="3288" count="0" type="stmt"/>
        <line num="3289" count="0" type="stmt"/>
        <line num="3293" count="0" type="stmt"/>
        <line num="3295" count="0" type="stmt"/>
        <line num="3296" count="0" type="stmt"/>
        <line num="3297" count="0" type="stmt"/>
        <line num="3303" count="1" type="stmt"/>
        <line num="3314" count="0" type="stmt"/>
        <line num="3316" count="0" type="stmt"/>
        <line num="3319" count="0" type="cond" truecount="0" falsecount="2"/>
        <line num="3320" count="0" type="stmt"/>
        <line num="3323" count="0" type="stmt"/>
        <line num="3324" count="0" type="stmt"/>
        <line num="3325" count="0" type="stmt"/>
        <line num="3326" count="0" type="stmt"/>
        <line num="3327" count="0" type="stmt"/>
        <line num="3328" count="0" type="cond" truecount="0" falsecount="2"/>
        <line num="3329" count="0" type="stmt"/>
        <line num="3331" count="0" type="stmt"/>
        <line num="3332" count="0" type="cond" truecount="0" falsecount="2"/>
        <line num="3333" count="0" type="stmt"/>
        <line num="3336" count="0" type="stmt"/>
        <line num="3339" count="0" type="stmt"/>
        <line num="3341" count="0" type="stmt"/>
        <line num="3342" count="0" type="stmt"/>
        <line num="3343" count="0" type="stmt"/>
        <line num="3344" count="0" type="cond" truecount="0" falsecount="2"/>
        <line num="3345" count="0" type="stmt"/>
        <line num="3347" count="0" type="cond" truecount="0" falsecount="2"/>
        <line num="3348" count="0" type="stmt"/>
        <line num="3351" count="0" type="stmt"/>
        <line num="3353" count="0" type="stmt"/>
        <line num="3366" count="3" type="stmt"/>
        <line num="3374" count="0" type="cond" truecount="0" falsecount="2"/>
        <line num="3375" count="0" type="stmt"/>
        <line num="3377" count="0" type="stmt"/>
        <line num="3385" count="0" type="cond" truecount="0" falsecount="2"/>
        <line num="3386" count="0" type="stmt"/>
        <line num="3388" count="0" type="stmt"/>
        <line num="3398" count="0" type="cond" truecount="0" falsecount="2"/>
        <line num="3399" count="0" type="stmt"/>
        <line num="3401" count="0" type="cond" truecount="0" falsecount="2"/>
        <line num="3402" count="0" type="stmt"/>
        <line num="3408" count="1" type="stmt"/>
        <line num="3412" count="1" type="stmt"/>
        <line num="3416" count="1" type="stmt"/>
        <line num="3426" count="0" type="stmt"/>
        <line num="3427" count="0" type="stmt"/>
        <line num="3428" count="0" type="cond" truecount="0" falsecount="4"/>
        <line num="3429" count="0" type="stmt"/>
        <line num="3432" count="0" type="stmt"/>
        <line num="3442" count="1" type="stmt"/>
        <line num="3443" count="0" type="stmt"/>
        <line num="3444" count="0" type="cond" truecount="0" falsecount="2"/>
        <line num="3445" count="0" type="stmt"/>
        <line num="3447" count="0" type="cond" truecount="0" falsecount="2"/>
        <line num="3448" count="0" type="stmt"/>
        <line num="3451" count="0" type="stmt"/>
        <line num="3464" count="0" type="stmt"/>
        <line num="3473" count="0" type="cond" truecount="0" falsecount="2"/>
        <line num="3474" count="0" type="stmt"/>
        <line num="3476" count="0" type="cond" truecount="0" falsecount="2"/>
        <line num="3477" count="0" type="stmt"/>
        <line num="3479" count="0" type="cond" truecount="0" falsecount="2"/>
        <line num="3480" count="0" type="stmt"/>
        <line num="3481" count="0" type="stmt"/>
        <line num="3482" count="0" type="stmt"/>
        <line num="3483" count="0" type="stmt"/>
        <line num="3484" count="0" type="stmt"/>
        <line num="3488" count="0" type="stmt"/>
        <line num="3499" count="0" type="stmt"/>
        <line num="3514" count="0" type="stmt"/>
        <line num="3522" count="1" type="stmt"/>
        <line num="3540" count="1" type="stmt"/>
        <line num="3548" count="1" type="stmt"/>
        <line num="3550" count="1" type="stmt"/>
        <line num="3557" count="1" type="stmt"/>
        <line num="3558" count="1" type="stmt"/>
        <line num="3559" count="1" type="stmt"/>
        <line num="3560" count="1" type="stmt"/>
        <line num="3561" count="1" type="stmt"/>
        <line num="3562" count="1" type="stmt"/>
        <line num="3563" count="0" type="stmt"/>
        <line num="3565" count="1" type="stmt"/>
        <line num="3567" count="1" type="stmt"/>
        <line num="3569" count="0" type="stmt"/>
        <line num="3570" count="0" type="cond" truecount="0" falsecount="2"/>
        <line num="3574" count="0" type="stmt"/>
        <line num="3575" count="0" type="cond" truecount="0" falsecount="4"/>
        <line num="3576" count="0" type="stmt"/>
        <line num="3578" count="0" type="cond" truecount="0" falsecount="2"/>
        <line num="3580" count="0" type="stmt"/>
        <line num="3592" count="0" type="stmt"/>
        <line num="3593" count="0" type="cond" truecount="0" falsecount="2"/>
        <line num="3594" count="0" type="stmt"/>
        <line num="3596" count="0" type="stmt"/>
        <line num="3605" count="0" type="stmt"/>
        <line num="3616" count="0" type="stmt"/>
        <line num="3635" count="0" type="stmt"/>
        <line num="3636" count="0" type="stmt"/>
        <line num="3637" count="0" type="cond" truecount="0" falsecount="4"/>
        <line num="3639" count="0" type="stmt"/>
        <line num="3641" count="0" type="stmt"/>
        <line num="3647" count="0" type="cond" truecount="0" falsecount="4"/>
        <line num="3648" count="0" type="stmt"/>
        <line num="3649" count="0" type="stmt"/>
        <line num="3651" count="0" type="stmt"/>
        <line num="3652" count="0" type="stmt"/>
        <line num="3655" count="0" type="stmt"/>
        <line num="3656" count="0" type="stmt"/>
        <line num="3667" count="0" type="stmt"/>
        <line num="3671" count="0" type="stmt"/>
        <line num="3672" count="0" type="cond" truecount="0" falsecount="4"/>
        <line num="3674" count="0" type="stmt"/>
        <line num="3676" count="0" type="stmt"/>
        <line num="3682" count="0" type="cond" truecount="0" falsecount="4"/>
        <line num="3683" count="0" type="stmt"/>
        <line num="3684" count="0" type="stmt"/>
        <line num="3686" count="0" type="stmt"/>
        <line num="3687" count="0" type="stmt"/>
        <line num="3688" count="0" type="stmt"/>
        <line num="3689" count="0" type="stmt"/>
        <line num="3692" count="0" type="stmt"/>
        <line num="3693" count="0" type="stmt"/>
        <line num="3701" count="1" type="stmt"/>
        <line num="3716" count="0" type="stmt"/>
        <line num="3717" count="0" type="stmt"/>
        <line num="3719" count="0" type="stmt"/>
        <line num="3720" count="0" type="stmt"/>
        <line num="3721" count="0" type="cond" truecount="0" falsecount="2"/>
        <line num="3722" count="0" type="stmt"/>
        <line num="3724" count="0" type="stmt"/>
        <line num="3725" count="0" type="stmt"/>
        <line num="3726" count="0" type="stmt"/>
        <line num="3730" count="0" type="stmt"/>
        <line num="3733" count="0" type="stmt"/>
        <line num="3746" count="0" type="stmt"/>
        <line num="3747" count="0" type="stmt"/>
        <line num="3749" count="0" type="stmt"/>
        <line num="3750" count="0" type="stmt"/>
        <line num="3751" count="0" type="cond" truecount="0" falsecount="2"/>
        <line num="3752" count="0" type="stmt"/>
        <line num="3754" count="0" type="stmt"/>
        <line num="3755" count="0" type="stmt"/>
        <line num="3756" count="0" type="stmt"/>
        <line num="3760" count="0" type="stmt"/>
        <line num="3763" count="0" type="stmt"/>
        <line num="3772" count="1" type="stmt"/>
        <line num="3789" count="0" type="stmt"/>
        <line num="3790" count="0" type="stmt"/>
        <line num="3792" count="0" type="stmt"/>
        <line num="3799" count="0" type="cond" truecount="0" falsecount="1"/>
        <line num="3800" count="0" type="stmt"/>
        <line num="3801" count="0" type="stmt"/>
        <line num="3802" count="0" type="stmt"/>
        <line num="3804" count="0" type="cond" truecount="0" falsecount="2"/>
        <line num="3805" count="0" type="stmt"/>
        <line num="3806" count="0" type="stmt"/>
        <line num="3809" count="0" type="stmt"/>
        <line num="3816" count="0" type="cond" truecount="0" falsecount="2"/>
        <line num="3817" count="0" type="stmt"/>
        <line num="3819" count="0" type="stmt"/>
        <line num="3821" count="0" type="stmt"/>
        <line num="3823" count="0" type="stmt"/>
        <line num="3824" count="0" type="stmt"/>
        <line num="3826" count="0" type="stmt"/>
        <line num="3827" count="0" type="stmt"/>
        <line num="3829" count="0" type="stmt"/>
        <line num="3838" count="1" type="stmt"/>
        <line num="3847" count="0" type="stmt"/>
        <line num="3857" count="0" type="stmt"/>
        <line num="3866" count="0" type="stmt"/>
        <line num="3867" count="0" type="stmt"/>
        <line num="3868" count="0" type="stmt"/>
        <line num="3869" count="0" type="stmt"/>
        <line num="3870" count="0" type="stmt"/>
        <line num="3871" count="0" type="stmt"/>
        <line num="3872" count="0" type="stmt"/>
        <line num="3884" count="0" type="stmt"/>
        <line num="3897" count="0" type="cond" truecount="0" falsecount="3"/>
        <line num="3906" count="1" type="stmt"/>
        <line num="3919" count="0" type="stmt"/>
        <line num="3929" count="0" type="cond" truecount="0" falsecount="2"/>
        <line num="3930" count="0" type="stmt"/>
        <line num="3932" count="0" type="cond" truecount="0" falsecount="2"/>
        <line num="3933" count="0" type="stmt"/>
        <line num="3935" count="0" type="stmt"/>
        <line num="3941" count="1" type="stmt"/>
        <line num="3946" count="1" type="stmt"/>
        <line num="3949" count="1" type="stmt"/>
        <line num="3950" count="1" type="stmt"/>
        <line num="3951" count="1" type="stmt"/>
        <line num="3952" count="1" type="stmt"/>
        <line num="3953" count="1" type="stmt"/>
        <line num="3954" count="1" type="stmt"/>
        <line num="3956" count="1" type="stmt"/>
        <line num="3977" count="1" type="stmt"/>
        <line num="3981" count="1" type="stmt"/>
        <line num="3985" count="1" type="stmt"/>
        <line num="3989" count="1" type="stmt"/>
        <line num="3993" count="1" type="stmt"/>
        <line num="3994" count="1" type="stmt"/>
        <line num="3995" count="1" type="stmt"/>
        <line num="3996" count="1" type="stmt"/>
        <line num="3997" count="1" type="stmt"/>
        <line num="3998" count="1" type="stmt"/>
        <line num="3999" count="1" type="stmt"/>
        <line num="4000" count="1" type="stmt"/>
        <line num="4001" count="1" type="stmt"/>
        <line num="4002" count="1" type="stmt"/>
        <line num="4003" count="1" type="stmt"/>
        <line num="4004" count="1" type="stmt"/>
        <line num="4005" count="1" type="stmt"/>
        <line num="4006" count="1" type="stmt"/>
        <line num="4007" count="1" type="stmt"/>
        <line num="4008" count="1" type="stmt"/>
        <line num="4015" count="24" type="cond" truecount="1" falsecount="1"/>
        <line num="4022" count="1" type="stmt"/>
        <line num="4023" count="24" type="stmt"/>
        <line num="4024" count="5" type="cond" truecount="2" falsecount="0"/>
        <line num="4027" count="1" type="stmt"/>
        <line num="4032" count="1" type="stmt"/>
        <line num="4040" count="0" type="stmt"/>
        <line num="4050" count="0" type="cond" truecount="0" falsecount="3"/>
        <line num="4051" count="0" type="stmt"/>
        <line num="4052" count="0" type="stmt"/>
        <line num="4053" count="0" type="stmt"/>
        <line num="4054" count="0" type="cond" truecount="0" falsecount="2"/>
        <line num="4055" count="0" type="stmt"/>
        <line num="4056" count="0" type="stmt"/>
        <line num="4058" count="0" type="stmt"/>
        <line num="4059" count="0" type="stmt"/>
        <line num="4060" count="0" type="cond" truecount="0" falsecount="2"/>
        <line num="4061" count="0" type="cond" truecount="0" falsecount="2"/>
        <line num="4062" count="0" type="stmt"/>
        <line num="4063" count="0" type="stmt"/>
        <line num="4066" count="0" type="stmt"/>
        <line num="4069" count="0" type="stmt"/>
        <line num="4070" count="0" type="cond" truecount="0" falsecount="2"/>
        <line num="4071" count="0" type="stmt"/>
        <line num="4072" count="0" type="cond" truecount="0" falsecount="2"/>
        <line num="4073" count="0" type="stmt"/>
        <line num="4074" count="0" type="stmt"/>
        <line num="4089" count="0" type="stmt"/>
        <line num="4090" count="0" type="stmt"/>
        <line num="4092" count="0" type="cond" truecount="0" falsecount="2"/>
        <line num="4093" count="0" type="stmt"/>
        <line num="4095" count="0" type="stmt"/>
        <line num="4098" count="0" type="cond" truecount="0" falsecount="2"/>
        <line num="4099" count="0" type="stmt"/>
        <line num="4100" count="0" type="stmt"/>
        <line num="4102" count="0" type="stmt"/>
        <line num="4103" count="0" type="stmt"/>
        <line num="4115" count="0" type="cond" truecount="0" falsecount="4"/>
        <line num="4123" count="0" type="stmt"/>
        <line num="4124" count="0" type="stmt"/>
        <line num="4125" count="0" type="cond" truecount="0" falsecount="2"/>
        <line num="4126" count="0" type="stmt"/>
        <line num="4128" count="0" type="stmt"/>
        <line num="4131" count="0" type="stmt"/>
        <line num="4133" count="0" type="stmt"/>
        <line num="4144" count="0" type="stmt"/>
        <line num="4145" count="0" type="stmt"/>
        <line num="4146" count="0" type="cond" truecount="0" falsecount="2"/>
        <line num="4147" count="0" type="stmt"/>
        <line num="4150" count="0" type="stmt"/>
        <line num="4152" count="0" type="stmt"/>
        <line num="4154" count="0" type="stmt"/>
        <line num="4155" count="0" type="stmt"/>
        <line num="4156" count="0" type="stmt"/>
        <line num="4157" count="0" type="stmt"/>
        <line num="4159" count="0" type="cond" truecount="0" falsecount="4"/>
        <line num="4160" count="0" type="stmt"/>
        <line num="4162" count="0" type="stmt"/>
        <line num="4163" count="0" type="stmt"/>
        <line num="4164" count="0" type="stmt"/>
        <line num="4165" count="0" type="cond" truecount="0" falsecount="2"/>
        <line num="4166" count="0" type="stmt"/>
        <line num="4168" count="0" type="cond" truecount="0" falsecount="2"/>
        <line num="4170" count="0" type="cond" truecount="0" falsecount="2"/>
        <line num="4172" count="0" type="stmt"/>
        <line num="4174" count="0" type="cond" truecount="0" falsecount="2"/>
        <line num="4175" count="0" type="stmt"/>
        <line num="4178" count="0" type="stmt"/>
        <line num="4179" count="0" type="stmt"/>
        <line num="4180" count="0" type="stmt"/>
        <line num="4184" count="0" type="stmt"/>
        <line num="4198" count="0" type="stmt"/>
        <line num="4212" count="0" type="stmt"/>
        <line num="4223" count="0" type="stmt"/>
        <line num="4230" count="1" type="stmt"/>
        <line num="4239" count="0" type="stmt"/>
        <line num="4243" count="0" type="stmt"/>
        <line num="4254" count="0" type="cond" truecount="0" falsecount="2"/>
        <line num="4255" count="0" type="stmt"/>
        <line num="4257" count="0" type="stmt"/>
        <line num="4268" count="0" type="stmt"/>
        <line num="4291" count="0" type="stmt"/>
        <line num="4292" count="0" type="cond" truecount="0" falsecount="2"/>
        <line num="4293" count="0" type="stmt"/>
        <line num="4295" count="0" type="stmt"/>
        <line num="4296" count="0" type="stmt"/>
        <line num="4297" count="0" type="cond" truecount="0" falsecount="2"/>
        <line num="4298" count="0" type="stmt"/>
        <line num="4300" count="0" type="stmt"/>
        <line num="4301" count="0" type="stmt"/>
        <line num="4312" count="0" type="cond" truecount="0" falsecount="2"/>
        <line num="4313" count="0" type="stmt"/>
        <line num="4316" count="0" type="stmt"/>
        <line num="4326" count="0" type="stmt"/>
        <line num="4327" count="0" type="stmt"/>
        <line num="4328" count="0" type="cond" truecount="0" falsecount="4"/>
        <line num="4329" count="0" type="stmt"/>
        <line num="4331" count="0" type="stmt"/>
        <line num="4333" count="0" type="stmt"/>
        <line num="4341" count="0" type="stmt"/>
        <line num="4347" count="0" type="cond" truecount="0" falsecount="1"/>
        <line num="4350" count="0" type="stmt"/>
        <line num="4351" count="0" type="stmt"/>
        <line num="4352" count="0" type="stmt"/>
        <line num="4354" count="0" type="stmt"/>
        <line num="4366" count="0" type="stmt"/>
        <line num="4368" count="0" type="stmt"/>
        <line num="4370" count="0" type="stmt"/>
        <line num="4371" count="0" type="stmt"/>
        <line num="4373" count="0" type="stmt"/>
        <line num="4374" count="0" type="stmt"/>
        <line num="4375" count="0" type="cond" truecount="0" falsecount="2"/>
        <line num="4376" count="0" type="stmt"/>
        <line num="4377" count="0" type="stmt"/>
        <line num="4379" count="0" type="stmt"/>
        <line num="4380" count="0" type="stmt"/>
        <line num="4381" count="0" type="stmt"/>
        <line num="4384" count="0" type="stmt"/>
        <line num="4387" count="0" type="stmt"/>
        <line num="4388" count="0" type="stmt"/>
        <line num="4389" count="0" type="stmt"/>
        <line num="4391" count="0" type="cond" truecount="0" falsecount="2"/>
        <line num="4392" count="0" type="stmt"/>
        <line num="4393" count="0" type="stmt"/>
        <line num="4395" count="0" type="stmt"/>
        <line num="4397" count="0" type="stmt"/>
        <line num="4406" count="1" type="stmt"/>
        <line num="4417" count="0" type="stmt"/>
        <line num="4418" count="0" type="cond" truecount="0" falsecount="2"/>
        <line num="4425" count="0" type="stmt"/>
        <line num="4433" count="0" type="stmt"/>
        <line num="4434" count="0" type="cond" truecount="0" falsecount="2"/>
        <line num="4438" count="0" type="stmt"/>
        <line num="4440" count="0" type="stmt"/>
        <line num="4441" count="0" type="cond" truecount="0" falsecount="2"/>
        <line num="4442" count="0" type="stmt"/>
        <line num="4444" count="0" type="stmt"/>
        <line num="4450" count="0" type="stmt"/>
        <line num="4458" count="0" type="stmt"/>
        <line num="4470" count="0" type="cond" truecount="0" falsecount="2"/>
        <line num="4471" count="0" type="stmt"/>
        <line num="4473" count="0" type="stmt"/>
        <line num="4475" count="0" type="stmt"/>
        <line num="4476" count="0" type="stmt"/>
        <line num="4478" count="0" type="stmt"/>
        <line num="4480" count="0" type="cond" truecount="0" falsecount="2"/>
        <line num="4481" count="0" type="stmt"/>
        <line num="4484" count="0" type="stmt"/>
        <line num="4487" count="0" type="stmt"/>
        <line num="4490" count="0" type="stmt"/>
        <line num="4504" count="0" type="cond" truecount="0" falsecount="2"/>
        <line num="4505" count="0" type="stmt"/>
        <line num="4507" count="0" type="stmt"/>
        <line num="4508" count="0" type="stmt"/>
        <line num="4510" count="0" type="stmt"/>
        <line num="4511" count="0" type="stmt"/>
        <line num="4512" count="0" type="stmt"/>
        <line num="4513" count="0" type="stmt"/>
        <line num="4514" count="0" type="cond" truecount="0" falsecount="2"/>
        <line num="4515" count="0" type="stmt"/>
        <line num="4517" count="0" type="stmt"/>
        <line num="4520" count="0" type="stmt"/>
        <line num="4525" count="0" type="stmt"/>
        <line num="4527" count="0" type="stmt"/>
        <line num="4541" count="0" type="cond" truecount="0" falsecount="6"/>
        <line num="4543" count="0" type="stmt"/>
        <line num="4544" count="0" type="stmt"/>
        <line num="4546" count="0" type="cond" truecount="0" falsecount="4"/>
        <line num="4547" count="0" type="stmt"/>
        <line num="4550" count="0" type="cond" truecount="0" falsecount="2"/>
        <line num="4551" count="0" type="stmt"/>
        <line num="4554" count="0" type="cond" truecount="0" falsecount="2"/>
        <line num="4555" count="0" type="stmt"/>
        <line num="4559" count="0" type="cond" truecount="0" falsecount="2"/>
        <line num="4560" count="0" type="stmt"/>
        <line num="4563" count="0" type="cond" truecount="0" falsecount="8"/>
        <line num="4566" count="0" type="stmt"/>
        <line num="4569" count="0" type="cond" truecount="0" falsecount="4"/>
        <line num="4570" count="0" type="stmt"/>
        <line num="4575" count="0" type="cond" truecount="0" falsecount="4"/>
        <line num="4576" count="0" type="stmt"/>
        <line num="4579" count="0" type="cond" truecount="0" falsecount="2"/>
        <line num="4580" count="0" type="stmt"/>
        <line num="4583" count="0" type="cond" truecount="0" falsecount="2"/>
        <line num="4584" count="0" type="stmt"/>
        <line num="4587" count="0" type="stmt"/>
        <line num="4588" count="0" type="cond" truecount="0" falsecount="2"/>
        <line num="4589" count="0" type="stmt"/>
        <line num="4593" count="0" type="stmt"/>
        <line num="4594" count="0" type="cond" truecount="0" falsecount="2"/>
        <line num="4595" count="0" type="stmt"/>
        <line num="4598" count="0" type="cond" truecount="0" falsecount="2"/>
        <line num="4599" count="0" type="stmt"/>
        <line num="4602" count="0" type="cond" truecount="0" falsecount="2"/>
        <line num="4603" count="0" type="stmt"/>
        <line num="4607" count="0" type="stmt"/>
        <line num="4616" count="0" type="stmt"/>
        <line num="4617" count="0" type="stmt"/>
        <line num="4628" count="0" type="stmt"/>
        <line num="4630" count="0" type="stmt"/>
        <line num="4631" count="0" type="stmt"/>
        <line num="4645" count="0" type="stmt"/>
        <line num="4647" count="0" type="stmt"/>
        <line num="4648" count="0" type="stmt"/>
        <line num="4650" count="0" type="stmt"/>
        <line num="4651" count="0" type="stmt"/>
        <line num="4652" count="0" type="stmt"/>
        <line num="4653" count="0" type="stmt"/>
        <line num="4654" count="0" type="stmt"/>
        <line num="4655" count="0" type="stmt"/>
        <line num="4656" count="0" type="stmt"/>
        <line num="4657" count="0" type="stmt"/>
        <line num="4671" count="0" type="stmt"/>
        <line num="4673" count="0" type="stmt"/>
        <line num="4676" count="0" type="stmt"/>
        <line num="4678" count="0" type="stmt"/>
        <line num="4679" count="0" type="stmt"/>
        <line num="4680" count="0" type="stmt"/>
        <line num="4681" count="0" type="stmt"/>
        <line num="4682" count="0" type="cond" truecount="0" falsecount="2"/>
        <line num="4683" count="0" type="stmt"/>
        <line num="4685" count="0" type="stmt"/>
        <line num="4686" count="0" type="stmt"/>
        <line num="4687" count="0" type="stmt"/>
        <line num="4705" count="0" type="stmt"/>
        <line num="4707" count="0" type="stmt"/>
        <line num="4709" count="0" type="cond" truecount="0" falsecount="2"/>
        <line num="4710" count="0" type="stmt"/>
        <line num="4712" count="0" type="stmt"/>
        <line num="4714" count="0" type="stmt"/>
        <line num="4715" count="0" type="stmt"/>
        <line num="4716" count="0" type="stmt"/>
        <line num="4720" count="0" type="stmt"/>
        <line num="4723" count="0" type="stmt"/>
        <line num="4738" count="0" type="stmt"/>
        <line num="4740" count="0" type="stmt"/>
        <line num="4741" count="0" type="stmt"/>
        <line num="4743" count="0" type="stmt"/>
        <line num="4744" count="0" type="stmt"/>
        <line num="4745" count="0" type="stmt"/>
        <line num="4746" count="0" type="stmt"/>
        <line num="4747" count="0" type="stmt"/>
        <line num="4748" count="0" type="stmt"/>
        <line num="4749" count="0" type="stmt"/>
        <line num="4750" count="0" type="stmt"/>
        <line num="4764" count="0" type="stmt"/>
        <line num="4777" count="0" type="stmt"/>
        <line num="4785" count="0" type="stmt"/>
        <line num="4786" count="0" type="cond" truecount="0" falsecount="2"/>
        <line num="4787" count="0" type="stmt"/>
        <line num="4789" count="0" type="stmt"/>
        <line num="4797" count="0" type="cond" truecount="0" falsecount="2"/>
        <line num="4798" count="0" type="stmt"/>
        <line num="4800" count="0" type="stmt"/>
        <line num="4808" count="0" type="cond" truecount="0" falsecount="2"/>
        <line num="4809" count="0" type="stmt"/>
        <line num="4810" count="0" type="stmt"/>
        <line num="4812" count="0" type="cond" truecount="0" falsecount="2"/>
        <line num="4813" count="0" type="stmt"/>
        <line num="4815" count="0" type="stmt"/>
        <line num="4816" count="0" type="stmt"/>
        <line num="4828" count="0" type="stmt"/>
        <line num="4829" count="0" type="stmt"/>
        <line num="4830" count="0" type="stmt"/>
        <line num="4832" count="0" type="stmt"/>
        <line num="4833" count="0" type="stmt"/>
        <line num="4844" count="0" type="stmt"/>
        <line num="4845" count="0" type="stmt"/>
        <line num="4846" count="0" type="cond" truecount="0" falsecount="2"/>
        <line num="4847" count="0" type="stmt"/>
        <line num="4849" count="0" type="stmt"/>
        <line num="4850" count="0" type="stmt"/>
        <line num="4861" count="0" type="stmt"/>
        <line num="4866" count="0" type="stmt"/>
        <line num="4867" count="0" type="stmt"/>
        <line num="4868" count="0" type="stmt"/>
        <line num="4880" count="0" type="stmt"/>
        <line num="4882" count="0" type="cond" truecount="0" falsecount="2"/>
        <line num="4883" count="0" type="stmt"/>
        <line num="4892" count="0" type="stmt"/>
        <line num="4893" count="0" type="stmt"/>
        <line num="4894" count="0" type="stmt"/>
        <line num="4895" count="0" type="cond" truecount="0" falsecount="5"/>
        <line num="4898" count="0" type="stmt"/>
        <line num="4900" count="0" type="stmt"/>
        <line num="4902" count="0" type="stmt"/>
        <line num="4904" count="0" type="stmt"/>
        <line num="4905" count="0" type="stmt"/>
        <line num="4909" count="0" type="stmt"/>
        <line num="4911" count="0" type="stmt"/>
        <line num="4912" count="0" type="stmt"/>
        <line num="4913" count="0" type="stmt"/>
        <line num="4919" count="1" type="stmt"/>
        <line num="4926" count="0" type="cond" truecount="0" falsecount="2"/>
        <line num="4927" count="0" type="stmt"/>
        <line num="4929" count="0" type="stmt"/>
        <line num="4934" count="0" type="stmt"/>
        <line num="4937" count="0" type="stmt"/>
        <line num="4938" count="0" type="cond" truecount="0" falsecount="5"/>
        <line num="4943" count="0" type="stmt"/>
        <line num="4944" count="0" type="cond" truecount="0" falsecount="2"/>
        <line num="4945" count="0" type="stmt"/>
        <line num="4947" count="0" type="cond" truecount="0" falsecount="2"/>
        <line num="4948" count="0" type="cond" truecount="0" falsecount="2"/>
        <line num="4949" count="0" type="cond" truecount="0" falsecount="2"/>
        <line num="4950" count="0" type="stmt"/>
        <line num="4951" count="0" type="stmt"/>
        <line num="4952" count="0" type="stmt"/>
        <line num="4953" count="0" type="stmt"/>
        <line num="4960" count="1" type="stmt"/>
        <line num="4968" count="0" type="stmt"/>
        <line num="4969" count="0" type="stmt"/>
        <line num="4970" count="0" type="stmt"/>
        <line num="4971" count="0" type="stmt"/>
        <line num="4972" count="0" type="stmt"/>
        <line num="4973" count="0" type="stmt"/>
        <line num="4974" count="0" type="stmt"/>
        <line num="4984" count="0" type="cond" truecount="0" falsecount="2"/>
        <line num="4998" count="0" type="stmt"/>
        <line num="4999" count="0" type="stmt"/>
        <line num="5000" count="0" type="stmt"/>
        <line num="5001" count="0" type="stmt"/>
        <line num="5009" count="0" type="stmt"/>
        <line num="5010" count="0" type="stmt"/>
        <line num="5020" count="0" type="cond" truecount="0" falsecount="1"/>
        <line num="5021" count="0" type="stmt"/>
        <line num="5022" count="0" type="cond" truecount="0" falsecount="2"/>
        <line num="5023" count="0" type="stmt"/>
        <line num="5025" count="0" type="stmt"/>
        <line num="5026" count="0" type="stmt"/>
        <line num="5027" count="0" type="stmt"/>
        <line num="5029" count="0" type="stmt"/>
        <line num="5030" count="0" type="stmt"/>
        <line num="5040" count="0" type="stmt"/>
        <line num="5049" count="0" type="cond" truecount="0" falsecount="2"/>
        <line num="5050" count="0" type="stmt"/>
        <line num="5051" count="0" type="stmt"/>
        <line num="5052" count="0" type="stmt"/>
        <line num="5061" count="0" type="cond" truecount="0" falsecount="2"/>
        <line num="5062" count="0" type="stmt"/>
        <line num="5063" count="0" type="stmt"/>
        <line num="5071" count="0" type="stmt"/>
        <line num="5072" count="0" type="stmt"/>
        <line num="5081" count="0" type="cond" truecount="0" falsecount="2"/>
        <line num="5082" count="0" type="stmt"/>
        <line num="5083" count="0" type="stmt"/>
        <line num="5085" count="0" type="stmt"/>
        <line num="5093" count="0" type="cond" truecount="0" falsecount="2"/>
        <line num="5104" count="0" type="stmt"/>
        <line num="5106" count="0" type="stmt"/>
        <line num="5109" count="0" type="stmt"/>
        <line num="5110" count="0" type="stmt"/>
        <line num="5111" count="0" type="stmt"/>
        <line num="5114" count="0" type="cond" truecount="0" falsecount="2"/>
        <line num="5115" count="0" type="stmt"/>
        <line num="5117" count="0" type="stmt"/>
        <line num="5118" count="0" type="stmt"/>
        <line num="5119" count="0" type="cond" truecount="0" falsecount="2"/>
        <line num="5120" count="0" type="stmt"/>
        <line num="5121" count="0" type="stmt"/>
        <line num="5124" count="0" type="stmt"/>
        <line num="5127" count="0" type="stmt"/>
[...]
        <line num="4" count="3" type="stmt"/>
        <line num="12" count="5" type="stmt"/>
        <line num="17" count="3" type="stmt"/>
        <line num="26" count="7" type="cond" truecount="2" falsecount="0"/>
        <line num="27" count="3" type="stmt"/>
        <line num="32" count="4" type="cond" truecount="2" falsecount="0"/>
        <line num="33" count="1" type="stmt"/>
        <line num="35" count="3" type="stmt"/>
        <line num="43" count="3" type="stmt"/>
      </file>
      <file name="StringConverter.ts" path="C:\Users\rxliuli\Text\pkg\rx-util\src\module\string\StringConverter.ts">
        <metrics statements="7" coveredstatements="7" conditionals="0" coveredconditionals="0" methods="3" coveredmethods="3"/>
        <line num="1" count="3" type="stmt"/>
        <line num="3" count="3" type="stmt"/>
        <line num="13" count="3" type="stmt"/>
        <line num="20" count="4" type="stmt"/>
        <line num="26" count="3" type="stmt"/>
        <line num="38" count="5" type="stmt"/>
        <line num="53" count="2" type="stmt"/>
      </file>
      <file name="StringValidator.ts" path="C:\Users\rxliuli\Text\pkg\rx-util\src\module\string\StringValidator.ts">
        <metrics statements="25" coveredstatements="24" conditionals="22" coveredconditionals="21" methods="11" coveredmethods="11"/>
        <line num="1" count="39" type="stmt"/>
        <line num="2" count="39" type="stmt"/>
        <line num="7" count="39" type="stmt"/>
        <line num="11" count="39" type="stmt"/>
        <line num="15" count="39" type="stmt"/>
        <line num="19" count="39" type="stmt"/>
        <line num="23" count="39" type="stmt"/>
        <line num="28" count="39" type="stmt"/>
        <line num="32" count="39" type="stmt"/>
        <line num="36" count="39" type="stmt"/>
        <line num="44" count="39" type="stmt"/>
        <line num="51" count="58" type="cond" truecount="2" falsecount="0"/>
        <line num="59" count="20" type="cond" truecount="2" falsecount="0"/>
        <line num="68" count="9" type="cond" truecount="1" falsecount="1"/>
        <line num="69" count="0" type="stmt"/>
        <line num="71" count="9" type="stmt"/>
        <line num="80" count="32" type="cond" truecount="2" falsecount="0"/>
        <line num="88" count="5" type="cond" truecount="2" falsecount="0"/>
        <line num="96" count="9" type="cond" truecount="2" falsecount="0"/>
        <line num="106" count="9" type="cond" truecount="2" falsecount="0"/>
        <line num="114" count="9" type="cond" truecount="2" falsecount="0"/>
        <line num="122" count="7" type="cond" truecount="2" falsecount="0"/>
        <line num="130" count="9" type="cond" truecount="2" falsecount="0"/>
        <line num="138" count="9" type="cond" truecount="2" falsecount="0"/>
        <line num="146" count="39" type="stmt"/>
      </file>
      <file name="blankToNull.ts" path="C:\Users\rxliuli\Text\pkg\rx-util\src\module\string\blankToNull.ts">
        <metrics statements="3" coveredstatements="3" conditionals="2" coveredconditionals="2" methods="1" coveredmethods="1"/>
        <line num="1" count="4" type="stmt"/>
        <line num="9" count="4" type="stmt"/>
        <line num="10" count="4" type="cond" truecount="2" falsecount="0"/>
      </file>
      <file name="fill.ts" path="C:\Users\rxliuli\Text\pkg\rx-util\src\module\string\fill.ts">
        <metrics statements="4" coveredstatements="4" conditionals="2" coveredconditionals="2" methods="1" coveredmethods="1"/>
        <line num="9" count="3" type="stmt"/>
        <line num="10" count="5" type="cond" truecount="2" falsecount="0"/>
        <line num="11" count="2" type="stmt"/>
        <line num="13" count="3" type="stmt"/>
      </file>
      <file name="format.ts" path="C:\Users\rxliuli\Text\pkg\rx-util\src\module\string\format.ts">
        <metrics statements="4" coveredstatements="4" conditionals="0" coveredconditionals="0" methods="2" coveredmethods="2"/>
        <line num="1" count="3" type="stmt"/>
        <line num="11" count="3" type="stmt"/>
        <line num="12" count="1" type="stmt"/>
        <line num="13" count="2" type="stmt"/>
      </file>
      <file name="isBlank.ts" path="C:\Users\rxliuli\Text\pkg\rx-util\src\module\string\isBlank.ts">
        <metrics statements="3" coveredstatements="3" conditionals="0" coveredconditionals="0" methods="1" coveredmethods="1"/>
        <line num="1" count="3" type="stmt"/>
        <line num="9" count="3" type="stmt"/>
        <line num="10" count="5" type="stmt"/>
      </file>
      <file name="isEmpty.ts" path="C:\Users\rxliuli\Text\pkg\rx-util\src\module\string\isEmpty.ts">
        <metrics statements="3" coveredstatements="3" conditionals="0" coveredconditionals="0" methods="1" coveredmethods="1"/>
        <line num="1" count="3" type="stmt"/>
        <line num="9" count="3" type="stmt"/>
        <line num="10" count="5" type="stmt"/>
      </file>
      <file name="isFloat.ts" path="C:\Users\rxliuli\Text\pkg\rx-util\src\module\string\isFloat.ts">
        <metrics statements="3" coveredstatements="3" conditionals="0" coveredconditionals="0" methods="1" coveredmethods="1"/>
        <line num="1" count="3" type="stmt"/>
        <line num="9" count="3" type="stmt"/>
        <line num="10" count="3" type="stmt"/>
      </file>
      <file name="isNumber.ts" path="C:\Users\rxliuli\Text\pkg\rx-util\src\module\string\isNumber.ts">
        <metrics statements="3" coveredstatements="3" conditionals="0" coveredconditionals="0" methods="1" coveredmethods="1"/>
        <line num="1" count="3" type="stmt"/>
        <line num="9" count="3" type="stmt"/>
        <line num="10" count="3" type="stmt"/>
      </file>
      <file name="randomStr.ts" path="C:\Users\rxliuli\Text\pkg\rx-util\src\module\string\randomStr.ts">
        <metrics statements="7" coveredstatements="7" conditionals="0" coveredconditionals="0" methods="1" coveredmethods="1"/>
        <line num="5" count="3" type="stmt"/>
        <line num="6" count="3" type="stmt"/>
        <line num="12" count="3" type="stmt"/>
        <line num="13" count="1" type="stmt"/>
        <line num="14" count="1" type="stmt"/>
        <line num="15" count="10" type="stmt"/>
        <line num="17" count="1" type="stmt"/>
      </file>
      <file name="toLowerCase.ts" path="C:\Users\rxliuli\Text\pkg\rx-util\src\module\string\toLowerCase.ts">
        <metrics statements="5" coveredstatements="5" conditionals="4" coveredconditionals="4" methods="1" coveredmethods="1"/>
        <line num="1" count="5" type="stmt"/>
        <line num="8" count="5" type="stmt"/>
        <line num="9" count="12" type="cond" truecount="4" falsecount="0"/>
        <line num="10" count="1" type="stmt"/>
        <line num="12" count="11" type="stmt"/>
      </file>
      <file name="toString.ts" path="C:\Users\rxliuli\Text\pkg\rx-util\src\module\string\toString.ts">
        <metrics statements="7" coveredstatements="7" conditionals="4" coveredconditionals="4" methods="1" coveredmethods="1"/>
        <line num="1" count="6" type="stmt"/>
        <line num="9" count="6" type="stmt"/>
        <line num="10" count="36" type="cond" truecount="2" falsecount="0"/>
        <line num="11" count="3" type="stmt"/>
        <line num="13" count="33" type="cond" truecount="2" falsecount="0"/>
        <line num="14" count="1" type="stmt"/>
        <line num="16" count="32" type="stmt"/>
      </file>
      <file name="toUpperCase.ts" path="C:\Users\rxliuli\Text\pkg\rx-util\src\module\string\toUpperCase.ts">
        <metrics statements="5" coveredstatements="5" conditionals="4" coveredconditionals="4" methods="1" coveredmethods="1"/>
        <line num="1" count="4" type="stmt"/>
        <line num="8" count="4" type="stmt"/>
        <line num="9" count="9" type="cond" truecount="4" falsecount="0"/>
        <line num="10" count="2" type="stmt"/>
        <line num="12" count="7" type="stmt"/>
      </file>
    </package>
    <package name="src.module.string.StringConverter">
      <metrics statements="67" coveredstatements="66" conditionals="19" coveredconditionals="17" methods="14" coveredmethods="14"/>
      <file name="CamelConverter.ts" path="C:\Users\rxliuli\Text\pkg\rx-util\src\module\string\StringConverter\CamelConverter.ts">
        <metrics statements="7" coveredstatements="7" conditionals="2" coveredconditionals="2" methods="2" coveredmethods="2"/>
        <line num="1" count="3" type="stmt"/>
        <line num="2" count="3" type="stmt"/>
        <line num="3" count="3" type="stmt"/>
        <line num="9" count="3" type="stmt"/>
        <line num="18" count="1" type="stmt"/>
        <line num="19" count="2" type="stmt"/>
        <line num="20" count="2" type="stmt"/>
      </file>
      <file name="CamelOrPascalFrom.ts" path="C:\Users\rxliuli\Text\pkg\rx-util\src\module\string\StringConverter\CamelOrPascalFrom.ts">
        <metrics statements="14" coveredstatements="14" conditionals="8" coveredconditionals="7" methods="1" coveredmethods="1"/>
        <line num="1" count="3" type="stmt"/>
        <line num="6" count="3" type="stmt"/>
        <line num="15" count="2" type="stmt"/>
        <line num="16" count="2" type="stmt"/>
        <line num="17" count="2" type="stmt"/>
        <line num="18" count="2" type="stmt"/>
        <line num="19" count="22" type="stmt"/>
        <line num="20" count="22" type="cond" truecount="4" falsecount="0"/>
        <line num="21" count="3" type="cond" truecount="2" falsecount="0"/>
        <line num="22" count="2" type="stmt"/>
        <line num="24" count="3" type="stmt"/>
        <line num="27" count="2" type="cond" truecount="1" falsecount="1"/>
        <line num="28" count="2" type="stmt"/>
        <line num="30" count="2" type="stmt"/>
      </file>
      <file name="ConverterFactory.ts" path="C:\Users\rxliuli\Text\pkg\rx-util\src\module\string\StringConverter\ConverterFactory.ts">
        <metrics statements="12" coveredstatements="11" conditionals="5" coveredconditionals="4" methods="1" coveredmethods="1"/>
        <line num="2" count="3" type="stmt"/>
        <line num="3" count="3" type="stmt"/>
        <line num="4" count="3" type="stmt"/>
        <line num="5" count="3" type="stmt"/>
        <line num="6" count="3" type="stmt"/>
        <line num="11" count="3" type="stmt"/>
        <line num="20" count="8" type="stmt"/>
        <line num="22" count="2" type="stmt"/>
        <line num="24" count="2" type="stmt"/>
        <line num="26" count="2" type="stmt"/>
        <line num="28" count="2" type="stmt"/>
        <line num="30" count="0" type="stmt"/>
      </file>
      <file name="IConverter.ts" path="C:\Users\rxliuli\Text\pkg\rx-util\src\module\string\StringConverter\IConverter.ts">
        <metrics statements="3" coveredstatements="3" conditionals="0" coveredconditionals="0" methods="2" coveredmethods="2"/>
        <line num="5" count="3" type="stmt"/>
        <line num="14" count="1" type="stmt"/>
        <line num="24" count="1" type="stmt"/>
      </file>
      <file name="PascalConverter.ts" path="C:\Users\rxliuli\Text\pkg\rx-util\src\module\string\StringConverter\PascalConverter.ts">
        <metrics statements="7" coveredstatements="7" conditionals="0" coveredconditionals="0" methods="2" coveredmethods="2"/>
        <line num="1" count="3" type="stmt"/>
        <line num="2" count="3" type="stmt"/>
        <line num="3" count="3" type="stmt"/>
        <line num="8" count="3" type="stmt"/>
        <line num="17" count="1" type="stmt"/>
        <line num="18" count="2" type="stmt"/>
        <line num="19" count="2" type="stmt"/>
      </file>
      <file name="ScreamingSnakeConverter.ts" path="C:\Users\rxliuli\Text\pkg\rx-util\src\module\string\StringConverter\ScreamingSnakeConverter.ts">
        <metrics statements="4" coveredstatements="4" conditionals="0" coveredconditionals="0" methods="1" coveredmethods="1"/>
        <line num="1" count="3" type="stmt"/>
        <line num="2" count="3" type="stmt"/>
        <line num="7" count="3" type="stmt"/>
        <line num="16" count="1" type="stmt"/>
      </file>
      <file name="SnakeConverter.ts" path="C:\Users\rxliuli\Text\pkg\rx-util\src\module\string\StringConverter\SnakeConverter.ts">
        <metrics statements="4" coveredstatements="4" conditionals="0" coveredconditionals="0" methods="1" coveredmethods="1"/>
        <line num="1" count="3" type="stmt"/>
        <line num="2" count="3" type="stmt"/>
        <line num="7" count="3" type="stmt"/>
        <line num="16" count="1" type="stmt"/>
      </file>
      <file name="SnakeOrScreamingSnakeFrom.ts" path="C:\Users\rxliuli\Text\pkg\rx-util\src\module\string\StringConverter\SnakeOrScreamingSnakeFrom.ts">
        <metrics statements="3" coveredstatements="3" conditionals="0" coveredconditionals="0" methods="1" coveredmethods="1"/>
        <line num="1" count="3" type="stmt"/>
        <line num="6" count="3" type="stmt"/>
        <line num="15" count="2" type="stmt"/>
      </file>
      <file name="StringStyleConverter.ts" path="C:\Users\rxliuli\Text\pkg\rx-util\src\module\string\StringConverter\StringStyleConverter.ts">
        <metrics statements="8" coveredstatements="8" conditionals="2" coveredconditionals="2" methods="2" coveredmethods="2"/>
        <line num="1" count="3" type="stmt"/>
        <line num="2" count="3" type="stmt"/>
        <line num="11" count="3" type="stmt"/>
        <line num="26" count="4" type="stmt"/>
        <line num="32" count="4" type="stmt"/>
        <line num="41" count="5" type="cond" truecount="2" falsecount="0"/>
        <line num="42" count="1" type="stmt"/>
        <line num="44" count="4" type="stmt"/>
      </file>
      <file name="StringStyleType.ts" path="C:\Users\rxliuli\Text\pkg\rx-util\src\module\string\StringConverter\StringStyleType.ts">
        <metrics statements="5" coveredstatements="5" conditionals="2" coveredconditionals="2" methods="1" coveredmethods="1"/>
        <line num="4" count="3" type="cond" truecount="2" falsecount="0"/>
        <line num="8" count="3" type="stmt"/>
        <line num="12" count="3" type="stmt"/>
        <line num="16" count="3" type="stmt"/>
        <line num="20" count="3" type="stmt"/>
      </file>
    </package>
    <package name="src.module.tree">
      <metrics statements="86" coveredstatements="71" conditionals="52" coveredconditionals="35" methods="16" coveredmethods="13"/>
      <file name="NodeBridgeUtil.ts" path="C:\Users\rxliuli\Text\pkg\rx-util\src\module\tree\NodeBridgeUtil.ts">
        <metrics statements="7" coveredstatements="7" conditionals="5" coveredconditionals="2" methods="3" coveredmethods="3"/>
        <line num="1" count="6" type="stmt"/>
        <line num="3" count="6" type="stmt"/>
        <line num="11" count="6" type="stmt"/>
        <line num="23" count="7" type="stmt"/>
        <line num="37" count="1" type="stmt"/>
        <line num="48" count="1" type="stmt"/>
        <line num="56" count="6" type="stmt"/>
      </file>
      <file name="listToTree.ts" path="C:\Users\rxliuli\Text\pkg\rx-util\src\module\tree\listToTree.ts">
        <metrics statements="20" coveredstatements="20" conditionals="13" coveredconditionals="13" methods="3" coveredmethods="3"/>
        <line num="1" count="3" type="stmt"/>
        <line num="25" count="3" type="stmt"/>
        <line num="29" count="48" type="cond" truecount="1" falsecount="0"/>
        <line num="32" count="7" type="stmt"/>
        <line num="33" count="7" type="stmt"/>
        <line num="34" count="48" type="stmt"/>
        <line num="35" count="48" type="cond" truecount="2" falsecount="0"/>
        <line num="36" count="8" type="stmt"/>
        <line num="37" count="8" type="stmt"/>
        <line num="39" count="40" type="stmt"/>
        <line num="40" count="116" type="stmt"/>
        <line num="41" count="116" type="cond" truecount="2" falsecount="0"/>
        <line num="42" count="38" type="cond" truecount="2" falsecount="0"/>
        <line num="43" count="38" type="stmt"/>
        <line num="44" count="38" type="stmt"/>
        <line num="47" count="2" type="stmt"/>
        <line num="50" count="7" type="stmt"/>
        <line num="51" count="7" type="cond" truecount="2" falsecount="0"/>
        <line num="52" count="6" type="cond" truecount="2" falsecount="0"/>
        <line num="53" count="1" type="stmt"/>
      </file>
      <file name="treeMapping.ts" path="C:\Users\rxliuli\Text\pkg\rx-util\src\module\tree\treeMapping.ts">
        <metrics statements="11" coveredstatements="11" conditionals="6" coveredconditionals="4" methods="4" coveredmethods="4"/>
        <line num="1" count="6" type="stmt"/>
        <line num="2" count="6" type="stmt"/>
        <line num="29" count="6" type="stmt"/>
        <line num="34" count="6" type="cond" truecount="1" falsecount="0"/>
        <line num="44" count="14" type="stmt"/>
        <line num="45" count="14" type="stmt"/>
        <line num="46" count="14" type="cond" truecount="2" falsecount="0"/>
        <line num="47" count="6" type="stmt"/>
        <line num="49" count="12" type="stmt"/>
        <line num="53" count="14" type="stmt"/>
        <line num="55" count="2" type="stmt"/>
      </file>
      <file name="treeToList.ts" path="C:\Users\rxliuli\Text\pkg\rx-util\src\module\tree\treeToList.ts">
        <metrics statements="48" coveredstatements="33" conditionals="28" coveredconditionals="16" methods="6" coveredmethods="3"/>
        <line num="1" count="3" type="stmt"/>
        <line num="2" count="3" type="stmt"/>
        <line num="4" count="3" type="stmt"/>
        <line num="5" count="3" type="stmt"/>
        <line num="28" count="3" type="stmt"/>
        <line num="35" count="0" type="stmt"/>
        <line num="36" count="0" type="stmt"/>
        <line num="37" count="0" type="stmt"/>
        <line num="39" count="0" type="stmt"/>
        <line num="42" count="0" type="stmt"/>
        <line num="43" count="0" type="stmt"/>
        <line num="44" count="0" type="cond" truecount="0" falsecount="2"/>
        <line num="45" count="0" type="stmt"/>
        <line num="47" count="0" type="stmt"/>
        <line num="49" count="0" type="cond" truecount="0" falsecount="2"/>
        <line num="50" count="0" type="cond" truecount="0" falsecount="2"/>
        <line num="53" count="0" type="stmt"/>
        <line num="54" count="0" type="stmt"/>
        <line num="56" count="0" type="cond" truecount="0" falsecount="2"/>
        <line num="58" count="0" type="stmt"/>
        <line num="68" count="3" type="stmt"/>
        <line num="75" count="4" type="stmt"/>
        <line num="76" count="4" type="stmt"/>
        <line num="77" count="4" type="cond" truecount="2" falsecount="0"/>
        <line num="78" count="3" type="stmt"/>
        <line num="81" count="4" type="stmt"/>
        <line num="83" count="4" type="stmt"/>
        <line num="85" count="4" type="stmt"/>
        <line num="86" count="4" type="stmt"/>
        <line num="87" count="30" type="stmt"/>
        <line num="88" count="30" type="stmt"/>
        <line num="90" count="30" type="cond" truecount="4" falsecount="0"/>
        <line num="91" count="2" type="stmt"/>
        <line num="93" count="28" type="stmt"/>
        <line num="94" count="28" type="stmt"/>
        <line num="95" count="28" type="stmt"/>
        <line num="96" count="28" type="cond" truecount="2" falsecount="0"/>
        <line num="97" count="16" type="stmt"/>
        <line num="99" count="12" type="stmt"/>
        <line num="100" count="26" type="cond" truecount="1" falsecount="1"/>
        <line num="103" count="12" type="stmt"/>
        <line num="106" count="20" type="stmt"/>
        <line num="108" count="20" type="cond" truecount="2" falsecount="0"/>
        <line num="109" count="2" type="stmt"/>
        <line num="112" count="18" type="stmt"/>
        <line num="113" count="18" type="stmt"/>
        <line num="114" count="18" type="stmt"/>
        <line num="119" count="4" type="stmt"/>
      </file>
    </package>
  </project>
</coverage>
