{"E:\\Text\\rx-util\\dist\\rx-util.js": {"path":"E:\\Text\\rx-util\\dist\\rx-util.js","statementMap":{"0":{"start":{"line":1,"column":0},"end":{"line":5311,"column":5}},"1":{"start":{"line":2,"column":2},"end":{"line":4,"column":53}},"2":{"start":{"line":14,"column":22},"end":{"line":14,"column":49}},"3":{"start":{"line":15,"column":6},"end":{"line":15,"column":34}},"4":{"start":{"line":16,"column":6},"end":{"line":16,"column":37}},"5":{"start":{"line":18,"column":6},"end":{"line":18,"column":47}},"6":{"start":{"line":20,"column":6},"end":{"line":20,"column":41}},"7":{"start":{"line":21,"column":6},"end":{"line":21,"column":22}},"8":{"start":{"line":23,"column":6},"end":{"line":23,"column":41}},"9":{"start":{"line":42,"column":6},"end":{"line":47,"column":9}},"10":{"start":{"line":43,"column":38},"end":{"line":43,"column":99}},"11":{"start":{"line":43,"column":44},"end":{"line":43,"column":72}},"12":{"start":{"line":43,"column":87},"end":{"line":43,"column":97}},"13":{"start":{"line":44,"column":37},"end":{"line":44,"column":102}},"14":{"start":{"line":44,"column":43},"end":{"line":44,"column":75}},"15":{"start":{"line":44,"column":90},"end":{"line":44,"column":100}},"16":{"start":{"line":45,"column":34},"end":{"line":45,"column":151}},"17":{"start":{"line":45,"column":99},"end":{"line":45,"column":121}},"18":{"start":{"line":46,"column":10},"end":{"line":46,"column":80}},"19":{"start":{"line":56,"column":6},"end":{"line":58,"column":9}},"20":{"start":{"line":67,"column":6},"end":{"line":69,"column":9}},"21":{"start":{"line":68,"column":10},"end":{"line":68,"column":45}},"22":{"start":{"line":78,"column":6},"end":{"line":90,"column":9}},"23":{"start":{"line":80,"column":26},"end":{"line":80,"column":53}},"24":{"start":{"line":81,"column":10},"end":{"line":81,"column":38}},"25":{"start":{"line":82,"column":10},"end":{"line":82,"column":41}},"26":{"start":{"line":84,"column":10},"end":{"line":84,"column":29}},"27":{"start":{"line":86,"column":10},"end":{"line":86,"column":45}},"28":{"start":{"line":87,"column":10},"end":{"line":87,"column":26}},"29":{"start":{"line":89,"column":10},"end":{"line":89,"column":45}},"30":{"start":{"line":98,"column":6},"end":{"line":102,"column":20}},"31":{"start":{"line":99,"column":25},"end":{"line":99,"column":39}},"32":{"start":{"line":100,"column":10},"end":{"line":100,"column":24}},"33":{"start":{"line":101,"column":10},"end":{"line":101,"column":21}},"34":{"start":{"line":114,"column":6},"end":{"line":119,"column":9}},"35":{"start":{"line":115,"column":22},"end":{"line":115,"column":44}},"36":{"start":{"line":116,"column":23},"end":{"line":116,"column":39}},"37":{"start":{"line":118,"column":10},"end":{"line":118,"column":53}},"38":{"start":{"line":125,"column":26},"end":{"line":129,"column":21}},"39":{"start":{"line":137,"column":6},"end":{"line":139,"column":7}},"40":{"start":{"line":138,"column":10},"end":{"line":138,"column":49}},"41":{"start":{"line":140,"column":21},"end":{"line":140,"column":72}},"42":{"start":{"line":141,"column":20},"end":{"line":141,"column":36}},"43":{"start":{"line":142,"column":6},"end":{"line":144,"column":7}},"44":{"start":{"line":143,"column":10},"end":{"line":143,"column":22}},"45":{"start":{"line":145,"column":22},"end":{"line":145,"column":30}},"46":{"start":{"line":146,"column":23},"end":{"line":146,"column":31}},"47":{"start":{"line":147,"column":21},"end":{"line":147,"column":29}},"48":{"start":{"line":148,"column":22},"end":{"line":148,"column":30}},"49":{"start":{"line":149,"column":19},"end":{"line":149,"column":27}},"50":{"start":{"line":151,"column":19},"end":{"line":151,"column":45}},"51":{"start":{"line":152,"column":24},"end":{"line":152,"column":41}},"52":{"start":{"line":154,"column":6},"end":{"line":167,"column":7}},"53":{"start":{"line":155,"column":29},"end":{"line":155,"column":33}},"54":{"start":{"line":156,"column":10},"end":{"line":166,"column":12}},"55":{"start":{"line":168,"column":23},"end":{"line":168,"column":48}},"56":{"start":{"line":169,"column":6},"end":{"line":171,"column":7}},"57":{"start":{"line":170,"column":10},"end":{"line":170,"column":70}},"58":{"start":{"line":172,"column":19},"end":{"line":172,"column":64}},"59":{"start":{"line":174,"column":21},"end":{"line":196,"column":19}},"60":{"start":{"line":177,"column":22},"end":{"line":177,"column":36}},"61":{"start":{"line":178,"column":25},"end":{"line":178,"column":38}},"62":{"start":{"line":180,"column":20},"end":{"line":180,"column":46}},"63":{"start":{"line":181,"column":20},"end":{"line":181,"column":70}},"64":{"start":{"line":183,"column":21},"end":{"line":183,"column":34}},"65":{"start":{"line":184,"column":10},"end":{"line":194,"column":11}},"66":{"start":{"line":185,"column":14},"end":{"line":185,"column":31}},"67":{"start":{"line":188,"column":14},"end":{"line":190,"column":15}},"68":{"start":{"line":189,"column":18},"end":{"line":189,"column":38}},"69":{"start":{"line":191,"column":14},"end":{"line":193,"column":15}},"70":{"start":{"line":192,"column":18},"end":{"line":192,"column":40}},"71":{"start":{"line":195,"column":10},"end":{"line":195,"column":24}},"72":{"start":{"line":197,"column":6},"end":{"line":206,"column":8}},"73":{"start":{"line":213,"column":2},"end":{"line":230,"column":34}},"74":{"start":{"line":217,"column":6},"end":{"line":217,"column":44}},"75":{"start":{"line":221,"column":6},"end":{"line":221,"column":38}},"76":{"start":{"line":225,"column":6},"end":{"line":225,"column":54}},"77":{"start":{"line":229,"column":6},"end":{"line":229,"column":52}},"78":{"start":{"line":238,"column":33},"end":{"line":241,"column":17}},"79":{"start":{"line":242,"column":6},"end":{"line":267,"column":9}},"80":{"start":{"line":243,"column":10},"end":{"line":245,"column":11}},"81":{"start":{"line":244,"column":14},"end":{"line":244,"column":51}},"82":{"start":{"line":246,"column":21},"end":{"line":246,"column":37}},"83":{"start":{"line":247,"column":10},"end":{"line":249,"column":12}},"84":{"start":{"line":248,"column":14},"end":{"line":248,"column":33}},"85":{"start":{"line":250,"column":10},"end":{"line":252,"column":12}},"86":{"start":{"line":251,"column":14},"end":{"line":251,"column":28}},"87":{"start":{"line":253,"column":10},"end":{"line":266,"column":11}},"88":{"start":{"line":255,"column":18},"end":{"line":255,"column":41}},"89":{"start":{"line":256,"column":18},"end":{"line":256,"column":24}},"90":{"start":{"line":258,"column":18},"end":{"line":258,"column":48}},"91":{"start":{"line":259,"column":18},"end":{"line":259,"column":24}},"92":{"start":{"line":261,"column":18},"end":{"line":261,"column":46}},"93":{"start":{"line":262,"column":18},"end":{"line":262,"column":24}},"94":{"start":{"line":264,"column":18},"end":{"line":264,"column":45}},"95":{"start":{"line":265,"column":18},"end":{"line":265,"column":24}},"96":{"start":{"line":269,"column":20},"end":{"line":291,"column":4}},"97":{"start":{"line":300,"column":33},"end":{"line":309,"column":7}},"98":{"start":{"line":310,"column":6},"end":{"line":326,"column":7}},"99":{"start":{"line":311,"column":10},"end":{"line":313,"column":11}},"100":{"start":{"line":312,"column":14},"end":{"line":312,"column":23}},"101":{"start":{"line":314,"column":10},"end":{"line":325,"column":11}},"102":{"start":{"line":315,"column":14},"end":{"line":315,"column":102}},"103":{"start":{"line":317,"column":15},"end":{"line":325,"column":11}},"104":{"start":{"line":318,"column":25},"end":{"line":318,"column":41}},"105":{"start":{"line":319,"column":14},"end":{"line":319,"column":43}},"106":{"start":{"line":320,"column":14},"end":{"line":320,"column":129}},"107":{"start":{"line":323,"column":24},"end":{"line":323,"column":58}},"108":{"start":{"line":324,"column":14},"end":{"line":324,"column":108}},"109":{"start":{"line":327,"column":6},"end":{"line":327,"column":17}},"110":{"start":{"line":334,"column":24},"end":{"line":334,"column":49}},"111":{"start":{"line":341,"column":17},"end":{"line":341,"column":78}},"112":{"start":{"line":341,"column":27},"end":{"line":341,"column":78}},"113":{"start":{"line":348,"column":6},"end":{"line":364,"column":13}},"114":{"start":{"line":349,"column":10},"end":{"line":362,"column":11}},"115":{"start":{"line":350,"column":14},"end":{"line":350,"column":25}},"116":{"start":{"line":352,"column":15},"end":{"line":362,"column":11}},"117":{"start":{"line":353,"column":14},"end":{"line":353,"column":61}},"118":{"start":{"line":355,"column":15},"end":{"line":362,"column":11}},"119":{"start":{"line":356,"column":14},"end":{"line":358,"column":29}},"120":{"start":{"line":357,"column":31},"end":{"line":357,"column":103}},"121":{"start":{"line":361,"column":14},"end":{"line":361,"column":34}},"122":{"start":{"line":363,"column":10},"end":{"line":363,"column":30}},"123":{"start":{"line":375,"column":6},"end":{"line":390,"column":9}},"124":{"start":{"line":376,"column":10},"end":{"line":389,"column":11}},"125":{"start":{"line":377,"column":14},"end":{"line":377,"column":41}},"126":{"start":{"line":379,"column":15},"end":{"line":389,"column":11}},"127":{"start":{"line":380,"column":28},"end":{"line":385,"column":21}},"128":{"start":{"line":381,"column":18},"end":{"line":384,"column":19}},"129":{"start":{"line":382,"column":22},"end":{"line":382,"column":43}},"130":{"start":{"line":383,"column":22},"end":{"line":383,"column":32}},"131":{"start":{"line":388,"column":14},"end":{"line":388,"column":24}},"132":{"start":{"line":401,"column":6},"end":{"line":406,"column":9}},"133":{"start":{"line":404,"column":14},"end":{"line":404,"column":41}},"134":{"start":{"line":415,"column":18},"end":{"line":415,"column":45}},"135":{"start":{"line":416,"column":19},"end":{"line":416,"column":38}},"136":{"start":{"line":417,"column":6},"end":{"line":419,"column":7}},"137":{"start":{"line":417,"column":19},"end":{"line":417,"column":20}},"138":{"start":{"line":418,"column":10},"end":{"line":418,"column":45}},"139":{"start":{"line":420,"column":6},"end":{"line":420,"column":17}},"140":{"start":{"line":444,"column":10},"end":{"line":444,"column":33}},"141":{"start":{"line":448,"column":10},"end":{"line":448,"column":29}},"142":{"start":{"line":452,"column":10},"end":{"line":452,"column":29}},"143":{"start":{"line":457,"column":10},"end":{"line":457,"column":28}},"144":{"start":{"line":467,"column":10},"end":{"line":483,"column":13}},"145":{"start":{"line":468,"column":34},"end":{"line":478,"column":16}},"146":{"start":{"line":468,"column":40},"end":{"line":478,"column":16}},"147":{"start":{"line":469,"column":18},"end":{"line":469,"column":35}},"148":{"start":{"line":470,"column":31},"end":{"line":470,"column":51}},"149":{"start":{"line":471,"column":18},"end":{"line":477,"column":19}},"150":{"start":{"line":473,"column":22},"end":{"line":473,"column":87}},"151":{"start":{"line":476,"column":22},"end":{"line":476,"column":39}},"152":{"start":{"line":479,"column":14},"end":{"line":479,"column":47}},"153":{"start":{"line":480,"column":14},"end":{"line":480,"column":60}},"154":{"start":{"line":480,"column":31},"end":{"line":480,"column":58}},"155":{"start":{"line":482,"column":14},"end":{"line":482,"column":35}},"156":{"start":{"line":494,"column":18},"end":{"line":494,"column":20}},"157":{"start":{"line":495,"column":6},"end":{"line":501,"column":7}},"158":{"start":{"line":496,"column":23},"end":{"line":496,"column":38}},"159":{"start":{"line":497,"column":10},"end":{"line":499,"column":11}},"160":{"start":{"line":498,"column":14},"end":{"line":498,"column":20}},"161":{"start":{"line":500,"column":10},"end":{"line":500,"column":31}},"162":{"start":{"line":502,"column":6},"end":{"line":502,"column":17}},"163":{"start":{"line":512,"column":6},"end":{"line":512,"column":53}},"164":{"start":{"line":524,"column":6},"end":{"line":524,"column":17}},"165":{"start":{"line":537,"column":6},"end":{"line":539,"column":27}},"166":{"start":{"line":551,"column":17},"end":{"line":551,"column":23}},"167":{"start":{"line":552,"column":18},"end":{"line":552,"column":29}},"168":{"start":{"line":554,"column":10},"end":{"line":556,"column":11}},"169":{"start":{"line":555,"column":14},"end":{"line":555,"column":25}},"170":{"start":{"line":557,"column":25},"end":{"line":557,"column":37}},"171":{"start":{"line":558,"column":10},"end":{"line":560,"column":11}},"172":{"start":{"line":559,"column":14},"end":{"line":559,"column":25}},"173":{"start":{"line":561,"column":10},"end":{"line":561,"column":49}},"174":{"start":{"line":563,"column":6},"end":{"line":563,"column":41}},"175":{"start":{"line":575,"column":10},"end":{"line":577,"column":12}},"176":{"start":{"line":576,"column":14},"end":{"line":576,"column":52}},"177":{"start":{"line":576,"column":46},"end":{"line":576,"column":50}},"178":{"start":{"line":585,"column":10},"end":{"line":587,"column":12}},"179":{"start":{"line":586,"column":14},"end":{"line":586,"column":51}},"180":{"start":{"line":586,"column":46},"end":{"line":586,"column":49}},"181":{"start":{"line":595,"column":10},"end":{"line":599,"column":13}},"182":{"start":{"line":597,"column":18},"end":{"line":597,"column":84}},"183":{"start":{"line":597,"column":78},"end":{"line":597,"column":82}},"184":{"start":{"line":602,"column":14},"end":{"line":602,"column":35}},"185":{"start":{"line":603,"column":13},"end":{"line":603,"column":33}},"186":{"start":{"line":604,"column":14},"end":{"line":604,"column":35}},"187":{"start":{"line":610,"column":2},"end":{"line":624,"column":38}},"188":{"start":{"line":611,"column":6},"end":{"line":611,"column":40}},"189":{"start":{"line":612,"column":6},"end":{"line":612,"column":38}},"190":{"start":{"line":613,"column":6},"end":{"line":613,"column":32}},"191":{"start":{"line":614,"column":6},"end":{"line":614,"column":40}},"192":{"start":{"line":615,"column":6},"end":{"line":615,"column":34}},"193":{"start":{"line":616,"column":6},"end":{"line":616,"column":38}},"194":{"start":{"line":617,"column":6},"end":{"line":617,"column":48}},"195":{"start":{"line":618,"column":6},"end":{"line":618,"column":44}},"196":{"start":{"line":619,"column":6},"end":{"line":619,"column":34}},"197":{"start":{"line":620,"column":6},"end":{"line":620,"column":36}},"198":{"start":{"line":621,"column":6},"end":{"line":621,"column":34}},"199":{"start":{"line":622,"column":6},"end":{"line":622,"column":42}},"200":{"start":{"line":623,"column":6},"end":{"line":623,"column":38}},"201":{"start":{"line":632,"column":10},"end":{"line":632,"column":27}},"202":{"start":{"line":633,"column":10},"end":{"line":633,"column":27}},"203":{"start":{"line":634,"column":10},"end":{"line":634,"column":27}},"204":{"start":{"line":635,"column":10},"end":{"line":635,"column":27}},"205":{"start":{"line":638,"column":2},"end":{"line":638,"column":27}},"206":{"start":{"line":648,"column":10},"end":{"line":648,"column":27}},"207":{"start":{"line":656,"column":10},"end":{"line":691,"column":13}},"208":{"start":{"line":657,"column":14},"end":{"line":659,"column":15}},"209":{"start":{"line":658,"column":18},"end":{"line":658,"column":63}},"210":{"start":{"line":661,"column":26},"end":{"line":661,"column":57}},"211":{"start":{"line":661,"column":50},"end":{"line":661,"column":56}},"212":{"start":{"line":663,"column":18},"end":{"line":688,"column":21}},"213":{"start":{"line":665,"column":22},"end":{"line":667,"column":23}},"214":{"start":{"line":666,"column":26},"end":{"line":666,"column":37}},"215":{"start":{"line":669,"column":42},"end":{"line":669,"column":68}},"216":{"start":{"line":670,"column":42},"end":{"line":670,"column":58}},"217":{"start":{"line":671,"column":35},"end":{"line":671,"column":37}},"218":{"start":{"line":672,"column":36},"end":{"line":672,"column":38}},"219":{"start":{"line":673,"column":22},"end":{"line":684,"column":23}},"220":{"start":{"line":673,"column":35},"end":{"line":673,"column":36}},"221":{"start":{"line":673,"column":44},"end":{"line":673,"column":54}},"222":{"start":{"line":674,"column":26},"end":{"line":676,"column":27}},"223":{"start":{"line":675,"column":30},"end":{"line":675,"column":39}},"224":{"start":{"line":677,"column":36},"end":{"line":677,"column":42}},"225":{"start":{"line":678,"column":26},"end":{"line":683,"column":27}},"226":{"start":{"line":679,"column":30},"end":{"line":679,"column":43}},"227":{"start":{"line":682,"column":30},"end":{"line":682,"column":44}},"228":{"start":{"line":685,"column":22},"end":{"line":687,"column":58}},"229":{"start":{"line":690,"column":14},"end":{"line":690,"column":126}},"230":{"start":{"line":690,"column":81},"end":{"line":690,"column":91}},"231":{"start":{"line":690,"column":111},"end":{"line":690,"column":123}},"232":{"start":{"line":699,"column":10},"end":{"line":702,"column":13}},"233":{"start":{"line":700,"column":24},"end":{"line":700,"column":48}},"234":{"start":{"line":701,"column":14},"end":{"line":701,"column":52}},"235":{"start":{"line":710,"column":10},"end":{"line":712,"column":13}},"236":{"start":{"line":711,"column":14},"end":{"line":711,"column":78}},"237":{"start":{"line":720,"column":10},"end":{"line":722,"column":13}},"238":{"start":{"line":721,"column":14},"end":{"line":721,"column":55}},"239":{"start":{"line":728,"column":10},"end":{"line":728,"column":56}},"240":{"start":{"line":734,"column":10},"end":{"line":734,"column":48}},"241":{"start":{"line":740,"column":10},"end":{"line":740,"column":35}},"242":{"start":{"line":748,"column":10},"end":{"line":748,"column":22}},"243":{"start":{"line":751,"column":10},"end":{"line":755,"column":13}},"244":{"start":{"line":752,"column":14},"end":{"line":754,"column":15}},"245":{"start":{"line":752,"column":27},"end":{"line":752,"column":28}},"246":{"start":{"line":752,"column":36},"end":{"line":752,"column":52}},"247":{"start":{"line":753,"column":18},"end":{"line":753,"column":61}},"248":{"start":{"line":758,"column":10},"end":{"line":766,"column":13}},"249":{"start":{"line":759,"column":26},"end":{"line":759,"column":47}},"250":{"start":{"line":760,"column":14},"end":{"line":764,"column":15}},"251":{"start":{"line":760,"column":27},"end":{"line":760,"column":28}},"252":{"start":{"line":760,"column":36},"end":{"line":760,"column":52}},"253":{"start":{"line":761,"column":18},"end":{"line":763,"column":19}},"254":{"start":{"line":762,"column":22},"end":{"line":762,"column":50}},"255":{"start":{"line":765,"column":14},"end":{"line":765,"column":25}},"256":{"start":{"line":769,"column":10},"end":{"line":775,"column":13}},"257":{"start":{"line":770,"column":26},"end":{"line":770,"column":47}},"258":{"start":{"line":771,"column":14},"end":{"line":773,"column":15}},"259":{"start":{"line":771,"column":27},"end":{"line":771,"column":28}},"260":{"start":{"line":771,"column":36},"end":{"line":771,"column":52}},"261":{"start":{"line":772,"column":18},"end":{"line":772,"column":76}},"262":{"start":{"line":774,"column":14},"end":{"line":774,"column":25}},"263":{"start":{"line":778,"column":10},"end":{"line":784,"column":13}},"264":{"start":{"line":779,"column":26},"end":{"line":779,"column":47}},"265":{"start":{"line":780,"column":14},"end":{"line":782,"column":15}},"266":{"start":{"line":780,"column":27},"end":{"line":780,"column":28}},"267":{"start":{"line":780,"column":36},"end":{"line":780,"column":52}},"268":{"start":{"line":781,"column":18},"end":{"line":781,"column":81}},"269":{"start":{"line":783,"column":14},"end":{"line":783,"column":25}},"270":{"start":{"line":787,"column":10},"end":{"line":797,"column":13}},"271":{"start":{"line":788,"column":14},"end":{"line":795,"column":15}},"272":{"start":{"line":788,"column":27},"end":{"line":788,"column":28}},"273":{"start":{"line":788,"column":36},"end":{"line":788,"column":52}},"274":{"start":{"line":789,"column":18},"end":{"line":794,"column":19}},"275":{"start":{"line":790,"column":22},"end":{"line":790,"column":76}},"276":{"start":{"line":793,"column":22},"end":{"line":793,"column":41}},"277":{"start":{"line":796,"column":14},"end":{"line":796,"column":25}},"278":{"start":{"line":800,"column":10},"end":{"line":810,"column":13}},"279":{"start":{"line":801,"column":14},"end":{"line":808,"column":15}},"280":{"start":{"line":801,"column":27},"end":{"line":801,"column":47}},"281":{"start":{"line":802,"column":18},"end":{"line":807,"column":19}},"282":{"start":{"line":803,"column":22},"end":{"line":803,"column":79}},"283":{"start":{"line":806,"column":22},"end":{"line":806,"column":41}},"284":{"start":{"line":809,"column":14},"end":{"line":809,"column":25}},"285":{"start":{"line":813,"column":10},"end":{"line":821,"column":13}},"286":{"start":{"line":814,"column":14},"end":{"line":819,"column":15}},"287":{"start":{"line":814,"column":27},"end":{"line":814,"column":28}},"288":{"start":{"line":814,"column":36},"end":{"line":814,"column":52}},"289":{"start":{"line":815,"column":30},"end":{"line":815,"column":72}},"290":{"start":{"line":816,"column":18},"end":{"line":818,"column":19}},"291":{"start":{"line":817,"column":22},"end":{"line":817,"column":31}},"292":{"start":{"line":820,"column":14},"end":{"line":820,"column":24}},"293":{"start":{"line":829,"column":10},"end":{"line":829,"column":22}},"294":{"start":{"line":832,"column":10},"end":{"line":834,"column":13}},"295":{"start":{"line":833,"column":14},"end":{"line":833,"column":34}},"296":{"start":{"line":837,"column":10},"end":{"line":846,"column":13}},"297":{"start":{"line":838,"column":26},"end":{"line":838,"column":45}},"298":{"start":{"line":839,"column":29},"end":{"line":839,"column":58}},"299":{"start":{"line":840,"column":14},"end":{"line":844,"column":15}},"300":{"start":{"line":840,"column":27},"end":{"line":840,"column":28}},"301":{"start":{"line":840,"column":36},"end":{"line":840,"column":46}},"302":{"start":{"line":841,"column":18},"end":{"line":843,"column":19}},"303":{"start":{"line":842,"column":22},"end":{"line":842,"column":53}},"304":{"start":{"line":845,"column":14},"end":{"line":845,"column":28}},"305":{"start":{"line":849,"column":10},"end":{"line":851,"column":13}},"306":{"start":{"line":850,"column":14},"end":{"line":850,"column":70}},"307":{"start":{"line":854,"column":10},"end":{"line":857,"column":13}},"308":{"start":{"line":855,"column":26},"end":{"line":855,"column":45}},"309":{"start":{"line":856,"column":14},"end":{"line":856,"column":61}},"310":{"start":{"line":860,"column":10},"end":{"line":860,"column":53}},"311":{"start":{"line":863,"column":10},"end":{"line":873,"column":13}},"312":{"start":{"line":864,"column":14},"end":{"line":871,"column":15}},"313":{"start":{"line":864,"column":27},"end":{"line":864,"column":28}},"314":{"start":{"line":864,"column":36},"end":{"line":864,"column":52}},"315":{"start":{"line":865,"column":18},"end":{"line":870,"column":19}},"316":{"start":{"line":866,"column":22},"end":{"line":866,"column":76}},"317":{"start":{"line":869,"column":22},"end":{"line":869,"column":41}},"318":{"start":{"line":872,"column":14},"end":{"line":872,"column":25}},"319":{"start":{"line":876,"column":10},"end":{"line":886,"column":13}},"320":{"start":{"line":877,"column":14},"end":{"line":884,"column":15}},"321":{"start":{"line":877,"column":27},"end":{"line":877,"column":47}},"322":{"start":{"line":878,"column":18},"end":{"line":883,"column":19}},"323":{"start":{"line":879,"column":22},"end":{"line":879,"column":79}},"324":{"start":{"line":882,"column":22},"end":{"line":882,"column":41}},"325":{"start":{"line":885,"column":14},"end":{"line":885,"column":25}},"326":{"start":{"line":889,"column":10},"end":{"line":891,"column":13}},"327":{"start":{"line":890,"column":14},"end":{"line":890,"column":67}},"328":{"start":{"line":894,"column":10},"end":{"line":896,"column":13}},"329":{"start":{"line":895,"column":14},"end":{"line":895,"column":94}},"330":{"start":{"line":895,"column":63},"end":{"line":895,"column":91}},"331":{"start":{"line":911,"column":10},"end":{"line":911,"column":26}},"332":{"start":{"line":912,"column":10},"end":{"line":912,"column":39}},"333":{"start":{"line":917,"column":10},"end":{"line":917,"column":27}},"334":{"start":{"line":924,"column":10},"end":{"line":924,"column":27}},"335":{"start":{"line":925,"column":10},"end":{"line":925,"column":42}},"336":{"start":{"line":928,"column":10},"end":{"line":928,"column":28}},"337":{"start":{"line":936,"column":25},"end":{"line":936,"column":41}},"338":{"start":{"line":937,"column":10},"end":{"line":939,"column":11}},"339":{"start":{"line":938,"column":14},"end":{"line":938,"column":28}},"340":{"start":{"line":940,"column":10},"end":{"line":940,"column":40}},"341":{"start":{"line":941,"column":10},"end":{"line":941,"column":24}},"342":{"start":{"line":944,"column":10},"end":{"line":944,"column":69}},"343":{"start":{"line":947,"column":10},"end":{"line":947,"column":66}},"344":{"start":{"line":950,"column":10},"end":{"line":950,"column":70}},"345":{"start":{"line":953,"column":10},"end":{"line":953,"column":67}},"346":{"start":{"line":956,"column":10},"end":{"line":956,"column":69}},"347":{"start":{"line":959,"column":10},"end":{"line":959,"column":67}},"348":{"start":{"line":962,"column":10},"end":{"line":962,"column":77}},"349":{"start":{"line":965,"column":10},"end":{"line":965,"column":74}},"350":{"start":{"line":968,"column":10},"end":{"line":968,"column":75}},"351":{"start":{"line":971,"column":10},"end":{"line":971,"column":74}},"352":{"start":{"line":974,"column":10},"end":{"line":974,"column":79}},"353":{"start":{"line":977,"column":10},"end":{"line":977,"column":81}},"354":{"start":{"line":980,"column":10},"end":{"line":980,"column":86}},"355":{"start":{"line":986,"column":10},"end":{"line":1012,"column":13}},"356":{"start":{"line":987,"column":14},"end":{"line":1011,"column":15}},"357":{"start":{"line":988,"column":35},"end":{"line":988,"column":65}},"358":{"start":{"line":989,"column":31},"end":{"line":989,"column":40}},"359":{"start":{"line":990,"column":18},"end":{"line":1001,"column":19}},"360":{"start":{"line":991,"column":22},"end":{"line":991,"column":114}},"361":{"start":{"line":992,"column":22},"end":{"line":1000,"column":23}},"362":{"start":{"line":993,"column":26},"end":{"line":993,"column":54}},"363":{"start":{"line":996,"column":26},"end":{"line":998,"column":27}},"364":{"start":{"line":997,"column":30},"end":{"line":997,"column":50}},"365":{"start":{"line":999,"column":26},"end":{"line":999,"column":44}},"366":{"start":{"line":1002,"column":18},"end":{"line":1004,"column":19}},"367":{"start":{"line":1003,"column":22},"end":{"line":1003,"column":42}},"368":{"start":{"line":1005,"column":18},"end":{"line":1005,"column":32}},"369":{"start":{"line":1008,"column":18},"end":{"line":1010,"column":19}},"370":{"start":{"line":1009,"column":22},"end":{"line":1009,"column":38}},"371":{"start":{"line":1018,"column":10},"end":{"line":1018,"column":29}},"372":{"start":{"line":1024,"column":10},"end":{"line":1026,"column":11}},"373":{"start":{"line":1025,"column":14},"end":{"line":1025,"column":23}},"374":{"start":{"line":1029,"column":25},"end":{"line":1029,"column":53}},"375":{"start":{"line":1030,"column":10},"end":{"line":1030,"column":49}},"376":{"start":{"line":1031,"column":10},"end":{"line":1031,"column":24}},"377":{"start":{"line":1036,"column":6},"end":{"line":1038,"column":9}},"378":{"start":{"line":1037,"column":10},"end":{"line":1037,"column":52}},"379":{"start":{"line":1048,"column":6},"end":{"line":1048,"column":37}},"380":{"start":{"line":1054,"column":20},"end":{"line":1054,"column":38}},"381":{"start":{"line":1058,"column":22},"end":{"line":1058,"column":31}},"382":{"start":{"line":1062,"column":20},"end":{"line":1062,"column":89}},"383":{"start":{"line":1066,"column":19},"end":{"line":1066,"column":82}},"384":{"start":{"line":1070,"column":24},"end":{"line":1070,"column":60}},"385":{"start":{"line":1075,"column":21},"end":{"line":1075,"column":32}},"386":{"start":{"line":1079,"column":21},"end":{"line":1079,"column":102}},"387":{"start":{"line":1083,"column":23},"end":{"line":1083,"column":32}},"388":{"start":{"line":1095,"column":10},"end":{"line":1095,"column":54}},"389":{"start":{"line":1103,"column":10},"end":{"line":1103,"column":67}},"390":{"start":{"line":1111,"column":10},"end":{"line":1113,"column":11}},"391":{"start":{"line":1112,"column":14},"end":{"line":1112,"column":27}},"392":{"start":{"line":1114,"column":10},"end":{"line":1114,"column":37}},"393":{"start":{"line":1122,"column":10},"end":{"line":1122,"column":66}},"394":{"start":{"line":1130,"column":10},"end":{"line":1130,"column":64}},"395":{"start":{"line":1138,"column":10},"end":{"line":1138,"column":63}},"396":{"start":{"line":1148,"column":10},"end":{"line":1148,"column":84}},"397":{"start":{"line":1156,"column":10},"end":{"line":1156,"column":68}},"398":{"start":{"line":1164,"column":10},"end":{"line":1164,"column":65}},"399":{"start":{"line":1172,"column":10},"end":{"line":1172,"column":65}},"400":{"start":{"line":1180,"column":10},"end":{"line":1180,"column":67}},"401":{"start":{"line":1187,"column":26},"end":{"line":1187,"column":41}},"402":{"start":{"line":1193,"column":2},"end":{"line":1212,"column":26}},"403":{"start":{"line":1194,"column":6},"end":{"line":1194,"column":42}},"404":{"start":{"line":1195,"column":6},"end":{"line":1195,"column":42}},"405":{"start":{"line":1196,"column":6},"end":{"line":1196,"column":44}},"406":{"start":{"line":1197,"column":6},"end":{"line":1197,"column":48}},"407":{"start":{"line":1198,"column":6},"end":{"line":1198,"column":38}},"408":{"start":{"line":1199,"column":6},"end":{"line":1199,"column":42}},"409":{"start":{"line":1200,"column":6},"end":{"line":1200,"column":52}},"410":{"start":{"line":1201,"column":6},"end":{"line":1201,"column":42}},"411":{"start":{"line":1202,"column":6},"end":{"line":1202,"column":40}},"412":{"start":{"line":1203,"column":6},"end":{"line":1203,"column":46}},"413":{"start":{"line":1204,"column":6},"end":{"line":1204,"column":39}},"414":{"start":{"line":1205,"column":6},"end":{"line":1205,"column":39}},"415":{"start":{"line":1206,"column":6},"end":{"line":1206,"column":39}},"416":{"start":{"line":1207,"column":6},"end":{"line":1207,"column":43}},"417":{"start":{"line":1208,"column":6},"end":{"line":1208,"column":53}},"418":{"start":{"line":1209,"column":6},"end":{"line":1209,"column":61}},"419":{"start":{"line":1210,"column":6},"end":{"line":1210,"column":61}},"420":{"start":{"line":1211,"column":6},"end":{"line":1211,"column":47}},"421":{"start":{"line":1224,"column":10},"end":{"line":1231,"column":11}},"422":{"start":{"line":1225,"column":14},"end":{"line":1230,"column":15}},"423":{"start":{"line":1226,"column":31},"end":{"line":1226,"column":38}},"424":{"start":{"line":1227,"column":18},"end":{"line":1229,"column":19}},"425":{"start":{"line":1228,"column":22},"end":{"line":1228,"column":40}},"426":{"start":{"line":1232,"column":10},"end":{"line":1232,"column":37}},"427":{"start":{"line":1240,"column":10},"end":{"line":1240,"column":60}},"428":{"start":{"line":1248,"column":10},"end":{"line":1248,"column":41}},"429":{"start":{"line":1256,"column":10},"end":{"line":1256,"column":41}},"430":{"start":{"line":1264,"column":10},"end":{"line":1264,"column":42}},"431":{"start":{"line":1272,"column":10},"end":{"line":1272,"column":41}},"432":{"start":{"line":1280,"column":10},"end":{"line":1280,"column":35}},"433":{"start":{"line":1288,"column":10},"end":{"line":1288,"column":30}},"434":{"start":{"line":1296,"column":10},"end":{"line":1298,"column":43}},"435":{"start":{"line":1307,"column":10},"end":{"line":1309,"column":39}},"436":{"start":{"line":1317,"column":10},"end":{"line":1317,"column":36}},"437":{"start":{"line":1325,"column":10},"end":{"line":1325,"column":60}},"438":{"start":{"line":1333,"column":10},"end":{"line":1333,"column":56}},"439":{"start":{"line":1341,"column":10},"end":{"line":1341,"column":56}},"440":{"start":{"line":1349,"column":10},"end":{"line":1349,"column":56}},"441":{"start":{"line":1357,"column":10},"end":{"line":1357,"column":83}},"442":{"start":{"line":1365,"column":10},"end":{"line":1365,"column":63}},"443":{"start":{"line":1373,"column":10},"end":{"line":1375,"column":71}},"444":{"start":{"line":1383,"column":10},"end":{"line":1383,"column":83}},"445":{"start":{"line":1391,"column":10},"end":{"line":1391,"column":76}},"446":{"start":{"line":1397,"column":2},"end":{"line":1397,"column":28}},"447":{"start":{"line":1408,"column":22},"end":{"line":1408,"column":66}},"448":{"start":{"line":1409,"column":6},"end":{"line":1415,"column":7}},"449":{"start":{"line":1410,"column":22},"end":{"line":1410,"column":33}},"450":{"start":{"line":1411,"column":10},"end":{"line":1411,"column":72}},"451":{"start":{"line":1411,"column":58},"end":{"line":1411,"column":64}},"452":{"start":{"line":1414,"column":10},"end":{"line":1414,"column":24}},"453":{"start":{"line":1424,"column":21},"end":{"line":1424,"column":67}},"454":{"start":{"line":1425,"column":6},"end":{"line":1429,"column":23}},"455":{"start":{"line":1426,"column":10},"end":{"line":1428,"column":12}},"456":{"start":{"line":1427,"column":14},"end":{"line":1427,"column":65}},"457":{"start":{"line":1427,"column":36},"end":{"line":1427,"column":63}},"458":{"start":{"line":1438,"column":6},"end":{"line":1438,"column":57}},"459":{"start":{"line":1447,"column":35},"end":{"line":1447,"column":48}},"460":{"start":{"line":1448,"column":17},"end":{"line":1448,"column":26}},"461":{"start":{"line":1449,"column":6},"end":{"line":1452,"column":22}},"462":{"start":{"line":1450,"column":10},"end":{"line":1450,"column":37}},"463":{"start":{"line":1451,"column":10},"end":{"line":1451,"column":21}},"464":{"start":{"line":1463,"column":6},"end":{"line":1463,"column":21}},"465":{"start":{"line":1464,"column":6},"end":{"line":1464,"column":17}},"466":{"start":{"line":1465,"column":19},"end":{"line":1465,"column":21}},"467":{"start":{"line":1466,"column":18},"end":{"line":1466,"column":27}},"468":{"start":{"line":1468,"column":6},"end":{"line":1476,"column":20}},"469":{"start":{"line":1469,"column":20},"end":{"line":1469,"column":41}},"470":{"start":{"line":1471,"column":10},"end":{"line":1473,"column":11}},"471":{"start":{"line":1472,"column":14},"end":{"line":1472,"column":33}},"472":{"start":{"line":1474,"column":10},"end":{"line":1474,"column":56}},"473":{"start":{"line":1475,"column":10},"end":{"line":1475,"column":21}},"474":{"start":{"line":1487,"column":18},"end":{"line":1487,"column":20}},"475":{"start":{"line":1488,"column":6},"end":{"line":1490,"column":7}},"476":{"start":{"line":1488,"column":19},"end":{"line":1488,"column":24}},"477":{"start":{"line":1489,"column":10},"end":{"line":1489,"column":22}},"478":{"start":{"line":1491,"column":6},"end":{"line":1491,"column":17}},"479":{"start":{"line":1503,"column":18},"end":{"line":1503,"column":27}},"480":{"start":{"line":1504,"column":18},"end":{"line":1504,"column":27}},"481":{"start":{"line":1505,"column":6},"end":{"line":1511,"column":13}},"482":{"start":{"line":1506,"column":20},"end":{"line":1506,"column":37}},"483":{"start":{"line":1507,"column":10},"end":{"line":1509,"column":11}},"484":{"start":{"line":1508,"column":14},"end":{"line":1508,"column":53}},"485":{"start":{"line":1510,"column":10},"end":{"line":1510,"column":21}},"486":{"start":{"line":1521,"column":18},"end":{"line":1521,"column":27}},"487":{"start":{"line":1522,"column":18},"end":{"line":1522,"column":27}},"488":{"start":{"line":1523,"column":6},"end":{"line":1530,"column":9}},"489":{"start":{"line":1524,"column":20},"end":{"line":1524,"column":35}},"490":{"start":{"line":1525,"column":10},"end":{"line":1527,"column":11}},"491":{"start":{"line":1526,"column":14},"end":{"line":1526,"column":27}},"492":{"start":{"line":1528,"column":10},"end":{"line":1528,"column":21}},"493":{"start":{"line":1529,"column":10},"end":{"line":1529,"column":22}},"494":{"start":{"line":1541,"column":18},"end":{"line":1541,"column":27}},"495":{"start":{"line":1542,"column":18},"end":{"line":1542,"column":27}},"496":{"start":{"line":1543,"column":6},"end":{"line":1543,"column":117}},"497":{"start":{"line":1543,"column":51},"end":{"line":1543,"column":104}},"498":{"start":{"line":1558,"column":10},"end":{"line":1558,"column":27}},"499":{"start":{"line":1559,"column":10},"end":{"line":1559,"column":31}},"500":{"start":{"line":1560,"column":10},"end":{"line":1560,"column":29}},"501":{"start":{"line":1561,"column":10},"end":{"line":1561,"column":29}},"502":{"start":{"line":1567,"column":22},"end":{"line":1574,"column":36}},"503":{"start":{"line":1578,"column":28},"end":{"line":1584,"column":33}},"504":{"start":{"line":1588,"column":27},"end":{"line":1601,"column":3}},"505":{"start":{"line":1609,"column":18},"end":{"line":1609,"column":28}},"506":{"start":{"line":1610,"column":6},"end":{"line":1610,"column":66}},"507":{"start":{"line":1612,"column":24},"end":{"line":1612,"column":26}},"508":{"start":{"line":1613,"column":6},"end":{"line":1625,"column":7}},"509":{"start":{"line":1614,"column":25},"end":{"line":1614,"column":42}},"510":{"start":{"line":1615,"column":10},"end":{"line":1624,"column":11}},"511":{"start":{"line":1616,"column":31},"end":{"line":1616,"column":50}},"512":{"start":{"line":1617,"column":31},"end":{"line":1617,"column":58}},"513":{"start":{"line":1618,"column":28},"end":{"line":1618,"column":49}},"514":{"start":{"line":1619,"column":14},"end":{"line":1619,"column":52}},"515":{"start":{"line":1620,"column":14},"end":{"line":1620,"column":98}},"516":{"start":{"line":1623,"column":14},"end":{"line":1623,"column":96}},"517":{"start":{"line":1627,"column":6},"end":{"line":1627,"column":53}},"518":{"start":{"line":1628,"column":6},"end":{"line":1630,"column":7}},"519":{"start":{"line":1629,"column":10},"end":{"line":1629,"column":22}},"520":{"start":{"line":1632,"column":6},"end":{"line":1655,"column":9}},"521":{"start":{"line":1634,"column":34},"end":{"line":1634,"column":40}},"522":{"start":{"line":1637,"column":10},"end":{"line":1637,"column":35}},"523":{"start":{"line":1641,"column":32},"end":{"line":1641,"column":67}},"524":{"start":{"line":1642,"column":10},"end":{"line":1645,"column":11}},"525":{"start":{"line":1643,"column":14},"end":{"line":1643,"column":54}},"526":{"start":{"line":1644,"column":14},"end":{"line":1644,"column":46}},"527":{"start":{"line":1646,"column":10},"end":{"line":1646,"column":24}},"528":{"start":{"line":1650,"column":32},"end":{"line":1650,"column":60}},"529":{"start":{"line":1651,"column":10},"end":{"line":1654,"column":11}},"530":{"start":{"line":1652,"column":14},"end":{"line":1652,"column":54}},"531":{"start":{"line":1653,"column":14},"end":{"line":1653,"column":52}},"532":{"start":{"line":1657,"column":18},"end":{"line":1657,"column":78}},"533":{"start":{"line":1657,"column":48},"end":{"line":1657,"column":57}},"534":{"start":{"line":1657,"column":67},"end":{"line":1657,"column":77}},"535":{"start":{"line":1658,"column":6},"end":{"line":1663,"column":7}},"536":{"start":{"line":1659,"column":10},"end":{"line":1662,"column":40}},"537":{"start":{"line":1665,"column":18},"end":{"line":1665,"column":51}},"538":{"start":{"line":1665,"column":28},"end":{"line":1665,"column":51}},"539":{"start":{"line":1666,"column":19},"end":{"line":1666,"column":30}},"540":{"start":{"line":1667,"column":20},"end":{"line":1667,"column":32}},"541":{"start":{"line":1668,"column":18},"end":{"line":1668,"column":28}},"542":{"start":{"line":1669,"column":19},"end":{"line":1669,"column":30}},"543":{"start":{"line":1670,"column":21},"end":{"line":1670,"column":34}},"544":{"start":{"line":1671,"column":21},"end":{"line":1671,"column":34}},"545":{"start":{"line":1672,"column":27},"end":{"line":1672,"column":46}},"546":{"start":{"line":1673,"column":6},"end":{"line":1675,"column":7}},"547":{"start":{"line":1674,"column":10},"end":{"line":1674,"column":22}},"548":{"start":{"line":1676,"column":6},"end":{"line":1680,"column":7}},"549":{"start":{"line":1679,"column":10},"end":{"line":1679,"column":22}},"550":{"start":{"line":1681,"column":6},"end":{"line":1686,"column":7}},"551":{"start":{"line":1685,"column":10},"end":{"line":1685,"column":22}},"552":{"start":{"line":1687,"column":6},"end":{"line":1687,"column":80}},"553":{"start":{"line":1699,"column":6},"end":{"line":1699,"column":37}},"554":{"start":{"line":1708,"column":18},"end":{"line":1708,"column":52}},"555":{"start":{"line":1709,"column":6},"end":{"line":1709,"column":35}},"556":{"start":{"line":1710,"column":6},"end":{"line":1710,"column":32}},"557":{"start":{"line":1711,"column":6},"end":{"line":1711,"column":37}},"558":{"start":{"line":1712,"column":6},"end":{"line":1712,"column":23}},"559":{"start":{"line":1713,"column":6},"end":{"line":1713,"column":19}},"560":{"start":{"line":1714,"column":18},"end":{"line":1714,"column":46}},"561":{"start":{"line":1715,"column":6},"end":{"line":1715,"column":37}},"562":{"start":{"line":1716,"column":6},"end":{"line":1716,"column":17}},"563":{"start":{"line":1725,"column":19},"end":{"line":1725,"column":48}},"564":{"start":{"line":1726,"column":6},"end":{"line":1726,"column":27}},"565":{"start":{"line":1727,"column":6},"end":{"line":1727,"column":37}},"566":{"start":{"line":1736,"column":6},"end":{"line":1736,"column":31}},"567":{"start":{"line":1746,"column":6},"end":{"line":1746,"column":35}},"568":{"start":{"line":1756,"column":6},"end":{"line":1756,"column":17}},"569":{"start":{"line":1757,"column":6},"end":{"line":1757,"column":39}},"570":{"start":{"line":1767,"column":20},"end":{"line":1767,"column":28}},"571":{"start":{"line":1768,"column":6},"end":{"line":1768,"column":69}},"572":{"start":{"line":1769,"column":6},"end":{"line":1769,"column":49}},"573":{"start":{"line":1778,"column":6},"end":{"line":1780,"column":7}},"574":{"start":{"line":1779,"column":10},"end":{"line":1779,"column":21}},"575":{"start":{"line":1781,"column":6},"end":{"line":1781,"column":31}},"576":{"start":{"line":1791,"column":23},"end":{"line":1791,"column":74}},"577":{"start":{"line":1792,"column":6},"end":{"line":1795,"column":82}},"578":{"start":{"line":1804,"column":6},"end":{"line":1804,"column":25}},"579":{"start":{"line":1806,"column":20},"end":{"line":1815,"column":4}},"580":{"start":{"line":1808,"column":10},"end":{"line":1810,"column":19}},"581":{"start":{"line":1809,"column":14},"end":{"line":1809,"column":41}},"582":{"start":{"line":1811,"column":10},"end":{"line":1813,"column":19}},"583":{"start":{"line":1812,"column":14},"end":{"line":1812,"column":33}},"584":{"start":{"line":1823,"column":21},"end":{"line":1823,"column":37}},"585":{"start":{"line":1824,"column":6},"end":{"line":1826,"column":7}},"586":{"start":{"line":1825,"column":10},"end":{"line":1825,"column":22}},"587":{"start":{"line":1827,"column":6},"end":{"line":1827,"column":36}},"588":{"start":{"line":1838,"column":20},"end":{"line":1838,"column":41}},"589":{"start":{"line":1839,"column":20},"end":{"line":1839,"column":28}},"590":{"start":{"line":1840,"column":6},"end":{"line":1840,"column":74}},"591":{"start":{"line":1841,"column":6},"end":{"line":1841,"column":35}},"592":{"start":{"line":1852,"column":6},"end":{"line":1852,"column":47}},"593":{"start":{"line":1866,"column":14},"end":{"line":1866,"column":27}},"594":{"start":{"line":1867,"column":14},"end":{"line":1867,"column":31}},"595":{"start":{"line":1868,"column":14},"end":{"line":1868,"column":39}},"596":{"start":{"line":1869,"column":14},"end":{"line":1869,"column":43}},"597":{"start":{"line":1875,"column":39},"end":{"line":1875,"column":64}},"598":{"start":{"line":1876,"column":42},"end":{"line":1876,"column":80}},"599":{"start":{"line":1877,"column":42},"end":{"line":1877,"column":70}},"600":{"start":{"line":1878,"column":45},"end":{"line":1878,"column":86}},"601":{"start":{"line":1879,"column":21},"end":{"line":1879,"column":23}},"602":{"start":{"line":1889,"column":10},"end":{"line":1889,"column":84}},"603":{"start":{"line":1891,"column":10},"end":{"line":1891,"column":67}},"604":{"start":{"line":1893,"column":10},"end":{"line":1893,"column":51}},"605":{"start":{"line":1903,"column":10},"end":{"line":1905,"column":46}},"606":{"start":{"line":1906,"column":34},"end":{"line":1909,"column":36}},"607":{"start":{"line":1908,"column":30},"end":{"line":1908,"column":79}},"608":{"start":{"line":1909,"column":27},"end":{"line":1909,"column":35}},"609":{"start":{"line":1910,"column":10},"end":{"line":1913,"column":13}},"610":{"start":{"line":1911,"column":24},"end":{"line":1911,"column":33}},"611":{"start":{"line":1912,"column":14},"end":{"line":1912,"column":83}},"612":{"start":{"line":1914,"column":10},"end":{"line":1914,"column":82}},"613":{"start":{"line":1914,"column":41},"end":{"line":1914,"column":46}},"614":{"start":{"line":1914,"column":61},"end":{"line":1914,"column":80}},"615":{"start":{"line":1916,"column":6},"end":{"line":1916,"column":92}},"616":{"start":{"line":1918,"column":6},"end":{"line":1918,"column":119}},"617":{"start":{"line":1928,"column":6},"end":{"line":1930,"column":7}},"618":{"start":{"line":1929,"column":10},"end":{"line":1929,"column":20}},"619":{"start":{"line":1931,"column":6},"end":{"line":1933,"column":7}},"620":{"start":{"line":1932,"column":10},"end":{"line":1932,"column":38}},"621":{"start":{"line":1934,"column":6},"end":{"line":1934,"column":31}},"622":{"start":{"line":1945,"column":6},"end":{"line":1948,"column":7}},"623":{"start":{"line":1946,"column":20},"end":{"line":1946,"column":26}},"624":{"start":{"line":1947,"column":10},"end":{"line":1947,"column":38}},"625":{"start":{"line":1949,"column":6},"end":{"line":1949,"column":16}},"626":{"start":{"line":1959,"column":6},"end":{"line":1959,"column":42}},"627":{"start":{"line":1959,"column":26},"end":{"line":1959,"column":40}},"628":{"start":{"line":1960,"column":6},"end":{"line":1960,"column":16}},"629":{"start":{"line":1971,"column":6},"end":{"line":1973,"column":7}},"630":{"start":{"line":1972,"column":10},"end":{"line":1972,"column":28}},"631":{"start":{"line":1974,"column":6},"end":{"line":1974,"column":16}},"632":{"start":{"line":1986,"column":6},"end":{"line":1986,"column":28}},"633":{"start":{"line":1995,"column":6},"end":{"line":2003,"column":25}},"634":{"start":{"line":1996,"column":10},"end":{"line":2001,"column":11}},"635":{"start":{"line":1997,"column":14},"end":{"line":1997,"column":31}},"636":{"start":{"line":2000,"column":14},"end":{"line":2000,"column":47}},"637":{"start":{"line":2002,"column":10},"end":{"line":2002,"column":21}},"638":{"start":{"line":2021,"column":19},"end":{"line":2021,"column":23}},"639":{"start":{"line":2022,"column":6},"end":{"line":2031,"column":9}},"640":{"start":{"line":2024,"column":14},"end":{"line":2029,"column":17}},"641":{"start":{"line":2025,"column":18},"end":{"line":2026,"column":41}},"642":{"start":{"line":2026,"column":22},"end":{"line":2026,"column":41}},"643":{"start":{"line":2027,"column":18},"end":{"line":2027,"column":100}},"644":{"start":{"line":2027,"column":42},"end":{"line":2027,"column":91}},"645":{"start":{"line":2028,"column":18},"end":{"line":2028,"column":59}},"646":{"start":{"line":2028,"column":35},"end":{"line":2028,"column":50}},"647":{"start":{"line":2041,"column":6},"end":{"line":2048,"column":9}},"648":{"start":{"line":2043,"column":14},"end":{"line":2045,"column":15}},"649":{"start":{"line":2044,"column":18},"end":{"line":2044,"column":72}},"650":{"start":{"line":2046,"column":14},"end":{"line":2046,"column":30}},"651":{"start":{"line":2060,"column":10},"end":{"line":2060,"column":36}},"652":{"start":{"line":2071,"column":10},"end":{"line":2071,"column":36}},"653":{"start":{"line":2081,"column":10},"end":{"line":2081,"column":42}},"654":{"start":{"line":2082,"column":10},"end":{"line":2082,"column":23}},"655":{"start":{"line":2091,"column":24},"end":{"line":2091,"column":48}},"656":{"start":{"line":2092,"column":10},"end":{"line":2094,"column":11}},"657":{"start":{"line":2093,"column":14},"end":{"line":2093,"column":26}},"658":{"start":{"line":2096,"column":10},"end":{"line":2096,"column":36}},"659":{"start":{"line":2102,"column":10},"end":{"line":2104,"column":11}},"660":{"start":{"line":2103,"column":14},"end":{"line":2103,"column":23}},"661":{"start":{"line":2121,"column":17},"end":{"line":2121,"column":18}},"662":{"start":{"line":2123,"column":6},"end":{"line":2136,"column":9}},"663":{"start":{"line":2125,"column":14},"end":{"line":2134,"column":17}},"664":{"start":{"line":2126,"column":31},"end":{"line":2126,"column":41}},"665":{"start":{"line":2127,"column":18},"end":{"line":2132,"column":19}},"666":{"start":{"line":2128,"column":22},"end":{"line":2128,"column":68}},"667":{"start":{"line":2129,"column":22},"end":{"line":2129,"column":34}},"668":{"start":{"line":2130,"column":22},"end":{"line":2130,"column":38}},"669":{"start":{"line":2131,"column":22},"end":{"line":2131,"column":29}},"670":{"start":{"line":2133,"column":18},"end":{"line":2133,"column":34}},"671":{"start":{"line":2146,"column":20},"end":{"line":2146,"column":37}},"672":{"start":{"line":2147,"column":18},"end":{"line":2147,"column":22}},"673":{"start":{"line":2148,"column":6},"end":{"line":2148,"column":67}},"674":{"start":{"line":2148,"column":40},"end":{"line":2148,"column":65}},"675":{"start":{"line":2159,"column":20},"end":{"line":2159,"column":21}},"676":{"start":{"line":2160,"column":6},"end":{"line":2172,"column":9}},"677":{"start":{"line":2161,"column":24},"end":{"line":2171,"column":22}},"678":{"start":{"line":2162,"column":14},"end":{"line":2165,"column":15}},"679":{"start":{"line":2163,"column":18},"end":{"line":2163,"column":39}},"680":{"start":{"line":2164,"column":18},"end":{"line":2164,"column":28}},"681":{"start":{"line":2166,"column":14},"end":{"line":2166,"column":24}},"682":{"start":{"line":2167,"column":14},"end":{"line":2170,"column":15}},"683":{"start":{"line":2168,"column":18},"end":{"line":2168,"column":39}},"684":{"start":{"line":2169,"column":18},"end":{"line":2169,"column":65}},"685":{"start":{"line":2183,"column":19},"end":{"line":2183,"column":23}},"686":{"start":{"line":2184,"column":20},"end":{"line":2190,"column":18}},"687":{"start":{"line":2185,"column":25},"end":{"line":2185,"column":29}},"688":{"start":{"line":2186,"column":10},"end":{"line":2189,"column":11}},"689":{"start":{"line":2187,"column":14},"end":{"line":2187,"column":39}},"690":{"start":{"line":2188,"column":14},"end":{"line":2188,"column":30}},"691":{"start":{"line":2191,"column":6},"end":{"line":2191,"column":40}},"692":{"start":{"line":2191,"column":19},"end":{"line":2191,"column":39}},"693":{"start":{"line":2202,"column":22},"end":{"line":2216,"column":7}},"694":{"start":{"line":2204,"column":14},"end":{"line":2210,"column":15}},"695":{"start":{"line":2206,"column":18},"end":{"line":2206,"column":68}},"696":{"start":{"line":2209,"column":18},"end":{"line":2209,"column":48}},"697":{"start":{"line":2213,"column":14},"end":{"line":2213,"column":37}},"698":{"start":{"line":2214,"column":14},"end":{"line":2214,"column":47}},"699":{"start":{"line":2217,"column":6},"end":{"line":2217,"column":40}},"700":{"start":{"line":2229,"column":6},"end":{"line":2231,"column":7}},"701":{"start":{"line":2230,"column":10},"end":{"line":2230,"column":20}},"702":{"start":{"line":2232,"column":6},"end":{"line":2232,"column":40}},"703":{"start":{"line":2244,"column":6},"end":{"line":2244,"column":116}},"704":{"start":{"line":2244,"column":50},"end":{"line":2244,"column":109}},"705":{"start":{"line":2254,"column":6},"end":{"line":2254,"column":42}},"706":{"start":{"line":2264,"column":6},"end":{"line":2264,"column":44}},"707":{"start":{"line":2273,"column":6},"end":{"line":2275,"column":7}},"708":{"start":{"line":2274,"column":10},"end":{"line":2274,"column":21}},"709":{"start":{"line":2276,"column":6},"end":{"line":2276,"column":31}},"710":{"start":{"line":2286,"column":6},"end":{"line":2286,"column":55}},"711":{"start":{"line":2295,"column":6},"end":{"line":2299,"column":13}},"712":{"start":{"line":2296,"column":20},"end":{"line":2296,"column":39}},"713":{"start":{"line":2297,"column":10},"end":{"line":2297,"column":74}},"714":{"start":{"line":2298,"column":10},"end":{"line":2298,"column":21}},"715":{"start":{"line":2308,"column":6},"end":{"line":2311,"column":13}},"716":{"start":{"line":2309,"column":10},"end":{"line":2309,"column":36}},"717":{"start":{"line":2310,"column":10},"end":{"line":2310,"column":21}},"718":{"start":{"line":2322,"column":18},"end":{"line":2322,"column":33}},"719":{"start":{"line":2323,"column":6},"end":{"line":2328,"column":13}},"720":{"start":{"line":2324,"column":10},"end":{"line":2326,"column":11}},"721":{"start":{"line":2325,"column":14},"end":{"line":2325,"column":55}},"722":{"start":{"line":2327,"column":10},"end":{"line":2327,"column":21}},"723":{"start":{"line":2337,"column":18},"end":{"line":2337,"column":20}},"724":{"start":{"line":2338,"column":6},"end":{"line":2340,"column":7}},"725":{"start":{"line":2339,"column":10},"end":{"line":2339,"column":33}},"726":{"start":{"line":2341,"column":6},"end":{"line":2341,"column":17}},"727":{"start":{"line":2345,"column":18},"end":{"line":2345,"column":33}},"728":{"start":{"line":2346,"column":18},"end":{"line":2346,"column":36}},"729":{"start":{"line":2347,"column":6},"end":{"line":2349,"column":7}},"730":{"start":{"line":2348,"column":10},"end":{"line":2348,"column":38}},"731":{"start":{"line":2350,"column":6},"end":{"line":2350,"column":59}},"732":{"start":{"line":2359,"column":25},"end":{"line":2363,"column":7}},"733":{"start":{"line":2364,"column":19},"end":{"line":2364,"column":37}},"734":{"start":{"line":2365,"column":20},"end":{"line":2365,"column":39}},"735":{"start":{"line":2366,"column":19},"end":{"line":2366,"column":74}},"736":{"start":{"line":2366,"column":51},"end":{"line":2366,"column":70}},"737":{"start":{"line":2367,"column":6},"end":{"line":2367,"column":60}},"738":{"start":{"line":2379,"column":10},"end":{"line":2379,"column":76}},"739":{"start":{"line":2387,"column":10},"end":{"line":2387,"column":76}},"740":{"start":{"line":2395,"column":10},"end":{"line":2395,"column":76}},"741":{"start":{"line":2403,"column":10},"end":{"line":2403,"column":96}},"742":{"start":{"line":2411,"column":10},"end":{"line":2411,"column":70}},"743":{"start":{"line":2419,"column":10},"end":{"line":2419,"column":70}},"744":{"start":{"line":2426,"column":24},"end":{"line":2426,"column":37}},"745":{"start":{"line":2431,"column":24},"end":{"line":2431,"column":43}},"746":{"start":{"line":2441,"column":10},"end":{"line":2441,"column":27}},"747":{"start":{"line":2448,"column":10},"end":{"line":2448,"column":41}},"748":{"start":{"line":2456,"column":10},"end":{"line":2456,"column":38}},"749":{"start":{"line":2463,"column":10},"end":{"line":2463,"column":42}},"750":{"start":{"line":2471,"column":10},"end":{"line":2472,"column":29}},"751":{"start":{"line":2480,"column":10},"end":{"line":2480,"column":37}},"752":{"start":{"line":2487,"column":10},"end":{"line":2487,"column":36}},"753":{"start":{"line":2495,"column":10},"end":{"line":2495,"column":49}},"754":{"start":{"line":2502,"column":10},"end":{"line":2502,"column":50}},"755":{"start":{"line":2509,"column":24},"end":{"line":2509,"column":36}},"756":{"start":{"line":2510,"column":10},"end":{"line":2521,"column":11}},"757":{"start":{"line":2511,"column":14},"end":{"line":2511,"column":23}},"758":{"start":{"line":2513,"column":15},"end":{"line":2521,"column":11}},"759":{"start":{"line":2514,"column":14},"end":{"line":2514,"column":23}},"760":{"start":{"line":2516,"column":15},"end":{"line":2521,"column":11}},"761":{"start":{"line":2517,"column":14},"end":{"line":2517,"column":23}},"762":{"start":{"line":2520,"column":14},"end":{"line":2520,"column":23}},"763":{"start":{"line":2528,"column":10},"end":{"line":2528,"column":38}},"764":{"start":{"line":2535,"column":10},"end":{"line":2535,"column":40}},"765":{"start":{"line":2542,"column":10},"end":{"line":2542,"column":40}},"766":{"start":{"line":2549,"column":10},"end":{"line":2549,"column":45}},"767":{"start":{"line":2558,"column":6},"end":{"line":2558,"column":35}},"768":{"start":{"line":2568,"column":6},"end":{"line":2568,"column":44}},"769":{"start":{"line":2581,"column":10},"end":{"line":2581,"column":29}},"770":{"start":{"line":2582,"column":10},"end":{"line":2582,"column":25}},"771":{"start":{"line":2589,"column":10},"end":{"line":2589,"column":59}},"772":{"start":{"line":2596,"column":10},"end":{"line":2596,"column":55}},"773":{"start":{"line":2603,"column":10},"end":{"line":2603,"column":48}},"774":{"start":{"line":2610,"column":10},"end":{"line":2610,"column":48}},"775":{"start":{"line":2617,"column":10},"end":{"line":2617,"column":46}},"776":{"start":{"line":2625,"column":23},"end":{"line":2625,"column":34}},"777":{"start":{"line":2626,"column":24},"end":{"line":2626,"column":67}},"778":{"start":{"line":2627,"column":10},"end":{"line":2627,"column":35}},"779":{"start":{"line":2635,"column":10},"end":{"line":2635,"column":67}},"780":{"start":{"line":2645,"column":6},"end":{"line":2645,"column":41}},"781":{"start":{"line":2658,"column":18},"end":{"line":2658,"column":29}},"782":{"start":{"line":2659,"column":6},"end":{"line":2661,"column":7}},"783":{"start":{"line":2660,"column":10},"end":{"line":2660,"column":22}},"784":{"start":{"line":2662,"column":6},"end":{"line":2664,"column":7}},"785":{"start":{"line":2663,"column":10},"end":{"line":2663,"column":25}},"786":{"start":{"line":2665,"column":6},"end":{"line":2665,"column":18}},"787":{"start":{"line":2676,"column":18},"end":{"line":2676,"column":27}},"788":{"start":{"line":2677,"column":19},"end":{"line":2677,"column":48}},"789":{"start":{"line":2678,"column":6},"end":{"line":2678,"column":66}},"790":{"start":{"line":2678,"column":39},"end":{"line":2678,"column":64}},"791":{"start":{"line":2689,"column":18},"end":{"line":2689,"column":27}},"792":{"start":{"line":2691,"column":23},"end":{"line":2691,"column":45}},"793":{"start":{"line":2692,"column":23},"end":{"line":2692,"column":46}},"794":{"start":{"line":2693,"column":25},"end":{"line":2693,"column":84}},"795":{"start":{"line":2693,"column":53},"end":{"line":2693,"column":83}},"796":{"start":{"line":2694,"column":26},"end":{"line":2694,"column":86}},"797":{"start":{"line":2694,"column":55},"end":{"line":2694,"column":85}},"798":{"start":{"line":2695,"column":23},"end":{"line":2695,"column":51}},"799":{"start":{"line":2696,"column":21},"end":{"line":2696,"column":80}},"800":{"start":{"line":2696,"column":49},"end":{"line":2696,"column":79}},"801":{"start":{"line":2697,"column":6},"end":{"line":2697,"column":62}},"802":{"start":{"line":2704,"column":22},"end":{"line":2704,"column":28}},"803":{"start":{"line":2710,"column":6},"end":{"line":2715,"column":7}},"804":{"start":{"line":2710,"column":19},"end":{"line":2710,"column":20}},"805":{"start":{"line":2714,"column":10},"end":{"line":2714,"column":18}},"806":{"start":{"line":2720,"column":20},"end":{"line":2720,"column":44}},"807":{"start":{"line":2726,"column":6},"end":{"line":2726,"column":36}},"808":{"start":{"line":2742,"column":10},"end":{"line":2742,"column":44}},"809":{"start":{"line":2752,"column":10},"end":{"line":2752,"column":42}},"810":{"start":{"line":2768,"column":25},"end":{"line":2768,"column":27}},"811":{"start":{"line":2769,"column":22},"end":{"line":2769,"column":32}},"812":{"start":{"line":2770,"column":20},"end":{"line":2770,"column":21}},"813":{"start":{"line":2771,"column":10},"end":{"line":2779,"column":11}},"814":{"start":{"line":2771,"column":23},"end":{"line":2771,"column":24}},"815":{"start":{"line":2772,"column":24},"end":{"line":2772,"column":37}},"816":{"start":{"line":2773,"column":14},"end":{"line":2778,"column":15}},"817":{"start":{"line":2774,"column":18},"end":{"line":2776,"column":19}},"818":{"start":{"line":2775,"column":22},"end":{"line":2775,"column":57}},"819":{"start":{"line":2777,"column":18},"end":{"line":2777,"column":26}},"820":{"start":{"line":2780,"column":10},"end":{"line":2782,"column":11}},"821":{"start":{"line":2781,"column":14},"end":{"line":2781,"column":58}},"822":{"start":{"line":2783,"column":10},"end":{"line":2783,"column":24}},"823":{"start":{"line":2800,"column":10},"end":{"line":2805,"column":17}},"824":{"start":{"line":2801,"column":26},"end":{"line":2801,"column":40}},"825":{"start":{"line":2802,"column":14},"end":{"line":2804,"column":40}},"826":{"start":{"line":2821,"column":10},"end":{"line":2824,"column":17}},"827":{"start":{"line":2822,"column":26},"end":{"line":2822,"column":40}},"828":{"start":{"line":2823,"column":14},"end":{"line":2823,"column":82}},"829":{"start":{"line":2840,"column":10},"end":{"line":2840,"column":32}},"830":{"start":{"line":2856,"column":10},"end":{"line":2856,"column":49}},"831":{"start":{"line":2872,"column":10},"end":{"line":2872,"column":49}},"832":{"start":{"line":2879,"column":2},"end":{"line":2896,"column":64}},"833":{"start":{"line":2883,"column":6},"end":{"line":2883,"column":62}},"834":{"start":{"line":2887,"column":6},"end":{"line":2887,"column":64}},"835":{"start":{"line":2891,"column":6},"end":{"line":2891,"column":62}},"836":{"start":{"line":2895,"column":6},"end":{"line":2895,"column":80}},"837":{"start":{"line":2910,"column":10},"end":{"line":2921,"column":11}},"838":{"start":{"line":2912,"column":18},"end":{"line":2912,"column":46}},"839":{"start":{"line":2914,"column":18},"end":{"line":2914,"column":47}},"840":{"start":{"line":2916,"column":18},"end":{"line":2916,"column":46}},"841":{"start":{"line":2918,"column":18},"end":{"line":2918,"column":55}},"842":{"start":{"line":2920,"column":18},"end":{"line":2920,"column":70}},"843":{"start":{"line":2943,"column":10},"end":{"line":2943,"column":66}},"844":{"start":{"line":2949,"column":10},"end":{"line":2949,"column":62}},"845":{"start":{"line":2958,"column":10},"end":{"line":2960,"column":11}},"846":{"start":{"line":2959,"column":14},"end":{"line":2959,"column":25}},"847":{"start":{"line":2961,"column":10},"end":{"line":2961,"column":67}},"848":{"start":{"line":2971,"column":52},"end":{"line":2971,"column":110}},"849":{"start":{"line":2972,"column":23},"end":{"line":2972,"column":32}},"850":{"start":{"line":2973,"column":18},"end":{"line":2986,"column":8}},"851":{"start":{"line":2975,"column":26},"end":{"line":2975,"column":40}},"852":{"start":{"line":2976,"column":26},"end":{"line":2976,"column":43}},"853":{"start":{"line":2977,"column":14},"end":{"line":2979,"column":15}},"854":{"start":{"line":2978,"column":18},"end":{"line":2978,"column":29}},"855":{"start":{"line":2980,"column":26},"end":{"line":2980,"column":55}},"856":{"start":{"line":2981,"column":14},"end":{"line":2984,"column":17}},"857":{"start":{"line":2982,"column":18},"end":{"line":2982,"column":41}},"858":{"start":{"line":2983,"column":18},"end":{"line":2983,"column":29}},"859":{"start":{"line":2987,"column":6},"end":{"line":2997,"column":9}},"860":{"start":{"line":2990,"column":14},"end":{"line":2995,"column":15}},"861":{"start":{"line":2991,"column":18},"end":{"line":2991,"column":35}},"862":{"start":{"line":2994,"column":18},"end":{"line":2994,"column":60}},"863":{"start":{"line":2994,"column":38},"end":{"line":2994,"column":58}},"864":{"start":{"line":3008,"column":24},"end":{"line":3014,"column":51}},"865":{"start":{"line":3014,"column":16},"end":{"line":3014,"column":50}},"866":{"start":{"line":3027,"column":10},"end":{"line":3027,"column":41}},"867":{"start":{"line":3038,"column":10},"end":{"line":3038,"column":69}},"868":{"start":{"line":3048,"column":21},"end":{"line":3052,"column":7}},"869":{"start":{"line":3049,"column":10},"end":{"line":3051,"column":11}},"870":{"start":{"line":3050,"column":14},"end":{"line":3050,"column":28}},"871":{"start":{"line":3054,"column":6},"end":{"line":3061,"column":7}},"872":{"start":{"line":3055,"column":10},"end":{"line":3055,"column":30}},"873":{"start":{"line":3057,"column":11},"end":{"line":3061,"column":7}},"874":{"start":{"line":3058,"column":10},"end":{"line":3060,"column":31}},"875":{"start":{"line":3059,"column":24},"end":{"line":3059,"column":43}},"876":{"start":{"line":3062,"column":6},"end":{"line":3062,"column":32}},"877":{"start":{"line":3074,"column":22},"end":{"line":3088,"column":7}},"878":{"start":{"line":3076,"column":22},"end":{"line":3076,"column":44}},"879":{"start":{"line":3077,"column":14},"end":{"line":3079,"column":15}},"880":{"start":{"line":3078,"column":18},"end":{"line":3078,"column":35}},"881":{"start":{"line":3080,"column":14},"end":{"line":3082,"column":15}},"882":{"start":{"line":3081,"column":18},"end":{"line":3081,"column":40}},"883":{"start":{"line":3083,"column":14},"end":{"line":3085,"column":15}},"884":{"start":{"line":3084,"column":18},"end":{"line":3084,"column":27}},"885":{"start":{"line":3086,"column":14},"end":{"line":3086,"column":43}},"886":{"start":{"line":3089,"column":6},"end":{"line":3089,"column":37}},"887":{"start":{"line":3101,"column":23},"end":{"line":3101,"column":58}},"888":{"start":{"line":3101,"column":42},"end":{"line":3101,"column":57}},"889":{"start":{"line":3103,"column":6},"end":{"line":3105,"column":7}},"890":{"start":{"line":3104,"column":10},"end":{"line":3104,"column":33}},"891":{"start":{"line":3113,"column":33},"end":{"line":3113,"column":42}},"892":{"start":{"line":3114,"column":18},"end":{"line":3114,"column":19}},"893":{"start":{"line":3115,"column":26},"end":{"line":3124,"column":12}},"894":{"start":{"line":3116,"column":14},"end":{"line":3120,"column":15}},"895":{"start":{"line":3119,"column":18},"end":{"line":3119,"column":29}},"896":{"start":{"line":3121,"column":14},"end":{"line":3121,"column":36}},"897":{"start":{"line":3123,"column":14},"end":{"line":3123,"column":36}},"898":{"start":{"line":3125,"column":31},"end":{"line":3125,"column":82}},"899":{"start":{"line":3125,"column":59},"end":{"line":3125,"column":81}},"900":{"start":{"line":3126,"column":10},"end":{"line":3126,"column":56}},"901":{"start":{"line":3130,"column":6},"end":{"line":3130,"column":79}},"902":{"start":{"line":3130,"column":55},"end":{"line":3130,"column":70}},"903":{"start":{"line":3132,"column":6},"end":{"line":3132,"column":101}},"904":{"start":{"line":3132,"column":31},"end":{"line":3132,"column":100}},"905":{"start":{"line":3132,"column":73},"end":{"line":3132,"column":85}},"906":{"start":{"line":3133,"column":6},"end":{"line":3133,"column":28}},"907":{"start":{"line":3134,"column":6},"end":{"line":3134,"column":21}},"908":{"start":{"line":3140,"column":2},"end":{"line":3140,"column":24}},"909":{"start":{"line":3150,"column":18},"end":{"line":3150,"column":27}},"910":{"start":{"line":3152,"column":21},"end":{"line":3152,"column":46}},"911":{"start":{"line":3152,"column":39},"end":{"line":3152,"column":45}},"912":{"start":{"line":3155,"column":10},"end":{"line":3157,"column":11}},"913":{"start":{"line":3156,"column":14},"end":{"line":3156,"column":25}},"914":{"start":{"line":3159,"column":30},"end":{"line":3159,"column":56}},"915":{"start":{"line":3160,"column":30},"end":{"line":3160,"column":46}},"916":{"start":{"line":3161,"column":23},"end":{"line":3161,"column":25}},"917":{"start":{"line":3162,"column":24},"end":{"line":3162,"column":26}},"918":{"start":{"line":3163,"column":10},"end":{"line":3174,"column":11}},"919":{"start":{"line":3163,"column":23},"end":{"line":3163,"column":24}},"920":{"start":{"line":3163,"column":32},"end":{"line":3163,"column":42}},"921":{"start":{"line":3164,"column":14},"end":{"line":3166,"column":15}},"922":{"start":{"line":3165,"column":18},"end":{"line":3165,"column":27}},"923":{"start":{"line":3167,"column":24},"end":{"line":3167,"column":30}},"924":{"start":{"line":3168,"column":14},"end":{"line":3173,"column":15}},"925":{"start":{"line":3169,"column":18},"end":{"line":3169,"column":31}},"926":{"start":{"line":3172,"column":18},"end":{"line":3172,"column":32}},"927":{"start":{"line":3175,"column":10},"end":{"line":3177,"column":40}},"928":{"start":{"line":3179,"column":6},"end":{"line":3191,"column":34}},"929":{"start":{"line":3180,"column":21},"end":{"line":3180,"column":37}},"930":{"start":{"line":3181,"column":21},"end":{"line":3181,"column":37}},"931":{"start":{"line":3182,"column":10},"end":{"line":3190,"column":11}},"932":{"start":{"line":3183,"column":14},"end":{"line":3183,"column":23}},"933":{"start":{"line":3185,"column":15},"end":{"line":3190,"column":11}},"934":{"start":{"line":3186,"column":14},"end":{"line":3186,"column":24}},"935":{"start":{"line":3189,"column":14},"end":{"line":3189,"column":23}},"936":{"start":{"line":3191,"column":26},"end":{"line":3191,"column":32}},"937":{"start":{"line":3204,"column":10},"end":{"line":3204,"column":25}},"938":{"start":{"line":3212,"column":10},"end":{"line":3214,"column":11}},"939":{"start":{"line":3213,"column":14},"end":{"line":3213,"column":24}},"940":{"start":{"line":3215,"column":10},"end":{"line":3215,"column":44}},"941":{"start":{"line":3223,"column":10},"end":{"line":3225,"column":11}},"942":{"start":{"line":3224,"column":14},"end":{"line":3224,"column":26}},"943":{"start":{"line":3226,"column":10},"end":{"line":3226,"column":42}},"944":{"start":{"line":3236,"column":10},"end":{"line":3238,"column":11}},"945":{"start":{"line":3237,"column":14},"end":{"line":3237,"column":24}},"946":{"start":{"line":3239,"column":23},"end":{"line":3239,"column":74}},"947":{"start":{"line":3240,"column":10},"end":{"line":3240,"column":44}},"948":{"start":{"line":3246,"column":2},"end":{"line":3246,"column":64}},"949":{"start":{"line":3250,"column":2},"end":{"line":3250,"column":62}},"950":{"start":{"line":3254,"column":2},"end":{"line":3254,"column":77}},"951":{"start":{"line":3264,"column":14},"end":{"line":3264,"column":15}},"952":{"start":{"line":3265,"column":6},"end":{"line":3269,"column":7}},"953":{"start":{"line":3265,"column":19},"end":{"line":3265,"column":20}},"954":{"start":{"line":3265,"column":28},"end":{"line":3265,"column":38}},"955":{"start":{"line":3266,"column":10},"end":{"line":3268,"column":11}},"956":{"start":{"line":3267,"column":14},"end":{"line":3267,"column":23}},"957":{"start":{"line":3270,"column":6},"end":{"line":3270,"column":16}},"958":{"start":{"line":3280,"column":19},"end":{"line":3291,"column":3}},"959":{"start":{"line":3281,"column":6},"end":{"line":3290,"column":8}},"960":{"start":{"line":3282,"column":20},"end":{"line":3282,"column":82}},"961":{"start":{"line":3282,"column":41},"end":{"line":3282,"column":54}},"962":{"start":{"line":3283,"column":22},"end":{"line":3283,"column":41}},"963":{"start":{"line":3285,"column":10},"end":{"line":3287,"column":11}},"964":{"start":{"line":3286,"column":14},"end":{"line":3286,"column":40}},"965":{"start":{"line":3289,"column":10},"end":{"line":3289,"column":55}},"966":{"start":{"line":3302,"column":6},"end":{"line":3302,"column":63}},"967":{"start":{"line":3302,"column":43},"end":{"line":3302,"column":61}},"968":{"start":{"line":3311,"column":6},"end":{"line":3327,"column":7}},"969":{"start":{"line":3312,"column":10},"end":{"line":3312,"column":63}},"970":{"start":{"line":3312,"column":30},"end":{"line":3312,"column":61}},"971":{"start":{"line":3314,"column":11},"end":{"line":3327,"column":7}},"972":{"start":{"line":3315,"column":10},"end":{"line":3315,"column":21}},"973":{"start":{"line":3317,"column":11},"end":{"line":3327,"column":7}},"974":{"start":{"line":3318,"column":23},"end":{"line":3318,"column":52}},"975":{"start":{"line":3319,"column":10},"end":{"line":3323,"column":19}},"976":{"start":{"line":3320,"column":24},"end":{"line":3320,"column":43}},"977":{"start":{"line":3321,"column":14},"end":{"line":3321,"column":67}},"978":{"start":{"line":3322,"column":14},"end":{"line":3322,"column":25}},"979":{"start":{"line":3326,"column":10},"end":{"line":3326,"column":21}},"980":{"start":{"line":3337,"column":6},"end":{"line":3337,"column":47}},"981":{"start":{"line":3352,"column":10},"end":{"line":3352,"column":39}},"982":{"start":{"line":3360,"column":26},"end":{"line":3360,"column":43}},"983":{"start":{"line":3378,"column":10},"end":{"line":3382,"column":12}},"984":{"start":{"line":3386,"column":10},"end":{"line":3386,"column":50}},"985":{"start":{"line":3388,"column":10},"end":{"line":3388,"column":30}},"986":{"start":{"line":3395,"column":10},"end":{"line":3419,"column":13}},"987":{"start":{"line":3396,"column":28},"end":{"line":3396,"column":45}},"988":{"start":{"line":3397,"column":30},"end":{"line":3404,"column":15}},"989":{"start":{"line":3398,"column":30},"end":{"line":3398,"column":42}},"990":{"start":{"line":3399,"column":30},"end":{"line":3399,"column":32}},"991":{"start":{"line":3400,"column":18},"end":{"line":3402,"column":19}},"992":{"start":{"line":3400,"column":31},"end":{"line":3400,"column":32}},"993":{"start":{"line":3401,"column":22},"end":{"line":3401,"column":45}},"994":{"start":{"line":3403,"column":18},"end":{"line":3403,"column":29}},"995":{"start":{"line":3405,"column":14},"end":{"line":3418,"column":63}},"996":{"start":{"line":3407,"column":30},"end":{"line":3407,"column":76}},"997":{"start":{"line":3407,"column":45},"end":{"line":3407,"column":75}},"998":{"start":{"line":3408,"column":38},"end":{"line":3409,"column":57}},"999":{"start":{"line":3412,"column":49},"end":{"line":3412,"column":60}},"1000":{"start":{"line":3413,"column":18},"end":{"line":3415,"column":19}},"1001":{"start":{"line":3414,"column":22},"end":{"line":3414,"column":35}},"1002":{"start":{"line":3416,"column":18},"end":{"line":3416,"column":89}},"1003":{"start":{"line":3418,"column":40},"end":{"line":3418,"column":61}},"1004":{"start":{"line":3430,"column":25},"end":{"line":3430,"column":38}},"1005":{"start":{"line":3431,"column":10},"end":{"line":3433,"column":11}},"1006":{"start":{"line":3432,"column":14},"end":{"line":3432,"column":21}},"1007":{"start":{"line":3434,"column":10},"end":{"line":3434,"column":38}},"1008":{"start":{"line":3443,"column":10},"end":{"line":3443,"column":44}},"1009":{"start":{"line":3454,"column":10},"end":{"line":3462,"column":15}},"1010":{"start":{"line":3473,"column":22},"end":{"line":3473,"column":52}},"1011":{"start":{"line":3474,"column":27},"end":{"line":3474,"column":58}},"1012":{"start":{"line":3474,"column":42},"end":{"line":3474,"column":57}},"1013":{"start":{"line":3475,"column":10},"end":{"line":3478,"column":11}},"1014":{"start":{"line":3477,"column":14},"end":{"line":3477,"column":26}},"1015":{"start":{"line":3479,"column":52},"end":{"line":3483,"column":11}},"1016":{"start":{"line":3485,"column":10},"end":{"line":3488,"column":11}},"1017":{"start":{"line":3486,"column":14},"end":{"line":3486,"column":28}},"1018":{"start":{"line":3487,"column":14},"end":{"line":3487,"column":26}},"1019":{"start":{"line":3489,"column":10},"end":{"line":3495,"column":11}},"1020":{"start":{"line":3490,"column":14},"end":{"line":3490,"column":47}},"1021":{"start":{"line":3493,"column":14},"end":{"line":3493,"column":28}},"1022":{"start":{"line":3494,"column":14},"end":{"line":3494,"column":26}},"1023":{"start":{"line":3505,"column":22},"end":{"line":3505,"column":52}},"1024":{"start":{"line":3509,"column":27},"end":{"line":3509,"column":58}},"1025":{"start":{"line":3509,"column":42},"end":{"line":3509,"column":57}},"1026":{"start":{"line":3510,"column":10},"end":{"line":3513,"column":11}},"1027":{"start":{"line":3512,"column":14},"end":{"line":3512,"column":26}},"1028":{"start":{"line":3514,"column":52},"end":{"line":3518,"column":11}},"1029":{"start":{"line":3520,"column":10},"end":{"line":3523,"column":11}},"1030":{"start":{"line":3521,"column":14},"end":{"line":3521,"column":28}},"1031":{"start":{"line":3522,"column":14},"end":{"line":3522,"column":26}},"1032":{"start":{"line":3524,"column":10},"end":{"line":3532,"column":11}},"1033":{"start":{"line":3525,"column":29},"end":{"line":3525,"column":54}},"1034":{"start":{"line":3526,"column":14},"end":{"line":3526,"column":72}},"1035":{"start":{"line":3527,"column":14},"end":{"line":3527,"column":28}},"1036":{"start":{"line":3530,"column":14},"end":{"line":3530,"column":28}},"1037":{"start":{"line":3531,"column":14},"end":{"line":3531,"column":26}},"1038":{"start":{"line":3539,"column":16},"end":{"line":3539,"column":39}},"1039":{"start":{"line":3554,"column":30},"end":{"line":3554,"column":75}},"1040":{"start":{"line":3554,"column":36},"end":{"line":3554,"column":75}},"1041":{"start":{"line":3555,"column":26},"end":{"line":3567,"column":12}},"1042":{"start":{"line":3557,"column":30},"end":{"line":3557,"column":43}},"1043":{"start":{"line":3558,"column":30},"end":{"line":3558,"column":44}},"1044":{"start":{"line":3559,"column":18},"end":{"line":3561,"column":19}},"1045":{"start":{"line":3560,"column":22},"end":{"line":3560,"column":33}},"1046":{"start":{"line":3562,"column":18},"end":{"line":3565,"column":21}},"1047":{"start":{"line":3563,"column":22},"end":{"line":3563,"column":51}},"1048":{"start":{"line":3564,"column":22},"end":{"line":3564,"column":33}},"1049":{"start":{"line":3568,"column":10},"end":{"line":3573,"column":13}},"1050":{"start":{"line":3571,"column":18},"end":{"line":3571,"column":43}},"1051":{"start":{"line":3584,"column":30},"end":{"line":3584,"column":103}},"1052":{"start":{"line":3584,"column":40},"end":{"line":3584,"column":103}},"1053":{"start":{"line":3585,"column":26},"end":{"line":3597,"column":12}},"1054":{"start":{"line":3587,"column":30},"end":{"line":3587,"column":47}},"1055":{"start":{"line":3588,"column":30},"end":{"line":3588,"column":44}},"1056":{"start":{"line":3589,"column":18},"end":{"line":3591,"column":19}},"1057":{"start":{"line":3590,"column":22},"end":{"line":3590,"column":33}},"1058":{"start":{"line":3592,"column":18},"end":{"line":3595,"column":21}},"1059":{"start":{"line":3593,"column":22},"end":{"line":3593,"column":51}},"1060":{"start":{"line":3594,"column":22},"end":{"line":3594,"column":33}},"1061":{"start":{"line":3598,"column":10},"end":{"line":3603,"column":13}},"1062":{"start":{"line":3601,"column":18},"end":{"line":3601,"column":47}},"1063":{"start":{"line":3610,"column":20},"end":{"line":3610,"column":29}},"1064":{"start":{"line":3627,"column":22},"end":{"line":3629,"column":17}},"1065":{"start":{"line":3628,"column":14},"end":{"line":3628,"column":23}},"1066":{"start":{"line":3630,"column":10},"end":{"line":3630,"column":42}},"1067":{"start":{"line":3630,"column":23},"end":{"line":3630,"column":41}},"1068":{"start":{"line":3637,"column":35},"end":{"line":3637,"column":59}},"1069":{"start":{"line":3638,"column":22},"end":{"line":3646,"column":18}},"1070":{"start":{"line":3639,"column":27},"end":{"line":3641,"column":16}},"1071":{"start":{"line":3640,"column":18},"end":{"line":3640,"column":27}},"1072":{"start":{"line":3642,"column":14},"end":{"line":3645,"column":15}},"1073":{"start":{"line":3643,"column":18},"end":{"line":3643,"column":36}},"1074":{"start":{"line":3644,"column":18},"end":{"line":3644,"column":23}},"1075":{"start":{"line":3647,"column":10},"end":{"line":3647,"column":42}},"1076":{"start":{"line":3647,"column":23},"end":{"line":3647,"column":41}},"1077":{"start":{"line":3654,"column":10},"end":{"line":3656,"column":11}},"1078":{"start":{"line":3655,"column":14},"end":{"line":3655,"column":31}},"1079":{"start":{"line":3657,"column":22},"end":{"line":3663,"column":12}},"1080":{"start":{"line":3659,"column":27},"end":{"line":3659,"column":37}},"1081":{"start":{"line":3661,"column":14},"end":{"line":3661,"column":37}},"1082":{"start":{"line":3662,"column":14},"end":{"line":3662,"column":26}},"1083":{"start":{"line":3664,"column":10},"end":{"line":3669,"column":12}},"1084":{"start":{"line":3665,"column":14},"end":{"line":3668,"column":15}},"1085":{"start":{"line":3667,"column":18},"end":{"line":3667,"column":33}},"1086":{"start":{"line":3676,"column":20},"end":{"line":3676,"column":29}},"1087":{"start":{"line":3685,"column":6},"end":{"line":3685,"column":42}},"1088":{"start":{"line":3695,"column":6},"end":{"line":3695,"column":42}},"1089":{"start":{"line":3704,"column":6},"end":{"line":3711,"column":9}},"1090":{"start":{"line":3705,"column":25},"end":{"line":3705,"column":57}},"1091":{"start":{"line":3706,"column":10},"end":{"line":3706,"column":31}},"1092":{"start":{"line":3707,"column":10},"end":{"line":3707,"column":27}},"1093":{"start":{"line":3708,"column":10},"end":{"line":3708,"
[...]
,"E:\\Text\\rx-util\\src\\module\\string\\StringConverter\\StringStyleType.ts": {"path":"E:\\Text\\rx-util\\src\\module\\string\\StringConverter\\StringStyleType.ts","statementMap":{"0":{"start":{"line":4,"column":0},"end":{"line":4,"column":null}},"1":{"start":{"line":8,"column":2},"end":{"line":8,"column":null}},"2":{"start":{"line":12,"column":2},"end":{"line":12,"column":null}},"3":{"start":{"line":16,"column":2},"end":{"line":16,"column":null}},"4":{"start":{"line":20,"column":2},"end":{"line":20,"column":null}}},"fnMap":{"0":{"name":"(anonymous_0)","decl":{"start":{"line":4,"column":0},"end":{"line":4,"column":12}},"loc":{"start":{"line":4,"column":27},"end":{"line":21,"column":1}}}},"branchMap":{"0":{"loc":{"start":{"line":4,"column":12},"end":{"line":4,"column":27}},"type":"binary-expr","locations":[{"start":{"line":4,"column":12},"end":{"line":4,"column":27}},{"start":{"line":4,"column":12},"end":{"line":4,"column":null}}]}},"s":{"0":2,"1":2,"2":2,"3":2,"4":2},"f":{"0":2},"b":{"0":[2,2]}}
,"E:\\Text\\rx-util\\src\\module\\tree\\NodeBridgeUtil.ts": {"path":"E:\\Text\\rx-util\\src\\module\\tree\\NodeBridgeUtil.ts","statementMap":{"0":{"start":{"line":1,"column":0},"end":{"line":1,"column":43}},"1":{"start":{"line":3,"column":0},"end":{"line":3,"column":43}},"2":{"start":{"line":23,"column":4},"end":{"line":28,"column":null}},"3":{"start":{"line":37,"column":4},"end":{"line":39,"column":null}},"4":{"start":{"line":48,"column":4},"end":{"line":48,"column":null}},"5":{"start":{"line":11,"column":0},"end":{"line":11,"column":13}},"6":{"start":{"line":56,"column":13},"end":{"line":56,"column":null}}},"fnMap":{"0":{"name":"(anonymous_0)","decl":{"start":{"line":17,"column":9},"end":{"line":17,"column":15}},"loc":{"start":{"line":22,"column":30},"end":{"line":29,"column":3}}},"1":{"name":"(anonymous_1)","decl":{"start":{"line":36,"column":9},"end":{"line":36,"column":15}},"loc":{"start":{"line":36,"column":63},"end":{"line":40,"column":3}}},"2":{"name":"(anonymous_2)","decl":{"start":{"line":47,"column":9},"end":{"line":47,"column":15}},"loc":{"start":{"line":47,"column":65},"end":{"line":49,"column":3}}}},"branchMap":{"0":{"loc":{"start":{"line":22,"column":28},"end":{"line":22,"column":30}},"type":"default-arg","locations":[{"start":{"line":22,"column":28},"end":{"line":22,"column":30}}]},"1":{"loc":{"start":{"line":18,"column":9},"end":{"line":18,"column":13}},"type":"default-arg","locations":[{"start":{"line":18,"column":9},"end":{"line":18,"column":13}}]},"2":{"loc":{"start":{"line":19,"column":15},"end":{"line":19,"column":25}},"type":"default-arg","locations":[{"start":{"line":19,"column":15},"end":{"line":19,"column":25}}]},"3":{"loc":{"start":{"line":20,"column":12},"end":{"line":20,"column":19}},"type":"default-arg","locations":[{"start":{"line":20,"column":12},"end":{"line":20,"column":19}}]},"4":{"loc":{"start":{"line":21,"column":11},"end":{"line":21,"column":17}},"type":"default-arg","locations":[{"start":{"line":21,"column":11},"end":{"line":21,"column":17}}]}},"s":{"0":5,"1":5,"2":7,"3":1,"4":1,"5":5,"6":5},"f":{"0":7,"1":1,"2":1},"b":{"0":[0],"1":[0],"2":[0],"3":[2],"4":[7]}}
,"E:\\Text\\rx-util\\src\\module\\tree\\listToTree.ts": {"path":"E:\\Text\\rx-util\\src\\module\\tree\\listToTree.ts","statementMap":{"0":{"start":{"line":1,"column":0},"end":{"line":1,"column":55}},"1":{"start":{"line":29,"column":21},"end":{"line":29,"column":35}},"2":{"start":{"line":32,"column":23},"end":{"line":32,"column":25}},"3":{"start":{"line":33,"column":14},"end":{"line":48,"column":9}},"4":{"start":{"line":34,"column":16},"end":{"line":34,"column":29}},"5":{"start":{"line":35,"column":4},"end":{"line":38,"column":null}},"6":{"start":{"line":36,"column":6},"end":{"line":36,"column":null}},"7":{"start":{"line":37,"column":6},"end":{"line":37,"column":null}},"8":{"start":{"line":39,"column":4},"end":{"line":46,"column":null}},"9":{"start":{"line":40,"column":21},"end":{"line":40,"column":37}},"10":{"start":{"line":41,"column":6},"end":{"line":45,"column":null}},"11":{"start":{"line":42,"column":8},"end":{"line":42,"column":null}},"12":{"start":{"line":43,"column":8},"end":{"line":43,"column":null}},"13":{"start":{"line":44,"column":8},"end":{"line":44,"column":null}},"14":{"start":{"line":47,"column":4},"end":{"line":47,"column":null}},"15":{"start":{"line":50,"column":14},"end":{"line":50,"column":24}},"16":{"start":{"line":51,"column":2},"end":{"line":51,"column":null}},"17":{"start":{"line":51,"column":17},"end":{"line":51,"column":null}},"18":{"start":{"line":52,"column":2},"end":{"line":52,"column":null}},"19":{"start":{"line":52,"column":17},"end":{"line":52,"column":null}},"20":{"start":{"line":53,"column":2},"end":{"line":53,"column":null}},"21":{"start":{"line":25,"column":0},"end":{"line":25,"column":16}}},"fnMap":{"0":{"name":"listToTree","decl":{"start":{"line":25,"column":16},"end":{"line":25,"column":26}},"loc":{"start":{"line":30,"column":40},"end":{"line":54,"column":1}}},"1":{"name":"(anonymous_1)","decl":{"start":{"line":29,"column":13},"end":{"line":29,"column":17}},"loc":{"start":{"line":29,"column":21},"end":{"line":29,"column":35}}},"2":{"name":"(anonymous_2)","decl":{"start":{"line":33,"column":26},"end":{"line":33,"column":27}},"loc":{"start":{"line":33,"column":41},"end":{"line":48,"column":3}}}},"branchMap":{"0":{"loc":{"start":{"line":30,"column":38},"end":{"line":30,"column":40}},"type":"default-arg","locations":[{"start":{"line":30,"column":38},"end":{"line":30,"column":40}}]},"1":{"loc":{"start":{"line":28,"column":13},"end":{"line":28,"column":25}},"type":"default-arg","locations":[{"start":{"line":28,"column":13},"end":{"line":28,"column":25}}]},"2":{"loc":{"start":{"line":29,"column":13},"end":{"line":29,"column":35}},"type":"default-arg","locations":[{"start":{"line":29,"column":13},"end":{"line":29,"column":35}}]},"3":{"loc":{"start":{"line":35,"column":4},"end":{"line":38,"column":null}},"type":"if","locations":[{"start":{"line":35,"column":4},"end":{"line":38,"column":null}},{"start":{"line":35,"column":4},"end":{"line":38,"column":null}}]},"4":{"loc":{"start":{"line":41,"column":6},"end":{"line":45,"column":null}},"type":"if","locations":[{"start":{"line":41,"column":6},"end":{"line":45,"column":null}},{"start":{"line":41,"column":6},"end":{"line":45,"column":null}}]},"5":{"loc":{"start":{"line":42,"column":23},"end":{"line":42,"column":35}},"type":"binary-expr","locations":[{"start":{"line":42,"column":23},"end":{"line":42,"column":35}},{"start":{"line":42,"column":39},"end":{"line":42,"column":41}}]},"6":{"loc":{"start":{"line":51,"column":2},"end":{"line":51,"column":null}},"type":"if","locations":[{"start":{"line":51,"column":2},"end":{"line":51,"column":null}},{"start":{"line":51,"column":2},"end":{"line":51,"column":null}}]},"7":{"loc":{"start":{"line":52,"column":2},"end":{"line":52,"column":null}},"type":"if","locations":[{"start":{"line":52,"column":2},"end":{"line":52,"column":null}},{"start":{"line":52,"column":2},"end":{"line":52,"column":null}}]}},"s":{"0":2,"1":48,"2":7,"3":7,"4":48,"5":48,"6":8,"7":8,"8":40,"9":116,"10":116,"11":38,"12":38,"13":38,"14":2,"15":7,"16":7,"17":1,"18":6,"19":5,"20":1,"21":2},"f":{"0":7,"1":48,"2":48},"b":{"0":[6],"1":[6],"2":[7],"3":[8,40],"4":[38,78],"5":[38,19],"6":[1,6],"7":[5,1]}}
,"E:\\Text\\rx-util\\src\\module\\tree\\treeMapping.ts": {"path":"E:\\Text\\rx-util\\src\\module\\tree\\treeMapping.ts","statementMap":{"0":{"start":{"line":1,"column":0},"end":{"line":1,"column":56}},"1":{"start":{"line":2,"column":0},"end":{"line":2,"column":55}},"2":{"start":{"line":34,"column":33},"end":{"line":34,"column":35}},"3":{"start":{"line":44,"column":18},"end":{"line":44,"column":40}},"4":{"start":{"line":45,"column":19},"end":{"line":45,"column":30}},"5":{"start":{"line":46,"column":4},"end":{"line":51,"column":null}},"6":{"start":{"line":47,"column":6},"end":{"line":50,"column":null}},"7":{"start":{"line":49,"column":8},"end":{"line":49,"column":51}},"8":{"start":{"line":53,"column":4},"end":{"line":53,"column":null}},"9":{"start":{"line":55,"column":2},"end":{"line":55,"column":null}},"10":{"start":{"line":29,"column":0},"end":{"line":29,"column":16}}},"fnMap":{"0":{"name":"treeMapping","decl":{"start":{"line":29,"column":16},"end":{"line":29,"column":27}},"loc":{"start":{"line":35,"column":41},"end":{"line":56,"column":1}}},"1":{"name":"(anonymous_1)","decl":{"start":{"line":34,"column":14},"end":{"line":34,"column":15}},"loc":{"start":{"line":34,"column":33},"end":{"line":34,"column":35}}},"2":{"name":"_treeMapping","decl":{"start":{"line":42,"column":11},"end":{"line":42,"column":23}},"loc":{"start":{"line":42,"column":49},"end":{"line":54,"column":3}}},"3":{"name":"(anonymous_3)","decl":{"start":{"line":47,"column":31},"end":{"line":47,"column":32}},"loc":{"start":{"line":49,"column":8},"end":{"line":49,"column":51}}}},"branchMap":{"0":{"loc":{"start":{"line":35,"column":39},"end":{"line":35,"column":41}},"type":"default-arg","locations":[{"start":{"line":35,"column":39},"end":{"line":35,"column":41}}]},"1":{"loc":{"start":{"line":32,"column":13},"end":{"line":32,"column":25}},"type":"default-arg","locations":[{"start":{"line":32,"column":13},"end":{"line":32,"column":25}}]},"2":{"loc":{"start":{"line":33,"column":12},"end":{"line":33,"column":24}},"type":"default-arg","locations":[{"start":{"line":33,"column":12},"end":{"line":33,"column":24}}]},"3":{"loc":{"start":{"line":34,"column":14},"end":{"line":34,"column":35}},"type":"default-arg","locations":[{"start":{"line":34,"column":14},"end":{"line":34,"column":35}}]},"4":{"loc":{"start":{"line":46,"column":4},"end":{"line":51,"column":null}},"type":"if","locations":[{"start":{"line":46,"column":4},"end":{"line":51,"column":null}},{"start":{"line":46,"column":4},"end":{"line":51,"column":null}}]}},"s":{"0":5,"1":5,"2":6,"3":14,"4":14,"5":14,"6":6,"7":12,"8":14,"9":2,"10":5},"f":{"0":2,"1":6,"2":14,"3":12},"b":{"0":[0],"1":[0],"2":[2],"3":[1],"4":[6,8]}}
,"E:\\Text\\rx-util\\src\\module\\tree\\treeToList.ts": {"path":"E:\\Text\\rx-util\\src\\module\\tree\\treeToList.ts","statementMap":{"0":{"start":{"line":1,"column":0},"end":{"line":1,"column":55}},"1":{"start":{"line":2,"column":0},"end":{"line":2,"column":43}},"2":{"start":{"line":4,"column":0},"end":{"line":4,"column":56}},"3":{"start":{"line":5,"column":0},"end":{"line":5,"column":60}},"4":{"start":{"line":35,"column":23},"end":{"line":35,"column":25}},"5":{"start":{"line":36,"column":20},"end":{"line":36,"column":32}},"6":{"start":{"line":37,"column":10},"end":{"line":37,"column":11}},"7":{"start":{"line":39,"column":2},"end":{"line":57,"column":null}},"8":{"start":{"line":42,"column":6},"end":{"line":42,"column":null}},"9":{"start":{"line":43,"column":19},"end":{"line":43,"column":33}},"10":{"start":{"line":44,"column":6},"end":{"line":46,"column":null}},"11":{"start":{"line":45,"column":8},"end":{"line":45,"column":null}},"12":{"start":{"line":47,"column":6},"end":{"line":47,"column":null}},"13":{"start":{"line":49,"column":6},"end":{"line":51,"column":null}},"14":{"start":{"line":50,"column":8},"end":{"line":50,"column":null}},"15":{"start":{"line":53,"column":6},"end":{"line":53,"column":null}},"16":{"start":{"line":54,"column":6},"end":{"line":54,"column":null}},"17":{"start":{"line":56,"column":22},"end":{"line":56,"column":49}},"18":{"start":{"line":58,"column":2},"end":{"line":58,"column":null}},"19":{"start":{"line":28,"column":0},"end":{"line":28,"column":16}},"20":{"start":{"line":75,"column":23},"end":{"line":75,"column":25}},"21":{"start":{"line":76,"column":15},"end":{"line":76,"column":27}},"22":{"start":{"line":77,"column":2},"end":{"line":79,"column":null}},"23":{"start":{"line":78,"column":4},"end":{"line":78,"column":null}},"24":{"start":{"line":81,"column":25},"end":{"line":81,"column":31}},"25":{"start":{"line":83,"column":20},"end":{"line":83,"column":36}},"26":{"start":{"line":85,"column":20},"end":{"line":85,"column":29}},"27":{"start":{"line":86,"column":2},"end":{"line":118,"column":null}},"28":{"start":{"line":87,"column":18},"end":{"line":87,"column":38}},"29":{"start":{"line":88,"column":4},"end":{"line":88,"column":null}},"30":{"start":{"line":90,"column":4},"end":{"line":92,"column":null}},"31":{"start":{"line":91,"column":6},"end":{"line":91,"column":14}},"32":{"start":{"line":93,"column":4},"end":{"line":93,"column":null}},"33":{"start":{"line":94,"column":4},"end":{"line":94,"column":null}},"34":{"start":{"line":95,"column":18},"end":{"line":95,"column":29}},"35":{"start":{"line":96,"column":4},"end":{"line":98,"column":null}},"36":{"start":{"line":97,"column":6},"end":{"line":97,"column":14}},"37":{"start":{"line":99,"column":28},"end":{"line":100,"column":null}},"38":{"start":{"line":100,"column":11},"end":{"line":100,"column":52}},"39":{"start":{"line":103,"column":4},"end":{"line":117,"column":null}},"40":{"start":{"line":106,"column":23},"end":{"line":106,"column":39}},"41":{"start":{"line":108,"column":12},"end":{"line":110,"column":null}},"42":{"start":{"line":109,"column":14},"end":{"line":109,"column":null}},"43":{"start":{"line":112,"column":12},"end":{"line":112,"column":null}},"44":{"start":{"line":113,"column":12},"end":{"line":113,"column":null}},"45":{"start":{"line":114,"column":12},"end":{"line":114,"column":null}},"46":{"start":{"line":119,"column":2},"end":{"line":119,"column":null}},"47":{"start":{"line":68,"column":0},"end":{"line":68,"column":16}}},"fnMap":{"0":{"name":"treeToList2","decl":{"start":{"line":28,"column":16},"end":{"line":28,"column":27}},"loc":{"start":{"line":33,"column":40},"end":{"line":59,"column":1}}},"1":{"name":"(anonymous_1)","decl":{"start":{"line":40,"column":4},"end":{"line":40,"column":10}},"loc":{"start":{"line":40,"column":28},"end":{"line":55,"column":5}}},"2":{"name":"(anonymous_2)","decl":{"start":{"line":56,"column":13},"end":{"line":56,"column":17}},"loc":{"start":{"line":56,"column":22},"end":{"line":56,"column":49}}},"3":{"name":"treeToList","decl":{"start":{"line":68,"column":16},"end":{"line":68,"column":26}},"loc":{"start":{"line":73,"column":40},"end":{"line":120,"column":1}}},"4":{"name":"(anonymous_4)","decl":{"start":{"line":100,"column":6},"end":{"line":100,"column":7}},"loc":{"start":{"line":100,"column":11},"end":{"line":100,"column":52}}},"5":{"name":"(anonymous_5)","decl":{"start":{"line":105,"column":30},"end":{"line":105,"column":31}},"loc":{"start":{"line":105,"column":34},"end":{"line":115,"column":11}}}},"branchMap":{"0":{"loc":{"start":{"line":33,"column":38},"end":{"line":33,"column":40}},"type":"default-arg","locations":[{"start":{"line":33,"column":38},"end":{"line":33,"column":40}}]},"1":{"loc":{"start":{"line":31,"column":15},"end":{"line":31,"column":20}},"type":"default-arg","locations":[{"start":{"line":31,"column":15},"end":{"line":31,"column":20}}]},"2":{"loc":{"start":{"line":32,"column":13},"end":{"line":32,"column":25}},"type":"default-arg","locations":[{"start":{"line":32,"column":13},"end":{"line":32,"column":25}}]},"3":{"loc":{"start":{"line":44,"column":6},"end":{"line":46,"column":null}},"type":"if","locations":[{"start":{"line":44,"column":6},"end":{"line":46,"column":null}},{"start":{"line":44,"column":6},"end":{"line":46,"column":null}}]},"4":{"loc":{"start":{"line":49,"column":6},"end":{"line":51,"column":null}},"type":"if","locations":[{"start":{"line":49,"column":6},"end":{"line":51,"column":null}},{"start":{"line":49,"column":6},"end":{"line":51,"column":null}}]},"5":{"loc":{"start":{"line":50,"column":34},"end":{"line":50,"column":50}},"type":"cond-expr","locations":[{"start":{"line":50,"column":34},"end":{"line":50,"column":50}},{"start":{"line":50,"column":53},"end":{"line":50,"column":55}}]},"6":{"loc":{"start":{"line":56,"column":33},"end":{"line":56,"column":44}},"type":"cond-expr","locations":[{"start":{"line":56,"column":33},"end":{"line":56,"column":44}},{"start":{"line":56,"column":47},"end":{"line":56,"column":49}}]},"7":{"loc":{"start":{"line":73,"column":38},"end":{"line":73,"column":40}},"type":"default-arg","locations":[{"start":{"line":73,"column":38},"end":{"line":73,"column":40}}]},"8":{"loc":{"start":{"line":71,"column":15},"end":{"line":71,"column":20}},"type":"default-arg","locations":[{"start":{"line":71,"column":15},"end":{"line":71,"column":20}}]},"9":{"loc":{"start":{"line":72,"column":13},"end":{"line":72,"column":25}},"type":"default-arg","locations":[{"start":{"line":72,"column":13},"end":{"line":72,"column":25}}]},"10":{"loc":{"start":{"line":77,"column":2},"end":{"line":79,"column":null}},"type":"if","locations":[{"start":{"line":77,"column":2},"end":{"line":79,"column":null}},{"start":{"line":77,"column":2},"end":{"line":79,"column":null}}]},"11":{"loc":{"start":{"line":90,"column":4},"end":{"line":92,"column":null}},"type":"if","locations":[{"start":{"line":90,"column":4},"end":{"line":92,"column":null}},{"start":{"line":90,"column":4},"end":{"line":92,"column":null}}]},"12":{"loc":{"start":{"line":90,"column":8},"end":{"line":90,"column":27}},"type":"binary-expr","locations":[{"start":{"line":90,"column":8},"end":{"line":90,"column":27}},{"start":{"line":90,"column":31},"end":{"line":90,"column":51}}]},"13":{"loc":{"start":{"line":96,"column":4},"end":{"line":98,"column":null}},"type":"if","locations":[{"start":{"line":96,"column":4},"end":{"line":98,"column":null}},{"start":{"line":96,"column":4},"end":{"line":98,"column":null}}]},"14":{"loc":{"start":{"line":100,"column":11},"end":{"line":100,"column":32}},"type":"binary-expr","locations":[{"start":{"line":100,"column":11},"end":{"line":100,"column":32}},{"start":{"line":100,"column":36},"end":{"line":100,"column":52}}]},"15":{"loc":{"start":{"line":105,"column":10},"end":{"line":115,"column":12}},"type":"cond-expr","locations":[{"start":{"line":105,"column":10},"end":{"line":115,"column":12}},{"start":{"line":116,"column":10},"end":{"line":116,"column":25}}]},"16":{"loc":{"start":{"line":108,"column":12},"end":{"line":110,"column":null}},"type":"if","locations":[{"start":{"line":108,"column":12},"end":{"line":110,"column":null}},{"start":{"line":108,"column":12},"end":{"line":110,"column":null}}]}},"s":{"0":2,"1":2,"2":2,"3":2,"4":0,"5":0,"6":0,"7":0,"8":0,"9":0,"10":0,"11":0,"12":0,"13":0,"14":0,"15":0,"16":0,"17":0,"18":0,"19":2,"20":4,"21":4,"22":4,"23":3,"24":4,"25":4,"26":4,"27":4,"28":30,"29":30,"30":30,"31":2,"32":28,"33":28,"34":28,"35":28,"36":16,"37":12,"38":26,"39":12,"40":20,"41":20,"42":2,"43":18,"44":18,"45":18,"46":4,"47":2},"f":{"0":0,"1":0,"2":0,"3":4,"4":26,"5":20},"b":{"0":[0],"1":[0],"2":[0],"3":[0,0],"4":[0,0],"5":[0,0],"6":[0,0],"7":[1],"8":[1],"9":[3],"10":[3,1],"11":[2,28],"12":[30,30],"13":[16,12],"14":[26,0],"15":[9,3],"16":[2,18]}}
}
