{"D:\\Text\\nodejs\\rx-util\\src\\index.ts": {"path":"D:\\Text\\nodejs\\rx-util\\src\\index.ts","statementMap":{"0":{"start":{"line":1,"column":0},"end":{"line":1,"column":9}},"1":{"start":{"line":151,"column":2},"end":{"line":1,"column":49}},"2":{"start":{"line":2,"column":0},"end":{"line":2,"column":9}},"3":{"start":{"line":152,"column":2},"end":{"line":2,"column":61}},"4":{"start":{"line":3,"column":0},"end":{"line":3,"column":9}},"5":{"start":{"line":153,"column":2},"end":{"line":3,"column":55}},"6":{"start":{"line":4,"column":0},"end":{"line":4,"column":9}},"7":{"start":{"line":154,"column":2},"end":{"line":4,"column":53}},"8":{"start":{"line":5,"column":0},"end":{"line":5,"column":9}},"9":{"start":{"line":155,"column":2},"end":{"line":5,"column":57}},"10":{"start":{"line":6,"column":0},"end":{"line":6,"column":9}},"11":{"start":{"line":158,"column":2},"end":{"line":6,"column":49}},"12":{"start":{"line":7,"column":0},"end":{"line":7,"column":9}},"13":{"start":{"line":159,"column":2},"end":{"line":7,"column":51}},"14":{"start":{"line":8,"column":0},"end":{"line":8,"column":9}},"15":{"start":{"line":160,"column":2},"end":{"line":8,"column":57}},"16":{"start":{"line":9,"column":0},"end":{"line":9,"column":9}},"17":{"start":{"line":161,"column":2},"end":{"line":9,"column":57}},"18":{"start":{"line":10,"column":0},"end":{"line":10,"column":9}},"19":{"start":{"line":162,"column":2},"end":{"line":10,"column":65}},"20":{"start":{"line":11,"column":0},"end":{"line":11,"column":9}},"21":{"start":{"line":163,"column":2},"end":{"line":11,"column":59}},"22":{"start":{"line":12,"column":0},"end":{"line":12,"column":9}},"23":{"start":{"line":168,"column":2},"end":{"line":12,"column":54}},"24":{"start":{"line":13,"column":0},"end":{"line":13,"column":9}},"25":{"start":{"line":170,"column":2},"end":{"line":13,"column":58}},"26":{"start":{"line":14,"column":0},"end":{"line":14,"column":9}},"27":{"start":{"line":175,"column":2},"end":{"line":14,"column":48}},"28":{"start":{"line":15,"column":0},"end":{"line":15,"column":9}},"29":{"start":{"line":176,"column":2},"end":{"line":15,"column":48}},"30":{"start":{"line":16,"column":0},"end":{"line":16,"column":9}},"31":{"start":{"line":177,"column":2},"end":{"line":16,"column":44}},"32":{"start":{"line":17,"column":0},"end":{"line":17,"column":9}},"33":{"start":{"line":180,"column":2},"end":{"line":17,"column":50}},"34":{"start":{"line":18,"column":0},"end":{"line":18,"column":9}},"35":{"start":{"line":181,"column":2},"end":{"line":18,"column":50}},"36":{"start":{"line":19,"column":0},"end":{"line":19,"column":9}},"37":{"start":{"line":165,"column":2},"end":{"line":19,"column":54}},"38":{"start":{"line":20,"column":0},"end":{"line":20,"column":9}},"39":{"start":{"line":185,"column":2},"end":{"line":20,"column":53}},"40":{"start":{"line":21,"column":0},"end":{"line":21,"column":9}},"41":{"start":{"line":192,"column":2},"end":{"line":21,"column":51}},"42":{"start":{"line":22,"column":0},"end":{"line":22,"column":9}},"43":{"start":{"line":195,"column":2},"end":{"line":22,"column":48}},"44":{"start":{"line":23,"column":0},"end":{"line":23,"column":9}},"45":{"start":{"line":196,"column":2},"end":{"line":23,"column":64}},"46":{"start":{"line":24,"column":0},"end":{"line":24,"column":9}},"47":{"start":{"line":198,"column":2},"end":{"line":24,"column":62}},"48":{"start":{"line":25,"column":0},"end":{"line":25,"column":9}},"49":{"start":{"line":199,"column":2},"end":{"line":25,"column":52}},"50":{"start":{"line":26,"column":0},"end":{"line":26,"column":9}},"51":{"start":{"line":200,"column":2},"end":{"line":26,"column":52}},"52":{"start":{"line":27,"column":0},"end":{"line":27,"column":9}},"53":{"start":{"line":201,"column":2},"end":{"line":27,"column":50}},"54":{"start":{"line":28,"column":0},"end":{"line":28,"column":9}},"55":{"start":{"line":202,"column":2},"end":{"line":28,"column":48}},"56":{"start":{"line":29,"column":0},"end":{"line":29,"column":9}},"57":{"start":{"line":203,"column":2},"end":{"line":29,"column":52}},"58":{"start":{"line":30,"column":0},"end":{"line":30,"column":9}},"59":{"start":{"line":205,"column":2},"end":{"line":30,"column":62}},"60":{"start":{"line":31,"column":0},"end":{"line":31,"column":9}},"61":{"start":{"line":207,"column":2},"end":{"line":31,"column":70}},"62":{"start":{"line":32,"column":0},"end":{"line":32,"column":9}},"63":{"start":{"line":209,"column":2},"end":{"line":32,"column":51}},"64":{"start":{"line":33,"column":0},"end":{"line":33,"column":9}},"65":{"start":{"line":210,"column":2},"end":{"line":33,"column":51}},"66":{"start":{"line":34,"column":0},"end":{"line":34,"column":9}},"67":{"start":{"line":211,"column":2},"end":{"line":34,"column":45}},"68":{"start":{"line":35,"column":0},"end":{"line":35,"column":9}},"69":{"start":{"line":213,"column":2},"end":{"line":35,"column":67}},"70":{"start":{"line":36,"column":0},"end":{"line":36,"column":9}},"71":{"start":{"line":212,"column":2},"end":{"line":36,"column":63}},"72":{"start":{"line":37,"column":0},"end":{"line":37,"column":9}},"73":{"start":{"line":214,"column":2},"end":{"line":37,"column":50}},"74":{"start":{"line":38,"column":0},"end":{"line":38,"column":9}},"75":{"start":{"line":224,"column":2},"end":{"line":38,"column":61}},"76":{"start":{"line":39,"column":0},"end":{"line":39,"column":9}},"77":{"start":{"line":226,"column":2},"end":{"line":39,"column":53}},"78":{"start":{"line":40,"column":0},"end":{"line":40,"column":9}},"79":{"start":{"line":227,"column":2},"end":{"line":40,"column":59}},"80":{"start":{"line":41,"column":0},"end":{"line":41,"column":9}},"81":{"start":{"line":229,"column":2},"end":{"line":41,"column":61}},"82":{"start":{"line":42,"column":0},"end":{"line":42,"column":9}},"83":{"start":{"line":231,"column":2},"end":{"line":42,"column":50}},"84":{"start":{"line":43,"column":0},"end":{"line":43,"column":9}},"85":{"start":{"line":232,"column":2},"end":{"line":43,"column":49}},"86":{"start":{"line":44,"column":0},"end":{"line":44,"column":9}},"87":{"start":{"line":235,"column":2},"end":{"line":44,"column":42}},"88":{"start":{"line":45,"column":0},"end":{"line":45,"column":9}},"89":{"start":{"line":236,"column":2},"end":{"line":45,"column":58}},"90":{"start":{"line":46,"column":0},"end":{"line":46,"column":9}},"91":{"start":{"line":237,"column":2},"end":{"line":46,"column":47}},"92":{"start":{"line":47,"column":0},"end":{"line":47,"column":9}},"93":{"start":{"line":238,"column":2},"end":{"line":47,"column":59}},"94":{"start":{"line":48,"column":0},"end":{"line":48,"column":9}},"95":{"start":{"line":251,"column":2},"end":{"line":48,"column":43}},"96":{"start":{"line":49,"column":0},"end":{"line":49,"column":9}},"97":{"start":{"line":252,"column":2},"end":{"line":49,"column":47}},"98":{"start":{"line":50,"column":0},"end":{"line":50,"column":9}},"99":{"start":{"line":255,"column":2},"end":{"line":50,"column":49}},"100":{"start":{"line":51,"column":0},"end":{"line":51,"column":9}},"101":{"start":{"line":256,"column":2},"end":{"line":51,"column":51}},"102":{"start":{"line":52,"column":0},"end":{"line":52,"column":9}},"103":{"start":{"line":263,"column":2},"end":{"line":52,"column":57}},"104":{"start":{"line":53,"column":0},"end":{"line":53,"column":9}},"105":{"start":{"line":265,"column":2},"end":{"line":53,"column":57}},"106":{"start":{"line":54,"column":0},"end":{"line":54,"column":9}},"107":{"start":{"line":250,"column":2},"end":{"line":54,"column":57}},"108":{"start":{"line":55,"column":0},"end":{"line":55,"column":9}},"109":{"start":{"line":268,"column":2},"end":{"line":55,"column":64}},"110":{"start":{"line":56,"column":0},"end":{"line":56,"column":9}},"111":{"start":{"line":273,"column":2},"end":{"line":56,"column":58}},"112":{"start":{"line":57,"column":0},"end":{"line":57,"column":9}},"113":{"start":{"line":274,"column":2},"end":{"line":57,"column":58}},"114":{"start":{"line":58,"column":0},"end":{"line":58,"column":9}},"115":{"start":{"line":279,"column":2},"end":{"line":58,"column":54}},"116":{"start":{"line":59,"column":0},"end":{"line":59,"column":9}},"117":{"start":{"line":289,"column":2},"end":{"line":59,"column":53}},"118":{"start":{"line":60,"column":0},"end":{"line":60,"column":9}},"119":{"start":{"line":193,"column":2},"end":{"line":60,"column":55}},"120":{"start":{"line":61,"column":0},"end":{"line":61,"column":9}},"121":{"start":{"line":187,"column":2},"end":{"line":61,"column":24}},"122":{"start":{"line":188,"column":2},"end":{"line":61,"column":74}},"123":{"start":{"line":62,"column":0},"end":{"line":62,"column":9}},"124":{"start":{"line":190,"column":2},"end":{"line":62,"column":55}},"125":{"start":{"line":63,"column":0},"end":{"line":63,"column":9}},"126":{"start":{"line":191,"column":2},"end":{"line":63,"column":55}},"127":{"start":{"line":64,"column":0},"end":{"line":64,"column":9}},"128":{"start":{"line":290,"column":2},"end":{"line":64,"column":49}},"129":{"start":{"line":65,"column":0},"end":{"line":65,"column":9}},"130":{"start":{"line":186,"column":2},"end":{"line":65,"column":51}},"131":{"start":{"line":66,"column":0},"end":{"line":66,"column":9}},"132":{"start":{"line":225,"column":2},"end":{"line":66,"column":81}},"133":{"start":{"line":67,"column":0},"end":{"line":67,"column":9}},"134":{"start":{"line":173,"column":2},"end":{"line":67,"column":56}},"135":{"start":{"line":68,"column":0},"end":{"line":68,"column":9}},"136":{"start":{"line":164,"column":2},"end":{"line":68,"column":56}},"137":{"start":{"line":69,"column":0},"end":{"line":69,"column":9}},"138":{"start":{"line":291,"column":2},"end":{"line":69,"column":61}},"139":{"start":{"line":70,"column":0},"end":{"line":70,"column":9}},"140":{"start":{"line":260,"column":2},"end":{"line":70,"column":65}},"141":{"start":{"line":71,"column":0},"end":{"line":71,"column":9}},"142":{"start":{"line":259,"column":2},"end":{"line":71,"column":81}},"143":{"start":{"line":72,"column":0},"end":{"line":72,"column":9}},"144":{"start":{"line":271,"column":2},"end":{"line":72,"column":52}},"145":{"start":{"line":73,"column":0},"end":{"line":73,"column":9}},"146":{"start":{"line":272,"column":2},"end":{"line":73,"column":50}},"147":{"start":{"line":74,"column":0},"end":{"line":74,"column":9}},"148":{"start":{"line":249,"column":2},"end":{"line":74,"column":47}},"149":{"start":{"line":75,"column":0},"end":{"line":75,"column":9}},"150":{"start":{"line":179,"column":2},"end":{"line":75,"column":46}},"151":{"start":{"line":76,"column":0},"end":{"line":76,"column":9}},"152":{"start":{"line":189,"column":2},"end":{"line":76,"column":59}},"153":{"start":{"line":77,"column":0},"end":{"line":77,"column":9}},"154":{"start":{"line":248,"column":2},"end":{"line":77,"column":51}},"155":{"start":{"line":78,"column":0},"end":{"line":78,"column":9}},"156":{"start":{"line":275,"column":2},"end":{"line":78,"column":66}},"157":{"start":{"line":79,"column":0},"end":{"line":79,"column":9}},"158":{"start":{"line":278,"column":2},"end":{"line":79,"column":66}},"159":{"start":{"line":80,"column":0},"end":{"line":80,"column":9}},"160":{"start":{"line":264,"column":2},"end":{"line":80,"column":51}},"161":{"start":{"line":81,"column":0},"end":{"line":81,"column":9}},"162":{"start":{"line":182,"column":2},"end":{"line":81,"column":68}},"163":{"start":{"line":82,"column":0},"end":{"line":82,"column":9}},"164":{"start":{"line":183,"column":2},"end":{"line":82,"column":20}},"165":{"start":{"line":184,"column":2},"end":{"line":82,"column":63}},"166":{"start":{"line":83,"column":0},"end":{"line":83,"column":9}},"167":{"start":{"line":282,"column":2},"end":{"line":83,"column":20}},"168":{"start":{"line":283,"column":2},"end":{"line":83,"column":62}},"169":{"start":{"line":84,"column":0},"end":{"line":84,"column":9}},"170":{"start":{"line":253,"column":2},"end":{"line":84,"column":49}},"171":{"start":{"line":85,"column":0},"end":{"line":85,"column":9}},"172":{"start":{"line":254,"column":2},"end":{"line":85,"column":49}},"173":{"start":{"line":86,"column":0},"end":{"line":86,"column":9}},"174":{"start":{"line":156,"column":2},"end":{"line":86,"column":53}},"175":{"start":{"line":87,"column":0},"end":{"line":87,"column":9}},"176":{"start":{"line":215,"column":2},"end":{"line":87,"column":45}},"177":{"start":{"line":88,"column":0},"end":{"line":88,"column":9}},"178":{"start":{"line":166,"column":2},"end":{"line":88,"column":25}},"179":{"start":{"line":167,"column":2},"end":{"line":88,"column":78}},"180":{"start":{"line":89,"column":0},"end":{"line":89,"column":null}},"181":{"start":{"line":261,"column":2},"end":{"line":90,"column":null}},"182":{"start":{"line":262,"column":2},"end":{"line":91,"column":null}},"183":{"start":{"line":93,"column":0},"end":{"line":93,"column":9}},"184":{"start":{"line":257,"column":2},"end":{"line":93,"column":19}},"185":{"start":{"line":258,"column":2},"end":{"line":93,"column":61}},"186":{"start":{"line":94,"column":0},"end":{"line":94,"column":9}},"187":{"start":{"line":285,"column":2},"end":{"line":94,"column":17}},"188":{"start":{"line":284,"column":2},"end":{"line":94,"column":53}},"189":{"start":{"line":95,"column":0},"end":{"line":95,"column":9}},"190":{"start":{"line":216,"column":2},"end":{"line":95,"column":55}},"191":{"start":{"line":96,"column":0},"end":{"line":96,"column":9}},"192":{"start":{"line":280,"column":2},"end":{"line":96,"column":54}},"193":{"start":{"line":97,"column":0},"end":{"line":97,"column":9}},"194":{"start":{"line":293,"column":2},"end":{"line":97,"column":53}},"195":{"start":{"line":98,"column":0},"end":{"line":98,"column":9}},"196":{"start":{"line":243,"column":2},"end":{"line":98,"column":49}},"197":{"start":{"line":99,"column":0},"end":{"line":99,"column":9}},"198":{"start":{"line":298,"column":2},"end":{"line":99,"column":53}},"199":{"start":{"line":100,"column":0},"end":{"line":100,"column":9}},"200":{"start":{"line":294,"column":2},"end":{"line":100,"column":55}},"201":{"start":{"line":102,"column":0},"end":{"line":102,"column":9}},"202":{"start":{"line":296,"column":2},"end":{"line":102,"column":25}},"203":{"start":{"line":297,"column":2},"end":{"line":102,"column":77}},"204":{"start":{"line":103,"column":0},"end":{"line":103,"column":9}},"205":{"start":{"line":276,"column":2},"end":{"line":103,"column":64}},"206":{"start":{"line":104,"column":0},"end":{"line":104,"column":9}},"207":{"start":{"line":277,"column":2},"end":{"line":104,"column":58}},"208":{"start":{"line":105,"column":0},"end":{"line":105,"column":9}},"209":{"start":{"line":292,"column":2},"end":{"line":105,"column":57}},"210":{"start":{"line":106,"column":0},"end":{"line":106,"column":9}},"211":{"start":{"line":267,"column":2},"end":{"line":106,"column":44}},"212":{"start":{"line":107,"column":0},"end":{"line":107,"column":9}},"213":{"start":{"line":266,"column":2},"end":{"line":107,"column":54}},"214":{"start":{"line":108,"column":0},"end":{"line":108,"column":9}},"215":{"start":{"line":240,"column":2},"end":{"line":108,"column":60}},"216":{"start":{"line":109,"column":0},"end":{"line":109,"column":9}},"217":{"start":{"line":217,"column":2},"end":{"line":109,"column":46}},"218":{"start":{"line":110,"column":0},"end":{"line":110,"column":9}},"219":{"start":{"line":233,"column":2},"end":{"line":110,"column":59}},"220":{"start":{"line":111,"column":0},"end":{"line":111,"column":9}},"221":{"start":{"line":234,"column":2},"end":{"line":111,"column":75}},"222":{"start":{"line":112,"column":0},"end":{"line":112,"column":9}},"223":{"start":{"line":269,"column":2},"end":{"line":112,"column":46}},"224":{"start":{"line":113,"column":0},"end":{"line":113,"column":9}},"225":{"start":{"line":228,"column":2},"end":{"line":113,"column":47}},"226":{"start":{"line":114,"column":0},"end":{"line":114,"column":9}},"227":{"start":{"line":169,"column":2},"end":{"line":114,"column":54}},"228":{"start":{"line":115,"column":0},"end":{"line":115,"column":9}},"229":{"start":{"line":239,"column":2},"end":{"line":115,"column":44}},"230":{"start":{"line":116,"column":0},"end":{"line":116,"column":9}},"231":{"start":{"line":174,"column":2},"end":{"line":116,"column":52}},"232":{"start":{"line":117,"column":0},"end":{"line":117,"column":null}},"233":{"start":{"line":244,"column":2},"end":{"line":118,"column":null}},"234":{"start":{"line":245,"column":2},"end":{"line":119,"column":null}},"235":{"start":{"line":246,"column":2},"end":{"line":120,"column":null}},"236":{"start":{"line":247,"column":2},"end":{"line":121,"column":null}},"237":{"start":{"line":123,"column":0},"end":{"line":123,"column":9}},"238":{"start":{"line":218,"column":2},"end":{"line":123,"column":50}},"239":{"start":{"line":124,"column":0},"end":{"line":124,"column":9}},"240":{"start":{"line":230,"column":2},"end":{"line":124,"column":52}},"241":{"start":{"line":125,"column":0},"end":{"line":125,"column":9}},"242":{"start":{"line":219,"column":2},"end":{"line":125,"column":45}},"243":{"start":{"line":126,"column":0},"end":{"line":126,"column":9}},"244":{"start":{"line":220,"column":2},"end":{"line":126,"column":67}},"245":{"start":{"line":127,"column":0},"end":{"line":127,"column":9}},"246":{"start":{"line":242,"column":2},"end":{"line":127,"column":52}},"247":{"start":{"line":128,"column":0},"end":{"line":128,"column":9}},"248":{"start":{"line":223,"column":2},"end":{"line":128,"column":61}},"249":{"start":{"line":129,"column":0},"end":{"line":129,"column":9}},"250":{"start":{"line":222,"column":2},"end":{"line":129,"column":63}},"251":{"start":{"line":130,"column":0},"end":{"line":130,"column":9}},"252":{"start":{"line":171,"column":2},"end":{"line":130,"column":46}},"253":{"start":{"line":131,"column":0},"end":{"line":131,"column":9}},"254":{"start":{"line":172,"column":2},"end":{"line":131,"column":64}},"255":{"start":{"line":132,"column":0},"end":{"line":132,"column":9}},"256":{"start":{"line":281,"column":2},"end":{"line":132,"column":58}},"257":{"start":{"line":133,"column":0},"end":{"line":133,"column":9}},"258":{"start":{"line":197,"column":2},"end":{"line":133,"column":66}},"259":{"start":{"line":134,"column":0},"end":{"line":134,"column":9}},"260":{"start":{"line":204,"column":2},"end":{"line":134,"column":66}},"261":{"start":{"line":135,"column":0},"end":{"line":135,"column":9}},"262":{"start":{"line":178,"column":2},"end":{"line":135,"column":58}},"263":{"start":{"line":136,"column":0},"end":{"line":136,"column":9}},"264":{"start":{"line":206,"column":2},"end":{"line":136,"column":54}},"265":{"start":{"line":137,"column":0},"end":{"line":137,"column":9}},"266":{"start":{"line":221,"column":2},"end":{"line":137,"column":51}},"267":{"start":{"line":138,"column":0},"end":{"line":138,"column":9}},"268":{"start":{"line":241,"column":2},"end":{"line":138,"column":64}},"269":{"start":{"line":139,"column":0},"end":{"line":139,"column":9}},"270":{"start":{"line":270,"column":2},"end":{"line":139,"column":66}},"271":{"start":{"line":140,"column":0},"end":{"line":140,"column":9}},"272":{"start":{"line":208,"column":2},"end":{"line":140,"column":52}},"273":{"start":{"line":141,"column":0},"end":{"line":141,"column":9}},"274":{"start":{"line":157,"column":2},"end":{"line":141,"column":51}},"275":{"start":{"line":142,"column":0},"end":{"line":142,"column":9}},"276":{"start":{"line":287,"column":2},"end":{"line":142,"column":39}},"277":{"start":{"line":143,"column":0},"end":{"line":143,"column":9}},"278":{"start":{"line":288,"column":2},"end":{"line":143,"column":39}},"279":{"start":{"line":144,"column":0},"end":{"line":144,"column":9}},"280":{"start":{"line":194,"column":2},"end":{"line":144,"column":51}},"281":{"start":{"line":145,"column":0},"end":{"line":145,"column":9}},"282":{"start":{"line":286,"column":2},"end":{"line":145,"column":63}}},"fnMap":{},"branchMap":{},"s":{"0":2,"1":2,"2":2,"3":2,"4":2,"5":2,"6":2,"7":2,"8":2,"9":2,"10":2,"11":2,"12":2,"13":2,"14":2,"15":2,"16":2,"17":2,"18":2,"19":2,"20":2,"21":2,"22":2,"23":2,"24":2,"25":2,"26":2,"27":2,"28":2,"29":2,"30":2,"31":2,"32":2,"33":2,"34":2,"35":2,"36":2,"37":2,"38":2,"39":2,"40":2,"41":2,"42":2,"43":2,"44":2,"45":2,"46":2,"47":2,"48":2,"49":2,"50":2,"51":2,"52":2,"53":2,"54":2,"55":2,"56":2,"57":2,"58":2,"59":2,"60":2,"61":2,"62":2,"63":2,"64":2,"65":2,"66":2,"67":2,"68":2,"69":2,"70":2,"71":2,"72":2,"73":2,"74":2,"75":2,"76":2,"77":2,"78":2,"79":2,"80":2,"81":2,"82":2,"83":2,"84":2,"85":2,"86":2,"87":2,"88":2,"89":2,"90":2,"91":2,"92":2,"93":2,"94":2,"95":2,"96":2,"97":2,"98":2,"99":2,"100":2,"101":2,"102":2,"103":2,"104":2,"105":2,"106":2,"107":2,"108":2,"109":2,"110":2,"111":2,"112":2,"113":2,"114":2,"115":2,"116":2,"117":2,"118":2,"119":2,"120":2,"121":2,"122":2,"123":2,"124":2,"125":2,"126":2,"127":2,"128":2,"129":2,"130":2,"131":2,"132":2,"133":2,"134":2,"135":2,"136":2,"137":2,"138":2,"139":2,"140":2,"141":2,"142":2,"143":2,"144":2,"145":2,"146":2,"147":2,"148":2,"149":2,"150":2,"151":2,"152":2,"153":2,"154":2,"155":2,"156":2,"157":2,"158":2,"159":2,"160":2,"161":2,"162":2,"163":2,"164":2,"165":2,"166":2,"167":2,"168":2,"169":2,"170":2,"171":2,"172":2,"173":2,"174":2,"175":2,"176":2,"177":2,"178":2,"179":2,"180":2,"181":2,"182":2,"183":2,"184":2,"185":2,"186":2,"187":2,"188":2,"189":2,"190":2,"191":2,"192":2,"193":2,"194":2,"195":2,"196":2,"197":2,"198":2,"199":2,"200":2,"201":2,"202":2,"203":2,"204":2,"205":2,"206":2,"207":2,"208":2,"209":2,"210":2,"211":2,"212":2,"213":2,"214":2,"215":2,"216":2,"217":2,"218":2,"219":2,"220":2,"221":2,"222":2,"223":2,"224":2,"225":2,"226":2,"227":2,"228":2,"229":2,"230":2,"231":2,"232":2,"233":2,"234":2,"235":2,"236":2,"237":2,"238":2,"239":2,"240":2,"241":2,"242":2,"243":2,"244":2,"245":2,"246":2,"247":2,"248":2,"249":2,"250":2,"251":2,"252":2,"253":2,"254":2,"255":2,"256":2,"257":2,"258":2,"259":2,"260":2,"261":2,"262":2,"263":2,"264":2,"265":2,"266":2,"267":2,"268":2,"269":2,"270":2,"271":2,"272":2,"273":2,"274":2,"275":2,"276":2,"277":2,"278":2,"279":2,"280":2,"281":2,"282":2},"f":{},"b":{}}
,"D:\\Text\\nodejs\\rx-util\\src\\module\\ajax\\FetchLimiting.ts": {"path":"D:\\Text\\nodejs\\rx-util\\src\\module\\ajax\\FetchLimiting.ts","statementMap":{"0":{"start":{"line":1,"column":0},"end":{"line":1,"column":36}},"1":{"start":{"line":2,"column":0},"end":{"line":2,"column":45}},"2":{"start":{"line":40,"column":4},"end":{"line":40,"column":null}},"3":{"start":{"line":44,"column":4},"end":{"line":44,"column":null}},"4":{"start":{"line":48,"column":4},"end":{"line":48,"column":null}},"5":{"start":{"line":53,"column":4},"end":{"line":53,"column":null}},"6":{"start":{"line":67,"column":24},"end":{"line":76,"column":null}},"7":{"start":{"line":67,"column":35},"end":{"line":76,"column":null}},"8":{"start":{"line":68,"column":6},"end":{"line":68,"column":null}},"9":{"start":{"line":69,"column":19},"end":{"line":69,"column":39}},"10":{"start":{"line":70,"column":6},"end":{"line":75,"column":null}},"11":{"start":{"line":72,"column":8},"end":{"line":72,"column":null}},"12":{"start":{"line":74,"column":8},"end":{"line":74,"column":null}},"13":{"start":{"line":77,"column":4},"end":{"line":77,"column":null}},"14":{"start":{"line":78,"column":4},"end":{"line":78,"column":null}},"15":{"start":{"line":78,"column":21},"end":{"line":78,"column":48}},"16":{"start":{"line":80,"column":4},"end":{"line":80,"column":null}},"17":{"start":{"line":22,"column":0},"end":{"line":22,"column":13}}},"fnMap":{"0":{"name":"(anonymous_0)","decl":{"start":{"line":33,"column":2},"end":{"line":33,"column":14}},"loc":{"start":{"line":36,"column":40},"end":{"line":54,"column":3}}},"1":{"name":"(anonymous_1)","decl":{"start":{"line":63,"column":15},"end":{"line":63,"column":20}},"loc":{"start":{"line":65,"column":22},"end":{"line":81,"column":null}}},"2":{"name":"(anonymous_3)","decl":{"start":{"line":67,"column":24},"end":{"line":67,"column":33}},"loc":{"start":{"line":67,"column":35},"end":{"line":76,"column":null}}},"3":{"name":"(anonymous_4)","decl":{"start":{"line":67,"column":35},"end":{"line":67,"column":null}},"loc":{"start":{"line":67,"column":35},"end":{"line":76,"column":5}}},"4":{"name":"(anonymous_5)","decl":{"start":{"line":78,"column":15},"end":{"line":78,"column":18}},"loc":{"start":{"line":78,"column":21},"end":{"line":78,"column":48}}}},"branchMap":{"0":{"loc":{"start":{"line":36,"column":38},"end":{"line":36,"column":40}},"type":"default-arg","locations":[{"start":{"line":36,"column":38},"end":{"line":36,"column":40}}]},"1":{"loc":{"start":{"line":34,"column":14},"end":{"line":34,"column":19}},"type":"default-arg","locations":[{"start":{"line":34,"column":14},"end":{"line":34,"column":19}}]},"2":{"loc":{"start":{"line":35,"column":12},"end":{"line":35,"column":14}},"type":"default-arg","locations":[{"start":{"line":35,"column":12},"end":{"line":35,"column":14}}]}},"s":{"0":2,"1":2,"2":0,"3":0,"4":0,"5":0,"6":0,"7":0,"8":0,"9":0,"10":0,"11":0,"12":0,"13":0,"14":0,"15":0,"16":0,"17":2},"f":{"0":0,"1":0,"2":0,"3":0,"4":0},"b":{"0":[0],"1":[0],"2":[0]}}
,"D:\\Text\\nodejs\\rx-util\\src\\module\\ajax\\download.ts": {"path":"D:\\Text\\nodejs\\rx-util\\src\\module\\ajax\\download.ts","statementMap":{"0":{"start":{"line":8,"column":18},"end":{"line":8,"column":45}},"1":{"start":{"line":9,"column":2},"end":{"line":9,"column":null}},"2":{"start":{"line":10,"column":2},"end":{"line":10,"column":null}},"3":{"start":{"line":12,"column":2},"end":{"line":12,"column":null}},"4":{"start":{"line":14,"column":2},"end":{"line":14,"column":null}},"5":{"start":{"line":15,"column":2},"end":{"line":15,"column":null}},"6":{"start":{"line":17,"column":2},"end":{"line":17,"column":null}},"7":{"start":{"line":6,"column":0},"end":{"line":6,"column":16}}},"fnMap":{"0":{"name":"download","decl":{"start":{"line":6,"column":16},"end":{"line":6,"column":24}},"loc":{"start":{"line":6,"column":57},"end":{"line":18,"column":1}}}},"branchMap":{"0":{"loc":{"start":{"line":6,"column":48},"end":{"line":6,"column":57}},"type":"default-arg","locations":[{"start":{"line":6,"column":48},"end":{"line":6,"column":57}}]}},"s":{"0":0,"1":0,"2":0,"3":0,"4":0,"5":0,"6":0,"7":2},"f":{"0":0},"b":{"0":[0]}}
,"D:\\Text\\nodejs\\rx-util\\src\\module\\ajax\\downloadString.ts": {"path":"D:\\Text\\nodejs\\rx-util\\src\\module\\ajax\\downloadString.ts","statementMap":{"0":{"start":{"line":1,"column":0},"end":{"line":1,"column":37}},"1":{"start":{"line":2,"column":0},"end":{"line":2,"column":39}},"2":{"start":{"line":10,"column":2},"end":{"line":10,"column":null}},"3":{"start":{"line":9,"column":0},"end":{"line":9,"column":22}}},"fnMap":{"0":{"name":"downloadString","decl":{"start":{"line":9,"column":22},"end":{"line":9,"column":36}},"loc":{"start":{"line":9,"column":74},"end":{"line":11,"column":null}}}},"branchMap":{"0":{"loc":{"start":{"line":9,"column":61},"end":{"line":9,"column":74}},"type":"default-arg","locations":[{"start":{"line":9,"column":61},"end":{"line":9,"column":74}}]}},"s":{"0":2,"1":2,"2":0,"3":2},"f":{"0":0},"b":{"0":[0]}}
,"D:\\Text\\nodejs\\rx-util\\src\\module\\ajax\\downloadUrl.ts": {"path":"D:\\Text\\nodejs\\rx-util\\src\\module\\ajax\\downloadUrl.ts","statementMap":{"0":{"start":{"line":11,"column":18},"end":{"line":11,"column":45}},"1":{"start":{"line":12,"column":2},"end":{"line":12,"column":null}},"2":{"start":{"line":13,"column":2},"end":{"line":13,"column":null}},"3":{"start":{"line":15,"column":2},"end":{"line":15,"column":null}},"4":{"start":{"line":17,"column":2},"end":{"line":17,"column":null}},"5":{"start":{"line":18,"column":2},"end":{"line":18,"column":null}},"6":{"start":{"line":20,"column":2},"end":{"line":20,"column":null}},"7":{"start":{"line":6,"column":0},"end":{"line":6,"column":22}}},"fnMap":{"0":{"name":"downloadUrl","decl":{"start":{"line":6,"column":22},"end":{"line":6,"column":33}},"loc":{"start":{"line":8,"column":53},"end":{"line":21,"column":null}}}},"branchMap":{"0":{"loc":{"start":{"line":8,"column":21},"end":{"line":8,"column":53}},"type":"default-arg","locations":[{"start":{"line":8,"column":21},"end":{"line":8,"column":53}}]}},"s":{"0":0,"1":0,"2":0,"3":0,"4":0,"5":0,"6":0,"7":2},"f":{"0":0},"b":{"0":[0]}}
,"D:\\Text\\nodejs\\rx-util\\src\\module\\ajax\\fetchTimeout.ts": {"path":"D:\\Text\\nodejs\\rx-util\\src\\module\\ajax\\fetchTimeout.ts","statementMap":{"0":{"start":{"line":1,"column":0},"end":{"line":1,"column":36}},"1":{"start":{"line":14,"column":2},"end":{"line":19,"column":null}},"2":{"start":{"line":17,"column":6},"end":{"line":17,"column":null}},"3":{"start":{"line":10,"column":0},"end":{"line":10,"column":16}}},"fnMap":{"0":{"name":"fetchTimeout","decl":{"start":{"line":10,"column":16},"end":{"line":10,"column":28}},"loc":{"start":{"line":12,"column":17},"end":{"line":20,"column":1}}},"1":{"name":"(anonymous_1)","decl":{"start":{"line":16,"column":23},"end":{"line":16,"column":26}},"loc":{"start":{"line":16,"column":28},"end":{"line":18,"column":5}}}},"branchMap":{},"s":{"0":2,"1":0,"2":0,"3":2},"f":{"0":0,"1":0},"b":{}}
,"D:\\Text\\nodejs\\rx-util\\src\\module\\ajax\\getCookies.ts": {"path":"D:\\Text\\nodejs\\rx-util\\src\\module\\ajax\\getCookies.ts","statementMap":{"0":{"start":{"line":6,"column":2},"end":{"line":10,"column":null}},"1":{"start":{"line":7,"column":19},"end":{"line":7,"column":33}},"2":{"start":{"line":8,"column":4},"end":{"line":8,"column":null}},"3":{"start":{"line":9,"column":4},"end":{"line":9,"column":null}},"4":{"start":{"line":5,"column":0},"end":{"line":5,"column":16}}},"fnMap":{"0":{"name":"getCookies","decl":{"start":{"line":5,"column":16},"end":{"line":5,"column":26}},"loc":{"start":{"line":5,"column":26},"end":{"line":11,"column":1}}},"1":{"name":"(anonymous_1)","decl":{"start":{"line":6,"column":43},"end":{"line":6,"column":44}},"loc":{"start":{"line":6,"column":56},"end":{"line":10,"column":3}}}},"branchMap":{},"s":{"0":0,"1":0,"2":0,"3":0,"4":2},"f":{"0":0,"1":0},"b":{}}
,"D:\\Text\\nodejs\\rx-util\\src\\module\\ajax\\loadResource.ts": {"path":"D:\\Text\\nodejs\\rx-util\\src\\module\\ajax\\loadResource.ts","statementMap":{"0":{"start":{"line":19,"column":14},"end":{"line":19,"column":36}},"1":{"start":{"line":20,"column":15},"end":{"line":20,"column":31}},"2":{"start":{"line":22,"column":2},"end":{"line":22,"column":null}},"3":{"start":{"line":9,"column":0},"end":{"line":9,"column":22}}},"fnMap":{"0":{"name":"loadResource","decl":{"start":{"line":9,"column":22},"end":{"line":9,"column":34}},"loc":{"start":{"line":17,"column":24},"end":{"line":23,"column":null}}}},"branchMap":{"0":{"loc":{"start":{"line":17,"column":22},"end":{"line":17,"column":24}},"type":"default-arg","locations":[{"start":{"line":17,"column":22},"end":{"line":17,"column":24}}]}},"s":{"0":0,"1":0,"2":0,"3":2},"f":{"0":0},"b":{"0":[0]}}
,"D:\\Text\\nodejs\\rx-util\\src\\module\\ajax\\loadScript.ts": {"path":"D:\\Text\\nodejs\\rx-util\\src\\module\\ajax\\loadScript.ts","statementMap":{"0":{"start":{"line":7,"column":2},"end":{"line":14,"column":null}},"1":{"start":{"line":8,"column":19},"end":{"line":8,"column":51}},"2":{"start":{"line":9,"column":4},"end":{"line":9,"column":null}},"3":{"start":{"line":10,"column":4},"end":{"line":10,"column":null}},"4":{"start":{"line":11,"column":4},"end":{"line":11,"column":null}},"5":{"start":{"line":11,"column":42},"end":{"line":11,"column":51}},"6":{"start":{"line":12,"column":4},"end":{"line":12,"column":null}},"7":{"start":{"line":13,"column":4},"end":{"line":13,"column":null}},"8":{"start":{"line":6,"column":0},"end":{"line":6,"column":16}}},"fnMap":{"0":{"name":"loadScript","decl":{"start":{"line":6,"column":16},"end":{"line":6,"column":26}},"loc":{"start":{"line":6,"column":38},"end":{"line":15,"column":1}}},"1":{"name":"(anonymous_1)","decl":{"start":{"line":7,"column":21},"end":{"line":7,"column":22}},"loc":{"start":{"line":7,"column":41},"end":{"line":14,"column":3}}},"2":{"name":"(anonymous_2)","decl":{"start":{"line":11,"column":36},"end":{"line":11,"column":39}},"loc":{"start":{"line":11,"column":42},"end":{"line":11,"column":51}}}},"branchMap":{},"s":{"0":0,"1":0,"2":0,"3":0,"4":0,"5":0,"6":0,"7":0,"8":2},"f":{"0":0,"1":0,"2":0},"b":{}}
,"D:\\Text\\nodejs\\rx-util\\src\\module\\ajax\\loadStyle.ts": {"path":"D:\\Text\\nodejs\\rx-util\\src\\module\\ajax\\loadStyle.ts","statementMap":{"0":{"start":{"line":7,"column":2},"end":{"line":14,"column":null}},"1":{"start":{"line":8,"column":17},"end":{"line":8,"column":47}},"2":{"start":{"line":9,"column":4},"end":{"line":9,"column":null}},"3":{"start":{"line":10,"column":4},"end":{"line":10,"column":null}},"4":{"start":{"line":11,"column":4},"end":{"line":11,"column":null}},"5":{"start":{"line":11,"column":40},"end":{"line":11,"column":49}},"6":{"start":{"line":12,"column":4},"end":{"line":12,"column":null}},"7":{"start":{"line":13,"column":4},"end":{"line":13,"column":null}},"8":{"start":{"line":6,"column":0},"end":{"line":6,"column":16}}},"fnMap":{"0":{"name":"loadStyle","decl":{"start":{"line":6,"column":16},"end":{"line":6,"column":25}},"loc":{"start":{"line":6,"column":38},"end":{"line":15,"column":1}}},"1":{"name":"(anonymous_1)","decl":{"start":{"line":7,"column":21},"end":{"line":7,"column":22}},"loc":{"start":{"line":7,"column":41},"end":{"line":14,"column":3}}},"2":{"name":"(anonymous_2)","decl":{"start":{"line":11,"column":34},"end":{"line":11,"column":37}},"loc":{"start":{"line":11,"column":40},"end":{"line":11,"column":49}}}},"branchMap":{},"s":{"0":0,"1":0,"2":0,"3":0,"4":0,"5":0,"6":0,"7":0,"8":2},"f":{"0":0,"1":0,"2":0},"b":{}}
,"D:\\Text\\nodejs\\rx-util\\src\\module\\ajax\\objToURLSearchParams.ts": {"path":"D:\\Text\\nodejs\\rx-util\\src\\module\\ajax\\objToURLSearchParams.ts","statementMap":{"0":{"start":{"line":7,"column":14},"end":{"line":7,"column":35}},"1":{"start":{"line":8,"column":2},"end":{"line":10,"column":null}},"2":{"start":{"line":9,"column":4},"end":{"line":9,"column":null}},"3":{"start":{"line":11,"column":2},"end":{"line":11,"column":null}},"4":{"start":{"line":6,"column":0},"end":{"line":6,"column":16}}},"fnMap":{"0":{"name":"objToURLSearchParams","decl":{"start":{"line":6,"column":16},"end":{"line":6,"column":36}},"loc":{"start":{"line":6,"column":48},"end":{"line":12,"column":1}}}},"branchMap":{},"s":{"0":1,"1":1,"2":2,"3":1,"4":1},"f":{"0":1},"b":{}}
,"D:\\Text\\nodejs\\rx-util\\src\\module\\ajax\\parseUrl.ts": {"path":"D:\\Text\\nodejs\\rx-util\\src\\module\\ajax\\parseUrl.ts","statementMap":{"0":{"start":{"line":42,"column":24},"end":{"line":46,"column":17}},"1":{"start":{"line":55,"column":2},"end":{"line":57,"column":null}},"2":{"start":{"line":56,"column":4},"end":{"line":56,"column":null}},"3":{"start":{"line":59,"column":17},"end":{"line":59,"column":68}},"4":{"start":{"line":60,"column":16},"end":{"line":60,"column":32}},"5":{"start":{"line":61,"column":2},"end":{"line":63,"column":null}},"6":{"start":{"line":62,"column":4},"end":{"line":62,"column":null}},"7":{"start":{"line":64,"column":18},"end":{"line":64,"column":26}},"8":{"start":{"line":65,"column":19},"end":{"line":65,"column":27}},"9":{"start":{"line":66,"column":17},"end":{"line":66,"column":25}},"10":{"start":{"line":67,"column":18},"end":{"line":67,"column":26}},"11":{"start":{"line":68,"column":15},"end":{"line":68,"column":23}},"12":{"start":{"line":71,"column":15},"end":{"line":71,"column":41}},"13":{"start":{"line":72,"column":20},"end":{"line":72,"column":37}},"14":{"start":{"line":74,"column":2},"end":{"line":87,"column":null}},"15":{"start":{"line":75,"column":23},"end":{"line":75,"column":27}},"16":{"start":{"line":76,"column":4},"end":{"line":86,"column":null}},"17":{"start":{"line":88,"column":19},"end":{"line":88,"column":44}},"18":{"start":{"line":89,"column":2},"end":{"line":91,"column":null}},"19":{"start":{"line":90,"column":4},"end":{"line":90,"column":null}},"20":{"start":{"line":92,"column":15},"end":{"line":92,"column":60}},"21":{"start":{"line":94,"column":17},"end":{"line":115,"column":44}},"22":{"start":{"line":97,"column":16},"end":{"line":97,"column":30}},"23":{"start":{"line":98,"column":19},"end":{"line":98,"column":32}},"24":{"start":{"line":100,"column":16},"end":{"line":100,"column":42}},"25":{"start":{"line":101,"column":16},"end":{"line":101,"column":66}},"26":{"start":{"line":103,"column":17},"end":{"line":103,"column":30}},"27":{"start":{"line":104,"column":6},"end":{"line":113,"column":null}},"28":{"start":{"line":105,"column":8},"end":{"line":105,"column":null}},"29":{"start":{"line":107,"column":8},"end":{"line":109,"column":null}},"30":{"start":{"line":108,"column":10},"end":{"line":108,"column":null}},"31":{"start":{"line":110,"column":8},"end":{"line":112,"column":null}},"32":{"start":{"line":111,"column":12},"end":{"line":111,"column":null}},"33":{"start":{"line":114,"column":6},"end":{"line":114,"column":null}},"34":{"start":{"line":116,"column":2},"end":{"line":125,"column":null}},"35":{"start":{"line":54,"column":0},"end":{"line":54,"column":16}}},"fnMap":{"0":{"name":"parseUrl","decl":{"start":{"line":54,"column":16},"end":{"line":54,"column":24}},"loc":{"start":{"line":54,"column":36},"end":{"line":126,"column":1}}},"1":{"name":"(anonymous_1)","decl":{"start":{"line":97,"column":9},"end":{"line":97,"column":12}},"loc":{"start":{"line":97,"column":16},"end":{"line":97,"column":30}}},"2":{"name":"(anonymous_2)","decl":{"start":{"line":98,"column":12},"end":{"line":98,"column":15}},"loc":{"start":{"line":98,"column":19},"end":{"line":98,"column":32}}},"3":{"name":"(anonymous_3)","decl":{"start":{"line":99,"column":12},"end":{"line":99,"column":13}},"loc":{"start":{"line":99,"column":38},"end":{"line":115,"column":5}}}},"branchMap":{"0":{"loc":{"start":{"line":55,"column":2},"end":{"line":57,"column":null}},"type":"if","locations":[{"start":{"line":55,"column":2},"end":{"line":57,"column":null}},{"start":{"line":55,"column":2},"end":{"line":57,"column":null}}]},"1":{"loc":{"start":{"line":61,"column":2},"end":{"line":63,"column":null}},"type":"if","locations":[{"start":{"line":61,"column":2},"end":{"line":63,"column":null}},{"start":{"line":61,"column":2},"end":{"line":63,"column":null}}]},"2":{"loc":{"start":{"line":74,"column":2},"end":{"line":87,"column":null}},"type":"if","locations":[{"start":{"line":74,"column":2},"end":{"line":87,"column":null}},{"start":{"line":74,"column":2},"end":{"line":87,"column":null}}]},"3":{"loc":{"start":{"line":89,"column":2},"end":{"line":91,"column":null}},"type":"if","locations":[{"start":{"line":89,"column":2},"end":{"line":91,"column":null}},{"start":{"line":89,"column":2},"end":{"line":91,"column":null}}]},"4":{"loc":{"start":{"line":92,"column":15},"end":{"line":92,"column":22}},"type":"binary-expr","locations":[{"start":{"line":92,"column":15},"end":{"line":92,"column":22}},{"start":{"line":92,"column":26},"end":{"line":92,"column":55}},{"start":{"line":92,"column":59},"end":{"line":92,"column":60}}]},"5":{"loc":{"start":{"line":101,"column":54},"end":{"line":101,"column":56}},"type":"cond-expr","locations":[{"start":{"line":101,"column":54},"end":{"line":101,"column":56}},{"start":{"line":101,"column":59},"end":{"line":101,"column":65}}]},"6":{"loc":{"start":{"line":104,"column":6},"end":{"line":113,"column":null}},"type":"if","locations":[{"start":{"line":104,"column":6},"end":{"line":113,"column":null}},{"start":{"line":104,"column":6},"end":{"line":113,"column":null}}]},"7":{"loc":{"start":{"line":107,"column":8},"end":{"line":109,"column":null}},"type":"if","locations":[{"start":{"line":107,"column":8},"end":{"line":109,"column":null}},{"start":{"line":107,"column":8},"end":{"line":109,"column":null}}]},"8":{"loc":{"start":{"line":110,"column":8},"end":{"line":112,"column":null}},"type":"if","locations":[{"start":{"line":110,"column":8},"end":{"line":112,"column":null}},{"start":{"line":110,"column":8},"end":{"line":112,"column":null}}]}},"s":{"0":3,"1":1,"2":0,"3":1,"4":1,"5":1,"6":0,"7":1,"8":1,"9":1,"10":1,"11":1,"12":1,"13":1,"14":1,"15":0,"16":0,"17":1,"18":1,"19":1,"20":1,"21":1,"22":2,"23":2,"24":2,"25":2,"26":2,"27":2,"28":2,"29":0,"30":0,"31":0,"32":0,"33":2,"34":1,"35":3},"f":{"0":1,"1":2,"2":2,"3":2},"b":{"0":[0,1],"1":[0,1],"2":[0,1],"3":[1,0],"4":[1,1,0],"5":[0,2],"6":[2,0],"7":[0,0],"8":[0,0]}}
,"D:\\Text\\nodejs\\rx-util\\src\\module\\ajax\\readLocal.ts": {"path":"D:\\Text\\nodejs\\rx-util\\src\\module\\ajax\\readLocal.ts","statementMap":{"0":{"start":{"line":4,"column":0},"end":{"line":4,"column":null}},"1":{"start":{"line":8,"column":2},"end":{"line":8,"column":null}},"2":{"start":{"line":12,"column":2},"end":{"line":12,"column":null}},"3":{"start":{"line":16,"column":2},"end":{"line":16,"column":null}},"4":{"start":{"line":20,"column":2},"end":{"line":20,"column":null}},"5":{"start":{"line":41,"column":2},"end":{"line":58,"column":null}},"6":{"start":{"line":42,"column":4},"end":{"line":44,"column":null}},"7":{"start":{"line":43,"column":6},"end":{"line":43,"column":null}},"8":{"start":{"line":45,"column":15},"end":{"line":45,"column":31}},"9":{"start":{"line":46,"column":4},"end":{"line":48,"column":null}},"10":{"start":{"line":47,"column":6},"end":{"line":47,"column":null}},"11":{"start":{"line":49,"column":4},"end":{"line":51,"column":null}},"12":{"start":{"line":50,"column":6},"end":{"line":50,"column":null}},"13":{"start":{"line":52,"column":4},"end":{"line":57,"column":null}},"14":{"start":{"line":53,"column":35},"end":{"line":53,"column":57}},"15":{"start":{"line":54,"column":32},"end":{"line":54,"column":61}},"16":{"start":{"line":55,"column":40},"end":{"line":55,"column":67}},"17":{"start":{"line":56,"column":39},"end":{"line":56,"column":65}},"18":{"start":{"line":34,"column":0},"end":{"line":34,"column":16}},"19":{"start":{"line":65,"column":0},"end":{"line":65,"column":null}},"20":{"start":{"line":70,"column":0},"end":{"line":70,"column":null}},"21":{"start":{"line":75,"column":0},"end":{"line":75,"column":null}},"22":{"start":{"line":80,"column":0},"end":{"line":80,"column":null}}},"fnMap":{"0":{"name":"(anonymous_0)","decl":{"start":{"line":4,"column":0},"end":{"line":4,"column":5}},"loc":{"start":{"line":4,"column":13},"end":{"line":21,"column":1}}},"1":{"name":"readLocal","decl":{"start":{"line":34,"column":16},"end":{"line":34,"column":25}},"loc":{"start":{"line":39,"column":33},"end":{"line":59,"column":1}}},"2":{"name":"(anonymous_2)","decl":{"start":{"line":41,"column":21},"end":{"line":41,"column":22}},"loc":{"start":{"line":41,"column":41},"end":{"line":58,"column":3}}},"3":{"name":"(anonymous_3)","decl":{"start":{"line":46,"column":16},"end":{"line":46,"column":19}},"loc":{"start":{"line":46,"column":21},"end":{"line":48,"column":5}}},"4":{"name":"(anonymous_4)","decl":{"start":{"line":49,"column":17},"end":{"line":49,"column":22}},"loc":{"start":{"line":49,"column":25},"end":{"line":51,"column":5}}},"5":{"name":"(anonymous_5)","decl":{"start":{"line":53,"column":29},"end":{"line":53,"column":32}},"loc":{"start":{"line":53,"column":35},"end":{"line":53,"column":57}}},"6":{"name":"(anonymous_6)","decl":{"start":{"line":54,"column":26},"end":{"line":54,"column":29}},"loc":{"start":{"line":54,"column":32},"end":{"line":54,"column":61}}},"7":{"name":"(anonymous_7)","decl":{"start":{"line":55,"column":34},"end":{"line":55,"column":37}},"loc":{"start":{"line":55,"column":40},"end":{"line":55,"column":67}}},"8":{"name":"(anonymous_8)","decl":{"start":{"line":56,"column":33},"end":{"line":56,"column":36}},"loc":{"start":{"line":56,"column":39},"end":{"line":56,"column":65}}}},"branchMap":{"0":{"loc":{"start":{"line":4,"column":5},"end":{"line":4,"column":13}},"type":"binary-expr","locations":[{"start":{"line":4,"column":5},"end":{"line":4,"column":13}},{"start":{"line":4,"column":5},"end":{"line":4,"column":null}}]},"1":{"loc":{"start":{"line":39,"column":31},"end":{"line":39,"column":33}},"type":"default-arg","locations":[{"start":{"line":39,"column":31},"end":{"line":39,"column":33}}]},"2":{"loc":{"start":{"line":37,"column":11},"end":{"line":37,"column":28}},"type":"default-arg","locations":[{"start":{"line":37,"column":11},"end":{"line":37,"column":28}}]},"3":{"loc":{"start":{"line":38,"column":15},"end":{"line":38,"column":22}},"type":"default-arg","locations":[{"start":{"line":38,"column":15},"end":{"line":38,"column":22}}]},"4":{"loc":{"start":{"line":42,"column":4},"end":{"line":44,"column":null}},"type":"if","locations":[{"start":{"line":42,"column":4},"end":{"line":44,"column":null}},{"start":{"line":42,"column":4},"end":{"line":44,"column":null}}]}},"s":{"0":2,"1":2,"2":2,"3":2,"4":2,"5":0,"6":0,"7":0,"8":0,"9":0,"10":0,"11":0,"12":0,"13":0,"14":0,"15":0,"16":0,"17":0,"18":2,"19":2,"20":2,"21":2,"22":2},"f":{"0":2,"1":0,"2":0,"3":0,"4":0,"5":0,"6":0,"7":0,"8":0},"b":{"0":[2,2],"1":[0],"2":[0],"3":[0],"4":[0,0]}}
,"D:\\Text\\nodejs\\rx-util\\src\\module\\ajax\\spliceParams.ts": {"path":"D:\\Text\\nodejs\\rx-util\\src\\module\\ajax\\spliceParams.ts","statementMap":{"0":{"start":{"line":1,"column":0},"end":{"line":1,"column":47}},"1":{"start":{"line":7,"column":22},"end":{"line":7,"column":47}},"2":{"start":{"line":14,"column":15},"end":{"line":15,"column":53}},"3":{"start":{"line":15,"column":2},"end":{"line":15,"column":53}},"4":{"start":{"line":23,"column":2},"end":{"line":41,"column":null}},"5":{"start":{"line":24,"column":4},"end":{"line":39,"column":null}},"6":{"start":{"line":25,"column":6},"end":{"line":25,"column":null}},"7":{"start":{"line":26,"column":11},"end":{"line":39,"column":null}},"8":{"start":{"line":27,"column":6},"end":{"line":27,"column":null}},"9":{"start":{"line":28,"column":11},"end":{"line":39,"column":null}},"10":{"start":{"line":29,"column":6},"end":{"line":36,"column":null}},"11":{"start":{"line":31,"column":10},"end":{"line":33,"column":null}},"12":{"start":{"line":38,"column":6},"end":{"line":38,"column":null}},"13":{"start":{"line":40,"column":4},"end":{"line":40,"column":null}},"14":{"start":{"line":22,"column":0},"end":{"line":22,"column":16}}},"fnMap":{"0":{"name":"(anonymous_0)","decl":{"start":{"line":14,"column":15},"end":{"line":14,"column":16}},"loc":{"start":{"line":15,"column":2},"end":{"line":15,"column":53}}},"1":{"name":"spliceParams","decl":{"start":{"line":22,"column":16},"end":{"line":22,"column":28}},"loc":{"start":{"line":22,"column":48},"end":{"line":42,"column":1}}},"2":{"name":"(anonymous_2)","decl":{"start":{"line":23,"column":51},"end":{"line":23,"column":52}},"loc":{"start":{"line":23,"column":67},"end":{"line":41,"column":3}}},"3":{"name":"(anonymous_3)","decl":{"start":{"line":30,"column":13},"end":{"line":30,"column":17}},"loc":{"start":{"line":31,"column":10},"end":{"line":33,"column":null}}}},"branchMap":{"0":{"loc":{"start":{"line":22,"column":46},"end":{"line":22,"column":48}},"type":"default-arg","locations":[{"start":{"line":22,"column":46},"end":{"line":22,"column":48}}]},"1":{"loc":{"start":{"line":24,"column":4},"end":{"line":39,"column":null}},"type":"if","locations":[{"start":{"line":24,"column":4},"end":{"line":39,"column":null}},{"start":{"line":24,"column":4},"end":{"line":39,"column":null}}]},"2":{"loc":{"start":{"line":24,"column":8},"end":{"line":24,"column":23}},"type":"binary-expr","locations":[{"start":{"line":24,"column":8},"end":{"line":24,"column":23}},{"start":{"line":24,"column":27},"end":{"line":24,"column":37}}]},"3":{"loc":{"start":{"line":26,"column":11},"end":{"line":39,"column":null}},"type":"if","locations":[{"start":{"line":26,"column":11},"end":{"line":39,"column":null}},{"start":{"line":26,"column":11},"end":{"line":39,"column":null}}]},"4":{"loc":{"start":{"line":28,"column":11},"end":{"line":39,"column":null}},"type":"if","locations":[{"start":{"line":28,"column":11},"end":{"line":39,"column":null}},{"start":{"line":28,"column":11},"end":{"line":39,"column":null}}]},"5":{"loc":{"start":{"line":33,"column":35},"end":{"line":33,"column":66}},"type":"cond-expr","locations":[{"start":{"line":33,"column":35},"end":{"line":33,"column":66}},{"start":{"line":33,"column":69},"end":{"line":33,"column":73}}]}},"s":{"0":3,"1":3,"2":3,"3":10,"4":6,"5":7,"6":0,"7":7,"8":1,"9":6,"10":2,"11":5,"12":4,"13":7,"14":3},"f":{"0":10,"1":6,"2":7,"3":5},"b":{"0":[1],"1":[0,7],"2":[7,7],"3":[1,6],"4":[2,4],"5":[2,3]}}
,"D:\\Text\\nodejs\\rx-util\\src\\module\\ajax\\strToArrayBuffer.ts": {"path":"D:\\Text\\nodejs\\rx-util\\src\\module\\ajax\\strToArrayBuffer.ts","statementMap":{"0":{"start":{"line":7,"column":14},"end":{"line":7,"column":41}},"1":{"start":{"line":8,"column":15},"end":{"line":8,"column":34}},"2":{"start":{"line":9,"column":2},"end":{"line":11,"column":null}},"3":{"start":{"line":9,"column":15},"end":{"line":9,"column":16}},"4":{"start":{"line":10,"column":4},"end":{"line":10,"column":null}},"5":{"start":{"line":12,"column":2},"end":{"line":12,"column":null}},"6":{"start":{"line":6,"column":0},"end":{"line":6,"column":16}}},"fnMap":{"0":{"name":"strToArrayBuffer","decl":{"start":{"line":6,"column":16},"end":{"line":6,"column":32}},"loc":{"start":{"line":6,"column":44},"end":{"line":13,"column":1}}}},"branchMap":{},"s":{"0":0,"1":0,"2":0,"3":0,"4":0,"5":0,"6":2},"f":{"0":0},"b":{}}
,"D:\\Text\\nodejs\\rx-util\\src\\module\\ajax\\strToBlob.ts": {"path":"D:\\Text\\nodejs\\rx-util\\src\\module\\ajax\\strToBlob.ts","statementMap":{"0":{"start":{"line":7,"column":2},"end":{"line":9,"column":null}},"1":{"start":{"line":6,"column":0},"end":{"line":6,"column":16}}},"fnMap":{"0":{"name":"strToBlob","decl":{"start":{"line":6,"column":16},"end":{"line":6,"column":25}},"loc":{"start":{"line":6,"column":37},"end":{"line":10,"column":1}}}},"branchMap":{},"s":{"0":1,"1":3},"f":{"0":1},"b":{}}
,"D:\\Text\\nodejs\\rx-util\\src\\module\\array\\ArrayUtil.ts": {"path":"D:\\Text\\nodejs\\rx-util\\src\\module\\array\\ArrayUtil.ts","statementMap":{"0":{"start":{"line":12,"column":5},"end":{"line":12,"column":null}},"1":{"start":{"line":4,"column":0},"end":{"line":4,"column":13}}},"fnMap":{"0":{"name":"(anonymous_0)","decl":{"start":{"line":11,"column":2},"end":{"line":11,"column":8}},"loc":{"start":{"line":11,"column":46},"end":{"line":13,"column":3}}}},"branchMap":{},"s":{"0":1,"1":1},"f":{"0":1},"b":{}}
,"D:\\Text\\nodejs\\rx-util\\src\\module\\array\\ArrayValidator.ts": {"path":"D:\\Text\\nodejs\\rx-util\\src\\module\\array\\ArrayValidator.ts","statementMap":{"0":{"start":{"line":1,"column":0},"end":{"line":1,"column":60}},"1":{"start":{"line":13,"column":4},"end":{"line":17,"column":null}},"2":{"start":{"line":6,"column":0},"end":{"line":6,"column":13}},"3":{"start":{"line":25,"column":13},"end":{"line":25,"column":null}}},"fnMap":{"0":{"name":"(anonymous_0)","decl":{"start":{"line":12,"column":9},"end":{"line":12,"column":15}},"loc":{"start":{"line":12,"column":55},"end":{"line":18,"column":3}}}},"branchMap":{"0":{"loc":{"start":{"line":14,"column":6},"end":{"line":14,"column":30}},"type":"binary-expr","locations":[{"start":{"line":14,"column":6},"end":{"line":14,"column":30}},{"start":{"line":15,"column":6},"end":{"line":15,"column":31}},{"start":{"line":16,"column":6},"end":{"line":16,"column":24}}]}},"s":{"0":7,"1":46,"2":7,"3":7},"f":{"0":46},"b":{"0":[46,20,20]}}
,"D:\\Text\\nodejs\\rx-util\\src\\module\\array\\AsyncArray.ts": {"path":"D:\\Text\\nodejs\\rx-util\\src\\module\\array\\AsyncArray.ts","statementMap":{"0":{"start":{"line":1,"column":0},"end":{"line":1,"column":60}},"1":{"start":{"line":2,"column":0},"end":{"line":2,"column":55}},"2":{"start":{"line":3,"column":0},"end":{"line":3,"column":65}},"3":{"start":{"line":8,"column":0},"end":{"line":8,"column":null}},"4":{"start":{"line":9,"column":2},"end":{"line":9,"column":null}},"5":{"start":{"line":10,"column":2},"end":{"line":10,"column":null}},"6":{"start":{"line":11,"column":2},"end":{"line":11,"column":null}},"7":{"start":{"line":12,"column":2},"end":{"line":12,"column":null}},"8":{"start":{"line":13,"column":2},"end":{"line":13,"column":null}},"9":{"start":{"line":14,"column":2},"end":{"line":14,"column":null}},"10":{"start":{"line":15,"column":2},"end":{"line":15,"column":null}},"11":{"start":{"line":16,"column":2},"end":{"line":16,"column":null}},"12":{"start":{"line":17,"column":2},"end":{"line":17,"column":null}},"13":{"start":{"line":18,"column":2},"end":{"line":18,"column":null}},"14":{"start":{"line":19,"column":2},"end":{"line":19,"column":null}},"15":{"start":{"line":20,"column":2},"end":{"line":20,"column":null}},"16":{"start":{"line":21,"column":2},"end":{"line":21,"column":null}},"17":{"start":{"line":30,"column":30},"end":{"line":30,"column":46}},"18":{"start":{"line":30,"column":64},"end":{"line":30,"column":75}},"19":{"start":{"line":31,"column":4},"end":{"line":31,"column":null}},"20":{"start":{"line":32,"column":4},"end":{"line":32,"column":null}},"21":{"start":{"line":29,"column":16},"end":{"line":29,"column":null}},"22":{"start":{"line":67,"column":4},"end":{"line":67,"column":null}},"23":{"start":{"line":106,"column":4},"end":{"line":108,"column":null}},"24":{"start":{"line":107,"column":6},"end":{"line":107,"column":null}},"25":{"start":{"line":110,"column":36},"end":{"line":111,"column":null}},"26":{"start":{"line":111,"column":16},"end":{"line":111,"column":37}},"27":{"start":{"line":118,"column":6},"end":{"line":120,"column":null}},"28":{"start":{"line":119,"column":8},"end":{"line":119,"column":null}},"29":{"start":{"line":122,"column":26},"end":{"line":122,"column":52}},"30":{"start":{"line":123,"column":26},"end":{"line":123,"column":42}},"31":{"start":{"line":124,"column":19},"end":{"line":124,"column":21}},"32":{"start":{"line":125,"column":20},"end":{"line":125,"column":22}},"33":{"start":{"line":126,"column":6},"end":{"line":136,"column":null}},"34":{"start":{"line":126,"column":19},"end":{"line":126,"column":20}},"35":{"start":{"line":126,"column":28},"end":{"line":126,"column":38}},"36":{"start":{"line":127,"column":8},"end":{"line":129,"column":null}},"37":{"start":{"line":128,"column":10},"end":{"line":128,"column":18}},"38":{"start":{"line":130,"column":18},"end":{"line":130,"column":24}},"39":{"start":{"line":131,"column":8},"end":{"line":135,"column":null}},"40":{"start":{"line":132,"column":10},"end":{"line":132,"column":null}},"41":{"start":{"line":134,"column":10},"end":{"line":134,"column":null}},"42":{"start":{"line":137,"column":6},"end":{"line":139,"column":null}},"43":{"start":{"line":141,"column":4},"end":{"line":145,"column":null}},"44":{"start":{"line":142,"column":46},"end":{"line":142,"column":56}},"45":{"start":{"line":143,"column":21},"end":{"line":143,"column":33}},"46":{"start":{"line":183,"column":14},"end":{"line":183,"column":38}},"47":{"start":{"line":184,"column":4},"end":{"line":184,"column":null}},"48":{"start":{"line":194,"column":4},"end":{"line":194,"column":null}},"49":{"start":{"line":202,"column":4},"end":{"line":202,"column":null}},"50":{"start":{"line":208,"column":4},"end":{"line":208,"column":null}},"51":{"start":{"line":214,"column":4},"end":{"line":214,"column":null}},"52":{"start":{"line":220,"column":4},"end":{"line":220,"column":null}},"53":{"start":{"line":229,"column":4},"end":{"line":229,"column":null}},"54":{"start":{"line":234,"column":4},"end":{"line":236,"column":null}},"55":{"start":{"line":234,"column":17},"end":{"line":234,"column":18}},"56":{"start":{"line":234,"column":26},"end":{"line":234,"column":42}},"57":{"start":{"line":235,"column":6},"end":{"line":235,"column":null}},"58":{"start":{"line":241,"column":16},"end":{"line":241,"column":40}},"59":{"start":{"line":242,"column":4},"end":{"line":246,"column":null}},"60":{"start":{"line":242,"column":17},"end":{"line":242,"column":18}},"61":{"start":{"line":242,"column":26},"end":{"line":242,"column":42}},"62":{"start":{"line":243,"column":6},"end":{"line":245,"column":null}},"63":{"start":{"line":244,"column":8},"end":{"line":244,"column":null}},"64":{"start":{"line":247,"column":4},"end":{"line":247,"column":null}},"65":{"start":{"line":252,"column":16},"end":{"line":252,"column":40}},"66":{"start":{"line":253,"column":4},"end":{"line":255,"column":null}},"67":{"start":{"line":253,"column":17},"end":{"line":253,"column":18}},"68":{"start":{"line":253,"column":26},"end":{"line":253,"column":42}},"69":{"start":{"line":254,"column":6},"end":{"line":254,"column":null}},"70":{"start":{"line":256,"column":4},"end":{"line":256,"column":null}},"71":{"start":{"line":261,"column":16},"end":{"line":261,"column":40}},"72":{"start":{"line":262,"column":4},"end":{"line":264,"column":null}},"73":{"start":{"line":262,"column":17},"end":{"line":262,"column":18}},"74":{"start":{"line":262,"column":26},"end":{"line":262,"column":42}},"75":{"start":{"line":263,"column":6},"end":{"line":263,"column":null}},"76":{"start":{"line":265,"column":4},"end":{"line":265,"column":null}},"77":{"start":{"line":271,"column":4},"end":{"line":277,"column":null}},"78":{"start":{"line":271,"column":17},"end":{"line":271,"column":18}},"79":{"start":{"line":271,"column":26},"end":{"line":271,"column":42}},"80":{"start":{"line":272,"column":6},"end":{"line":276,"column":null}},"81":{"start":{"line":273,"column":8},"end":{"line":273,"column":null}},"82":{"start":{"line":275,"column":8},"end":{"line":275,"column":null}},"83":{"start":{"line":278,"column":4},"end":{"line":278,"column":null}},"84":{"start":{"line":284,"column":4},"end":{"line":290,"column":null}},"85":{"start":{"line":284,"column":17},"end":{"line":284,"column":37}},"86":{"start":{"line":285,"column":6},"end":{"line":289,"column":null}},"87":{"start":{"line":286,"column":8},"end":{"line":286,"column":null}},"88":{"start":{"line":288,"column":8},"end":{"line":288,"column":null}},"89":{"start":{"line":291,"column":4},"end":{"line":291,"column":null}},"90":{"start":{"line":296,"column":4},"end":{"line":301,"column":null}},"91":{"start":{"line":296,"column":17},"end":{"line":296,"column":18}},"92":{"start":{"line":296,"column":26},"end":{"line":296,"column":42}},"93":{"start":{"line":297,"column":18},"end":{"line":297,"column":60}},"94":{"start":{"line":298,"column":6},"end":{"line":300,"column":null}},"95":{"start":{"line":299,"column":8},"end":{"line":299,"column":null}},"96":{"start":{"line":302,"column":4},"end":{"line":302,"column":null}},"97":{"start":{"line":311,"column":4},"end":{"line":311,"column":null}},"98":{"start":{"line":316,"column":4},"end":{"line":316,"column":null}},"99":{"start":{"line":321,"column":16},"end":{"line":321,"column":35}},"100":{"start":{"line":322,"column":19},"end":{"line":322,"column":51}},"101":{"start":{"line":323,"column":4},"end":{"line":327,"column":null}},"102":{"start":{"line":323,"column":17},"end":{"line":323,"column":18}},"103":{"start":{"line":323,"column":26},"end":{"line":323,"column":36}},"104":{"start":{"line":324,"column":6},"end":{"line":326,"column":null}},"105":{"start":{"line":325,"column":8},"end":{"line":325,"column":null}},"106":{"start":{"line":328,"column":4},"end":{"line":328,"column":null}},"107":{"start":{"line":333,"column":4},"end":{"line":333,"column":null}},"108":{"start":{"line":338,"column":16},"end":{"line":338,"column":35}},"109":{"start":{"line":339,"column":4},"end":{"line":339,"column":null}},"110":{"start":{"line":344,"column":4},"end":{"line":344,"column":null}},"111":{"start":{"line":350,"column":4},"end":{"line":356,"column":null}},"112":{"start":{"line":350,"column":17},"end":{"line":350,"column":18}},"113":{"start":{"line":350,"column":26},"end":{"line":350,"column":42}},"114":{"start":{"line":351,"column":6},"end":{"line":355,"column":null}},"115":{"start":{"line":352,"column":8},"end":{"line":352,"column":null}},"116":{"start":{"line":354,"column":8},"end":{"line":354,"column":null}},"117":{"start":{"line":357,"column":4},"end":{"line":357,"column":null}},"118":{"start":{"line":363,"column":4},"end":{"line":369,"column":null}},"119":{"start":{"line":363,"column":17},"end":{"line":363,"column":37}},"120":{"start":{"line":364,"column":6},"end":{"line":368,"column":null}},"121":{"start":{"line":365,"column":8},"end":{"line":365,"column":null}},"122":{"start":{"line":367,"column":8},"end":{"line":367,"column":null}},"123":{"start":{"line":370,"column":4},"end":{"line":370,"column":null}},"124":{"start":{"line":375,"column":4},"end":{"line":375,"column":null}},"125":{"start":{"line":380,"column":4},"end":{"line":382,"column":null}},"126":{"start":{"line":381,"column":30},"end":{"line":381,"column":58}},"127":{"start":{"line":418,"column":9},"end":{"line":418,"column":null}},"128":{"start":{"line":432,"column":4},"end":{"line":432,"column":null}},"129":{"start":{"line":437,"column":4},"end":{"line":437,"column":null}},"130":{"start":{"line":394,"column":4},"end":{"line":394,"column":null}},"131":{"start":{"line":395,"column":4},"end":{"line":395,"column":null}},"132":{"start":{"line":398,"column":4},"end":{"line":398,"column":null}},"133":{"start":{"line":408,"column":19},"end":{"line":408,"column":38}},"134":{"start":{"line":409,"column":4},"end":{"line":411,"column":null}},"135":{"start":{"line":410,"column":6},"end":{"line":410,"column":null}},"136":{"start":{"line":412,"column":4},"end":{"line":412,"column":null}},"137":{"start":{"line":413,"column":4},"end":{"line":413,"column":null}},"138":{"start":{"line":446,"column":4},"end":{"line":446,"column":null}},"139":{"start":{"line":455,"column":4},"end":{"line":455,"column":null}},"140":{"start":{"line":464,"column":4},"end":{"line":464,"column":null}},"141":{"start":{"line":467,"column":4},"end":{"line":467,"column":null}},"142":{"start":{"line":470,"column":4},"end":{"line":470,"column":null}},"143":{"start":{"line":473,"column":4},"end":{"line":473,"column":null}},"144":{"start":{"line":482,"column":4},"end":{"line":482,"column":null}},"145":{"start":{"line":491,"column":4},"end":{"line":491,"column":null}},"146":{"start":{"line":500,"column":4},"end":{"line":500,"column":null}},"147":{"start":{"line":509,"column":4},"end":{"line":509,"column":null}},"148":{"start":{"line":518,"column":4},"end":{"line":518,"column":null}},"149":{"start":{"line":524,"column":4},"end":{"line":524,"column":null}},"150":{"start":{"line":530,"column":4},"end":{"line":530,"column":null}},"151":{"start":{"line":545,"column":4},"end":{"line":571,"column":null}},"152":{"start":{"line":546,"column":23},"end":{"line":546,"column":53}},"153":{"start":{"line":547,"column":24},"end":{"line":547,"column":33}},"154":{"start":{"line":548,"column":6},"end":{"line":562,"column":null}},"155":{"start":{"line":549,"column":8},"end":{"line":553,"column":null}},"156":{"start":{"line":554,"column":8},"end":{"line":561,"column":null}},"157":{"start":{"line":555,"column":10},"end":{"line":555,"column":null}},"158":{"start":{"line":557,"column":10},"end":{"line":559,"column":null}},"159":{"start":{"line":558,"column":12},"end":{"line":558,"column":null}},"160":{"start":{"line":560,"column":10},"end":{"line":560,"column":null}},"161":{"start":{"line":563,"column":6},"end":{"line":565,"column":null}},"162":{"start":{"line":564,"column":8},"end":{"line":564,"column":null}},"163":{"start":{"line":566,"column":6},"end":{"line":566,"column":null}},"164":{"start":{"line":568,"column":6},"end":{"line":570,"column":null}},"165":{"start":{"line":569,"column":8},"end":{"line":569,"column":null}},"166":{"start":{"line":577,"column":4},"end":{"line":577,"column":null}},"167":{"start":{"line":583,"column":4},"end":{"line":585,"column":null}},"168":{"start":{"line":584,"column":6},"end":{"line":584,"column":null}},"169":{"start":{"line":588,"column":19},"end":{"line":588,"column":47}},"170":{"start":{"line":589,"column":4},"end":{"line":589,"column":null}},"171":{"start":{"line":590,"column":4},"end":{"line":590,"column":null}},"172":{"start":{"line":388,"column":0},"end":{"line":388,"column":13}}},"fnMap":{"0":{"name":"(anonymous_0)","decl":{"start":{"line":8,"column":0},"end":{"line":8,"column":5}},"loc":{"start":{"line":8,"column":15},"end":{"line":22,"column":1}}},"1":{"name":"(anonymous_1)","decl":{"start":{"line":30,"column":2},"end":{"line":30,"column":30}},"loc":{"start":{"line":30,"column":75},"end":{"line":33,"column":3}}},"2":{"name":"(anonymous_2)","decl":{"start":{"line":66,"column":2},"end":{"line":66,"column":14}},"loc":{"start":{"line":66,"column":28},"end":{"line":68,"column":3}}},"3":{"name":"(anonymous_3)","decl":{"start":{"line":103,"column":15},"end":{"line":103,"column":19}},"loc":{"start":{"line":104,"column":42},"end":{"line":146,"column":null}}},"4":{"name":"(anonymous_5)","decl":{"start":{"line":111,"column":6},"end":{"line":111,"column":7}},"loc":{"start":{"line":111,"column":16},"end":{"line":111,"column":37}}},"5":{"name":"_sort","decl":{"start":{"line":113,"column":19},"end":{"line":113,"column":24}},"loc":{"start":{"line":115,"column":43},"end":{"line":140,"column":null}}},"6":{"name":"(anonymous_8)","decl":{"start":{"line":142,"column":30},"end":{"line":142,"column":31}},"loc":{"start":{"line":142,"column":46},"end":{"line":142,"column":56}}},"7":{"name":"(anonymous_9)","decl":{"start":{"line":143,"column":8},"end":{"line":143,"column":9}},"loc":{"start":{"line":143,"column":21},"end":{"line":143,"column":33}}},"8":{"name":"(anonymous_10)","decl":{"start":{"line":180,"column":15},"end":{"line":180,"column":19}},"loc":{"start":{"line":181,"column":43},"end":{"line":185,"column":null}}},"9":{"name":"(anonymous_12)","decl":{"start":{"line":191,"column":15},"end":{"line":191,"column":20}},"loc":{"start":{"line":192,"column":43},"end":{"line":195,"column":null}}},"10":{"name":"(anonymous_14)","decl":{"start":{"line":201,"column":15},"end":{"line":201,"column":19}},"loc":{"start":{"line":201,"column":59},"end":{"line":203,"column":null}}},"11":{"name":"(anonymous_16)","decl":{"start":{"line":207,"column":9},"end":{"line":207,"column":17}},"loc":{"start":{"line":207,"column":17},"end":{"line":209,"column":3}}},"12":{"name":"(anonymous_17)","decl":{"start":{"line":213,"column":9},"end":{"line":213,"column":15}},"loc":{"start":{"line":213,"column":15},"end":{"line":215,"column":3}}},"13":{"name":"(anonymous_18)","decl":{"start":{"line":219,"column":9},"end":{"line":219,"column":14}},"loc":{"start":{"line":219,"column":14},"end":{"line":221,"column":3}}},"14":{"name":"(anonymous_19)","decl":{"start":{"line":228,"column":2},"end":{"line":228,"column":14}},"loc":{"start":{"line":228,"column":24},"end":{"line":230,"column":3}}},"15":{"name":"(anonymous_20)","decl":{"start":{"line":231,"column":15},"end":{"line":231,"column":22}},"loc":{"start":{"line":232,"column":55},"end":{"line":237,"column":null}}},"16":{"name":"(anonymous_22)","decl":{"start":{"line":238,"column":15},"end":{"line":238,"column":21}},"loc":{"start":{"line":239,"column":58},"end":{"line":248,"column":null}}},"17":{"name":"(anonymous_24)","decl":{"start":{"line":249,"column":15},"end":{"line":249,"column":18}},"loc":{"start":{"line":250,"column":52},"end":{"line":257,"column":null}}},"18":{"name":"(anonymous_26)","decl":{"start":{"line":258,"column":15},"end":{"line":258,"column":22}},"loc":{"start":{"line":259,"column":54},"end":{"line":266,"column":null}}},"19":{"name":"(anonymous_28)","decl":{"start":{"line":267,"column":15},"end":{"line":267,"column":21}},"loc":{"start":{"line":269,"column":11},"end":{"line":279,"column":null}}},"20":{"name":"(anonymous_30)","decl":{"start":{"line":280,"column":15},"end":{"line":280,"column":26}},"loc":{"start":{"line":282,"column":11},"end":{"line":292,"column":null}}},"21":{"name":"(anonymous_32)","decl":{"start":{"line":293,"column":15},"end":{"line":293,"column":24}},"loc":{"start":{"line":294,"column":58},"end":{"line":303,"column":null}}},"22":{"name":"(anonymous_34)","decl":{"start":{"line":310,"column":2},"end":{"line":310,"column":14}},"loc":{"start":{"line":310,"column":24},"end":{"line":312,"column":3}}},"23":{"name":"(anonymous_35)","decl":{"start":{"line":313,"column":15},"end":{"line":313,"column":22}},"loc":{"start":{"line":314,"column":63},"end":{"line":317,"column":null}}},"24":{"name":"(anonymous_37)","decl":{"start":{"line":318,"column":15},"end":{"line":318,"column":21}},"loc":{"start":{"line":319,"column":66},"end":{"line":329,"column":null}}},"25":{"name":"(anonymous_39)","decl":{"start":{"line":330,"column":15},"end":{"line":330,"column":18}},"loc":{"start":{"line":331,"column":60},"end":{"line":334,"column":null}}},"26":{"name":"(anonymous_41)","decl":{"start":{"line":335,"column":15},"end":{"line":335,"column":22}},"loc":{"start":{"line":336,"column":62},"end":{"line":340,"column":null}}},"27":{"name":"(anonymous_43)","decl":{"start":{"line":341,"column":9},"end":{"line":341,"column":13}},"loc":{"start":{"line":342,"column":41},"end":{"line":345,"column":3}}},"28":{"name":"(anonymous_44)","decl":{"start":{"line":346,"column":15},"end":{"line":346,"column":21}},"loc":{"start":{"line":348,"column":11},"end":{"line":358,"column":null}}},"29":{"name":"(anonymous_46)","decl":{"start":{"line":359,"column":15},"end":{"line":359,"column":26}},"loc":{"start":{"line":361,"column":11},"end":{"line":371,"column":null}}},"30":{"name":"(anonymous_48)","decl":{"start":{"line":372,"column":15},"end":{"line":372,"column":24}},"loc":{"start":{"line":373,"column":66},"end":{"line":376,"column":null}}},"31":{"name":"(anonymous_50)","decl":{"start":{"line":377,"column":16},"end":{"line":377,"column":20}},"loc":{"start":{"line":378,"column":60},"end":{"line":383,"column":null}}},"32":{"name":"(anonymous_52)","decl":{"start":{"line":381,"column":20},"end":{"line":381,"column":21}},"loc":{"start":{"line":381,"column":30},"end":{"line":381,"column":58}}},"33":{"name":"(anonymous_53)","decl":{"start":{"line":431,"column":2},"end":{"line":431,"column":14}},"loc":{"start":{"line":431,"column":26},"end":{"line":438,"column":3}}},"34":{"name":"(anonymous_54)","decl":{"start":{"line":393,"column":2},"end":{"line":393,"column":13}},"loc":{"start":{"line":393,"column":26},"end":{"line":396,"column":3}}},"35":{"name":"(anonymous_55)","decl":{"start":{"line":397,"column":2},"end":{"line":397,"column":13}},"loc":{"start":{"line":397,"column":17},"end":{"line":399,"column":3}}},"36":{"name":"(anonymous_56)","decl":{"start":{"line":405,"column":9},"end":{"line":405,"column":15}},"loc":{"start":{"line":406,"column":54},"end":{"line":414,"column":3}}},"37":{"name":"(anonymous_57)","decl":{"start":{"line":439,"column":9},"end":{"line":439,"column":15}},"loc":{"start":{"line":444,"column":5},"end":{"line":447,"column":3}}},"38":{"name":"(anonymous_58)","decl":{"start":{"line":448,"column":9},"end":{"line":448,"column":12}},"loc":{"start":{"line":453,"column":5},"end":{"line":456,"column":3}}},"39":{"name":"(anonymous_59)","decl":{"start":{"line":457,"column":9},"end":{"line":457,"column":16}},"loc":{"start":{"line":462,"column":5},"end":{"line":465,"column":3}}},"40":{"name":"(anonymous_60)","decl":{"start":{"line":466,"column":9},"end":{"line":466,"column":13}},"loc":{"start":{"line":466,"column":41},"end":{"line":468,"column":3}}},"41":{"name":"(anonymous_61)","decl":{"start":{"line":469,"column":9},"end":{"line":469,"column":17}},"loc":{"start":{"line":469,"column":17},"end":{"line":471,"column":3}}},"42":{"name":"(anonymous_62)","decl":{"start":{"line":472,"column":9},"end":{"line":472,"column":15}},"loc":{"start":{"line":472,"column":15},"end":{"line":474,"column":3}}},"43":{"name":"(anonymous_63)","decl":{"start":{"line":475,"column":9},"end":{"line":475,"column":16}},"loc":{"start":{"line":480,"column":5},"end":{"line":483,"column":3}}},"44":{"name":"(anonymous_64)","decl":{"start":{"line":484,"column":9},"end":{"line":484,"column":13}},"loc":{"start":{"line":489,"column":5},"end":{"line":492,"column":3}}},"45":{"name":"(anonymous_65)","decl":{"start":{"line":493,"column":9},"end":{"line":493,"column":14}},"loc":{"start":{"line":498,"column":5},"end":{"line":501,"column":3}}},"46":{"name":"(anonymous_66)","decl":{"start":{"line":502,"column":9},"end":{"line":502,"column":13}},"loc":{"start":{"line":507,"column":5},"end":{"line":510,"column":3}}},"47":{"name":"(anonymous_67)","decl":{"start":{"line":511,"column":9},"end":{"line":511,"column":18}},"loc":{"start":{"line":516,"column":5},"end":{"line":519,"column":3}}},"48":{"name":"(anonymous_68)","decl":{"start":{"line":520,"column":9},"end":{"line":520,"column":15}},"loc":{"start":{"line":522,"column":11},"end":{"line":525,"column":3}}},"49":{"name":"(anonymous_69)","decl":{"start":{"line":526,"column":9},"end":{"line":526,"column":20}},"loc":{"start":{"line":528,"column":11},"end":{"line":531,"column":3}}},"50":{"name":"(anonymous_70)","decl":{"start":{"line":535,"column":15},"end":{"line":535,"column":19}},"loc":{"start":{"line":543,"column":12},"end":{"line":572,"column":null}}},"51":{"name":"(anonymous_72)","decl":{"start":{"line":576,"column":9},"end":{"line":576,"column":14}},"loc":{"start":{"line":576,"column":14},"end":{"line":578,"column":3}}},"52":{"name":"(anonymous_73)","decl":{"start":{"line":582,"column":9},"end":{"line":582,"column":10}},"loc":{"start":{"line":582,"column":27},"end":{"line":586,"column":3}}},"53":{"name":"(anonymous_74)","decl":{"start":{"line":587,"column":10},"end":{"line":587,"column":18}},"loc":{"start":{"line":587,"column":31},"end":{"line":591,"column":3}}}},"branchMap":{"0":{"loc":{"start":{"line":8,"column":5},"end":{"line":8,"column":15}},"type":"binary-expr","locations":[{"start":{"line":8,"column":5},"end":{"line":8,"column":15}},{"start":{"line":8,"column":5},"end":{"line":8,"column":null}}]},"1":{"loc":{"start":{"line":66,"column":26},"end":{"line":66,"column":28}},"type":"default-arg","locations":[{"start":{"line":66,"column":26},"end":{"line":66,"column":28}}]},"2":{"loc":{"start":{"line":106,"column":4},"end":{"line":108,"column":null}},"type":"if","locations":[{"start":{"line":106,"column":4},"end":{"line":108,"column":null}},{"start":{"line":106,"column":4},"end":{"line":108,"column":null}}]},"3":{"loc":{"start":{"line":118,"column":6},"end":{"line":120,"column":null}},"type":"if","locations":[{"start":{"line":118,"column":6},"end":{"line":120,"column":null}},{"start":{"line":118,"column":6},"end":{"line":120,"column":null}}]},"4":{"loc":{"start":{"line":127,"column":8},"end":{"line":129,"column":null}},"type":"if","locations":[{"start":{"line":127,"column":8},"end":{"line":129,"column":null}},{"start":{"line":127,"column":8},"end":{"line":129,"column":null}}]},"5":{"loc":{"start":{"line":131,"column":8},"end":{"line":135,"column":null}},"type":"if","locations":[{"start":{"line":131,"column":8},"end":{"line":135,"column":null}},{"start":{"line":131,"column":8},"end":{"line":135,"column":null}}]},"6":{"loc":{"start":{"line":184,"column":22},"end":{"line":184,"column":26}},"type":"cond-expr","locations":[{"start":{"line":184,"column":22},"end":{"line":184,"column":26}},{"start":{"line":184,"column":29},"end":{"line":184,"column":41}}]},"7":{"loc":{"start":{"line":243,"column":6},"end":{"line":245,"column":null}},"type":"if","locations":[{"start":{"line":243,"column":6},"end":{"line":245,"column":null}},{"start":{"line":243,"column":6},"end":{"line":245,"column":null}}]},"8":{"loc":{"start":{"line":272,"column":6},"end":{"line":276,"column":null}},"type":"if","locations":[{"start":{"line":272,"column":6},"end":{"line":276,"column":null}},{"start":{"line":272,"column":6},"end":{"line":276,"column":null}}]},"9":{"loc":{"start":{"line":285,"column":6},"end":{"line":289,"column":null}},"type":"if","locations":[{"start":{"line":285,"column":6},"end":{"line":289,"column":null}},{"start":{"line":285,"column":6},"end":{"line":289,"column":null}}]},"10":{"loc":{"start":{"line":298,"column":6},"end":{"line":300,"column":null}},"type":"if","locations":[{"start":{"line":298,"column":6},"end":{"line":300,"column":null}},{"start":{"line":298,"column":6},"end":{"line":300,"column":null}}]},"11":{"loc":{"start":{"line":324,"column":6},"end":{"line":326,"column":null}},"type":"if","locations":[{"start":{"line":324,"column":6},"end":{"line":326,"column":null}},{"start":{"line":324,"column":6},"end":{"line":326,"column":null}}]},"12":{"loc":{"start":{"line":351,"column":6},"end":{"line":355,"column":null}},"type":"if","locations":[{"start":{"line":351,"column":6},"end":{"line":355,"column":null}},{"start":{"line":351,"column":6},"end":{"line":355,"column":null}}]},"13":{"loc":{"start":{"line":364,"column":6},"end":{"line":368,"column":null}},"type":"if","locations":[{"start":{"line":364,"column":6},"end":{"line":368,"column":null}},{"start":{"line":364,"column":6},"end":{"line":368,"column":null}}]},"14":{"loc":{"start":{"line":409,"column":4},"end":{"line":411,"column":null}},"type":"if","locations":[{"start":{"line":409,"column":4},"end":{"line":411,"column":null}},{"start":{"line":409,"column":4},"end":{"line":411,"column":null}}]},"15":{"loc":{"start":{"line":554,"column":8},"end":{"line":561,"column":null}},"type":"if","locations":[{"start":{"line":554,"column":8},"end":{"line":561,"column":null}},{"start":{"line":554,"column":8},"end":{"line":561,"column":null}}]},"16":{"loc":{"start":{"line":557,"column":10},"end":{"line":559,"column":null}},"type":"if","locations":[{"start":{"line":557,"column":10},"end":{"line":559,"column":null}},{"start":{"line":557,"column":10},"end":{"line":559,"column":null}}]},"17":{"loc":{"start":{"line":563,"column":6},"end":{"line":565,"column":null}},"type":"if","locations":[{"start":{"line":563,"column":6},"end":{"line":565,"column":null}},{"start":{"line":563,"column":6},"end":{"line":565,"column":null}}]},"18":{"loc":{"start":{"line":568,"column":6},"end":{"line":570,"column":null}},"type":"if","locations":[{"start":{"line":568,"column":6},"end":{"line":570,"column":null}},{"start":{"line":568,"column":6},"end":{"line":570,"column":null}}]}},"s":{"0":4,"1":4,"2":4,"3":4,"4":4,"5":4,"6":4,"7":4,"8":4,"9":4,"10":4,"11":4,"12":4,"13":4,"14":4,"15":4,"16":4,"17":18,"18":18,"19":18,"20":18,"21":4,"22":34,"23":0,"24":0,"25":0,"26":0,"27":0,"28":0,"29":0,"30":0,"31":0,"32":0,"33":0,"34":0,"35":0,"36":0,"37":0,"38":0,"39":0,"40":0,"41":0,"42":0,"43":0,"44":0,"45":0,"46":1,"47":1,"48":1,"49":0,"50":1,"51":1,"52":14,"53":31,"54":1,"55":1,"56":1,"57":5,"58":5,"59":5,"60":5,"61":5,"62":25,"63":10,"64":5,"65":3,"66":3,"67":3,"68":3,"69":10,"70":3,"71":2,"72":2,"73":2,"74":2,"75":8,"76":2,"77":1,"78":1,"79":1,"80":5,"81":4,"82":1,"83":1,"84":1,"85":1,"86":5,"87":4,"88":1,"89":1,"90":3,"91":3,"92":3,"93":5,"94":5,"95":3,"96":0,"97":3,"98":0,"99":1,"100":1,"101":1,"102":1,"103":1,"104":5,"105":3,"106":1,"107":1,"108":0,"109":0,"110":0,"111":0,"112":0,"113":0,"114":0,"115":0,"116":0,"117":0,"118":0,"119":0,"120":0,"121":0,"122":0,"123":0,"124":0,"125":2,"126":8,"127":25,"128":25,"129":25,"130":28,"131":28,"132":60,"133":4,"134":4,"135":1,"136":3,"137":3,"138":4,"139":4,"140":2,"141":0,"142":1,"143":1,"144":1,"145":0,"146":1,"147":1,"148":1,"149":1,"150":1,"151":20,"152":20,"153":20,"154":20,"155":20,"156":20,"157":14,"158":6,"159":0,"160":6,"161":14,"162":10,"163":14,"164":0,"165":0,"166":4,"167":2,"168":10,"169":18,"170":18,"171":18,"172":4},"f":{"0":4,"1":18,"2":34,"3":0,"4":0,"5":0,"6":0,"7":0,"8":1,"9":1,"10":0,"11":1,"12":1,"13":14,"14":31,"15":1,"16":5,"17":3,"18":2,"19":1,"20":1,"21":3,"22":3,"23":0,"24":1,"25":1,"26":0,"27":0,"28":0,"29":0,"30":0,"31":2,"32":8,"33":25,"34":28,"35":60,"36":4,"37":4,"38":4,"39":2,"40":0,"41":1,"42":1,"43":1,"44":0,"45":1,"46":1,"47":1,"48":1,"49":1,"50":20,"51":4,"52":2,"53":18},"b":{"0":[4,4],"1":[11],"2":[0,0],"3":[0,0],"4":[0,0],"5":[0,0],"6":[0,1],"7":[10,15],"8":[4,1],"9":[4,1],"10":[3,2],"11":[3,2],"12":[0,0],"13":[0,0],"14":[1,3],"15":[14,6],"16":[0,6],"17":[10,4],"18":[0,0]}}
,"D:\\Text\\nodejs\\rx-util\\src\\module\\array\\arrayDiffBy.ts": {"path":"D:\\Text\\nodejs\\rx-util\\src\\module\\array\\arrayDiffBy.ts","statementMap":{"0":{"start":{"line":1,"column":0},"end":{"line":1,"column":33}},"1":{"start":{"line":7,"column":13},"end":{"line":7,"column":null}}},"fnMap":{},"branchMap":{},"s":{"0":2,"1":2},"f":{},"b":{}}
[...]
,"D:\\Text\\nodejs\\rx-util\\src\\module\\string\\StringConverter\\StringStyleType.ts": {"path":"D:\\Text\\nodejs\\rx-util\\src\\module\\string\\StringConverter\\StringStyleType.ts","statementMap":{"0":{"start":{"line":4,"column":0},"end":{"line":4,"column":null}},"1":{"start":{"line":8,"column":2},"end":{"line":8,"column":null}},"2":{"start":{"line":12,"column":2},"end":{"line":12,"column":null}},"3":{"start":{"line":16,"column":2},"end":{"line":16,"column":null}},"4":{"start":{"line":20,"column":2},"end":{"line":20,"column":null}}},"fnMap":{"0":{"name":"(anonymous_0)","decl":{"start":{"line":4,"column":0},"end":{"line":4,"column":12}},"loc":{"start":{"line":4,"column":27},"end":{"line":21,"column":1}}}},"branchMap":{"0":{"loc":{"start":{"line":4,"column":12},"end":{"line":4,"column":27}},"type":"binary-expr","locations":[{"start":{"line":4,"column":12},"end":{"line":4,"column":27}},{"start":{"line":4,"column":12},"end":{"line":4,"column":null}}]}},"s":{"0":3,"1":3,"2":3,"3":3,"4":3},"f":{"0":3},"b":{"0":[3,3]}}
,"D:\\Text\\nodejs\\rx-util\\src\\module\\tree\\NodeBridgeUtil.ts": {"path":"D:\\Text\\nodejs\\rx-util\\src\\module\\tree\\NodeBridgeUtil.ts","statementMap":{"0":{"start":{"line":1,"column":0},"end":{"line":1,"column":43}},"1":{"start":{"line":3,"column":0},"end":{"line":3,"column":43}},"2":{"start":{"line":23,"column":4},"end":{"line":28,"column":null}},"3":{"start":{"line":37,"column":4},"end":{"line":39,"column":null}},"4":{"start":{"line":48,"column":4},"end":{"line":48,"column":null}},"5":{"start":{"line":11,"column":0},"end":{"line":11,"column":13}},"6":{"start":{"line":56,"column":13},"end":{"line":56,"column":null}}},"fnMap":{"0":{"name":"(anonymous_0)","decl":{"start":{"line":17,"column":9},"end":{"line":17,"column":15}},"loc":{"start":{"line":22,"column":30},"end":{"line":29,"column":3}}},"1":{"name":"(anonymous_1)","decl":{"start":{"line":36,"column":9},"end":{"line":36,"column":15}},"loc":{"start":{"line":36,"column":63},"end":{"line":40,"column":3}}},"2":{"name":"(anonymous_2)","decl":{"start":{"line":47,"column":9},"end":{"line":47,"column":15}},"loc":{"start":{"line":47,"column":65},"end":{"line":49,"column":3}}}},"branchMap":{"0":{"loc":{"start":{"line":22,"column":28},"end":{"line":22,"column":30}},"type":"default-arg","locations":[{"start":{"line":22,"column":28},"end":{"line":22,"column":30}}]},"1":{"loc":{"start":{"line":18,"column":9},"end":{"line":18,"column":13}},"type":"default-arg","locations":[{"start":{"line":18,"column":9},"end":{"line":18,"column":13}}]},"2":{"loc":{"start":{"line":19,"column":15},"end":{"line":19,"column":25}},"type":"default-arg","locations":[{"start":{"line":19,"column":15},"end":{"line":19,"column":25}}]},"3":{"loc":{"start":{"line":20,"column":12},"end":{"line":20,"column":19}},"type":"default-arg","locations":[{"start":{"line":20,"column":12},"end":{"line":20,"column":19}}]},"4":{"loc":{"start":{"line":21,"column":11},"end":{"line":21,"column":17}},"type":"default-arg","locations":[{"start":{"line":21,"column":11},"end":{"line":21,"column":17}}]}},"s":{"0":6,"1":6,"2":7,"3":1,"4":1,"5":6,"6":6},"f":{"0":7,"1":1,"2":1},"b":{"0":[0],"1":[0],"2":[0],"3":[2],"4":[7]}}
,"D:\\Text\\nodejs\\rx-util\\src\\module\\tree\\listToTree.ts": {"path":"D:\\Text\\nodejs\\rx-util\\src\\module\\tree\\listToTree.ts","statementMap":{"0":{"start":{"line":1,"column":0},"end":{"line":1,"column":55}},"1":{"start":{"line":29,"column":21},"end":{"line":29,"column":35}},"2":{"start":{"line":32,"column":23},"end":{"line":32,"column":25}},"3":{"start":{"line":33,"column":14},"end":{"line":48,"column":9}},"4":{"start":{"line":34,"column":16},"end":{"line":34,"column":29}},"5":{"start":{"line":35,"column":4},"end":{"line":38,"column":null}},"6":{"start":{"line":36,"column":6},"end":{"line":36,"column":null}},"7":{"start":{"line":37,"column":6},"end":{"line":37,"column":null}},"8":{"start":{"line":39,"column":4},"end":{"line":46,"column":null}},"9":{"start":{"line":40,"column":21},"end":{"line":40,"column":37}},"10":{"start":{"line":41,"column":6},"end":{"line":45,"column":null}},"11":{"start":{"line":42,"column":8},"end":{"line":42,"column":null}},"12":{"start":{"line":43,"column":8},"end":{"line":43,"column":null}},"13":{"start":{"line":44,"column":8},"end":{"line":44,"column":null}},"14":{"start":{"line":47,"column":4},"end":{"line":47,"column":null}},"15":{"start":{"line":50,"column":14},"end":{"line":50,"column":24}},"16":{"start":{"line":51,"column":2},"end":{"line":51,"column":null}},"17":{"start":{"line":51,"column":17},"end":{"line":51,"column":null}},"18":{"start":{"line":52,"column":2},"end":{"line":52,"column":null}},"19":{"start":{"line":52,"column":17},"end":{"line":52,"column":null}},"20":{"start":{"line":53,"column":2},"end":{"line":53,"column":null}},"21":{"start":{"line":25,"column":0},"end":{"line":25,"column":16}}},"fnMap":{"0":{"name":"listToTree","decl":{"start":{"line":25,"column":16},"end":{"line":25,"column":26}},"loc":{"start":{"line":30,"column":40},"end":{"line":54,"column":1}}},"1":{"name":"(anonymous_1)","decl":{"start":{"line":29,"column":13},"end":{"line":29,"column":17}},"loc":{"start":{"line":29,"column":21},"end":{"line":29,"column":35}}},"2":{"name":"(anonymous_2)","decl":{"start":{"line":33,"column":26},"end":{"line":33,"column":27}},"loc":{"start":{"line":33,"column":41},"end":{"line":48,"column":3}}}},"branchMap":{"0":{"loc":{"start":{"line":30,"column":38},"end":{"line":30,"column":40}},"type":"default-arg","locations":[{"start":{"line":30,"column":38},"end":{"line":30,"column":40}}]},"1":{"loc":{"start":{"line":28,"column":13},"end":{"line":28,"column":25}},"type":"default-arg","locations":[{"start":{"line":28,"column":13},"end":{"line":28,"column":25}}]},"2":{"loc":{"start":{"line":29,"column":13},"end":{"line":29,"column":35}},"type":"default-arg","locations":[{"start":{"line":29,"column":13},"end":{"line":29,"column":35}}]},"3":{"loc":{"start":{"line":35,"column":4},"end":{"line":38,"column":null}},"type":"if","locations":[{"start":{"line":35,"column":4},"end":{"line":38,"column":null}},{"start":{"line":35,"column":4},"end":{"line":38,"column":null}}]},"4":{"loc":{"start":{"line":41,"column":6},"end":{"line":45,"column":null}},"type":"if","locations":[{"start":{"line":41,"column":6},"end":{"line":45,"column":null}},{"start":{"line":41,"column":6},"end":{"line":45,"column":null}}]},"5":{"loc":{"start":{"line":42,"column":23},"end":{"line":42,"column":35}},"type":"binary-expr","locations":[{"start":{"line":42,"column":23},"end":{"line":42,"column":35}},{"start":{"line":42,"column":39},"end":{"line":42,"column":41}}]},"6":{"loc":{"start":{"line":51,"column":2},"end":{"line":51,"column":null}},"type":"if","locations":[{"start":{"line":51,"column":2},"end":{"line":51,"column":null}},{"start":{"line":51,"column":2},"end":{"line":51,"column":null}}]},"7":{"loc":{"start":{"line":52,"column":2},"end":{"line":52,"column":null}},"type":"if","locations":[{"start":{"line":52,"column":2},"end":{"line":52,"column":null}},{"start":{"line":52,"column":2},"end":{"line":52,"column":null}}]}},"s":{"0":3,"1":48,"2":7,"3":7,"4":48,"5":48,"6":8,"7":8,"8":40,"9":116,"10":116,"11":38,"12":38,"13":38,"14":2,"15":7,"16":7,"17":1,"18":6,"19":5,"20":1,"21":3},"f":{"0":7,"1":48,"2":48},"b":{"0":[6],"1":[6],"2":[7],"3":[8,40],"4":[38,78],"5":[38,19],"6":[1,6],"7":[5,1]}}
,"D:\\Text\\nodejs\\rx-util\\src\\module\\tree\\treeMapping.ts": {"path":"D:\\Text\\nodejs\\rx-util\\src\\module\\tree\\treeMapping.ts","statementMap":{"0":{"start":{"line":1,"column":0},"end":{"line":1,"column":56}},"1":{"start":{"line":2,"column":0},"end":{"line":2,"column":55}},"2":{"start":{"line":34,"column":33},"end":{"line":34,"column":35}},"3":{"start":{"line":44,"column":18},"end":{"line":44,"column":40}},"4":{"start":{"line":45,"column":19},"end":{"line":45,"column":30}},"5":{"start":{"line":46,"column":4},"end":{"line":51,"column":null}},"6":{"start":{"line":47,"column":6},"end":{"line":50,"column":null}},"7":{"start":{"line":49,"column":8},"end":{"line":49,"column":51}},"8":{"start":{"line":53,"column":4},"end":{"line":53,"column":null}},"9":{"start":{"line":55,"column":2},"end":{"line":55,"column":null}},"10":{"start":{"line":29,"column":0},"end":{"line":29,"column":16}}},"fnMap":{"0":{"name":"treeMapping","decl":{"start":{"line":29,"column":16},"end":{"line":29,"column":27}},"loc":{"start":{"line":35,"column":41},"end":{"line":56,"column":1}}},"1":{"name":"(anonymous_1)","decl":{"start":{"line":34,"column":14},"end":{"line":34,"column":15}},"loc":{"start":{"line":34,"column":33},"end":{"line":34,"column":35}}},"2":{"name":"_treeMapping","decl":{"start":{"line":42,"column":11},"end":{"line":42,"column":23}},"loc":{"start":{"line":42,"column":49},"end":{"line":54,"column":3}}},"3":{"name":"(anonymous_3)","decl":{"start":{"line":47,"column":31},"end":{"line":47,"column":32}},"loc":{"start":{"line":49,"column":8},"end":{"line":49,"column":51}}}},"branchMap":{"0":{"loc":{"start":{"line":35,"column":39},"end":{"line":35,"column":41}},"type":"default-arg","locations":[{"start":{"line":35,"column":39},"end":{"line":35,"column":41}}]},"1":{"loc":{"start":{"line":32,"column":13},"end":{"line":32,"column":25}},"type":"default-arg","locations":[{"start":{"line":32,"column":13},"end":{"line":32,"column":25}}]},"2":{"loc":{"start":{"line":33,"column":12},"end":{"line":33,"column":24}},"type":"default-arg","locations":[{"start":{"line":33,"column":12},"end":{"line":33,"column":24}}]},"3":{"loc":{"start":{"line":34,"column":14},"end":{"line":34,"column":35}},"type":"default-arg","locations":[{"start":{"line":34,"column":14},"end":{"line":34,"column":35}}]},"4":{"loc":{"start":{"line":46,"column":4},"end":{"line":51,"column":null}},"type":"if","locations":[{"start":{"line":46,"column":4},"end":{"line":51,"column":null}},{"start":{"line":46,"column":4},"end":{"line":51,"column":null}}]}},"s":{"0":6,"1":6,"2":6,"3":14,"4":14,"5":14,"6":6,"7":12,"8":14,"9":2,"10":6},"f":{"0":2,"1":6,"2":14,"3":12},"b":{"0":[0],"1":[0],"2":[2],"3":[1],"4":[6,8]}}
,"D:\\Text\\nodejs\\rx-util\\src\\module\\tree\\treeToList.ts": {"path":"D:\\Text\\nodejs\\rx-util\\src\\module\\tree\\treeToList.ts","statementMap":{"0":{"start":{"line":1,"column":0},"end":{"line":1,"column":55}},"1":{"start":{"line":2,"column":0},"end":{"line":2,"column":43}},"2":{"start":{"line":4,"column":0},"end":{"line":4,"column":56}},"3":{"start":{"line":5,"column":0},"end":{"line":5,"column":60}},"4":{"start":{"line":35,"column":23},"end":{"line":35,"column":25}},"5":{"start":{"line":36,"column":20},"end":{"line":36,"column":32}},"6":{"start":{"line":37,"column":10},"end":{"line":37,"column":11}},"7":{"start":{"line":39,"column":2},"end":{"line":57,"column":null}},"8":{"start":{"line":42,"column":6},"end":{"line":42,"column":null}},"9":{"start":{"line":43,"column":19},"end":{"line":43,"column":33}},"10":{"start":{"line":44,"column":6},"end":{"line":46,"column":null}},"11":{"start":{"line":45,"column":8},"end":{"line":45,"column":null}},"12":{"start":{"line":47,"column":6},"end":{"line":47,"column":null}},"13":{"start":{"line":49,"column":6},"end":{"line":51,"column":null}},"14":{"start":{"line":50,"column":8},"end":{"line":50,"column":null}},"15":{"start":{"line":53,"column":6},"end":{"line":53,"column":null}},"16":{"start":{"line":54,"column":6},"end":{"line":54,"column":null}},"17":{"start":{"line":56,"column":22},"end":{"line":56,"column":49}},"18":{"start":{"line":58,"column":2},"end":{"line":58,"column":null}},"19":{"start":{"line":28,"column":0},"end":{"line":28,"column":16}},"20":{"start":{"line":75,"column":23},"end":{"line":75,"column":25}},"21":{"start":{"line":76,"column":15},"end":{"line":76,"column":27}},"22":{"start":{"line":77,"column":2},"end":{"line":79,"column":null}},"23":{"start":{"line":78,"column":4},"end":{"line":78,"column":null}},"24":{"start":{"line":81,"column":25},"end":{"line":81,"column":31}},"25":{"start":{"line":83,"column":20},"end":{"line":83,"column":36}},"26":{"start":{"line":85,"column":20},"end":{"line":85,"column":29}},"27":{"start":{"line":86,"column":2},"end":{"line":118,"column":null}},"28":{"start":{"line":87,"column":18},"end":{"line":87,"column":38}},"29":{"start":{"line":88,"column":4},"end":{"line":88,"column":null}},"30":{"start":{"line":90,"column":4},"end":{"line":92,"column":null}},"31":{"start":{"line":91,"column":6},"end":{"line":91,"column":14}},"32":{"start":{"line":93,"column":4},"end":{"line":93,"column":null}},"33":{"start":{"line":94,"column":4},"end":{"line":94,"column":null}},"34":{"start":{"line":95,"column":18},"end":{"line":95,"column":29}},"35":{"start":{"line":96,"column":4},"end":{"line":98,"column":null}},"36":{"start":{"line":97,"column":6},"end":{"line":97,"column":14}},"37":{"start":{"line":99,"column":28},"end":{"line":100,"column":null}},"38":{"start":{"line":100,"column":11},"end":{"line":100,"column":52}},"39":{"start":{"line":103,"column":4},"end":{"line":117,"column":null}},"40":{"start":{"line":106,"column":23},"end":{"line":106,"column":39}},"41":{"start":{"line":108,"column":12},"end":{"line":110,"column":null}},"42":{"start":{"line":109,"column":14},"end":{"line":109,"column":null}},"43":{"start":{"line":112,"column":12},"end":{"line":112,"column":null}},"44":{"start":{"line":113,"column":12},"end":{"line":113,"column":null}},"45":{"start":{"line":114,"column":12},"end":{"line":114,"column":null}},"46":{"start":{"line":119,"column":2},"end":{"line":119,"column":null}},"47":{"start":{"line":68,"column":0},"end":{"line":68,"column":16}}},"fnMap":{"0":{"name":"treeToList2","decl":{"start":{"line":28,"column":16},"end":{"line":28,"column":27}},"loc":{"start":{"line":33,"column":40},"end":{"line":59,"column":1}}},"1":{"name":"(anonymous_1)","decl":{"start":{"line":40,"column":4},"end":{"line":40,"column":10}},"loc":{"start":{"line":40,"column":28},"end":{"line":55,"column":5}}},"2":{"name":"(anonymous_2)","decl":{"start":{"line":56,"column":13},"end":{"line":56,"column":17}},"loc":{"start":{"line":56,"column":22},"end":{"line":56,"column":49}}},"3":{"name":"treeToList","decl":{"start":{"line":68,"column":16},"end":{"line":68,"column":26}},"loc":{"start":{"line":73,"column":40},"end":{"line":120,"column":1}}},"4":{"name":"(anonymous_4)","decl":{"start":{"line":100,"column":6},"end":{"line":100,"column":7}},"loc":{"start":{"line":100,"column":11},"end":{"line":100,"column":52}}},"5":{"name":"(anonymous_5)","decl":{"start":{"line":105,"column":30},"end":{"line":105,"column":31}},"loc":{"start":{"line":105,"column":34},"end":{"line":115,"column":11}}}},"branchMap":{"0":{"loc":{"start":{"line":33,"column":38},"end":{"line":33,"column":40}},"type":"default-arg","locations":[{"start":{"line":33,"column":38},"end":{"line":33,"column":40}}]},"1":{"loc":{"start":{"line":31,"column":15},"end":{"line":31,"column":20}},"type":"default-arg","locations":[{"start":{"line":31,"column":15},"end":{"line":31,"column":20}}]},"2":{"loc":{"start":{"line":32,"column":13},"end":{"line":32,"column":25}},"type":"default-arg","locations":[{"start":{"line":32,"column":13},"end":{"line":32,"column":25}}]},"3":{"loc":{"start":{"line":44,"column":6},"end":{"line":46,"column":null}},"type":"if","locations":[{"start":{"line":44,"column":6},"end":{"line":46,"column":null}},{"start":{"line":44,"column":6},"end":{"line":46,"column":null}}]},"4":{"loc":{"start":{"line":49,"column":6},"end":{"line":51,"column":null}},"type":"if","locations":[{"start":{"line":49,"column":6},"end":{"line":51,"column":null}},{"start":{"line":49,"column":6},"end":{"line":51,"column":null}}]},"5":{"loc":{"start":{"line":50,"column":34},"end":{"line":50,"column":50}},"type":"cond-expr","locations":[{"start":{"line":50,"column":34},"end":{"line":50,"column":50}},{"start":{"line":50,"column":53},"end":{"line":50,"column":55}}]},"6":{"loc":{"start":{"line":56,"column":33},"end":{"line":56,"column":44}},"type":"cond-expr","locations":[{"start":{"line":56,"column":33},"end":{"line":56,"column":44}},{"start":{"line":56,"column":47},"end":{"line":56,"column":49}}]},"7":{"loc":{"start":{"line":73,"column":38},"end":{"line":73,"column":40}},"type":"default-arg","locations":[{"start":{"line":73,"column":38},"end":{"line":73,"column":40}}]},"8":{"loc":{"start":{"line":71,"column":15},"end":{"line":71,"column":20}},"type":"default-arg","locations":[{"start":{"line":71,"column":15},"end":{"line":71,"column":20}}]},"9":{"loc":{"start":{"line":72,"column":13},"end":{"line":72,"column":25}},"type":"default-arg","locations":[{"start":{"line":72,"column":13},"end":{"line":72,"column":25}}]},"10":{"loc":{"start":{"line":77,"column":2},"end":{"line":79,"column":null}},"type":"if","locations":[{"start":{"line":77,"column":2},"end":{"line":79,"column":null}},{"start":{"line":77,"column":2},"end":{"line":79,"column":null}}]},"11":{"loc":{"start":{"line":90,"column":4},"end":{"line":92,"column":null}},"type":"if","locations":[{"start":{"line":90,"column":4},"end":{"line":92,"column":null}},{"start":{"line":90,"column":4},"end":{"line":92,"column":null}}]},"12":{"loc":{"start":{"line":90,"column":8},"end":{"line":90,"column":27}},"type":"binary-expr","locations":[{"start":{"line":90,"column":8},"end":{"line":90,"column":27}},{"start":{"line":90,"column":31},"end":{"line":90,"column":51}}]},"13":{"loc":{"start":{"line":96,"column":4},"end":{"line":98,"column":null}},"type":"if","locations":[{"start":{"line":96,"column":4},"end":{"line":98,"column":null}},{"start":{"line":96,"column":4},"end":{"line":98,"column":null}}]},"14":{"loc":{"start":{"line":100,"column":11},"end":{"line":100,"column":32}},"type":"binary-expr","locations":[{"start":{"line":100,"column":11},"end":{"line":100,"column":32}},{"start":{"line":100,"column":36},"end":{"line":100,"column":52}}]},"15":{"loc":{"start":{"line":105,"column":10},"end":{"line":115,"column":12}},"type":"cond-expr","locations":[{"start":{"line":105,"column":10},"end":{"line":115,"column":12}},{"start":{"line":116,"column":10},"end":{"line":116,"column":25}}]},"16":{"loc":{"start":{"line":108,"column":12},"end":{"line":110,"column":null}},"type":"if","locations":[{"start":{"line":108,"column":12},"end":{"line":110,"column":null}},{"start":{"line":108,"column":12},"end":{"line":110,"column":null}}]}},"s":{"0":3,"1":3,"2":3,"3":3,"4":0,"5":0,"6":0,"7":0,"8":0,"9":0,"10":0,"11":0,"12":0,"13":0,"14":0,"15":0,"16":0,"17":0,"18":0,"19":3,"20":4,"21":4,"22":4,"23":3,"24":4,"25":4,"26":4,"27":4,"28":30,"29":30,"30":30,"31":2,"32":28,"33":28,"34":28,"35":28,"36":16,"37":12,"38":26,"39":12,"40":20,"41":20,"42":2,"43":18,"44":18,"45":18,"46":4,"47":3},"f":{"0":0,"1":0,"2":0,"3":4,"4":26,"5":20},"b":{"0":[0],"1":[0],"2":[0],"3":[0,0],"4":[0,0],"5":[0,0],"6":[0,0],"7":[1],"8":[1],"9":[3],"10":[3,1],"11":[2,28],"12":[30,30],"13":[16,12],"14":[26,0],"15":[9,3],"16":[2,18]}}
}
