TN:
SF:C:\Users\rxliuli\Text\Pkg\rx-util\dist\rx-util.js
FN:1,(anonymous_0)
FN:5,(anonymous_1)
FN:12,download
FN:41,__awaiter
FN:42,(anonymous_4)
FN:43,fulfilled
FN:44,rejected
FN:45,step
FN:45,(anonymous_8)
FN:55,strToBlob
FN:66,downloadString
FN:67,(anonymous_11)
FN:77,downloadUrl
FN:78,(anonymous_13)
FN:98,splitHttpHeader
FN:99,(anonymous_15)
FN:114,getCookies
FN:126,loadResource
FN:127,(anonymous_18)
FN:149,parseUrl
FN:190,(anonymous_20)
FN:191,(anonymous_21)
FN:192,(anonymous_22)
FN:226,(anonymous_23)
FN:250,_readLocal
FN:255,(anonymous_25)
FN:260,(anonymous_26)
FN:263,(anonymous_27)
FN:312,dateFormat
FN:354,(anonymous_29)
FN:360,spliceParams
FN:361,(anonymous_31)
FN:370,(anonymous_32)
FN:387,wait
FN:388,(anonymous_34)
FN:393,(anonymous_35)
FN:413,fetchTimeout
FN:416,(anonymous_37)
FN:427,strToArrayBuffer
FN:453,(anonymous_39)
FN:479,(anonymous_40)
FN:480,(anonymous_41)
FN:481,(anonymous_42)
FN:481,(anonymous_43)
FN:493,(anonymous_44)
FN:506,asIterator
FN:524,isNullOrUndefined
FN:536,returnItself
FN:549,compatibleAsync
FN:563,_inner
FN:566,_call
FN:587,(anonymous_51)
FN:588,(anonymous_52)
FN:589,(anonymous_53)
FN:597,(anonymous_54)
FN:598,(anonymous_55)
FN:599,(anonymous_56)
FN:607,(anonymous_57)
FN:609,(anonymous_58)
FN:610,(anonymous_59)
FN:623,(anonymous_60)
FN:644,(anonymous_61)
FN:660,(anonymous_62)
FN:668,(anonymous_63)
FN:669,(anonymous_64)
FN:674,(anonymous_65)
FN:675,_sort
FN:676,(anonymous_67)
FN:703,(anonymous_68)
FN:703,(anonymous_69)
FN:711,(anonymous_70)
FN:712,(anonymous_71)
FN:722,(anonymous_72)
FN:723,(anonymous_73)
FN:732,(anonymous_74)
FN:733,(anonymous_75)
FN:740,(anonymous_76)
FN:746,(anonymous_77)
FN:752,(anonymous_78)
FN:760,(anonymous_79)
FN:763,(anonymous_80)
FN:764,(anonymous_81)
FN:770,(anonymous_82)
FN:771,(anonymous_83)
FN:781,(anonymous_84)
FN:782,(anonymous_85)
FN:790,(anonymous_86)
FN:791,(anonymous_87)
FN:799,(anonymous_88)
FN:800,(anonymous_89)
FN:812,(anonymous_90)
FN:813,(anonymous_91)
FN:825,(anonymous_92)
FN:826,(anonymous_93)
FN:841,(anonymous_94)
FN:844,(anonymous_95)
FN:845,(anonymous_96)
FN:849,(anonymous_97)
FN:850,(anonymous_98)
FN:861,(anonymous_99)
FN:862,(anonymous_100)
FN:866,(anonymous_101)
FN:867,(anonymous_102)
FN:872,(anonymous_103)
FN:875,(anonymous_104)
FN:876,(anonymous_105)
FN:888,(anonymous_106)
FN:889,(anonymous_107)
FN:901,(anonymous_108)
FN:902,(anonymous_109)
FN:906,(anonymous_110)
FN:907,(anonymous_111)
FN:908,(anonymous_112)
FN:920,(anonymous_113)
FN:936,(anonymous_114)
FN:940,(anonymous_115)
FN:948,(anonymous_116)
FN:956,(anonymous_117)
FN:959,(anonymous_118)
FN:962,(anonymous_119)
FN:965,(anonymous_120)
FN:968,(anonymous_121)
FN:971,(anonymous_122)
FN:974,(anonymous_123)
FN:977,(anonymous_124)
FN:980,(anonymous_125)
FN:983,(anonymous_126)
FN:986,(anonymous_127)
FN:989,(anonymous_128)
FN:992,(anonymous_129)
FN:998,(anonymous_130)
FN:999,(anonymous_131)
FN:1030,(anonymous_132)
FN:1036,(anonymous_133)
FN:1041,(anonymous_134)
FN:1048,asyncFlatMap
FN:1049,(anonymous_136)
FN:1060,isRange
FN:1107,(anonymous_138)
FN:1115,(anonymous_139)
FN:1123,(anonymous_140)
FN:1134,(anonymous_141)
FN:1142,(anonymous_142)
FN:1150,(anonymous_143)
FN:1159,(anonymous_144)
FN:1168,(anonymous_145)
FN:1176,(anonymous_146)
FN:1184,(anonymous_147)
FN:1192,(anonymous_148)
FN:1206,(anonymous_149)
FN:1236,(anonymous_150)
FN:1252,(anonymous_151)
FN:1260,(anonymous_152)
FN:1268,(anonymous_153)
FN:1276,(anonymous_154)
FN:1284,(anonymous_155)
FN:1292,(anonymous_156)
FN:1300,(anonymous_157)
FN:1308,(anonymous_158)
FN:1319,(anonymous_159)
FN:1329,(anonymous_160)
FN:1337,(anonymous_161)
FN:1345,(anonymous_162)
FN:1353,(anonymous_163)
FN:1361,(anonymous_164)
FN:1369,(anonymous_165)
FN:1377,(anonymous_166)
FN:1385,(anonymous_167)
FN:1395,(anonymous_168)
FN:1403,(anonymous_169)
FN:1420,safeExec
FN:1424,(anonymous_171)
FN:1436,extractField
FN:1438,(anonymous_173)
FN:1439,(anonymous_174)
FN:1440,(anonymous_175)
FN:1450,getKFn
FN:1460,flatMap
FN:1460,(anonymous_178)
FN:1462,(anonymous_179)
FN:1468,groupBy
FN:1475,(anonymous_181)
FN:1478,(anonymous_182)
FN:1481,(anonymous_183)
FN:1499,range
FN:1515,toObject
FN:1518,(anonymous_186)
FN:1533,uniqueBy
FN:1536,(anonymous_188)
FN:1553,arrayToMap
FN:1556,(anonymous_190)
FN:1570,(anonymous_191)
FN:1621,dateParse
FN:1647,(anonymous_193)
FN:1649,(anonymous_194)
FN:1653,(anonymous_195)
FN:1662,(anonymous_196)
FN:1670,(anonymous_197)
FN:1670,(anonymous_198)
FN:1678,(anonymous_199)
FN:1711,strToDate
FN:1720,copyText
FN:1737,createElByString
FN:1748,getCursorPosition
FN:1758,getCusorPostion
FN:1768,setCursorPosition
FN:1779,insertText
FN:1790,toLowerCase
FN:1803,isEditable
FN:1816,_lastFocus
FN:1820,(anonymous_210)
FN:1821,(anonymous_211)
FN:1824,(anonymous_212)
FN:1835,removeEl
FN:1849,removeText
FN:1864,setCusorPostion
FN:1873,watchEventListener
FN:1878,(anonymous_217)
FN:1899,addEventListener
FN:1913,removeEventListenerByType
FN:1921,(anonymous_220)
FN:1922,(anonymous_221)
FN:1923,(anonymous_222)
FN:1927,(anonymous_223)
FN:1927,(anonymous_224)
FN:1940,toString$1
FN:1957,appends
FN:1971,deletes
FN:1972,(anonymous_228)
FN:1983,sets
FN:1997,formDataToArray
FN:2007,objToFormData
FN:2008,(anonymous_232)
FN:2032,debounce
FN:2036,(anonymous_234)
FN:2037,(anonymous_235)
FN:2040,(anonymous_236)
FN:2041,(anonymous_237)
FN:2052,singleModel
FN:2055,(anonymous_239)
FN:2072,(anonymous_240)
FN:2079,(anonymous_241)
FN:2093,(anonymous_242)
FN:2103,(anonymous_243)
FN:2114,(anonymous_244)
FN:2133,throttle
FN:2137,(anonymous_246)
FN:2138,(anonymous_247)
FN:2158,timing
FN:2161,(anonymous_249)
FN:2171,waitResource
FN:2173,(anonymous_251)
FN:2174,(anonymous_252)
FN:2195,watch
FN:2197,(anonymous_254)
FN:2204,(anonymous_255)
FN:2214,watchObject
FN:2216,(anonymous_257)
FN:2225,(anonymous_258)
FN:2241,fill
FN:2256,format
FN:2257,(anonymous_261)
FN:2266,isFloat
FN:2276,isNumber
FN:2285,toUpperCase
FN:2298,blankToNull
FN:2307,blankToNullField
FN:2308,(anonymous_267)
FN:2320,emptyAllField
FN:2321,(anonymous_269)
FN:2334,excludeFields
FN:2336,(anonymous_271)
FN:2349,mapToObject
FN:2357,randomInt
FN:2371,calcMonEndDay
FN:2379,(anonymous_275)
FN:2391,(anonymous_276)
FN:2399,(anonymous_277)
FN:2407,(anonymous_278)
FN:2415,(anonymous_279)
FN:2423,(anonymous_280)
FN:2431,(anonymous_281)
FN:2453,(anonymous_282)
FN:2460,(anonymous_283)
FN:2468,(anonymous_284)
FN:2475,(anonymous_285)
FN:2483,(anonymous_286)
FN:2492,(anonymous_287)
FN:2499,(anonymous_288)
FN:2507,(anonymous_289)
FN:2514,(anonymous_290)
FN:2521,(anonymous_291)
FN:2540,(anonymous_292)
FN:2547,(anonymous_293)
FN:2554,(anonymous_294)
FN:2561,(anonymous_295)
FN:2570,dateEnhance
FN:2580,getYearWeek
FN:2593,(anonymous_298)
FN:2601,(anonymous_299)
FN:2608,(anonymous_300)
FN:2615,(anonymous_301)
FN:2622,(anonymous_302)
FN:2629,(anonymous_303)
FN:2637,(anonymous_304)
FN:2647,(anonymous_305)
FN:2657,dateBetween
FN:2670,returnReasonableItself
FN:2688,filterItems
FN:2691,(anonymous_309)
FN:2701,diffBy
FN:2706,(anonymous_311)
FN:2707,(anonymous_312)
FN:2709,(anonymous_313)
FN:2722,autoIncrementGenerator
FN:2738,autoIncrement
FN:2754,(anonymous_316)
FN:2764,(anonymous_317)
FN:2780,(anonymous_318)
FN:2812,(anonymous_319)
FN:2813,(anonymous_320)
FN:2833,(anonymous_321)
FN:2834,(anonymous_322)
FN:2852,(anonymous_323)
FN:2868,(anonymous_324)
FN:2884,(anonymous_325)
FN:2892,(anonymous_326)
FN:2922,(anonymous_327)
FN:2950,(anonymous_328)
FN:2970,(anonymous_329)
FN:2983,(anonymous_330)
FN:2990,(anonymous_331)
FN:2993,(anonymous_332)
FN:2996,(anonymous_333)
FN:3004,(anonymous_334)
FN:3008,(anonymous_335)
FN:3012,(anonymous_336)
FN:3015,(anonymous_337)
FN:3018,(anonymous_338)
FN:3021,(anonymous_339)
FN:3029,(anonymous_340)
FN:3033,(anonymous_341)
FN:3037,(anonymous_342)
FN:3039,(anonymous_343)
FN:3044,(anonymous_344)
FN:3048,(anonymous_345)
FN:3052,(anonymous_346)
FN:3056,(anonymous_347)
FN:3065,(anonymous_348)
FN:3070,(anonymous_349)
FN:3073,(anonymous_350)
FN:3077,(anonymous_351)
FN:3080,(anonymous_352)
FN:3085,(anonymous_353)
FN:3089,(anonymous_354)
FN:3093,(anonymous_355)
FN:3097,(anonymous_356)
FN:3102,(anonymous_357)
FN:3114,(anonymous_358)
FN:3126,(anonymous_359)
FN:3134,_onceOfSameParam
FN:3136,(anonymous_361)
FN:3143,(anonymous_362)
FN:3151,(anonymous_363)
FN:3156,(anonymous_364)
FN:3179,(anonymous_365)
FN:3191,(anonymous_366)
FN:3202,(anonymous_367)
FN:3212,deepFreeze
FN:3213,(anonymous_369)
FN:3224,(anonymous_370)
FN:3238,deepProxy
FN:3240,(anonymous_372)
FN:3265,curry
FN:3266,(anonymous_374)
FN:3276,innerFn
FN:3280,(anonymous_376)
FN:3290,(anonymous_377)
FN:3295,(anonymous_378)
FN:3297,(anonymous_379)
FN:3297,(anonymous_380)
FN:3315,sortBy
FN:3318,(anonymous_382)
FN:3319,_sort
FN:3345,(anonymous_384)
FN:3357,(anonymous_385)
FN:3369,(anonymous_386)
FN:3377,(anonymous_387)
FN:3388,(anonymous_388)
FN:3401,(anonymous_389)
FN:3429,findIndex
FN:3446,(anonymous_391)
FN:3447,(anonymous_392)
FN:3448,(anonymous_393)
FN:3467,compose
FN:3468,(anonymous_395)
FN:3476,deepExcludeFields
FN:3478,(anonymous_397)
FN:3485,(anonymous_398)
FN:3502,excludeFieldsDeep
FN:3517,(anonymous_400)
FN:3542,(anonymous_401)
FN:3560,(anonymous_402)
FN:3561,(anonymous_403)
FN:3563,(anonymous_404)
FN:3573,(anonymous_405)
FN:3573,(anonymous_406)
FN:3574,(anonymous_407)
FN:3577,(anonymous_408)
FN:3584,(anonymous_409)
FN:3595,(anonymous_410)
FN:3608,(anonymous_411)
FN:3619,(anonymous_412)
FN:3638,(anonymous_413)
FN:3640,(anonymous_414)
FN:3670,(anonymous_415)
FN:3675,(anonymous_416)
FN:3719,(anonymous_417)
FN:3720,(anonymous_418)
FN:3722,(anonymous_419)
FN:3728,(anonymous_420)
FN:3736,(anonymous_421)
FN:3749,(anonymous_422)
FN:3750,(anonymous_423)
FN:3752,(anonymous_424)
FN:3758,(anonymous_425)
FN:3766,(anonymous_426)
FN:3782,emptyFunc
FN:3792,(anonymous_428)
FN:3793,(anonymous_429)
FN:3796,(anonymous_430)
FN:3803,(anonymous_431)
FN:3803,(anonymous_432)
FN:3804,(anonymous_433)
FN:3805,(anonymous_434)
FN:3813,(anonymous_435)
FN:3819,(anonymous_436)
FN:3823,(anonymous_437)
FN:3830,(anonymous_438)
FN:3850,isBlank
FN:3860,isEmpty
FN:3869,loadScript
FN:3870,(anonymous_442)
FN:3874,(anonymous_443)
FN:3887,deny
FN:3900,(anonymous_445)
FN:3922,(anonymous_446)
FN:3932,(anonymous_447)
FN:3953,(anonymous_448)
FN:3977,(anonymous_449)
FN:4020,(anonymous_450)
FN:4021,(anonymous_451)
FN:4027,(anonymous_452)
FN:4029,(anonymous_453)
FN:4030,(anonymous_454)
FN:4045,objectToMap
FN:4046,(anonymous_456)
FN:4056,listToTree
FN:4056,(anonymous_458)
FN:4058,(anonymous_459)
FN:4089,bridge
FN:4095,(anonymous_461)
FN:4097,(anonymous_462)
FN:4103,(anonymous_463)
FN:4121,treeMapping
FN:4121,(anonymous_465)
FN:4127,_treeMapping
FN:4132,(anonymous_467)
FN:4149,treeToList
FN:4174,(anonymous_469)
FN:4177,(anonymous_470)
FN:4203,(anonymous_471)
FN:4217,(anonymous_472)
FN:4228,(anonymous_473)
FN:4244,getObjectEntries
FN:4245,(anonymous_475)
FN:4259,getObjectKeys
FN:4273,floatEquals
FN:4296,assign
FN:4297,(anonymous_479)
FN:4301,(anonymous_480)
FN:4317,getInnerFieldRule
FN:4331,_copyProps
FN:4333,(anonymous_483)
FN:4346,aggregation
FN:4352,(anonymous_485)
FN:4353,(anonymous_486)
FN:4356,(anonymous_487)
FN:4370,asyncLimiting
FN:4378,(anonymous_489)
FN:4379,(anonymous_490)
FN:4380,(anonymous_491)
FN:4380,(anonymous_492)
FN:4394,(anonymous_493)
FN:4412,(anonymous_494)
FN:4422,(anonymous_495)
FN:4430,(anonymous_496)
FN:4438,(anonymous_497)
FN:4439,(anonymous_498)
FN:4445,(anonymous_499)
FN:4463,(anonymous_500)
FN:4476,trySometime
FN:4476,(anonymous_502)
FN:4478,(anonymous_503)
FN:4479,(anonymous_504)
FN:4510,trySometimeParallel
FN:4510,(anonymous_506)
FN:4512,(anonymous_507)
FN:4513,(anonymous_508)
FN:4514,(anonymous_509)
FN:4514,(anonymous_510)
FN:4517,(anonymous_511)
FN:4517,(anonymous_512)
FN:4546,compare
FN:4621,sleep
FN:4633,async
FN:4635,(anonymous_516)
FN:4636,(anonymous_517)
FN:4649,mergeMap
FN:4655,(anonymous_519)
FN:4656,(anonymous_520)
FN:4661,(anonymous_521)
FN:4675,switchMap
FN:4683,(anonymous_523)
FN:4684,(anonymous_524)
FN:4710,once
FN:4714,(anonymous_526)
FN:4720,(anonymous_527)
FN:4728,(anonymous_528)
FN:4742,concatMap
FN:4748,(anonymous_530)
FN:4749,(anonymous_531)
FN:4753,(anonymous_532)
FN:4769,repeatedCall
FN:4770,(anonymous_534)
FN:4779,(anonymous_535)
FN:4790,(anonymous_536)
FN:4795,(anonymous_537)
FN:4802,(anonymous_538)
FN:4813,(anonymous_539)
FN:4833,extractFieldMap
FN:4834,(anonymous_541)
FN:4839,(anonymous_542)
FN:4839,(anonymous_543)
FN:4849,segmentation
FN:4850,(anonymous_545)
FN:4866,toggleClass
FN:4872,toggle
FN:4873,(anonymous_548)
FN:4885,partial
FN:4886,(anonymous_550)
FN:4896,innerFn
FN:4900,(anonymous_552)
FN:4910,(anonymous_553)
FN:4915,(anonymous_554)
FN:4917,(anonymous_555)
FN:4917,(anonymous_556)
FN:4931,(anonymous_557)
FN:4942,(anonymous_558)
FN:4944,(anonymous_559)
FN:4948,(anonymous_560)
FN:4953,(anonymous_561)
FN:4957,(anonymous_562)
FN:4973,loadStyle
FN:4974,(anonymous_564)
FN:4978,(anonymous_565)
FN:4989,zeroPadding
FN:5003,(anonymous_567)
FN:5014,(anonymous_568)
FN:5026,remindLeavePage
FN:5026,(anonymous_570)
FN:5027,(anonymous_571)
FN:5036,(anonymous_572)
FN:5045,(anonymous_573)
FN:5054,(anonymous_574)
FN:5066,(anonymous_575)
FN:5068,(anonymous_576)
FN:5076,(anonymous_577)
FN:5086,(anonymous_578)
FN:5088,(anonymous_579)
FN:5098,(anonymous_580)
FN:5108,(anonymous_581)
FN:5114,(anonymous_582)
FN:5119,(anonymous_583)
FN:5124,(anonymous_584)
FN:5127,(anonymous_585)
FN:5146,randomStr
FN:5159,parseFieldStr
FN:5162,(anonymous_588)
FN:5174,get
FN:5202,set
FN:5225,getSelectText
FN:5233,imageSize
FN:5234,(anonymous_593)
FN:5236,(anonymous_594)
FN:5242,(anonymous_595)
FN:5254,getMousePos
FN:5267,batch
FN:5274,(anonymous_598)
FN:5275,(anonymous_599)
FN:5278,(anonymous_600)
FN:5282,(anonymous_601)
FN:5282,(anonymous_602)
FN:5311,pick
FN:5313,(anonymous_604)
FN:5322,(anonymous_605)
FN:5324,(anonymous_606)
FN:5327,(anonymous_607)
FN:5328,(anonymous_608)
FN:5329,(anonymous_609)
FN:5332,(anonymous_610)
FN:5336,(anonymous_611)
FN:5344,proxyStorage
FN:5355,(anonymous_613)
FN:5359,(anonymous_614)
FN:5361,(anonymous_615)
FN:5376,mapObject
FN:5377,(anonymous_617)
FNF:618
FNH:27
FNDA:1,(anonymous_0)
FNDA:1,(anonymous_1)
FNDA:0,download
FNDA:1,__awaiter
FNDA:1,(anonymous_4)
FNDA:0,fulfilled
FNDA:0,rejected
FNDA:1,step
FNDA:0,(anonymous_8)
FNDA:0,strToBlob
FNDA:0,downloadString
FNDA:0,(anonymous_11)
FNDA:0,downloadUrl
FNDA:0,(anonymous_13)
FNDA:0,splitHttpHeader
FNDA:0,(anonymous_15)
FNDA:0,getCookies
FNDA:0,loadResource
FNDA:0,(anonymous_18)
FNDA:0,parseUrl
FNDA:0,(anonymous_20)
FNDA:0,(anonymous_21)
FNDA:0,(anonymous_22)
FNDA:1,(anonymous_23)
FNDA:0,_readLocal
FNDA:0,(anonymous_25)
FNDA:0,(anonymous_26)
FNDA:0,(anonymous_27)
FNDA:1,dateFormat
FNDA:0,(anonymous_29)
FNDA:0,spliceParams
FNDA:0,(anonymous_31)
FNDA:0,(anonymous_32)
FNDA:0,wait
FNDA:0,(anonymous_34)
FNDA:0,(anonymous_35)
FNDA:0,fetchTimeout
FNDA:0,(anonymous_37)
FNDA:0,strToArrayBuffer
FNDA:0,(anonymous_39)
FNDA:0,(anonymous_40)
FNDA:0,(anonymous_41)
FNDA:0,(anonymous_42)
FNDA:0,(anonymous_43)
FNDA:0,(anonymous_44)
FNDA:0,asIterator
FNDA:0,isNullOrUndefined
FNDA:0,returnItself
FNDA:0,compatibleAsync
FNDA:0,_inner
FNDA:0,_call
FNDA:0,(anonymous_51)
FNDA:0,(anonymous_52)
FNDA:0,(anonymous_53)
FNDA:0,(anonymous_54)
FNDA:0,(anonymous_55)
FNDA:0,(anonymous_56)
FNDA:1,(anonymous_57)
FNDA:0,(anonymous_58)
FNDA:0,(anonymous_59)
FNDA:1,(anonymous_60)
FNDA:0,(anonymous_61)
FNDA:0,(anonymous_62)
FNDA:0,(anonymous_63)
FNDA:0,(anonymous_64)
FNDA:0,(anonymous_65)
FNDA:0,_sort
FNDA:0,(anonymous_67)
FNDA:0,(anonymous_68)
FNDA:0,(anonymous_69)
FNDA:0,(anonymous_70)
FNDA:0,(anonymous_71)
FNDA:0,(anonymous_72)
FNDA:0,(anonymous_73)
FNDA:0,(anonymous_74)
FNDA:0,(anonymous_75)
FNDA:0,(anonymous_76)
FNDA:0,(anonymous_77)
FNDA:0,(anonymous_78)
FNDA:0,(anonymous_79)
FNDA:0,(anonymous_80)
FNDA:0,(anonymous_81)
FNDA:0,(anonymous_82)
FNDA:0,(anonymous_83)
FNDA:0,(anonymous_84)
FNDA:0,(anonymous_85)
FNDA:0,(anonymous_86)
FNDA:0,(anonymous_87)
FNDA:0,(anonymous_88)
FNDA:0,(anonymous_89)
FNDA:0,(anonymous_90)
FNDA:0,(anonymous_91)
FNDA:0,(anonymous_92)
FNDA:0,(anonymous_93)
FNDA:0,(anonymous_94)
FNDA:0,(anonymous_95)
FNDA:0,(anonymous_96)
FNDA:0,(anonymous_97)
FNDA:0,(anonymous_98)
FNDA:0,(anonymous_99)
FNDA:0,(anonymous_100)
FNDA:0,(anonymous_101)
FNDA:0,(anonymous_102)
FNDA:0,(anonymous_103)
FNDA:0,(anonymous_104)
FNDA:0,(anonymous_105)
FNDA:0,(anonymous_106)
FNDA:0,(anonymous_107)
FNDA:0,(anonymous_108)
FNDA:0,(anonymous_109)
FNDA:0,(anonymous_110)
FNDA:0,(anonymous_111)
FNDA:0,(anonymous_112)
FNDA:0,(anonymous_113)
FNDA:0,(anonymous_114)
FNDA:0,(anonymous_115)
FNDA:0,(anonymous_116)
FNDA:0,(anonymous_117)
FNDA:0,(anonymous_118)
FNDA:0,(anonymous_119)
FNDA:0,(anonymous_120)
FNDA:0,(anonymous_121)
FNDA:0,(anonymous_122)
FNDA:0,(anonymous_123)
FNDA:0,(anonymous_124)
FNDA:0,(anonymous_125)
FNDA:0,(anonymous_126)
FNDA:0,(anonymous_127)
FNDA:0,(anonymous_128)
FNDA:0,(anonymous_129)
FNDA:0,(anonymous_130)
FNDA:0,(anonymous_131)
FNDA:0,(anonymous_132)
FNDA:0,(anonymous_133)
FNDA:0,(anonymous_134)
FNDA:0,asyncFlatMap
FNDA:0,(anonymous_136)
FNDA:0,isRange
FNDA:0,(anonymous_138)
FNDA:0,(anonymous_139)
FNDA:0,(anonymous_140)
FNDA:0,(anonymous_141)
FNDA:0,(anonymous_142)
FNDA:0,(anonymous_143)
FNDA:0,(anonymous_144)
FNDA:0,(anonymous_145)
FNDA:0,(anonymous_146)
FNDA:0,(anonymous_147)
FNDA:0,(anonymous_148)
FNDA:1,(anonymous_149)
FNDA:0,(anonymous_150)
FNDA:0,(anonymous_151)
FNDA:0,(anonymous_152)
FNDA:0,(anonymous_153)
FNDA:0,(anonymous_154)
FNDA:0,(anonymous_155)
FNDA:0,(anonymous_156)
FNDA:0,(anonymous_157)
FNDA:0,(anonymous_158)
FNDA:0,(anonymous_159)
FNDA:0,(anonymous_160)
FNDA:0,(anonymous_161)
FNDA:0,(anonymous_162)
FNDA:0,(anonymous_163)
FNDA:0,(anonymous_164)
FNDA:0,(anonymous_165)
FNDA:0,(anonymous_166)
FNDA:0,(anonymous_167)
FNDA:0,(anonymous_168)
FNDA:0,(anonymous_169)
FNDA:0,safeExec
FNDA:0,(anonymous_171)
FNDA:0,extractField
FNDA:0,(anonymous_173)
FNDA:0,(anonymous_174)
FNDA:0,(anonymous_175)
FNDA:0,getKFn
FNDA:0,flatMap
FNDA:0,(anonymous_178)
FNDA:0,(anonymous_179)
FNDA:0,groupBy
FNDA:0,(anonymous_181)
FNDA:0,(anonymous_182)
FNDA:0,(anonymous_183)
FNDA:0,range
FNDA:0,toObject
FNDA:0,(anonymous_186)
FNDA:0,uniqueBy
FNDA:0,(anonymous_188)
FNDA:0,arrayToMap
FNDA:0,(anonymous_190)
FNDA:0,(anonymous_191)
FNDA:0,dateParse
FNDA:0,(anonymous_193)
FNDA:0,(anonymous_194)
FNDA:0,(anonymous_195)
FNDA:0,(anonymous_196)
FNDA:0,(anonymous_197)
FNDA:0,(anonymous_198)
FNDA:0,(anonymous_199)
FNDA:0,strToDate
FNDA:0,copyText
FNDA:0,createElByString
FNDA:0,getCursorPosition
FNDA:0,getCusorPostion
FNDA:0,setCursorPosition
FNDA:0,insertText
FNDA:0,toLowerCase
FNDA:0,isEditable
FNDA:0,_lastFocus
FNDA:0,(anonymous_210)
FNDA:0,(anonymous_211)
FNDA:0,(anonymous_212)
FNDA:0,removeEl
FNDA:0,removeText
FNDA:0,setCusorPostion
FNDA:0,watchEventListener
FNDA:0,(anonymous_217)
FNDA:0,addEventListener
FNDA:0,removeEventListenerByType
FNDA:0,(anonymous_220)
FNDA:0,(anonymous_221)
FNDA:0,(anonymous_222)
FNDA:0,(anonymous_223)
FNDA:0,(anonymous_224)
FNDA:0,toString$1
FNDA:0,appends
FNDA:0,deletes
FNDA:0,(anonymous_228)
FNDA:0,sets
FNDA:0,formDataToArray
FNDA:0,objToFormData
FNDA:0,(anonymous_232)
FNDA:0,debounce
FNDA:0,(anonymous_234)
FNDA:0,(anonymous_235)
FNDA:0,(anonymous_236)
FNDA:0,(anonymous_237)
FNDA:0,singleModel
FNDA:0,(anonymous_239)
FNDA:0,(anonymous_240)
FNDA:0,(anonymous_241)
FNDA:0,(anonymous_242)
FNDA:0,(anonymous_243)
FNDA:0,(anonymous_244)
FNDA:0,throttle
FNDA:0,(anonymous_246)
FNDA:0,(anonymous_247)
FNDA:0,timing
FNDA:0,(anonymous_249)
FNDA:0,waitResource
FNDA:0,(anonymous_251)
FNDA:0,(anonymous_252)
FNDA:0,watch
FNDA:0,(anonymous_254)
FNDA:0,(anonymous_255)
FNDA:0,watchObject
FNDA:0,(anonymous_257)
FNDA:0,(anonymous_258)
FNDA:0,fill
FNDA:0,format
FNDA:0,(anonymous_261)
FNDA:0,isFloat
FNDA:0,isNumber
FNDA:0,toUpperCase
FNDA:0,blankToNull
FNDA:0,blankToNullField
FNDA:0,(anonymous_267)
FNDA:0,emptyAllField
FNDA:0,(anonymous_269)
FNDA:0,excludeFields
FNDA:0,(anonymous_271)
FNDA:0,mapToObject
FNDA:0,randomInt
FNDA:0,calcMonEndDay
FNDA:0,(anonymous_275)
FNDA:0,(anonymous_276)
FNDA:0,(anonymous_277)
FNDA:0,(anonymous_278)
FNDA:0,(anonymous_279)
FNDA:0,(anonymous_280)
FNDA:0,(anonymous_281)
FNDA:0,(anonymous_282)
FNDA:0,(anonymous_283)
FNDA:0,(anonymous_284)
FNDA:0,(anonymous_285)
FNDA:0,(anonymous_286)
FNDA:0,(anonymous_287)
FNDA:0,(anonymous_288)
FNDA:0,(anonymous_289)
FNDA:0,(anonymous_290)
FNDA:0,(anonymous_291)
FNDA:0,(anonymous_292)
FNDA:0,(anonymous_293)
FNDA:0,(anonymous_294)
FNDA:0,(anonymous_295)
FNDA:0,dateEnhance
FNDA:0,getYearWeek
FNDA:0,(anonymous_298)
FNDA:0,(anonymous_299)
FNDA:0,(anonymous_300)
FNDA:0,(anonymous_301)
FNDA:0,(anonymous_302)
FNDA:0,(anonymous_303)
FNDA:0,(anonymous_304)
FNDA:0,(anonymous_305)
FNDA:0,dateBetween
FNDA:0,returnReasonableItself
FNDA:0,filterItems
FNDA:0,(anonymous_309)
FNDA:0,diffBy
FNDA:0,(anonymous_311)
FNDA:0,(anonymous_312)
FNDA:0,(anonymous_313)
FNDA:0,autoIncrementGenerator
FNDA:0,autoIncrement
FNDA:0,(anonymous_316)
FNDA:0,(anonymous_317)
FNDA:0,(anonymous_318)
FNDA:0,(anonymous_319)
FNDA:0,(anonymous_320)
FNDA:0,(anonymous_321)
FNDA:0,(anonymous_322)
FNDA:0,(anonymous_323)
FNDA:0,(anonymous_324)
FNDA:0,(anonymous_325)
FNDA:1,(anonymous_326)
FNDA:0,(anonymous_327)
FNDA:0,(anonymous_328)
FNDA:0,(anonymous_329)
FNDA:1,(anonymous_330)
FNDA:0,(anonymous_331)
FNDA:0,(anonymous_332)
FNDA:0,(anonymous_333)
FNDA:0,(anonymous_334)
FNDA:0,(anonymous_335)
FNDA:0,(anonymous_336)
FNDA:0,(anonymous_337)
FNDA:0,(anonymous_338)
FNDA:0,(anonymous_339)
FNDA:0,(anonymous_340)
FNDA:0,(anonymous_341)
FNDA:0,(anonymous_342)
FNDA:0,(anonymous_343)
FNDA:0,(anonymous_344)
FNDA:0,(anonymous_345)
FNDA:0,(anonymous_346)
FNDA:0,(anonymous_347)
FNDA:0,(anonymous_348)
FNDA:0,(anonymous_349)
FNDA:0,(anonymous_350)
FNDA:0,(anonymous_351)
FNDA:0,(anonymous_352)
FNDA:0,(anonymous_353)
FNDA:0,(anonymous_354)
FNDA:0,(anonymous_355)
FNDA:0,(anonymous_356)
FNDA:1,(anonymous_357)
FNDA:1,(anonymous_358)
FNDA:0,(anonymous_359)
FNDA:1,_onceOfSameParam
FNDA:0,(anonymous_361)
FNDA:0,(anonymous_362)
FNDA:0,(anonymous_363)
FNDA:0,(anonymous_364)
FNDA:0,(anonymous_365)
FNDA:0,(anonymous_366)
FNDA:0,(anonymous_367)
FNDA:0,deepFreeze
FNDA:0,(anonymous_369)
FNDA:0,(anonymous_370)
FNDA:0,deepProxy
FNDA:0,(anonymous_372)
FNDA:0,curry
FNDA:0,(anonymous_374)
FNDA:0,innerFn
FNDA:0,(anonymous_376)
FNDA:0,(anonymous_377)
FNDA:0,(anonymous_378)
FNDA:0,(anonymous_379)
FNDA:0,(anonymous_380)
FNDA:0,sortBy
FNDA:0,(anonymous_382)
FNDA:0,_sort
FNDA:0,(anonymous_384)
FNDA:0,(anonymous_385)
FNDA:3,(anonymous_386)
FNDA:0,(anonymous_387)
FNDA:0,(anonymous_388)
FNDA:0,(anonymous_389)
FNDA:0,findIndex
FNDA:0,(anonymous_391)
FNDA:0,(anonymous_392)
FNDA:0,(anonymous_393)
FNDA:0,compose
FNDA:0,(anonymous_395)
FNDA:0,deepExcludeFields
FNDA:0,(anonymous_397)
FNDA:0,(anonymous_398)
FNDA:0,excludeFieldsDeep
FNDA:0,(anonymous_400)
FNDA:1,(anonymous_401)
FNDA:1,(anonymous_402)
FNDA:1,(anonymous_403)
FNDA:1,(anonymous_404)
FNDA:0,(anonymous_405)
FNDA:0,(anonymous_406)
FNDA:0,(anonymous_407)
FNDA:0,(anonymous_408)
FNDA:0,(anonymous_409)
FNDA:0,(anonymous_410)
FNDA:0,(anonymous_411)
FNDA:0,(anonymous_412)
FNDA:0,(anonymous_413)
FNDA:0,(anonymous_414)
FNDA:0,(anonymous_415)
FNDA:0,(anonymous_416)
FNDA:0,(anonymous_417)
FNDA:0,(anonymous_418)
FNDA:0,(anonymous_419)
FNDA:0,(anonymous_420)
FNDA:0,(anonymous_421)
FNDA:0,(anonymous_422)
FNDA:0,(anonymous_423)
FNDA:0,(anonymous_424)
FNDA:0,(anonymous_425)
FNDA:0,(anonymous_426)
FNDA:0,emptyFunc
FNDA:0,(anonymous_428)
FNDA:0,(anonymous_429)
FNDA:0,(anonymous_430)
FNDA:0,(anonymous_431)
FNDA:0,(anonymous_432)
FNDA:0,(anonymous_433)
FNDA:0,(anonymous_434)
FNDA:0,(anonymous_435)
FNDA:0,(anonymous_436)
FNDA:0,(anonymous_437)
FNDA:0,(anonymous_438)
FNDA:0,isBlank
FNDA:0,isEmpty
FNDA:0,loadScript
FNDA:0,(anonymous_442)
FNDA:0,(anonymous_443)
FNDA:0,deny
FNDA:0,(anonymous_445)
FNDA:0,(anonymous_446)
FNDA:0,(anonymous_447)
FNDA:1,(anonymous_448)
FNDA:1,(anonymous_449)
FNDA:1,(anonymous_450)
FNDA:24,(anonymous_451)
FNDA:1,(anonymous_452)
FNDA:24,(anonymous_453)
FNDA:5,(anonymous_454)
FNDA:0,objectToMap
FNDA:0,(anonymous_456)
FNDA:0,listToTree
FNDA:0,(anonymous_458)
FNDA:0,(anonymous_459)
FNDA:0,bridge
FNDA:0,(anonymous_461)
FNDA:0,(anonymous_462)
FNDA:0,(anonymous_463)
FNDA:0,treeMapping
FNDA:0,(anonymous_465)
FNDA:0,_treeMapping
FNDA:0,(anonymous_467)
FNDA:0,treeToList
FNDA:0,(anonymous_469)
FNDA:0,(anonymous_470)
FNDA:0,(anonymous_471)
FNDA:0,(anonymous_472)
FNDA:0,(anonymous_473)
FNDA:0,getObjectEntries
FNDA:0,(anonymous_475)
FNDA:0,getObjectKeys
FNDA:0,floatEquals
FNDA:0,assign
FNDA:0,(anonymous_479)
FNDA:0,(anonymous_480)
FNDA:0,getInnerFieldRule
FNDA:0,_copyProps
FNDA:0,(anonymous_483)
FNDA:0,aggregation
FNDA:0,(anonymous_485)
FNDA:0,(anonymous_486)
FNDA:0,(anonymous_487)
FNDA:0,asyncLimiting
FNDA:0,(anonymous_489)
FNDA:0,(anonymous_490)
FNDA:0,(anonymous_491)
FNDA:0,(anonymous_492)
FNDA:0,(anonymous_493)
FNDA:0,(anonymous_494)
FNDA:0,(anonymous_495)
FNDA:0,(anonymous_496)
FNDA:0,(anonymous_497)
FNDA:0,(anonymous_498)
FNDA:0,(anonymous_499)
FNDA:0,(anonymous_500)
FNDA:0,trySometime
FNDA:0,(anonymous_502)
FNDA:0,(anonymous_503)
FNDA:0,(anonymous_504)
FNDA:0,trySometimeParallel
FNDA:0,(anonymous_506)
FNDA:0,(anonymous_507)
FNDA:0,(anonymous_508)
FNDA:0,(anonymous_509)
FNDA:0,(anonymous_510)
FNDA:0,(anonymous_511)
FNDA:0,(anonymous_512)
FNDA:0,compare
FNDA:0,sleep
FNDA:0,async
FNDA:0,(anonymous_516)
FNDA:0,(anonymous_517)
FNDA:0,mergeMap
FNDA:0,(anonymous_519)
FNDA:0,(anonymous_520)
FNDA:0,(anonymous_521)
FNDA:0,switchMap
FNDA:0,(anonymous_523)
FNDA:0,(anonymous_524)
FNDA:0,once
FNDA:0,(anonymous_526)
FNDA:0,(anonymous_527)
FNDA:0,(anonymous_528)
FNDA:0,concatMap
FNDA:0,(anonymous_530)
FNDA:0,(anonymous_531)
FNDA:0,(anonymous_532)
FNDA:0,repeatedCall
FNDA:0,(anonymous_534)
FNDA:0,(anonymous_535)
FNDA:0,(anonymous_536)
FNDA:0,(anonymous_537)
FNDA:0,(anonymous_538)
FNDA:0,(anonymous_539)
FNDA:0,extractFieldMap
FNDA:0,(anonymous_541)
FNDA:0,(anonymous_542)
FNDA:0,(anonymous_543)
FNDA:0,segmentation
FNDA:0,(anonymous_545)
FNDA:0,toggleClass
FNDA:0,toggle
FNDA:0,(anonymous_548)
FNDA:0,partial
FNDA:0,(anonymous_550)
FNDA:0,innerFn
FNDA:0,(anonymous_552)
FNDA:0,(anonymous_553)
FNDA:0,(anonymous_554)
FNDA:0,(anonymous_555)
FNDA:0,(anonymous_556)
FNDA:0,(anonymous_557)
FNDA:0,(anonymous_558)
FNDA:0,(anonymous_559)
FNDA:0,(anonymous_560)
FNDA:0,(anonymous_561)
FNDA:0,(anonymous_562)
FNDA:0,loadStyle
FNDA:0,(anonymous_564)
FNDA:0,(anonymous_565)
FNDA:0,zeroPadding
FNDA:0,(anonymous_567)
FNDA:0,(anonymous_568)
FNDA:0,remindLeavePage
FNDA:0,(anonymous_570)
FNDA:0,(anonymous_571)
FNDA:0,(anonymous_572)
FNDA:0,(anonymous_573)
FNDA:0,(anonymous_574)
FNDA:0,(anonymous_575)
FNDA:0,(anonymous_576)
FNDA:0,(anonymous_577)
FNDA:0,(anonymous_578)
FNDA:0,(anonymous_579)
FNDA:0,(anonymous_580)
FNDA:0,(anonymous_581)
FNDA:0,(anonymous_582)
FNDA:0,(anonymous_583)
FNDA:0,(anonymous_584)
FNDA:0,(anonymous_585)
FNDA:0,randomStr
FNDA:0,parseFieldStr
FNDA:0,(anonymous_588)
FNDA:0,get
FNDA:0,set
FNDA:0,getSelectText
FNDA:0,imageSize
FNDA:0,(anonymous_593)
FNDA:0,(anonymous_594)
FNDA:0,(anonymous_595)
FNDA:0,getMousePos
FNDA:0,batch
FNDA:0,(anonymous_598)
FNDA:0,(anonymous_599)
FNDA:0,(anonymous_600)
FNDA:0,(anonymous_601)
FNDA:0,(anonymous_602)
FNDA:0,pick
FNDA:0,(anonymous_604)
FNDA:0,(anonymous_605)
FNDA:0,(anonymous_606)
FNDA:0,(anonymous_607)
FNDA:0,(anonymous_608)
FNDA:0,(anonymous_609)
FNDA:0,(anonymous_610)
FNDA:0,(anonymous_611)
FNDA:0,proxyStorage
FNDA:0,(anonymous_613)
FNDA:0,(anonymous_614)
FNDA:0,(anonymous_615)
FNDA:0,mapObject
FNDA:0,(anonymous_617)
DA:1,1
DA:2,1
DA:14,0
DA:15,0
DA:16,0
DA:18,0
DA:20,0
DA:21,0
DA:23,0
DA:42,1
DA:43,0
DA:44,0
DA:45,1
DA:46,1
DA:56,0
DA:67,0
DA:68,0
DA:78,0
DA:80,0
DA:81,0
DA:82,0
DA:84,0
DA:86,0
DA:87,0
DA:89,0
DA:99,0
DA:100,0
DA:101,0
DA:102,0
DA:104,0
DA:105,0
DA:115,0
DA:127,0
DA:128,0
DA:129,0
DA:131,0
DA:138,1
DA:150,0
DA:151,0
DA:153,0
DA:154,0
DA:155,0
DA:156,0
DA:158,0
DA:159,0
DA:160,0
DA:161,0
DA:162,0
DA:164,0
DA:165,0
DA:167,0
DA:168,0
DA:169,0
DA:181,0
DA:182,0
DA:183,0
DA:185,0
DA:187,0
DA:190,0
DA:191,0
DA:193,0
DA:194,0
DA:196,0
DA:197,0
DA:198,0
DA:201,0
DA:202,0
DA:204,0
DA:205,0
DA:208,0
DA:210,0
DA:226,1
DA:230,1
DA:234,1
DA:238,1
DA:242,1
DA:251,0
DA:255,0
DA:256,0
DA:257,0
DA:259,0
DA:260,0
DA:261,0
DA:263,0
DA:264,0
DA:266,0
DA:268,0
DA:269,0
DA:271,0
DA:272,0
DA:274,0
DA:275,0
DA:277,0
DA:278,0
DA:282,1
DA:313,1
DA:323,1
DA:324,8
DA:325,5
DA:327,3
DA:328,1
DA:330,2
DA:331,0
DA:332,0
DA:333,0
DA:336,2
DA:337,2
DA:340,1
DA:347,1
DA:354,1
DA:361,0
DA:362,0
DA:363,0
DA:365,0
DA:366,0
DA:368,0
DA:369,0
DA:370,0
DA:374,0
DA:376,0
DA:388,0
DA:389,0
DA:390,0
DA:392,0
DA:393,0
DA:394,0
DA:395,0
DA:396,0
DA:401,0
DA:414,0
DA:417,0
DA:428,0
DA:429,0
DA:430,0
DA:431,0
DA:433,0
DA:457,0
DA:461,0
DA:465,0
DA:470,0
DA:480,0
DA:481,0
DA:482,0
DA:483,0
DA:484,0
DA:486,0
DA:489,0
DA:492,0
DA:493,0
DA:495,0
DA:507,0
DA:508,0
DA:509,0
DA:510,0
DA:511,0
DA:513,0
DA:515,0
DA:525,0
DA:537,0
DA:550,0
DA:564,0
DA:565,0
DA:567,0
DA:568,0
DA:570,0
DA:571,0
DA:572,0
DA:574,0
DA:576,0
DA:588,0
DA:589,0
DA:598,0
DA:599,0
DA:608,1
DA:610,0
DA:615,1
DA:616,1
DA:617,1
DA:623,1
DA:624,1
DA:625,1
DA:626,1
DA:627,1
DA:628,1
DA:629,1
DA:630,1
DA:631,1
DA:632,1
DA:633,1
DA:634,1
DA:635,1
DA:636,1
DA:645,0
DA:646,0
DA:647,0
DA:648,0
DA:651,1
DA:661,0
DA:669,0
DA:670,0
DA:671,0
DA:674,0
DA:676,0
DA:678,0
DA:679,0
DA:682,0
DA:683,0
DA:684,0
DA:685,0
DA:686,0
DA:687,0
DA:688,0
DA:690,0
DA:691,0
DA:692,0
DA:695,0
DA:698,0
DA:703,0
DA:712,0
DA:713,0
DA:714,0
DA:723,0
DA:724,0
DA:733,0
DA:734,0
DA:741,0
DA:747,0
DA:753,0
DA:761,0
DA:764,0
DA:765,0
DA:766,0
DA:771,0
DA:772,0
DA:773,0
DA:774,0
DA:775,0
DA:778,0
DA:782,0
DA:783,0
DA:784,0
DA:785,0
DA:787,0
DA:791,0
DA:792,0
DA:793,0
DA:794,0
DA:796,0
DA:800,0
DA:801,0
DA:802,0
DA:803,0
DA:806,0
DA:809,0
DA:813,0
DA:814,0
DA:815,0
DA:816,0
DA:819,0
DA:822,0
DA:826,0
DA:827,0
DA:828,0
DA:829,0
DA:830,0
DA:833,0
DA:842,0
DA:845,0
DA:846,0
DA:850,0
DA:851,0
DA:852,0
DA:853,0
DA:854,0
DA:855,0
DA:858,0
DA:862,0
DA:863,0
DA:867,0
DA:868,0
DA:869,0
DA:873,0
DA:876,0
DA:877,0
DA:878,0
DA:879,0
DA:882,0
DA:885,0
DA:889,0
DA:890,0
DA:891,0
DA:892,0
DA:895,0
DA:898,0
DA:902,0
DA:903,0
DA:907,0
DA:908,0
DA:924,0
DA:925,0
DA:930,0
DA:937,0
DA:938,0
DA:941,0
DA:949,0
DA:950,0
DA:951,0
DA:953,0
DA:954,0
DA:957,0
DA:960,0
DA:963,0
DA:966,0
DA:969,0
DA:972,0
DA:975,0
DA:978,0
DA:981,0
DA:984,0
DA:987,0
DA:990,0
DA:993,0
DA:999,0
DA:1000,0
DA:1001,0
DA:1002,0
DA:1003,0
DA:1004,0
DA:1005,0
DA:1006,0
DA:1009,0
DA:1010,0
DA:1012,0
DA:1015,0
DA:1016,0
DA:1018,0
DA:1021,0
DA:1022,0
DA:1031,0
DA:1037,0
DA:1038,0
DA:1042,0
DA:1043,0
DA:1044,0
DA:1049,0
DA:1050,0
DA:1061,0
DA:1067,1
DA:1071,1
DA:1075,1
DA:1079,1
DA:1083,1
DA:1088,1
DA:1092,1
DA:1096,1
DA:1108,0
DA:1116,0
DA:1124,0
DA:1125,0
DA:1127,0
DA:1135,0
DA:1143,0
DA:1151,0
DA:1161,0
DA:1169,0
DA:1177,0
DA:1185,0
DA:1193,0
DA:1200,1
DA:1206,1
DA:1207,1
DA:1208,1
DA:1209,1
DA:1210,1
DA:1211,1
DA:1212,1
DA:1213,1
DA:1214,1
DA:1215,1
DA:1216,1
DA:1217,1
DA:1218,1
DA:1219,1
DA:1220,1
DA:1221,1
DA:1222,1
DA:1223,1
DA:1224,1
DA:1237,0
DA:1238,0
DA:1239,0
DA:1240,0
DA:1241,0
DA:1245,0
DA:1253,0
DA:1261,0
DA:1269,0
DA:1277,0
DA:1285,0
DA:1293,0
DA:1301,0
DA:1309,0
DA:1320,0
DA:1330,0
DA:1338,0
DA:1346,0
DA:1354,0
DA:1362,0
DA:1370,0
DA:1378,0
DA:1386,0
DA:1396,0
DA:1404,0
DA:1410,1
DA:1421,0
DA:1422,0
DA:1423,0
DA:1424,0
DA:1427,0
DA:1437,0
DA:1438,0
DA:1439,0
DA:1440,0
DA:1451,0
DA:1460,0
DA:1461,0
DA:1462,0
DA:1463,0
DA:1464,0
DA:1476,0
DA:1477,0
DA:1478,0
DA:1479,0
DA:1481,0
DA:1482,0
DA:1484,0
DA:1485,0
DA:1487,0
DA:1488,0
DA:1500,0
DA:1501,0
DA:1502,0
DA:1504,0
DA:1516,0
DA:1517,0
DA:1518,0
DA:1519,0
DA:1520,0
DA:1521,0
DA:1523,0
DA:1534,0
DA:1535,0
DA:1536,0
DA:1537,0
DA:1538,0
DA:1539,0
DA:1541,0
DA:1542,0
DA:1554,0
DA:1555,0
DA:1556,0
DA:1571,0
DA:1572,0
DA:1573,0
DA:1574,0
DA:1580,1
DA:1591,1
DA:1601,1
DA:1622,0
DA:1623,0
DA:1625,0
DA:1626,0
DA:1627,0
DA:1628,0
DA:1629,0
DA:1630,0
DA:1631,0
DA:1632,0
DA:1633,0
DA:1636,0
DA:1640,0
DA:1641,0
DA:1642,0
DA:1645,0
DA:1647,0
DA:1650,0
DA:1654,0
DA:1655,0
DA:1656,0
DA:1657,0
DA:1659,0
DA:1663,0
DA:1664,0
DA:1665,0
DA:1666,0
DA:1670,0
DA:1671,0
DA:1672,0
DA:1678,0
DA:1679,0
DA:1680,0
DA:1681,0
DA:1682,0
DA:1683,0
DA:1684,0
DA:1685,0
DA:1686,0
DA:1687,0
DA:1689,0
DA:1692,0
DA:1694,0
DA:1698,0
DA:1700,0
DA:1712,0
DA:1721,0
DA:1722,0
DA:1723,0
DA:1724,0
DA:1725,0
DA:1726,0
DA:1727,0
DA:1728,0
DA:1729,0
DA:1738,0
DA:1739,0
DA:1740,0
DA:1749,0
DA:1759,0
DA:1769,0
DA:1770,0
DA:1780,0
DA:1781,0
DA:1782,0
DA:1791,0
DA:1792,0
DA:1794,0
DA:1804,0
DA:1805,0
DA:1817,0
DA:1819,1
DA:1821,0
DA:1822,0
DA:1824,0
DA:1825,0
DA:1836,0
DA:1837,0
DA:1838,0
DA:1840,0
DA:1851,0
DA:1852,0
DA:1853,0
DA:1854,0
DA:1865,0
DA:1879,0
DA:1880,0
DA:1881,0
DA:1882,0
DA:1888,0
DA:1889,0
DA:1890,0
DA:1891,0
DA:1892,0
DA:1902,0
DA:1904,0
DA:1906,0
DA:1916,0
DA:1919,0
DA:1921,0
DA:1922,0
DA:1923,0
DA:1924,0
DA:1925,0
DA:1927,0
DA:1929,0
DA:1931,0
DA:1941,0
DA:1942,0
DA:1944,0
DA:1945,0
DA:1947,0
DA:1958,0
DA:1959,0
DA:1960,0
DA:1962,0
DA:1972,0
DA:1973,0
DA:1984,0
DA:1985,0
DA:1987,0
DA:1999,0
DA:2008,0
DA:2009,0
DA:2010,0
DA:2013,0
DA:2015,0
DA:2034,0
DA:2035,0
DA:2037,0
DA:2038,0
DA:2039,0
DA:2040,0
DA:2041,0
DA:2054,0
DA:2056,0
DA:2057,0
DA:2059,0
DA:2073,0
DA:2084,0
DA:2094,0
DA:2095,0
DA:2104,0
DA:2105,0
DA:2106,0
DA:2109,0
DA:2115,0
DA:2116,0
DA:2134,0
DA:2136,0
DA:2138,0
DA:2139,0
DA:2140,0
DA:2141,0
DA:2142,0
DA:2143,0
DA:2144,0
DA:2146,0
DA:2159,0
DA:2160,0
DA:2161,0
DA:2172,0
DA:2173,0
DA:2174,0
DA:2175,0
DA:2176,0
DA:2177,0
DA:2179,0
DA:2180,0
DA:2181,0
DA:2182,0
DA:2196,0
DA:2197,0
DA:2198,0
DA:2199,0
DA:2200,0
DA:2201,0
DA:2204,0
DA:2215,0
DA:2217,0
DA:2219,0
DA:2222,0
DA:2226,0
DA:2227,0
DA:2230,0
DA:2242,0
DA:2243,0
DA:2245,0
DA:2257,0
DA:2267,0
DA:2277,0
DA:2286,0
DA:2287,0
DA:2289,0
DA:2299,0
DA:2308,0
DA:2309,0
DA:2310,0
DA:2311,0
DA:2321,0
DA:2322,0
DA:2323,0
DA:2335,0
DA:2336,0
DA:2337,0
DA:2338,0
DA:2340,0
DA:2350,0
DA:2351,0
DA:2352,0
DA:2354,0
DA:2358,0
DA:2359,0
DA:2360,0
DA:2361,0
DA:2363,0
DA:2372,0
DA:2377,0
DA:2378,0
DA:2379,0
DA:2380,0
DA:2392,0
DA:2400,0
DA:2408,0
DA:2416,0
DA:2424,0
DA:2432,0
DA:2439,1
DA:2444,1
DA:2454,0
DA:2461,0
DA:2469,0
DA:2476,0
DA:2484,0
DA:2493,0
DA:2500,0
DA:2508,0
DA:2515,0
DA:2522,0
DA:2523,0
DA:2524,0
DA:2526,0
DA:2527,0
DA:2529,0
DA:2530,0
DA:2533,0
DA:2541,0
DA:2548,0
DA:2555,0
DA:2562,0
DA:2571,0
DA:2581,0
DA:2594,0
DA:2595,0
DA:2602,0
DA:2609,0
DA:2616,0
DA:2623,0
DA:2630,0
DA:2638,0
DA:2639,0
DA:2640,0
DA:2648,0
DA:2658,0
DA:2671,0
DA:2672,0
DA:2673,0
DA:2675,0
DA:2676,0
DA:2678,0
DA:2689,0
DA:2690,0
DA:2691,0
DA:2702,0
DA:2704,0
DA:2705,0
DA:2706,0
DA:2707,0
DA:2708,0
DA:2709,0
DA:2710,0
DA:2717,1
DA:2723,0
DA:2727,0
DA:2733,1
DA:2739,0
DA:2755,0
DA:2765,0
DA:2781,0
DA:2782,0
DA:2783,0
DA:2784,0
DA:2785,0
DA:2786,0
DA:2787,0
DA:2788,0
DA:2790,0
DA:2793,0
DA:2794,0
DA:2796,0
DA:2813,0
DA:2814,0
DA:2815,0
DA:2834,0
DA:2835,0
DA:2836,0
DA:2853,0
DA:2869,0
DA:2885,0
DA:2892,1
DA:2896,1
DA:2900,1
DA:2904,1
DA:2908,1
DA:2923,0
DA:2925,0
DA:2927,0
DA:2929,0
DA:2931,0
DA:2933,0
DA:2956,0
DA:2962,0
DA:2971,0
DA:2972,0
DA:2974,0
DA:2984,1
DA:2985,1
DA:2986,0
DA:2988,1
DA:2991,0
DA:2994,0
DA:2997,0
DA:3005,0
DA:3006,0
DA:3007,0
DA:3008,0
DA:3010,0
DA:3013,0
DA:3016,0
DA:3019,0
DA:3022,0
DA:3030,0
DA:3031,0
DA:3034,0
DA:3035,0
DA:3036,0
DA:3037,0
DA:3039,0
DA:3041,0
DA:3042,0
DA:3045,0
DA:3046,0
DA:3049,0
DA:3050,0
DA:3053,0
DA:3054,0
DA:3057,0
DA:3058,0
DA:3066,0
DA:3067,0
DA:3068,0
DA:3071,0
DA:3074,0
DA:3075,0
DA:3076,0
DA:3077,0
DA:3079,0
DA:3080,0
DA:3082,0
DA:3083,0
DA:3086,0
DA:3087,0
DA:3090,0
DA:3091,0
DA:3094,0
DA:3095,0
DA:3098,0
DA:3099,0
DA:3102,1
DA:3104,1
DA:3106,1
DA:3108,1
DA:3115,1
DA:3117,1
DA:3119,0
DA:3121,0
DA:3126,1
DA:3135,1
DA:3137,0
DA:3138,0
DA:3139,0
DA:3140,0
DA:3142,0
DA:3143,0
DA:3144,0
DA:3145,0
DA:3149,1
DA:3152,0
DA:3153,0
DA:3156,0
DA:3161,1
DA:3173,1
DA:3179,0
DA:3192,0
DA:3203,0
DA:3213,0
DA:3214,0
DA:3215,0
DA:3219,0
DA:3220,0
DA:3222,0
DA:3223,0
DA:3224,0
DA:3227,0
DA:3239,0
DA:3241,0
DA:3242,0
DA:3243,0
DA:3245,0
DA:3246,0
DA:3248,0
DA:3249,0
DA:3251,0
DA:3254,0
DA:3266,0
DA:3268,0
DA:3269,0
DA:3278,0
DA:3279,0
DA:3280,0
DA:3281,0
DA:3284,0
DA:3286,0
DA:3288,0
DA:3290,0
DA:3291,0
DA:3295,0
DA:3297,0
DA:3298,0
DA:3299,0
DA:3305,1
DA:3316,0
DA:3318,0
DA:3321,0
DA:3322,0
DA:3325,0
DA:3326,0
DA:3327,0
DA:3328,0
DA:3329,0
DA:3330,0
DA:3331,0
DA:3333,0
DA:3334,0
DA:3335,0
DA:3338,0
DA:3341,0
DA:3345,0
DA:3346,0
DA:3347,0
DA:3348,0
DA:3349,0
DA:3351,0
DA:3352,0
DA:3355,0
DA:3357,0
DA:3370,3
DA:3378,0
DA:3379,0
DA:3381,0
DA:3389,0
DA:3390,0
DA:3392,0
DA:3402,0
DA:3403,0
DA:3405,0
DA:3406,0
DA:3412,1
DA:3416,1
DA:3420,1
DA:3430,0
DA:3431,0
DA:3432,0
DA:3433,0
DA:3436,0
DA:3446,1
DA:3447,0
DA:3448,0
DA:3449,0
DA:3451,0
DA:3452,0
DA:3455,0
DA:3468,0
DA:3477,0
DA:3478,0
DA:3480,0
DA:3481,0
DA:3483,0
DA:3484,0
DA:3485,0
DA:3486,0
DA:3487,0
DA:3488,0
DA:3492,0
DA:3503,0
DA:3518,0
DA:3526,1
DA:3544,1
DA:3552,1
DA:3554,1
DA:3561,1
DA:3562,1
DA:3563,1
DA:3564,1
DA:3565,1
DA:3566,1
DA:3567,0
DA:3569,1
DA:3571,1
DA:3573,0
DA:3574,0
DA:3578,0
DA:3579,0
DA:3580,0
DA:3582,0
DA:3584,0
DA:3596,0
DA:3597,0
DA:3598,0
DA:3600,0
DA:3609,0
DA:3620,0
DA:3639,0
DA:3640,0
DA:3641,0
DA:3643,0
DA:3645,0
DA:3651,0
DA:3652,0
DA:3653,0
DA:3655,0
DA:3656,0
DA:3659,0
DA:3660,0
DA:3671,0
DA:3675,0
DA:3676,0
DA:3678,0
DA:3680,0
DA:3686,0
DA:3687,0
DA:3688,0
DA:3690,0
DA:3691,0
DA:3692,0
DA:3693,0
DA:3696,0
DA:3697,0
DA:3705,1
DA:3720,0
DA:3721,0
DA:3723,0
DA:3724,0
DA:3725,0
DA:3726,0
DA:3728,0
DA:3729,0
DA:3730,0
DA:3734,0
DA:3737,0
DA:3750,0
DA:3751,0
DA:3753,0
DA:3754,0
DA:3755,0
DA:3756,0
DA:3758,0
DA:3759,0
DA:3760,0
DA:3764,0
DA:3767,0
DA:3776,1
DA:3793,0
DA:3794,0
DA:3796,0
DA:3803,0
DA:3804,0
DA:3805,0
DA:3806,0
DA:3808,0
DA:3809,0
DA:3810,0
DA:3813,0
DA:3820,0
DA:3821,0
DA:3823,0
DA:3825,0
DA:3827,0
DA:3828,0
DA:3830,0
DA:3831,0
DA:3833,0
DA:3842,1
DA:3851,0
DA:3861,0
DA:3870,0
DA:3871,0
DA:3872,0
DA:3873,0
DA:3874,0
DA:3875,0
DA:3876,0
DA:3888,0
DA:3901,0
DA:3910,1
DA:3923,0
DA:3933,0
DA:3934,0
DA:3936,0
DA:3937,0
DA:3939,0
DA:3945,1
DA:3950,1
DA:3953,1
DA:3954,1
DA:3955,1
DA:3956,1
DA:3957,1
DA:3958,1
DA:3960,1
DA:3981,1
DA:3985,1
DA:3989,1
DA:3993,1
DA:3997,1
DA:3998,1
DA:3999,1
DA:4000,1
DA:4001,1
DA:4002,1
DA:4003,1
DA:4004,1
DA:4005,1
DA:4006,1
DA:4007,1
DA:4008,1
DA:4009,1
DA:4010,1
DA:4011,1
DA:4012,1
DA:4013,1
DA:4014,1
DA:4021,24
DA:4028,1
DA:4029,24
DA:4030,5
DA:4033,1
DA:4038,1
DA:4046,0
DA:4056,0
DA:4057,0
DA:4058,0
DA:4059,0
DA:4060,0
DA:4061,0
DA:4062,0
DA:4064,0
DA:4065,0
DA:4066,0
DA:4067,0
DA:4068,0
DA:4069,0
DA:4072,0
DA:4075,0
DA:4076,0
DA:4077,0
DA:4078,0
DA:4079,0
DA:4080,0
DA:4095,0
DA:4096,0
DA:4098,0
DA:4099,0
DA:4101,0
DA:4104,0
DA:4105,0
DA:4106,0
DA:4108,0
DA:4109,0
DA:4121,0
DA:4129,0
DA:4130,0
DA:4131,0
DA:4132,0
DA:4134,0
DA:4137,0
DA:4139,0
DA:4150,0
DA:4151,0
DA:4152,0
DA:4153,0
DA:4156,0
DA:4158,0
DA:4160,0
DA:4161,0
DA:4162,0
DA:4163,0
DA:4165,0
DA:4166,0
DA:4168,0
DA:4169,0
DA:4170,0
DA:4171,0
DA:4172,0
DA:4174,0
DA:4176,0
DA:4178,0
DA:4180,0
DA:4181,0
DA:4184,0
DA:4185,0
DA:4186,0
DA:4190,0
DA:4204,0
DA:4218,0
DA:4229,0
DA:4236,1
DA:4245,0
DA:4249,0
DA:4260,0
DA:4261,0
DA:4263,0
DA:4274,0
DA:4297,0
DA:4298,0
DA:4299,0
DA:4301,0
DA:4302,0
DA:4303,0
DA:4304,0
DA:4306,0
DA:4307,0
DA:4318,0
DA:4319,0
DA:4322,0
DA:4332,0
DA:4333,0
DA:4334,0
DA:4335,0
DA:4337,0
DA:4339,0
DA:4347,0
DA:4353,0
DA:4356,0
DA:4357,0
DA:4358,0
DA:4360,0
DA:4372,0
DA:4374,0
DA:4376,0
DA:4377,0
DA:4379,0
DA:4380,0
DA:4381,0
DA:4382,0
DA:4383,0
DA:4385,0
DA:4386,0
DA:4387,0
DA:4390,0
DA:4393,0
DA:4394,0
DA:4395,0
DA:4397,0
DA:4398,0
DA:4399,0
DA:4401,0
DA:4403,0
DA:4412,1
DA:4423,0
DA:4424,0
DA:4431,0
DA:4439,0
DA:4440,0
DA:4444,0
DA:4446,0
DA:4447,0
DA:4448,0
DA:4450,0
DA:4456,0
DA:4464,0
DA:4476,0
DA:4477,0
DA:4479,0
DA:4481,0
DA:4482,0
DA:4484,0
DA:4486,0
DA:4487,0
DA:4490,0
DA:4493,0
DA:4496,0
DA:4510,0
DA:4511,0
DA:4513,0
DA:4514,0
DA:4516,0
DA:4517,0
DA:4518,0
DA:4519,0
DA:4520,0
DA:4521,0
DA:4523,0
DA:4526,0
DA:4531,0
DA:4533,0
DA:4547,0
DA:4549,0
DA:4550,0
DA:4552,0
DA:4553,0
DA:4556,0
DA:4557,0
DA:4560,0
DA:4561,0
DA:4565,0
DA:4566,0
DA:4569,0
DA:4572,0
DA:4575,0
DA:4576,0
DA:4581,0
DA:4582,0
DA:4585,0
DA:4586,0
DA:4589,0
DA:4590,0
DA:4593,0
DA:4594,0
DA:4595,0
DA:4599,0
DA:4600,0
DA:4601,0
DA:4604,0
DA:4605,0
DA:4608,0
DA:4609,0
DA:4613,0
DA:4622,0
DA:4623,0
DA:4634,0
DA:4636,0
DA:4637,0
DA:4651,0
DA:4653,0
DA:4654,0
DA:4656,0
DA:4657,0
DA:4658,0
DA:4659,0
DA:4660,0
DA:4661,0
DA:4662,0
DA:4663,0
DA:4677,0
DA:4679,0
DA:4682,0
DA:4684,0
DA:4685,0
DA:4686,0
DA:4687,0
DA:4688,0
DA:4689,0
DA:4691,0
DA:4692,0
DA:4693,0
DA:4711,0
DA:4713,0
DA:4715,0
DA:4716,0
DA:4718,0
DA:4720,0
DA:4721,0
DA:4722,0
DA:4726,0
DA:4729,0
DA:4744,0
DA:4746,0
DA:4747,0
DA:4749,0
DA:4750,0
DA:4751,0
DA:4752,0
DA:4753,0
DA:4754,0
DA:4755,0
DA:4756,0
DA:4770,0
DA:4783,0
DA:4791,0
DA:4792,0
DA:4793,0
DA:4795,0
DA:4803,0
DA:4804,0
DA:4806,0
DA:4814,0
DA:4815,0
DA:4816,0
DA:4818,0
DA:4819,0
DA:4821,0
DA:4822,0
DA:4834,0
DA:4835,0
DA:4836,0
DA:4838,0
DA:4839,0
DA:4850,0
DA:4851,0
DA:4852,0
DA:4853,0
DA:4855,0
DA:4856,0
DA:4867,0
DA:4872,0
DA:4873,0
DA:4874,0
DA:4886,0
DA:4888,0
DA:4889,0
DA:4898,0
DA:4899,0
DA:4900,0
DA:4901,0
DA:4904,0
DA:4906,0
DA:4908,0
DA:4910,0
DA:4911,0
DA:4915,0
DA:4917,0
DA:4918,0
DA:4919,0
DA:4925,1
DA:4932,0
DA:4933,0
DA:4935,0
DA:4940,0
DA:4943,0
DA:4944,0
DA:4949,0
DA:4950,0
DA:4951,0
DA:4953,0
DA:4954,0
DA:4955,0
DA:4956,0
DA:4957,0
DA:4958,0
DA:4959,0
DA:4966,1
DA:4974,0
DA:4975,0
DA:4976,0
DA:4977,0
DA:4978,0
DA:4979,0
DA:4980,0
DA:4990,0
DA:5004,0
DA:5005,0
DA:5006,0
DA:5007,0
DA:5015,0
DA:5016,0
DA:5026,0
DA:5027,0
DA:5028,0
DA:5029,0
DA:5031,0
DA:5032,0
DA:5033,0
DA:5035,0
DA:5036,0
DA:5046,0
DA:5055,0
DA:5056,0
DA:5057,0
DA:5058,0
DA:5067,0
DA:5068,0
DA:5069,0
DA:5077,0
DA:5078,0
DA:5087,0
DA:5088,0
DA:5089,0
DA:5091,0
DA:5099,0
DA:5110,0
DA:5112,0
DA:5115,0
DA:5116,0
DA:5117,0
DA:5120,0
DA:5121,0
DA:5123,0
DA:5124,0
DA:5125,0
DA:5126,0
DA:5127,0
DA:5130,0
DA:5133,0
DA:5140,1
DA:5141,1
DA:5147,0
DA:5148,0
DA:5149,0
DA:5151,0
DA:5160,0
DA:5162,0
DA:5175,0
DA:5176,0
DA:5178,0
DA:5179,0
DA:5180,0
DA:5181,0
DA:5182,0
DA:5183,0
DA:5187,0
DA:5190,0
DA:5203,0
DA:5204,0
DA:5206,0
DA:5207,0
DA:5208,0
DA:5209,0
DA:5210,0
DA:5211,0
DA:5213,0
DA:5214,0
DA:5215,0
DA:5218,0
DA:5226,0
DA:5234,0
DA:5235,0
DA:5236,0
DA:5237,0
DA:5242,0
DA:5243,0
DA:5245,0
DA:5255,0
DA:5256,0
DA:5257,0
DA:5258,0
DA:5259,0
DA:5269,0
DA:5271,0
DA:5273,0
DA:5274,0
DA:5275,0
DA:5276,0
DA:5277,0
DA:5278,0
DA:5279,0
DA:5280,0
DA:5281,0
DA:5282,0
DA:5283,0
DA:5287,0
DA:5290,0
DA:5291,0
DA:5292,0
DA:5293,0
DA:5294,0
DA:5296,0
DA:5297,0
DA:5298,0
DA:5300,0
DA:5312,0
DA:5313,0
DA:5314,0
DA:5315,0
DA:5317,0
DA:5323,0
DA:5324,0
DA:5325,0
DA:5327,0
DA:5328,0
DA:5329,0
DA:5330,0
DA:5332,0
DA:5333,0
DA:5337,0
DA:5345,0
DA:5354,0
DA:5356,0
DA:5357,0
DA:5359,0
DA:5362,0
DA:5363,0
DA:5365,0
DA:5366,0
DA:5377,0
DA:5378,0
DA:5379,0
DA:5380,0
DA:5384,1
DA:5385,1
DA:5386,1
DA:5387,1
DA:5388,1
DA:5389,1
DA:5390,1
DA:5391,1
DA:5392,1
DA:5393,1
DA:5394,1
DA:5395,1
DA:5396,1
DA:5397,1
DA:5398,1
DA:5399,1
DA:5400,1
DA:5401,1
DA:5402,1
DA:5403,1
DA:5404,1
DA:5405,1
DA:5406,1
DA:5407,1
DA:5408,1
DA:5409,1
DA:5410,1
DA:5411,1
DA:5412,1
DA:5413,1
DA:5414,1
DA:5415,1
DA:5416,1
DA:5417,1
DA:5418,1
DA:5419,1
DA:5420,1
DA:5421,1
DA:5422,1
DA:5423,1
DA:5424,1
DA:5425,1
DA:5426,1
DA:5427,1
DA:5428,1
DA:5429,1
DA:5430,1
DA:5431,1
DA:5432,1
DA:5433,1
DA:5434,1
DA:5435,1
DA:5436,1
DA:5437,1
DA:5438,1
DA:5439,1
DA:5440,1
DA:5441,1
DA:5442,1
DA:5443,1
DA:5444,1
DA:5445,1
DA:5446,1
DA:5447,1
DA:5448,1
DA:5449,1
DA:5450,1
DA:5451,1
DA:5452,1
DA:5453,1
DA:5454,1
DA:5455,1
DA:5456,1
DA:5457,1
DA:5458,1
DA:5459,1
DA:5460,1
DA:5461,1
DA:5462,1
DA:5463,1
DA:5464,1
DA:5465,1
DA:5466,1
DA:5467,1
DA:5468,1
DA:5469,1
DA:5470,1
DA:5471,1
DA:5472,1
DA:5473,1
DA:5474,1
DA:5475,1
DA:5476,1
DA:5477,1
DA:5478,1
DA:5479,1
DA:5480,1
DA:5481,1
DA:5482,1
DA:5483,1
DA:5484,1
DA:5485,1
DA:5486,1
DA:5487,1
DA:5488,1
DA:5489,1
DA:5490,1
DA:5491,1
DA:5492,1
DA:5493,1
DA:5494,1
DA:5495,1
DA:5496,1
DA:5497,1
DA:5498,1
DA:5499,1
DA:5500,1
DA:5501,1
DA:5502,1
DA:5503,1
DA:5504,1
DA:5505,1
DA:5506,1
DA:5507,1
DA:5508,1
DA:5509,1
DA:5510,1
DA:5511,1
DA:5512,1
DA:5513,1
DA:5514,1
DA:5515,1
DA:5516,1
DA:5517,1
DA:5518,1
DA:5519,1
DA:5520,1
DA:5521,1
DA:5522,1
DA:5523,1
DA:5524,1
DA:5525,1
DA:5526,1
DA:5527,1
DA:5528,1
DA:5529,1
DA:5530,1
DA:5531,1
DA:5532,1
DA:5533,1
DA:5534,1
DA:5535,1
DA:5536,1
DA:5537,1
DA:5538,1
DA:5539,1
DA:5540,1
DA:5541,1
DA:5542,1
DA:5544,1
LF:1736
LH:324
BRDA:2,0,0,1
BRDA:2,0,1,0
BRDA:2,1,0,1
BRDA:2,1,1,1
BRDA:3,2,0,0
BRDA:3,2,1,0
BRDA:3,3,0,0
BRDA:3,3,1,0
BRDA:4,4,0,0
BRDA:4,4,1,0
BRDA:12,5,0,0
BRDA:42,6,0,1
BRDA:42,6,1,1
BRDA:45,7,0,1
BRDA:45,7,1,0
BRDA:46,8,0,1
BRDA:46,8,1,1
BRDA:66,9,0,0
BRDA:77,10,0,0
BRDA:101,11,0,0
BRDA:101,11,1,0
BRDA:126,12,0,0
BRDA:150,13,0,0
BRDA:150,13,1,0
BRDA:155,14,0,0
BRDA:155,14,1,0
BRDA:167,15,0,0
BRDA:167,15,1,0
BRDA:182,16,0,0
BRDA:182,16,1,0
BRDA:185,17,0,0
BRDA:185,17,1,0
BRDA:185,17,2,0
BRDA:194,18,0,0
BRDA:194,18,1,0
BRDA:197,19,0,0
BRDA:197,19,1,0
BRDA:201,20,0,0
BRDA:201,20,1,0
BRDA:204,21,0,0
BRDA:204,21,1,0
BRDA:243,22,0,1
BRDA:243,22,1,1
BRDA:250,23,0,0
BRDA:256,24,0,0
BRDA:256,24,1,0
BRDA:266,25,0,0
BRDA:266,25,1,0
BRDA:266,25,2,0
BRDA:266,25,3,0
BRDA:324,26,0,5
BRDA:324,26,1,3
BRDA:327,27,0,1
BRDA:327,27,1,2
BRDA:330,28,0,0
BRDA:330,28,1,2
BRDA:332,29,0,0
BRDA:332,29,1,0
BRDA:337,30,0,0
BRDA:337,30,1,2
BRDA:360,31,0,0
BRDA:362,32,0,0
BRDA:362,32,1,0
BRDA:362,33,0,0
BRDA:362,33,1,0
BRDA:365,34,0,0
BRDA:365,34,1,0
BRDA:368,35,0,0
BRDA:368,35,1,0
BRDA:370,36,0,0
BRDA:370,36,1,0
BRDA:389,37,0,0
BRDA:389,37,1,0
BRDA:392,38,0,0
BRDA:392,38,1,0
BRDA:394,39,0,0
BRDA:394,39,1,0
BRDA:453,40,0,0
BRDA:453,41,0,0
BRDA:453,42,0,0
BRDA:510,43,0,0
BRDA:510,43,1,0
BRDA:525,44,0,0
BRDA:525,44,1,0
BRDA:550,45,0,0
BRDA:550,45,1,0
BRDA:567,46,0,0
BRDA:567,46,1,0
BRDA:571,47,0,0
BRDA:571,47,1,0
BRDA:637,48,0,1
BRDA:637,48,1,1
BRDA:660,49,0,0
BRDA:670,50,0,0
BRDA:670,50,1,0
BRDA:678,51,0,0
BRDA:678,51,1,0
BRDA:687,52,0,0
BRDA:687,52,1,0
BRDA:691,53,0,0
BRDA:691,53,1,0
BRDA:714,54,0,0
BRDA:714,54,1,0
BRDA:774,55,0,0
BRDA:774,55,1,0
BRDA:802,56,0,0
BRDA:802,56,1,0
BRDA:815,57,0,0
BRDA:815,57,1,0
BRDA:829,58,0,0
BRDA:829,58,1,0
BRDA:854,59,0,0
BRDA:854,59,1,0
BRDA:878,60,0,0
BRDA:878,60,1,0
BRDA:891,61,0,0
BRDA:891,61,1,0
BRDA:950,62,0,0
BRDA:950,62,1,0
BRDA:1005,63,0,0
BRDA:1005,63,1,0
BRDA:1009,64,0,0
BRDA:1009,64,1,0
BRDA:1015,65,0,0
BRDA:1015,65,1,0
BRDA:1021,66,0,0
BRDA:1021,66,1,0
BRDA:1061,67,0,0
BRDA:1061,67,1,0
BRDA:1108,68,0,0
BRDA:1108,68,1,0
BRDA:1116,69,0,0
BRDA:1116,69,1,0
BRDA:1124,70,0,0
BRDA:1124,70,1,0
BRDA:1135,71,0,0
BRDA:1135,71,1,0
BRDA:1143,72,0,0
BRDA:1143,72,1,0
BRDA:1151,73,0,0
BRDA:1151,73,1,0
BRDA:1161,74,0,0
BRDA:1161,74,1,0
BRDA:1169,75,0,0
BRDA:1169,75,1,0
BRDA:1177,76,0,0
BRDA:1177,76,1,0
BRDA:1185,77,0,0
BRDA:1185,77,1,0
BRDA:1193,78,0,0
BRDA:1193,78,1,0
BRDA:1225,79,0,1
BRDA:1225,79,1,1
BRDA:1238,80,0,0
BRDA:1238,80,1,0
BRDA:1240,81,0,0
BRDA:1240,81,1,0
BRDA:1309,82,0,0
BRDA:1309,82,1,0
BRDA:1309,82,2,0
BRDA:1320,83,0,0
BRDA:1320,83,1,0
BRDA:1320,83,2,0
BRDA:1370,84,0,0
BRDA:1370,84,1,0
BRDA:1386,85,0,0
BRDA:1386,85,1,0
BRDA:1386,86,0,0
BRDA:1386,86,1,0
BRDA:1388,87,0,0
BRDA:1388,87,1,0
BRDA:1388,87,2,0
BRDA:1396,88,0,0
BRDA:1396,88,1,0
BRDA:1404,89,0,0
BRDA:1404,89,1,0
BRDA:1421,90,0,0
BRDA:1421,90,1,0
BRDA:1424,91,0,0
BRDA:1424,91,1,0
BRDA:1437,92,0,0
BRDA:1437,92,1,0
BRDA:1451,93,0,0
BRDA:1451,93,1,0
BRDA:1460,94,0,0
BRDA:1475,95,0,0
BRDA:1478,96,0,0
BRDA:1484,97,0,0
BRDA:1484,97,1,0
BRDA:1499,98,0,0
BRDA:1515,99,0,0
BRDA:1520,100,0,0
BRDA:1520,100,1,0
BRDA:1533,101,0,0
BRDA:1538,102,0,0
BRDA:1538,102,1,0
BRDA:1553,103,0,0
BRDA:1628,104,0,0
BRDA:1628,104,1,0
BRDA:1641,105,0,0
BRDA:1641,105,1,0
BRDA:1655,106,0,0
BRDA:1655,106,1,0
BRDA:1655,107,0,0
BRDA:1655,107,1,0
BRDA:1664,108,0,0
BRDA:1664,108,1,0
BRDA:1664,109,0,0
BRDA:1664,109,1,0
BRDA:1671,110,0,0
BRDA:1671,110,1,0
BRDA:1686,111,0,0
BRDA:1686,111,1,0
BRDA:1689,112,0,0
BRDA:1689,112,1,0
BRDA:1690,113,0,0
BRDA:1690,113,1,0
BRDA:1690,114,0,0
BRDA:1690,114,1,0
BRDA:1694,115,0,0
BRDA:1694,115,1,0
BRDA:1694,116,0,0
BRDA:1694,116,1,0
BRDA:1694,116,2,0
BRDA:1694,116,3,0
BRDA:1768,117,0,0
BRDA:1779,118,0,0
BRDA:1791,119,0,0
BRDA:1791,119,1,0
BRDA:1791,120,0,0
BRDA:1791,120,1,0
BRDA:1808,121,0,0
BRDA:1808,121,1,0
BRDA:1808,121,2,0
BRDA:1837,122,0,0
BRDA:1837,122,1,0
BRDA:1849,123,0,0
BRDA:1849,124,0,0
BRDA:1864,125,0,0
BRDA:1899,126,0,0
BRDA:1902,127,0,0
BRDA:1902,127,1,0
BRDA:1916,128,0,0
BRDA:1916,128,1,0
BRDA:1921,129,0,0
BRDA:1921,129,1,0
BRDA:1921,130,0,0
BRDA:1921,130,1,0
BRDA:1941,131,0,0
BRDA:1941,131,1,0
BRDA:1944,132,0,0
BRDA:1944,132,1,0
BRDA:2009,133,0,0
BRDA:2009,133,1,0
BRDA:2013,134,0,0
BRDA:2013,134,1,0
BRDA:2032,135,0,0
BRDA:2038,136,0,0
BRDA:2038,136,1,0
BRDA:2056,137,0,0
BRDA:2056,137,1,0
BRDA:2105,138,0,0
BRDA:2105,138,1,0
BRDA:2140,139,0,0
BRDA:2140,139,1,0
BRDA:2171,140,0,0
BRDA:2171,141,0,0
BRDA:2171,142,0,0
BRDA:2175,143,0,0
BRDA:2175,143,1,0
BRDA:2180,144,0,0
BRDA:2180,144,1,0
BRDA:2195,145,0,0
BRDA:2199,146,0,0
BRDA:2199,146,1,0
BRDA:2242,147,0,0
BRDA:2242,147,1,0
BRDA:2286,148,0,0
BRDA:2286,148,1,0
BRDA:2286,149,0,0
BRDA:2286,149,1,0
BRDA:2299,150,0,0
BRDA:2299,150,1,0
BRDA:2310,151,0,0
BRDA:2310,151,1,0
BRDA:2337,152,0,0
BRDA:2337,152,1,0
BRDA:2358,153,0,0
BRDA:2358,153,1,0
BRDA:2359,154,0,0
BRDA:2359,154,1,0
BRDA:2360,155,0,0
BRDA:2360,155,1,0
BRDA:2380,156,0,0
BRDA:2380,156,1,0
BRDA:2380,157,0,0
BRDA:2380,157,1,0
BRDA:2391,158,0,0
BRDA:2399,159,0,0
BRDA:2407,160,0,0
BRDA:2415,161,0,0
BRDA:2423,162,0,0
BRDA:2431,163,0,0
BRDA:2523,164,0,0
BRDA:2523,164,1,0
BRDA:2526,165,0,0
BRDA:2526,165,1,0
BRDA:2529,166,0,0
BRDA:2529,166,1,0
BRDA:2672,167,0,0
BRDA:2672,167,1,0
BRDA:2675,168,0,0
BRDA:2675,168,1,0
BRDA:2688,169,0,0
BRDA:2701,170,0,0
BRDA:2786,171,0,0
BRDA:2786,171,1,0
BRDA:2786,172,0,0
BRDA:2786,172,1,0
BRDA:2787,173,0,0
BRDA:2787,173,1,0
BRDA:2793,174,0,0
BRDA:2793,174,1,0
BRDA:2816,175,0,0
BRDA:2816,175,1,0
BRDA:2909,176,0,1
BRDA:2909,176,1,1
BRDA:2923,177,0,0
BRDA:2923,177,1,0
BRDA:2923,177,2,0
BRDA:2923,177,3,0
BRDA:2923,177,4,0
BRDA:2971,178,0,0
BRDA:2971,178,1,0
BRDA:2983,179,0,1
BRDA:2983,180,0,1
BRDA:2985,181,0,0
BRDA:2985,181,1,1
BRDA:3006,182,0,0
BRDA:3006,182,1,0
BRDA:3035,183,0,0
BRDA:3035,183,1,0
BRDA:3075,184,0,0
BRDA:3075,184,1,0
BRDA:3109,185,0,1
BRDA:3109,185,1,1
BRDA:3115,186,0,1
BRDA:3115,186,1,0
BRDA:3115,186,2,0
BRDA:3134,187,0,1
BRDA:3134,188,0,1
BRDA:3139,189,0,0
BRDA:3139,189,1,0
BRDA:3152,190,0,0
BRDA:3152,190,1,0
BRDA:3214,191,0,0
BRDA:3214,191,1,0
BRDA:3219,192,0,0
BRDA:3219,192,1,0
BRDA:3222,193,0,0
BRDA:3222,193,1,0
BRDA:3238,194,0,0
BRDA:3238,195,0,0
BRDA:3242,196,0,0
BRDA:3242,196,1,0
BRDA:3245,197,0,0
BRDA:3245,197,1,0
BRDA:3248,198,0,0
BRDA:3248,198,1,0
BRDA:3268,199,0,0
BRDA:3268,199,1,0
BRDA:3281,200,0,0
BRDA:3281,200,1,0
BRDA:3281,201,0,0
BRDA:3281,201,1,0
BRDA:3281,201,2,0
BRDA:3315,202,0,0
BRDA:3321,203,0,0
BRDA:3321,203,1,0
BRDA:3330,204,0,0
BRDA:3330,204,1,0
BRDA:3334,205,0,0
BRDA:3334,205,1,0
BRDA:3348,206,0,0
BRDA:3348,206,1,0
BRDA:3351,207,0,0
BRDA:3351,207,1,0
BRDA:3378,208,0,0
BRDA:3378,208,1,0
BRDA:3389,209,0,0
BRDA:3389,209,1,0
BRDA:3402,210,0,0
BRDA:3402,210,1,0
BRDA:3405,211,0,0
BRDA:3405,211,1,0
BRDA:3429,212,0,0
BRDA:3432,213,0,0
BRDA:3432,213,1,0
BRDA:3432,214,0,0
BRDA:3432,214,1,0
BRDA:3448,215,0,0
BRDA:3448,215,1,0
BRDA:3451,216,0,0
BRDA:3451,216,1,0
BRDA:3477,217,0,0
BRDA:3477,217,1,0
BRDA:3480,218,0,0
BRDA:3480,218,1,0
BRDA:3483,219,0,0
BRDA:3483,219,1,0
BRDA:3517,220,0,0
BRDA:3542,221,0,1
BRDA:3542,222,0,1
BRDA:3542,223,0,1
BRDA:3542,224,0,1
BRDA:3574,225,0,0
BRDA:3574,225,1,0
BRDA:3577,226,0,0
BRDA:3579,227,0,0
BRDA:3579,227,1,0
BRDA:3579,228,0,0
BRDA:3579,228,1,0
BRDA:3582,229,0,0
BRDA:3582,229,1,0
BRDA:3597,230,0,0
BRDA:3597,230,1,0
BRDA:3626,231,0,0
BRDA:3626,231,1,0
BRDA:3641,232,0,0
BRDA:3641,232,1,0
BRDA:3641,233,0,0
BRDA:3641,233,1,0
BRDA:3651,234,0,0
BRDA:3651,234,1,0
BRDA:3651,235,0,0
BRDA:3651,235,1,0
BRDA:3676,236,0,0
BRDA:3676,236,1,0
BRDA:3676,237,0,0
BRDA:3676,237,1,0
BRDA:3686,238,0,0
BRDA:3686,238,1,0
BRDA:3686,239,0,0
BRDA:3686,239,1,0
BRDA:3719,240,0,0
BRDA:3719,241,0,0
BRDA:3725,242,0,0
BRDA:3725,242,1,0
BRDA:3749,243,0,0
BRDA:3749,244,0,0
BRDA:3755,245,0,0
BRDA:3755,245,1,0
BRDA:3803,246,0,0
BRDA:3808,247,0,0
BRDA:3808,247,1,0
BRDA:3820,248,0,0
BRDA:3820,248,1,0
BRDA:3901,249,0,0
BRDA:3901,249,1,0
BRDA:3901,249,2,0
BRDA:3933,250,0,0
BRDA:3933,250,1,0
BRDA:3936,251,0,0
BRDA:3936,251,1,0
BRDA:3959,252,0,1
BRDA:3959,252,1,1
BRDA:3977,253,0,1
BRDA:3977,254,0,1
BRDA:3977,255,0,1
BRDA:4021,256,0,24
BRDA:4021,256,1,0
BRDA:4030,257,0,4
BRDA:4030,257,1,1
BRDA:4056,258,0,0
BRDA:4056,259,0,0
BRDA:4056,260,0,0
BRDA:4060,261,0,0
BRDA:4060,261,1,0
BRDA:4066,262,0,0
BRDA:4066,262,1,0
BRDA:4067,263,0,0
BRDA:4067,263,1,0
BRDA:4076,264,0,0
BRDA:4076,264,1,0
BRDA:4078,265,0,0
BRDA:4078,265,1,0
BRDA:4098,266,0,0
BRDA:4098,266,1,0
BRDA:4104,267,0,0
BRDA:4104,267,1,0
BRDA:4121,268,0,0
BRDA:4121,269,0,0
BRDA:4121,270,0,0
BRDA:4121,271,0,0
BRDA:4131,272,0,0
BRDA:4131,272,1,0
BRDA:4149,273,0,0
BRDA:4149,274,0,0
BRDA:4149,275,0,0
BRDA:4152,276,0,0
BRDA:4152,276,1,0
BRDA:4165,277,0,0
BRDA:4165,277,1,0
BRDA:4165,278,0,0
BRDA:4165,278,1,0
BRDA:4171,279,0,0
BRDA:4171,279,1,0
BRDA:4174,280,0,0
BRDA:4174,280,1,0
BRDA:4176,281,0,0
BRDA:4176,281,1,0
BRDA:4180,282,0,0
BRDA:4180,282,1,0
BRDA:4203,283,0,0
BRDA:4203,284,0,0
BRDA:4203,285,0,0
BRDA:4203,286,0,0
BRDA:4203,287,0,0
BRDA:4260,288,0,0
BRDA:4260,288,1,0
BRDA:4298,289,0,0
BRDA:4298,289,1,0
BRDA:4303,290,0,0
BRDA:4303,290,1,0
BRDA:4318,291,0,0
BRDA:4318,291,1,0
BRDA:4334,292,0,0
BRDA:4334,292,1,0
BRDA:4334,293,0,0
BRDA:4334,293,1,0
BRDA:4353,294,0,0
BRDA:4370,295,0,0
BRDA:4370,296,0,0
BRDA:4381,297,0,0
BRDA:4381,297,1,0
BRDA:4397,298,0,0
BRDA:4397,298,1,0
BRDA:4422,299,0,0
BRDA:4422,300,0,0
BRDA:4424,301,0,0
BRDA:4424,301,1,0
BRDA:4438,302,0,0
BRDA:4440,303,0,0
BRDA:4440,303,1,0
BRDA:4447,304,0,0
BRDA:4447,304,1,0
BRDA:4476,305,0,0
BRDA:4476,306,0,0
BRDA:4486,307,0,0
BRDA:4486,307,1,0
BRDA:4510,308,0,0
BRDA:4510,309,0,0
BRDA:4520,310,0,0
BRDA:4520,310,1,0
BRDA:4547,311,0,0
BRDA:4547,311,1,0
BRDA:4547,312,0,0
BRDA:4547,312,1,0
BRDA:4547,312,2,0
BRDA:4547,312,3,0
BRDA:4552,313,0,0
BRDA:4552,313,1,0
BRDA:4552,314,0,0
BRDA:4552,314,1,0
BRDA:4556,315,0,0
BRDA:4556,315,1,0
BRDA:4560,316,0,0
BRDA:4560,316,1,0
BRDA:4565,317,0,0
BRDA:4565,317,1,0
BRDA:4569,318,0,0
BRDA:4569,318,1,0
BRDA:4569,319,0,0
BRDA:4569,319,1,0
BRDA:4569,319,2,0
BRDA:4569,319,3,0
BRDA:4569,319,4,0
BRDA:4569,319,5,0
BRDA:4575,320,0,0
BRDA:4575,320,1,0
BRDA:4575,321,0,0
BRDA:4575,321,1,0
BRDA:4581,322,0,0
BRDA:4581,322,1,0
BRDA:4581,323,0,0
BRDA:4581,323,1,0
BRDA:4585,324,0,0
BRDA:4585,324,1,0
BRDA:4589,325,0,0
BRDA:4589,325,1,0
BRDA:4594,326,0,0
BRDA:4594,326,1,0
BRDA:4600,327,0,0
BRDA:4600,327,1,0
BRDA:4604,328,0,0
BRDA:4604,328,1,0
BRDA:4608,329,0,0
BRDA:4608,329,1,0
BRDA:4688,330,0,0
BRDA:4688,330,1,0
BRDA:4715,331,0,0
BRDA:4715,331,1,0
BRDA:4792,332,0,0
BRDA:4792,332,1,0
BRDA:4803,333,0,0
BRDA:4803,333,1,0
BRDA:4814,334,0,0
BRDA:4814,334,1,0
BRDA:4818,335,0,0
BRDA:4818,335,1,0
BRDA:4852,336,0,0
BRDA:4852,336,1,0
BRDA:4888,337,0,0
BRDA:4888,337,1,0
BRDA:4901,338,0,0
BRDA:4901,338,1,0
BRDA:4901,339,0,0
BRDA:4901,339,1,0
BRDA:4901,339,2,0
BRDA:4932,340,0,0
BRDA:4932,340,1,0
BRDA:4944,341,0,0
BRDA:4944,341,1,0
BRDA:4944,342,0,0
BRDA:4944,342,1,0
BRDA:4944,342,2,0
BRDA:4950,343,0,0
BRDA:4950,343,1,0
BRDA:4953,344,0,0
BRDA:4953,344,1,0
BRDA:4954,345,0,0
BRDA:4954,345,1,0
BRDA:4955,346,0,0
BRDA:4955,346,1,0
BRDA:4990,347,0,0
BRDA:4990,347,1,0
BRDA:5026,348,0,0
BRDA:5028,349,0,0
BRDA:5028,349,1,0
BRDA:5055,350,0,0
BRDA:5055,350,1,0
BRDA:5067,351,0,0
BRDA:5067,351,1,0
BRDA:5087,352,0,0
BRDA:5087,352,1,0
BRDA:5099,353,0,0
BRDA:5099,353,1,0
BRDA:5120,354,0,0
BRDA:5120,354,1,0
BRDA:5125,355,0,0
BRDA:5125,355,1,0
BRDA:5162,356,0,0
BRDA:5162,356,1,0
BRDA:5174,357,0,0
BRDA:5175,358,0,0
BRDA:5175,358,1,0
BRDA:5182,359,0,0
BRDA:5182,359,1,0
BRDA:5203,360,0,0
BRDA:5203,360,1,0
BRDA:5209,361,0,0
BRDA:5209,361,1,0
BRDA:5214,362,0,0
BRDA:5214,362,1,0
BRDA:5255,363,0,0
BRDA:5255,363,1,0
BRDA:5256,364,0,0
BRDA:5256,364,1,0
BRDA:5257,365,0,0
BRDA:5257,365,1,0
BRDA:5258,366,0,0
BRDA:5258,366,1,0
BRDA:5267,367,0,0
BRDA:5277,368,0,0
BRDA:5277,368,1,0
BRDA:5278,369,0,0
BRDA:5278,369,1,0
BRDA:5279,370,0,0
BRDA:5279,370,1,0
BRDA:5292,371,0,0
BRDA:5292,371,1,0
BRDA:5292,372,0,0
BRDA:5292,372,1,0
BRDA:5296,373,0,0
BRDA:5296,373,1,0
BRDA:5314,374,0,0
BRDA:5314,374,1,0
BRDA:5356,375,0,0
BRDA:5356,375,1,0
BRDA:5362,376,0,0
BRDA:5362,376,1,0
BRDA:5365,377,0,0
BRDA:5365,377,1,0
BRDA:5365,378,0,0
BRDA:5365,378,1,0
BRF:695
BRH:42
end_of_record
TN:
SF:C:\Users\rxliuli\Text\Pkg\rx-util\src\index.ts
FNF:0
FNH:0
DA:1,2
DA:2,2
DA:3,2
DA:4,2
DA:5,2
DA:6,2
DA:7,2
DA:8,2
DA:9,2
DA:10,2
DA:11,2
DA:12,2
DA:13,2
DA:14,2
DA:15,2
DA:16,2
DA:17,2
DA:18,2
DA:19,2
DA:20,2
DA:21,2
DA:22,2
DA:23,2
DA:24,2
DA:25,2
DA:26,2
DA:27,2
DA:28,2
DA:29,2
DA:30,2
DA:31,2
DA:32,2
DA:33,2
DA:34,2
DA:35,2
DA:36,2
DA:37,2
DA:38,2
DA:39,2
DA:40,2
DA:41,2
DA:42,2
DA:43,2
DA:44,2
DA:45,2
DA:46,2
DA:47,2
DA:48,2
DA:49,2
DA:50,2
DA:51,2
DA:52,2
DA:53,2
DA:54,2
DA:55,2
DA:56,2
DA:57,2
DA:58,2
DA:59,2
DA:60,2
DA:61,2
DA:62,2
DA:63,2
DA:64,2
DA:65,2
DA:66,2
DA:67,2
DA:68,2
DA:69,2
DA:70,2
DA:71,2
DA:72,2
DA:73,2
DA:74,2
DA:75,2
DA:76,2
DA:77,2
DA:78,2
DA:79,2
DA:80,2
DA:81,2
DA:82,2
DA:83,2
DA:84,2
DA:85,2
DA:86,2
DA:87,2
DA:88,2
DA:89,2
DA:93,2
DA:94,2
DA:95,2
DA:96,2
DA:97,2
DA:98,2
DA:99,2
DA:100,2
DA:102,2
DA:103,2
DA:104,2
DA:105,2
DA:106,2
DA:107,2
DA:108,2
DA:109,2
DA:110,2
DA:111,2
DA:112,2
DA:113,2
DA:114,2
DA:115,2
DA:116,2
DA:117,2
DA:123,2
DA:124,2
DA:125,2
DA:126,2
DA:127,2
DA:128,2
DA:129,2
DA:130,2
DA:131,2
DA:132,2
DA:133,2
DA:134,2
DA:135,2
DA:136,2
DA:137,2
DA:138,2
DA:139,2
DA:140,2
DA:141,2
DA:142,2
DA:143,2
DA:144,2
DA:145,2
DA:146,2
DA:147,2
DA:148,2
DA:149,2
DA:150,2
DA:151,2
DA:152,2
DA:153,2
DA:154,2
DA:155,2
DA:156,2
DA:157,2
DA:158,2
DA:164,2
DA:165,2
DA:166,2
DA:167,2
DA:168,2
DA:169,2
DA:170,2
DA:171,2
DA:172,2
DA:173,2
DA:174,2
DA:175,2
DA:176,2
DA:177,2
DA:178,2
DA:179,2
DA:180,2
DA:181,2
DA:182,2
DA:183,2
DA:184,2
DA:185,2
DA:186,2
DA:187,2
DA:188,2
DA:189,2
DA:190,2
DA:191,2
DA:192,2
DA:193,2
DA:194,2
DA:195,2
DA:196,2
DA:197,2
DA:198,2
DA:199,2
DA:200,2
DA:201,2
DA:202,2
DA:203,2
DA:204,2
DA:205,2
DA:206,2
DA:207,2
DA:208,2
DA:209,2
DA:210,2
DA:211,2
DA:212,2
DA:213,2
DA:214,2
DA:215,2
DA:216,2
DA:217,2
DA:218,2
DA:219,2
DA:220,2
DA:221,2
DA:222,2
DA:223,2
DA:224,2
DA:225,2
DA:226,2
DA:227,2
DA:228,2
DA:229,2
DA:230,2
DA:231,2
DA:232,2
DA:233,2
DA:234,2
DA:235,2
DA:236,2
DA:237,2
DA:238,2
DA:239,2
DA:240,2
DA:241,2
DA:242,2
DA:243,2
DA:244,2
DA:245,2
DA:246,2
DA:247,2
DA:248,2
DA:249,2
DA:250,2
DA:251,2
DA:252,2
DA:253,2
DA:254,2
DA:255,2
DA:256,2
DA:257,2
DA:258,2
DA:259,2
DA:260,2
DA:261,2
DA:262,2
DA:263,2
DA:264,2
DA:265,2
DA:266,2
DA:267,2
DA:268,2
DA:269,2
DA:270,2
DA:271,2
DA:272,2
DA:273,2
DA:274,2
DA:275,2
DA:276,2
DA:277,2
DA:278,2
DA:279,2
DA:280,2
DA:281,2
DA:282,2
DA:283,2
DA:284,2
DA:285,2
DA:286,2
DA:287,2
DA:288,2
DA:289,2
DA:290,2
DA:291,2
DA:292,2
DA:293,2
DA:294,2
DA:295,2
DA:296,2
DA:297,2
DA:298,2
DA:299,2
DA:300,2
DA:301,2
DA:302,2
DA:303,2
DA:304,2
DA:305,2
DA:306,2
DA:307,2
DA:308,2
DA:309,2
DA:310,2
DA:311,2
DA:312,2
DA:313,2
DA:314,2
DA:315,2
DA:316,2
DA:317,2
DA:318,2
DA:320,2
DA:321,2
DA:322,2
DA:323,2
DA:324,2
DA:325,2
LF:310
LH:310
BRF:0
BRH:0
end_of_record
TN:
SF:C:\Users\rxliuli\Text\Pkg\rx-util\src\module\ajax\FetchLimiting.ts
FN:33,(anonymous_0)
FN:63,(anonymous_1)
FN:67,(anonymous_3)
FN:67,(anonymous_4)
FN:78,(anonymous_5)
FNF:5
FNH:0
FNDA:0,(anonymous_0)
FNDA:0,(anonymous_1)
FNDA:0,(anonymous_3)
FNDA:0,(anonymous_4)
FNDA:0,(anonymous_5)
DA:1,2
DA:2,2
DA:22,2
DA:40,0
DA:44,0
DA:48,0
DA:53,0
DA:67,0
DA:68,0
DA:69,0
DA:70,0
DA:72,0
DA:74,0
DA:77,0
DA:78,0
DA:80,0
LF:16
LH:3
BRDA:36,0,0,0
BRDA:34,1,0,0
BRDA:35,2,0,0
BRF:3
BRH:0
end_of_record
TN:
SF:C:\Users\rxliuli\Text\Pkg\rx-util\src\module\ajax\download.ts
FN:6,download
FNF:1
FNH:0
FNDA:0,download
DA:6,2
DA:8,0
DA:9,0
DA:10,0
DA:12,0
DA:14,0
DA:15,0
DA:17,0
LF:8
LH:1
BRDA:6,0,0,0
BRF:1
BRH:0
end_of_record
TN:
SF:C:\Users\rxliuli\Text\Pkg\rx-util\src\module\ajax\downloadString.ts
FN:9,downloadString
FNF:1
FNH:0
FNDA:0,downloadString
DA:1,2
DA:2,2
DA:9,2
DA:10,0
LF:4
LH:3
BRDA:9,0,0,0
BRF:1
BRH:0
end_of_record
TN:
SF:C:\Users\rxliuli\Text\Pkg\rx-util\src\module\ajax\downloadUrl.ts
FN:6,downloadUrl
FNF:1
FNH:0
FNDA:0,downloadUrl
DA:6,2
DA:11,0
DA:12,0
DA:13,0
DA:15,0
DA:17,0
DA:18,0
DA:20,0
LF:8
LH:1
BRDA:8,0,0,0
BRF:1
BRH:0
end_of_record
TN:
SF:C:\Users\rxliuli\Text\Pkg\rx-util\src\module\ajax\fetchTimeout.ts
FN:10,fetchTimeout
FN:16,(anonymous_1)
FNF:2
FNH:0
FNDA:0,fetchTimeout
FNDA:0,(anonymous_1)
DA:1,2
DA:10,2
DA:14,0
DA:17,0
LF:4
LH:2
BRF:0
BRH:0
end_of_record
TN:
SF:C:\Users\rxliuli\Text\Pkg\rx-util\src\module\ajax\getCookies.ts
FN:8,getCookies
FNF:1
FNH:0
FNDA:0,getCookies
DA:1,2
DA:8,2
DA:9,0
LF:3
LH:2
BRF:0
BRH:0
end_of_record
TN:
SF:C:\Users\rxliuli\Text\Pkg\rx-util\src\module\ajax\loadResource.ts
FN:9,loadResource
FNF:1
FNH:0
FNDA:0,loadResource
DA:9,2
DA:19,0
DA:20,0
DA:22,0
LF:4
LH:1
BRDA:17,0,0,0
BRF:1
BRH:0
end_of_record
TN:
SF:C:\Users\rxliuli\Text\Pkg\rx-util\src\module\ajax\loadScript.ts
FN:6,loadScript
FN:7,(anonymous_1)
FN:11,(anonymous_2)
FNF:3
FNH:0
FNDA:0,loadScript
FNDA:0,(anonymous_1)
FNDA:0,(anonymous_2)
DA:6,2
DA:7,0
DA:8,0
DA:9,0
DA:10,0
DA:11,0
DA:12,0
DA:13,0
LF:8
LH:1
BRF:0
BRH:0
end_of_record
TN:
SF:C:\Users\rxliuli\Text\Pkg\rx-util\src\module\ajax\loadStyle.ts
FN:6,loadStyle
FN:7,(anonymous_1)
FN:11,(anonymous_2)
FNF:3
FNH:0
FNDA:0,loadStyle
FNDA:0,(anonymous_1)
FNDA:0,(anonymous_2)
DA:6,2
DA:7,0
DA:8,0
DA:9,0
DA:10,0
DA:11,0
DA:12,0
DA:13,0
LF:8
LH:1
BRF:0
BRH:0
end_of_record
TN:
SF:C:\Users\rxliuli\Text\Pkg\rx-util\src\module\ajax\objToURLSearchParams.ts
FN:6,objToURLSearchParams
FNF:1
FNH:1
FNDA:1,objToURLSearchParams
DA:6,1
DA:7,1
DA:8,1
DA:9,2
DA:11,1
LF:5
LH:5
BRF:0
BRH:0
end_of_record
TN:
SF:C:\Users\rxliuli\Text\Pkg\rx-util\src\module\ajax\parseUrl.ts
FN:54,parseUrl
FN:97,(anonymous_1)
FN:98,(anonymous_2)
FN:99,(anonymous_3)
FNF:4
FNH:4
FNDA:1,parseUrl
FNDA:2,(anonymous_1)
FNDA:2,(anonymous_2)
FNDA:2,(anonymous_3)
DA:42,3
DA:54,3
DA:55,1
DA:56,0
DA:59,1
DA:60,1
DA:61,1
DA:62,0
DA:64,1
DA:65,1
DA:66,1
DA:67,1
DA:68,1
DA:71,1
DA:72,1
DA:74,1
DA:75,0
DA:76,0
DA:88,1
DA:89,1
DA:90,1
DA:92,1
DA:94,1
DA:97,2
DA:98,2
DA:100,2
DA:101,2
DA:103,2
DA:104,2
DA:105,2
DA:107,0
DA:108,0
DA:110,0
DA:111,0
DA:114,2
DA:116,1
LF:36
LH:28
BRDA:55,0,0,0
BRDA:55,0,1,1
BRDA:61,1,0,0
BRDA:61,1,1,1
BRDA:74,2,0,0
BRDA:74,2,1,1
BRDA:89,3,0,1
BRDA:89,3,1,0
BRDA:92,4,0,1
BRDA:92,4,1,1
BRDA:92,4,2,0
BRDA:101,5,0,0
BRDA:101,5,1,2
BRDA:104,6,0,2
BRDA:104,6,1,0
BRDA:107,7,0,0
BRDA:107,7,1,0
BRDA:110,8,0,0
BRDA:110,8,1,0
BRF:19
BRH:8
end_of_record
TN:
SF:C:\Users\rxliuli\Text\Pkg\rx-util\src\module\ajax\readLocal.ts
FN:4,(anonymous_0)
FN:36,_readLocal
FN:50,(anonymous_2)
FN:55,(anonymous_3)
FN:58,(anonymous_4)
FNF:5
FNH:4
FNDA:3,(anonymous_0)
FNDA:1,_readLocal
FNDA:1,(anonymous_2)
FNDA:1,(anonymous_3)
FNDA:0,(anonymous_4)
DA:4,3
DA:8,3
DA:12,3
DA:16,3
DA:20,3
DA:36,3
DA:43,1
DA:50,1
DA:51,1
DA:52,0
DA:54,1
DA:55,1
DA:56,1
DA:58,1
DA:59,0
DA:61,1
DA:63,0
DA:64,0
DA:66,1
DA:67,1
DA:69,0
DA:70,0
DA:72,0
DA:73,0
DA:78,3
LF:25
LH:17
BRDA:4,0,0,3
BRDA:4,0,1,3
BRDA:41,1,0,0
BRDA:51,2,0,0
BRDA:51,2,1,1
BRDA:62,3,0,0
BRDA:62,3,1,1
BRDA:62,3,2,0
BRDA:62,3,3,0
BRF:9
BRH:4
end_of_record
TN:
SF:C:\Users\rxliuli\Text\Pkg\rx-util\src\module\ajax\spliceParams.ts
FN:14,(anonymous_0)
FN:22,spliceParams
FN:23,(anonymous_2)
FN:30,(anonymous_3)
FNF:4
FNH:4
FNDA:10,(anonymous_0)
FNDA:6,spliceParams
FNDA:7,(anonymous_2)
FNDA:5,(anonymous_3)
DA:1,3
DA:7,3
DA:14,3
DA:15,10
DA:22,3
DA:23,6
DA:24,7
DA:25,0
DA:26,7
DA:27,1
DA:28,6
DA:29,2
DA:31,5
DA:38,4
DA:40,7
LF:15
LH:14
BRDA:22,0,0,1
BRDA:24,1,0,0
BRDA:24,1,1,7
BRDA:24,2,0,7
BRDA:24,2,1,7
BRDA:26,3,0,1
BRDA:26,3,1,6
BRDA:28,4,0,2
BRDA:28,4,1,4
BRDA:33,5,0,2
BRDA:33,5,1,3
BRF:11
BRH:10
end_of_record
TN:
SF:C:\Users\rxliuli\Text\Pkg\rx-util\src\module\ajax\splitHttpHeader.ts
FN:6,splitHttpHeader
FN:7,(anonymous_1)
FNF:2
FNH:2
FNDA:1,splitHttpHeader
FNDA:2,(anonymous_1)
DA:6,3
DA:7,1
DA:8,2
DA:9,2
DA:10,1
DA:12,2
DA:13,2
LF:7
LH:7
BRDA:9,0,0,1
BRDA:9,0,1,1
BRF:2
BRH:2
end_of_record
TN:
SF:C:\Users\rxliuli\Text\Pkg\rx-util\src\module\ajax\strToArrayBuffer.ts
FN:6,strToArrayBuffer
FNF:1
FNH:0
FNDA:0,strToArrayBuffer
DA:6,2
DA:7,0
DA:8,0
DA:9,0
DA:10,0
DA:12,0
LF:6
LH:1
BRF:0
BRH:0
end_of_record
TN:
SF:C:\Users\rxliuli\Text\Pkg\rx-util\src\module\ajax\strToBlob.ts
FN:6,strToBlob
FNF:1
FNH:1
FNDA:2,strToBlob
DA:6,4
DA:7,2
LF:2
LH:2
BRF:0
BRH:0
end_of_record
TN:
SF:C:\Users\rxliuli\Text\Pkg\rx-util\src\module\array\ArrayUtil.ts
FN:14,(anonymous_0)
FN:26,(anonymous_1)
FNF:2
FNH:2
FNDA:1,(anonymous_0)
FNDA:2,(anonymous_1)
DA:1,1
DA:6,1
DA:15,1
DA:16,1
DA:17,1
DA:27,2
LF:6
LH:6
BRF:0
BRH:0
end_of_record
TN:
SF:C:\Users\rxliuli\Text\Pkg\rx-util\src\module\array\ArrayValidator.ts
FN:12,(anonymous_0)
FNF:1
FNH:1
FNDA:46,(anonymous_0)
DA:1,7
DA:6,7
DA:13,46
DA:25,7
LF:4
LH:4
BRDA:14,0,0,46
BRDA:14,0,1,20
BRDA:14,0,2,20
BRF:3
BRH:3
end_of_record
TN:
SF:C:\Users\rxliuli\Text\Pkg\rx-util\src\module\array\AsyncArray.ts
FN:8,(anonymous_0)
FN:30,(anonymous_1)
FN:66,(anonymous_2)
FN:103,(anonymous_3)
FN:111,(anonymous_5)
FN:113,_sort
FN:142,(anonymous_8)
FN:143,(anonymous_9)
FN:180,(anonymous_10)
FN:191,(anonymous_12)
FN:201,(anonymous_14)
FN:207,(anonymous_16)
FN:213,(anonymous_17)
FN:219,(anonymous_18)
FN:228,(anonymous_19)
FN:231,(anonymous_20)
FN:238,(anonymous_22)
FN:249,(anonymous_24)
FN:258,(anonymous_26)
FN:267,(anonymous_28)
FN:280,(anonymous_30)
FN:293,(anonymous_32)
FN:310,(anonymous_34)
FN:313,(anonymous_35)
FN:318,(anonymous_37)
FN:330,(anonymous_39)
FN:335,(anonymous_41)
FN:341,(anonymous_43)
FN:346,(anonymous_44)
FN:359,(anonymous_46)
FN:372,(anonymous_48)
FN:377,(anonymous_50)
FN:381,(anonymous_52)
FN:431,(anonymous_53)
FN:393,(anonymous_54)
FN:397,(anonymous_55)
FN:405,(anonymous_56)
FN:439,(anonymous_57)
FN:448,(anonymous_58)
FN:457,(anonymous_59)
FN:466,(anonymous_60)
FN:469,(anonymous_61)
FN:472,(anonymous_62)
FN:475,(anonymous_63)
FN:484,(anonymous_64)
FN:493,(anonymous_65)
FN:502,(anonymous_66)
FN:511,(anonymous_67)
FN:520,(anonymous_68)
FN:526,(anonymous_69)
FN:535,(anonymous_70)
FN:576,(anonymous_72)
FN:582,(anonymous_73)
FN:587,(anonymous_74)
FNF:54
FNH:40
FNDA:4,(anonymous_0)
FNDA:18,(anonymous_1)
FNDA:34,(anonymous_2)
FNDA:0,(anonymous_3)
FNDA:0,(anonymous_5)
FNDA:0,_sort
FNDA:0,(anonymous_8)
FNDA:0,(anonymous_9)
FNDA:1,(anonymous_10)
FNDA:1,(anonymous_12)
FNDA:0,(anonymous_14)
FNDA:1,(anonymous_16)
FNDA:1,(anonymous_17)
FNDA:14,(anonymous_18)
FNDA:31,(anonymous_19)
FNDA:1,(anonymous_20)
FNDA:5,(anonymous_22)
FNDA:3,(anonymous_24)
FNDA:2,(anonymous_26)
FNDA:1,(anonymous_28)
FNDA:1,(anonymous_30)
FNDA:3,(anonymous_32)
FNDA:3,(anonymous_34)
FNDA:0,(anonymous_35)
FNDA:1,(anonymous_37)
FNDA:1,(anonymous_39)
FNDA:0,(anonymous_41)
FNDA:0,(anonymous_43)
FNDA:0,(anonymous_44)
FNDA:0,(anonymous_46)
FNDA:0,(anonymous_48)
FNDA:2,(anonymous_50)
FNDA:8,(anonymous_52)
FNDA:25,(anonymous_53)
FNDA:28,(anonymous_54)
FNDA:60,(anonymous_55)
FNDA:4,(anonymous_56)
FNDA:4,(anonymous_57)
FNDA:4,(anonymous_58)
FNDA:2,(anonymous_59)
FNDA:0,(anonymous_60)
FNDA:1,(anonymous_61)
FNDA:1,(anonymous_62)
FNDA:1,(anonymous_63)
FNDA:0,(anonymous_64)
FNDA:1,(anonymous_65)
FNDA:1,(anonymous_66)
FNDA:1,(anonymous_67)
FNDA:1,(anonymous_68)
FNDA:1,(anonymous_69)
FNDA:20,(anonymous_70)
FNDA:4,(anonymous_72)
FNDA:2,(anonymous_73)
FNDA:18,(anonymous_74)
DA:1,4
DA:2,4
DA:3,4
DA:8,4
DA:9,4
DA:10,4
DA:11,4
DA:12,4
DA:13,4
DA:14,4
DA:15,4
DA:16,4
DA:17,4
DA:18,4
DA:19,4
DA:20,4
DA:21,4
DA:29,4
DA:30,18
DA:31,18
DA:32,18
DA:67,34
DA:106,0
DA:107,0
DA:110,0
DA:111,0
DA:118,0
DA:119,0
DA:122,0
DA:123,0
DA:124,0
DA:125,0
DA:126,0
DA:127,0
DA:128,0
DA:130,0
DA:131,0
DA:132,0
DA:134,0
DA:137,0
DA:141,0
DA:142,0
DA:143,0
DA:183,1
DA:184,1
DA:194,1
DA:202,0
DA:208,1
DA:214,1
DA:220,14
DA:229,31
DA:234,1
DA:235,5
DA:241,5
DA:242,5
DA:243,25
DA:244,10
DA:247,5
DA:252,3
DA:253,3
DA:254,10
DA:256,3
DA:261,2
DA:262,2
DA:263,8
DA:265,2
DA:271,1
DA:272,5
DA:273,4
DA:275,1
DA:278,1
DA:284,1
DA:285,5
DA:286,4
DA:288,1
DA:291,1
DA:296,3
DA:297,5
DA:298,5
DA:299,3
DA:302,0
DA:311,3
DA:316,0
DA:321,1
DA:322,1
DA:323,1
DA:324,5
DA:325,3
DA:328,1
DA:333,1
DA:338,0
DA:339,0
DA:344,0
DA:350,0
DA:351,0
DA:352,0
DA:354,0
DA:357,0
DA:363,0
DA:364,0
DA:365,0
DA:367,0
DA:370,0
DA:375,0
DA:380,2
DA:381,8
DA:388,4
DA:394,28
DA:395,28
DA:398,60
DA:408,4
DA:409,4
DA:410,1
DA:412,3
DA:413,3
DA:418,25
DA:432,25
DA:437,25
DA:446,4
DA:455,4
DA:464,2
DA:467,0
DA:470,1
DA:473,1
DA:482,1
DA:491,0
DA:500,1
DA:509,1
DA:518,1
DA:524,1
DA:530,1
DA:545,20
DA:546,20
DA:547,20
DA:548,20
DA:549,20
DA:554,20
DA:555,14
DA:557,6
DA:558,0
DA:560,6
DA:563,14
DA:564,10
DA:566,14
DA:568,0
DA:569,0
DA:577,4
DA:583,2
DA:584,10
DA:588,18
DA:589,18
DA:590,18
LF:152
LH:109
BRDA:8,0,0,4
BRDA:8,0,1,4
BRDA:66,1,0,11
BRDA:106,2,0,0
BRDA:106,2,1,0
BRDA:118,3,0,0
BRDA:118,3,1,0
BRDA:127,4,0,0
BRDA:127,4,1,0
BRDA:131,5,0,0
BRDA:131,5,1,0
BRDA:184,6,0,0
BRDA:184,6,1,1
BRDA:243,7,0,10
BRDA:243,7,1,15
BRDA:272,8,0,4
BRDA:272,8,1,1
BRDA:285,9,0,4
BRDA:285,9,1,1
BRDA:298,10,0,3
BRDA:298,10,1,2
BRDA:324,11,0,3
BRDA:324,11,1,2
BRDA:351,12,0,0
BRDA:351,12,1,0
BRDA:364,13,0,0
BRDA:364,13,1,0
BRDA:409,14,0,1
BRDA:409,14,1,3
BRDA:554,15,0,14
BRDA:554,15,1,6
BRDA:557,16,0,0
BRDA:557,16,1,6
BRDA:563,17,0,10
BRDA:563,17,1,4
BRDA:568,18,0,0
BRDA:568,18,1,0
BRF:37
BRH:21
end_of_record
TN:
SF:C:\Users\rxliuli\Text\Pkg\rx-util\src\module\array\arrayDiffBy.ts
FNF:0
FNH:0
DA:1,2
DA:7,2
LF:2
LH:2
BRF:0
BRH:0
end_of_record
TN:
SF:C:\Users\rxliuli\Text\Pkg\rx-util\src\module\array\arrayToMap.ts
FN:22,arrayToMap
FN:30,(anonymous_1)
FNF:2
FNH:2
FNDA:28,arrayToMap
FNDA:147,(anonymous_1)
DA:1,8
DA:3,8
DA:22,8
DA:27,28
DA:28,28
DA:29,28
DA:31,147
LF:7
LH:7
BRDA:25,0,0,1
BRF:1
BRH:1
end_of_record
TN:
SF:C:\Users\rxliuli\Text\Pkg\rx-util\src\module\array\asIterator.ts
FN:7,asIterator
FNF:1
FNH:0
FNDA:0,asIterator
DA:7,3
DA:8,0
DA:9,0
DA:10,0
DA:11,0
DA:12,0
DA:14,0
DA:16,0
LF:8
LH:1
BRDA:11,0,0,0
BRDA:11,0,1,0
BRF:2
BRH:0
end_of_record
TN:
SF:C:\Users\rxliuli\Text\Pkg\rx-util\src\module\array\asyncFlatMap.ts
FN:10,asyncFlatMap
FNF:1
FNH:1
FNDA:1,asyncFlatMap
DA:8,3
DA:10,3
DA:14,1
LF:3
LH:3
BRF:0
BRH:0
end_of_record
TN:
SF:C:\Users\rxliuli\Text\Pkg\rx-util\src\module\array\diffBy.ts
FN:23,diffBy
FN:32,(anonymous_1)
FN:34,(anonymous_2)
FN:37,(anonymous_3)
FNF:4
FNH:4
FNDA:3,diffBy
FNDA:12,(anonymous_1)
FNDA:9,(anonymous_2)
FNDA:12,(anonymous_3)
DA:1,3
DA:3,3
DA:23,3
DA:28,3
DA:30,3
DA:31,3
DA:32,12
DA:33,3
DA:34,9
DA:36,3
DA:37,12
DA:38,3
LF:12
LH:12
BRDA:26,0,0,1
BRF:1
BRH:1
end_of_record
TN:
SF:C:\Users\rxliuli\Text\Pkg\rx-util\src\module\array\extractFieldMap.ts
FN:10,extractFieldMap
FN:15,(anonymous_1)
FN:23,(anonymous_2)
FN:24,(anonymous_3)
FNF:4
FNH:4
FNDA:1,extractFieldMap
FNDA:4,(anonymous_1)
FNDA:4,(anonymous_2)
FNDA:4,(anonymous_3)
DA:1,3
DA:10,3
DA:14,1
DA:16,4
DA:17,16
DA:19,4
DA:23,4
DA:24,4
LF:8
LH:8
BRF:0
BRH:0
end_of_record
TN:
SF:C:\Users\rxliuli\Text\Pkg\rx-util\src\module\array\filterItems.ts
FN:12,filterItems
FN:19,(anonymous_1)
FNF:2
FNH:2
FNDA:3,filterItems
FNDA:12,(anonymous_1)
DA:1,3
DA:3,3
DA:12,3
DA:17,3
DA:18,3
DA:19,12
LF:6
LH:6
BRDA:15,0,0,2
BRF:1
BRH:1
end_of_record
TN:
SF:C:\Users\rxliuli\Text\Pkg\rx-util\src\module\array\findIndex.ts
FN:10,findIndex
FNF:1
FNH:1
FNDA:28,findIndex
DA:10,4
DA:15,28
DA:16,28
DA:17,42
DA:18,14
DA:21,14
LF:6
LH:6
BRDA:13,0,0,1
BRDA:17,1,0,14
BRDA:17,1,1,28
BRDA:17,2,0,42
BRDA:17,2,1,36
BRF:5
BRH:5
end_of_record
TN:
SF:C:\Users\rxliuli\Text\Pkg\rx-util\src\module\array\flatMap.ts
FN:10,flatMap
FN:12,(anonymous_1)
FN:15,(anonymous_2)
FNF:3
FNH:3
FNDA:4,flatMap
FNDA:4,(anonymous_1)
FNDA:14,(anonymous_2)
DA:2,5
DA:10,5
DA:12,4
DA:14,4
DA:15,4
DA:16,14
DA:17,14
LF:7
LH:7
BRDA:12,0,0,1
BRF:1
BRH:1
end_of_record
TN:
SF:C:\Users\rxliuli\Text\Pkg\rx-util\src\module\array\getKFn.ts
FN:10,getKFn
FNF:1
FNH:1
FNDA:88,getKFn
DA:1,20
DA:10,20
DA:11,88
LF:3
LH:3
BRDA:11,0,0,85
BRDA:11,0,1,3
BRF:2
BRH:2
end_of_record
TN:
SF:C:\Users\rxliuli\Text\Pkg\rx-util\src\module\array\groupBy.ts
FN:50,groupBy
FN:59,(anonymous_1)
FN:63,(anonymous_2)
FN:67,(anonymous_3)
FNF:4
FNH:4
FNDA:7,groupBy
FNDA:16,(anonymous_1)
FNDA:10,(anonymous_2)
FNDA:26,(anonymous_3)
DA:4,5
DA:50,5
DA:60,16
DA:61,16
DA:63,10
DA:65,7
DA:67,7
DA:68,26
DA:70,26
DA:71,14
DA:73,26
DA:74,26
LF:12
LH:12
BRDA:59,0,0,4
BRDA:63,1,0,5
BRDA:70,2,0,14
BRDA:70,2,1,12
BRF:4
BRH:4
end_of_record
TN:
SF:C:\Users\rxliuli\Text\Pkg\rx-util\src\module\array\insert.ts
FN:7,insert
FNF:1
FNH:1
FNDA:5,insert
DA:7,1
DA:9,5
DA:10,5
DA:11,5
DA:12,5
LF:5
LH:5
BRDA:9,0,0,1
BRDA:9,0,1,4
BRDA:9,1,0,1
BRDA:9,1,1,3
BRF:4
BRH:4
end_of_record
TN:
SF:C:\Users\rxliuli\Text\Pkg\rx-util\src\module\array\kFnToCompare.ts
FN:7,kFnToCompare
FN:10,(anonymous_1)
FNF:2
FNH:2
FNDA:2,kFnToCompare
FNDA:9,(anonymous_1)
DA:7,1
DA:10,2
DA:11,9
DA:12,9
DA:13,9
DA:14,0
DA:15,9
DA:16,5
DA:18,4
LF:9
LH:8
BRDA:13,0,0,0
BRDA:13,0,1,9
BRDA:15,1,0,5
BRDA:15,1,1,4
BRF:4
BRH:3
end_of_record
TN:
SF:C:\Users\rxliuli\Text\Pkg\rx-util\src\module\array\range.ts
FN:8,range
FNF:1
FNH:1
FNDA:70,range
DA:8,21
DA:9,70
DA:10,70
DA:11,575
DA:13,70
LF:5
LH:5
BRDA:8,0,0,69
BRF:1
BRH:1
end_of_record
TN:
SF:C:\Users\rxliuli\Text\Pkg\rx-util\src\module\array\segmentation.ts
FN:8,segmentation
FN:9,(anonymous_1)
FNF:2
FNH:2
FNDA:3,segmentation
FNDA:11,(anonymous_1)
DA:8,3
DA:9,3
DA:10,11
DA:11,11
DA:12,5
DA:14,11
DA:15,10
LF:7
LH:7
BRDA:11,0,0,5
BRDA:11,0,1,6
BRF:2
BRH:2
end_of_record
TN:
SF:C:\Users\rxliuli\Text\Pkg\rx-util\src\module\array\sortBy.ts
FN:13,sortBy
FN:16,(anonymous_1)
FN:17,_sort
FN:42,(anonymous_3)
FN:52,(anonymous_4)
FNF:5
FNH:5
FNDA:8,sortBy
FNDA:27,(anonymous_1)
FNDA:34,_sort
FNDA:26,(anonymous_3)
FNDA:27,(anonymous_4)
DA:1,4
DA:3,4
DA:13,4
DA:14,8
DA:16,27
DA:19,34
DA:20,21
DA:23,13
DA:24,13
DA:25,13
DA:26,13
DA:27,13
DA:28,39
DA:29,13
DA:31,26
DA:32,26
DA:33,15
DA:35,11
DA:38,13
DA:42,8
DA:43,26
DA:44,26
DA:45,26
DA:46,3
DA:47,23
DA:48,12
DA:50,11
DA:52,27
LF:28
LH:28
BRDA:13,0,0,5
BRDA:19,1,0,21
BRDA:19,1,1,13
BRDA:28,2,0,13
BRDA:28,2,1,26
BRDA:32,3,0,15
BRDA:32,3,1,11
BRDA:45,4,0,3
BRDA:45,4,1,23
BRDA:47,5,0,12
BRDA:47,5,1,11
BRF:11
BRH:11
end_of_record
TN:
SF:C:\Users\rxliuli\Text\Pkg\rx-util\src\module\array\toObject.ts
FN:22,toObject
FN:29,(anonymous_1)
FNF:2
FNH:2
FNDA:2,toObject
FNDA:6,(anonymous_1)
DA:2,3
DA:3,3
DA:22,3
DA:27,2
DA:28,2
DA:29,2
DA:30,6
DA:31,6
DA:32,6
DA:34,6
LF:10
LH:10
BRDA:25,0,0,1
BRDA:31,1,0,6
BRDA:31,1,1,0
BRF:3
BRH:2
end_of_record
TN:
SF:C:\Users\rxliuli\Text\Pkg\rx-util\src\module\array\uniqueBy.ts
FN:11,uniqueBy
FN:17,(anonymous_1)
FNF:2
FNH:2
FNDA:3,uniqueBy
FNDA:16,(anonymous_1)
DA:1,4
DA:3,4
DA:11,4
DA:15,3
DA:16,3
DA:17,3
DA:18,16
DA:19,16
DA:20,6
DA:22,10
DA:23,10
LF:11
LH:11
BRDA:13,0,0,2
BRDA:19,1,0,6
BRDA:19,1,1,10
BRF:3
BRH:3
end_of_record
TN:
SF:C:\Users\rxliuli\Text\Pkg\rx-util\src\module\async\Locker.ts
FN:8,(anonymous_0)
FN:36,(anonymous_1)
FN:44,(anonymous_2)
FN:52,(anonymous_3)
FN:58,(anonymous_5)
FN:74,(anonymous_6)
FNF:6
FNH:6
FNDA:135,(anonymous_0)
FNDA:2,(anonymous_1)
FNDA:74,(anonymous_2)
FNDA:14,(anonymous_3)
FNDA:60,(anonymous_5)
FNDA:14,(anonymous_6)
DA:1,3
DA:8,135
DA:21,3
DA:37,2
DA:38,2
DA:45,74
DA:53,14
DA:57,12
DA:59,60
DA:60,60
DA:61,12
DA:63,60
DA:68,2
DA:75,14
LF:14
LH:14
BRDA:36,0,0,2
BRDA:36,1,0,2
BRDA:38,2,0,2
BRDA:38,2,1,2
BRDA:52,3,0,14
BRDA:53,4,0,12
BRDA:53,4,1,2
BRDA:60,5,0,12
BRDA:60,5,1,48
BRF:9
BRH:9
end_of_record
TN:
SF:C:\Users\rxliuli\Text\Pkg\rx-util\src\module\async\MicrotaskQueue.ts
FN:9,(anonymous_0)
FN:14,(anonymous_1)
FN:19,(anonymous_2)
FN:24,(anonymous_3)
FN:27,(anonymous_4)
FNF:5
FNH:5
FNDA:5,(anonymous_0)
FNDA:11,(anonymous_1)
FNDA:14,(anonymous_2)
FNDA:17,(anonymous_3)
FNDA:12,(anonymous_4)
DA:1,3
DA:9,3
DA:11,5
DA:13,5
DA:15,11
DA:16,11
DA:17,11
DA:20,14
DA:21,9
DA:23,5
DA:24,5
DA:25,17
DA:26,12
DA:27,12
DA:29,5
DA:32,5
LF:16
LH:16
BRDA:20,0,0,9
BRDA:20,0,1,5
BRDA:25,1,0,12
BRDA:25,1,1,5
BRF:4
BRH:4
end_of_record
TN:
SF:C:\Users\rxliuli\Text\Pkg\rx-util\src\module\async\async.ts
FN:11,async
FN:13,(anonymous_1)
FNF:2
FNH:2
FNDA:20,async
FNDA:63,(anonymous_1)
DA:11,6
DA:12,20
DA:14,63
LF:3
LH:3
BRF:0
BRH:0
end_of_record
TN:
SF:C:\Users\rxliuli\Text\Pkg\rx-util\src\module\async\asyncLimiting.ts
FN:22,asyncLimiting
FN:33,(anonymous_1)
FN:34,(anonymous_3)
FN:34,(anonymous_4)
FN:48,(anonymous_5)
FNF:5
FNH:5
FNDA:2,asyncLimiting
FNDA:14,(anonymous_1)
FNDA:10,(anonymous_3)
FNDA:10,(anonymous_4)
FNDA:55,(anonymous_5)
DA:1,3
DA:22,3
DA:27,2
DA:29,2
DA:31,2
DA:32,2
DA:34,14
DA:35,10
DA:36,0
DA:37,0
DA:39,10
DA:40,10
DA:41,10
DA:43,10
DA:46,14
DA:48,14
DA:49,55
DA:51,55
DA:52,10
DA:53,10
DA:55,55
DA:57,10
LF:22
LH:20
BRDA:24,0,0,2
BRDA:24,1,0,2
BRDA:35,2,0,0
BRDA:35,2,1,10
BRDA:51,3,0,10
BRDA:51,3,1,45
BRF:6
BRH:5
end_of_record
TN:
SF:C:\Users\rxliuli\Text\Pkg\rx-util\src\module\async\compatibleAsync.ts
FN:10,compatibleAsync
FNF:1
FNH:1
FNDA:101,compatibleAsync
DA:10,18
DA:14,101
LF:2
LH:2
BRDA:15,0,0,41
BRDA:15,0,1,60
BRF:2
BRH:2
end_of_record
TN:
SF:C:\Users\rxliuli\Text\Pkg\rx-util\src\module\async\concatMap.ts
FN:12,concatMap
FN:18,(anonymous_1)
FN:22,(anonymous_3)
FNF:3
FNH:3
FNDA:1,concatMap
FNDA:3,(anonymous_1)
FNDA:6,(anonymous_3)
DA:1,3
DA:12,3
DA:14,1
DA:16,1
DA:17,1
DA:19,3
DA:20,3
DA:21,3
DA:22,6
DA:23,3
DA:24,3
DA:25,3
LF:12
LH:12
BRF:0
BRH:0
end_of_record
TN:
SF:C:\Users\rxliuli\Text\Pkg\rx-util\src\module\async\debounce.ts
FN:17,debounce
FN:25,(anonymous_1)
FN:26,(anonymous_2)
FN:29,(anonymous_3)
FN:32,(anonymous_4)
FNF:5
FNH:5
FNDA:4,debounce
FNDA:18,(anonymous_1)
FNDA:18,(anonymous_2)
FNDA:7,(anonymous_3)
FNDA:17,(anonymous_4)
DA:17,3
DA:23,4
DA:24,4
DA:26,18
DA:27,18
DA:28,18
DA:29,7
DA:32,18
LF:8
LH:8
BRDA:20,0,0,3
BRDA:27,1,0,14
BRDA:27,1,1,4
BRF:3
BRH:3
end_of_record
TN:
SF:C:\Users\rxliuli\Text\Pkg\rx-util\src\module\async\mergeMap.ts
FN:10,mergeMap
FN:16,(anonymous_1)
FN:21,(anonymous_3)
FNF:3
FNH:3
FNDA:1,mergeMap
FNDA:3,(anonymous_1)
FNDA:3,(anonymous_3)
DA:1,3
DA:10,3
DA:12,1
DA:14,1
DA:15,1
DA:17,3
DA:18,3
DA:19,3
DA:20,3
DA:21,3
DA:22,3
DA:23,3
LF:12
LH:12
BRF:0
BRH:0
end_of_record
TN:
SF:C:\Users\rxliuli\Text\Pkg\rx-util\src\module\async\switchMap.ts
FN:10,switchMap
FN:18,(anonymous_1)
FNF:2
FNH:2
FNDA:1,switchMap
FNDA:3,(anonymous_1)
DA:10,3
DA:12,1
DA:14,1
DA:17,1
DA:19,3
DA:20,3
DA:21,3
DA:22,3
DA:23,2
DA:25,1
DA:26,1
DA:27,1
LF:12
LH:12
BRDA:22,0,0,2
BRDA:22,0,1,1
BRF:2
BRH:2
end_of_record
TN:
SF:C:\Users\rxliuli\Text\Pkg\rx-util\src\module\async\throttle.ts
FN:18,throttle
FN:25,(anonymous_1)
FN:26,(anonymous_2)
FNF:3
FNH:3
FNDA:4,throttle
FNDA:9,(anonymous_1)
FNDA:9,(anonymous_2)
DA:18,3
DA:22,4
DA:24,4
DA:26,9
DA:27,9
DA:28,9
DA:29,7
DA:30,7
DA:31,7
DA:32,7
DA:34,2
LF:11
LH:11
BRDA:28,0,0,7
BRDA:28,0,1,2
BRF:2
BRH:2
end_of_record
TN:
SF:C:\Users\rxliuli\Text\Pkg\rx-util\src\module\async\wait.ts
FN:10,wait
FN:11,(anonymous_1)
FN:15,(anonymous_2)
FNF:3
FNH:3
FNDA:166,wait
FNDA:166,(anonymous_1)
FNDA:326,(anonymous_2)
DA:10,19
DA:11,166
DA:12,166
DA:13,98
DA:14,68
DA:15,67
DA:16,326
DA:17,51
DA:18,51
DA:22,1
LF:10
LH:10
BRDA:12,0,0,98
BRDA:12,0,1,68
BRDA:14,1,0,67
BRDA:14,1,1,1
BRDA:16,2,0,51
BRDA:16,2,1,275
BRF:6
BRH:6
end_of_record
TN:
SF:C:\Users\rxliuli\Text\Pkg\rx-util\src\module\async\waitResource.ts
FN:23,waitResource
FN:28,(anonymous_1)
FN:29,(anonymous_2)
FNF:3
FNH:3
FNDA:5,waitResource
FNDA:5,(anonymous_1)
FNDA:24,(anonymous_2)
DA:23,4
DA:27,5
DA:28,5
DA:29,5
DA:30,24
DA:31,5
DA:32,5
DA:34,24
DA:35,24
DA:36,2
DA:37,2
LF:11
LH:11
BRDA:25,0,0,3
BRDA:25,1,0,3
BRDA:25,2,0,3
BRDA:30,3,0,5
BRDA:30,3,1,19
BRDA:35,4,0,2
BRDA:35,4,1,22
BRF:7
BRH:7
end_of_record
TN:
SF:C:\Users\rxliuli\Text\Pkg\rx-util\src\module\cache\CacheUtil.ts
FN:52,(anonymous_0)
FN:56,(anonymous_1)
FN:58,(anonymous_2)
FN:64,(anonymous_3)
FN:72,(anonymous_4)
[...]
FN:22,autoIncrement
FNF:2
FNH:2
FNDA:1,autoIncrementGenerator
FNDA:4,autoIncrement
DA:5,1
DA:9,4
DA:16,3
DA:22,3
DA:23,4
LF:5
LH:5
BRF:0
BRH:0
end_of_record
TN:
SF:C:\Users\rxliuli\Text\Pkg\rx-util\src\module\number\floatEquals.ts
FN:8,floatEquals
FNF:1
FNH:1
FNDA:3,floatEquals
DA:8,3
DA:9,3
LF:2
LH:2
BRF:0
BRH:0
end_of_record
TN:
SF:C:\Users\rxliuli\Text\Pkg\rx-util\src\module\number\isRange.ts
FN:7,isRange
FNF:1
FNH:1
FNDA:74,isRange
DA:7,42
DA:8,74
LF:2
LH:2
BRDA:8,0,0,74
BRDA:8,0,1,74
BRF:2
BRH:2
end_of_record
TN:
SF:C:\Users\rxliuli\Text\Pkg\rx-util\src\module\number\randomInt.ts
FN:16,randomInt
FNF:1
FNH:1
FNDA:206,randomInt
DA:16,6
DA:17,206
DA:18,206
DA:19,206
DA:20,0
DA:22,206
LF:6
LH:5
BRDA:17,0,0,99
BRDA:17,0,1,107
BRDA:18,1,0,99
BRDA:18,1,1,107
BRDA:19,2,0,0
BRDA:19,2,1,206
BRF:6
BRH:5
end_of_record
TN:
SF:C:\Users\rxliuli\Text\Pkg\rx-util\src\module\obj\Peek.ts
FN:20,(anonymous_0)
FN:25,(anonymous_1)
FN:29,(anonymous_2)
FN:38,(anonymous_3)
FN:62,(anonymous_4)
FN:65,(anonymous_5)
FN:66,(anonymous_6)
FN:82,(anonymous_7)
FNF:8
FNH:8
FNDA:1,(anonymous_0)
FNDA:1,(anonymous_1)
FNDA:19,(anonymous_2)
FNDA:15,(anonymous_3)
FNDA:3,(anonymous_4)
FNDA:6,(anonymous_5)
FNDA:10,(anonymous_6)
FNDA:2,(anonymous_7)
DA:1,1
DA:2,1
DA:19,1
DA:21,1
DA:22,1
DA:23,1
DA:27,1
DA:28,1
DA:30,19
DA:31,19
DA:32,13
DA:34,6
DA:35,6
DA:36,6
DA:39,15
DA:40,15
DA:41,7
DA:43,8
DA:44,8
DA:45,8
DA:46,5
DA:47,5
DA:49,3
DA:50,3
DA:53,1
DA:54,1
DA:55,1
DA:63,3
DA:64,3
DA:65,3
DA:66,6
DA:67,10
DA:68,6
DA:69,6
DA:71,4
DA:72,2
DA:74,4
DA:77,3
DA:83,2
DA:87,1
LF:40
LH:40
BRDA:31,0,0,13
BRDA:31,0,1,6
BRDA:31,1,0,19
BRDA:31,1,1,19
BRDA:31,1,2,14
BRDA:35,2,0,6
BRDA:35,2,1,4
BRDA:40,3,0,7
BRDA:40,3,1,8
BRDA:40,4,0,15
BRDA:40,4,1,9
BRDA:43,5,0,8
BRDA:43,5,1,1
BRDA:45,6,0,5
BRDA:45,6,1,3
BRDA:46,7,0,5
BRDA:46,7,1,0
BRDA:67,8,0,6
BRDA:67,8,1,4
BRDA:71,9,0,2
BRDA:71,9,1,2
BRF:21
BRH:20
end_of_record
TN:
SF:C:\Users\rxliuli\Text\Pkg\rx-util\src\module\obj\TypeValidator.ts
FN:5,(anonymous_0)
FN:39,(anonymous_1)
FN:55,(anonymous_2)
FN:63,(anonymous_3)
FN:71,(anonymous_4)
FN:79,(anonymous_5)
FN:87,(anonymous_6)
FN:95,(anonymous_7)
FN:103,(anonymous_8)
FN:111,(anonymous_9)
FN:124,(anonymous_10)
FN:136,(anonymous_11)
FN:144,(anonymous_12)
FN:152,(anonymous_13)
FN:160,(anonymous_14)
FN:168,(anonymous_15)
FN:176,(anonymous_16)
FN:184,(anonymous_17)
FN:192,(anonymous_18)
FN:202,(anonymous_19)
FN:210,(anonymous_20)
FNF:21
FNH:19
FNDA:30,(anonymous_0)
FNDA:4,(anonymous_1)
FNDA:2,(anonymous_2)
FNDA:56,(anonymous_3)
FNDA:14,(anonymous_4)
FNDA:1,(anonymous_5)
FNDA:7,(anonymous_6)
FNDA:174,(anonymous_7)
FNDA:172,(anonymous_8)
FNDA:16,(anonymous_9)
FNDA:171,(anonymous_10)
FNDA:150,(anonymous_11)
FNDA:19,(anonymous_12)
FNDA:131,(anonymous_13)
FNDA:1,(anonymous_14)
FNDA:1,(anonymous_15)
FNDA:0,(anonymous_16)
FNDA:1,(anonymous_17)
FNDA:0,(anonymous_18)
FNDA:1,(anonymous_19)
FNDA:1,(anonymous_20)
DA:1,30
DA:5,30
DA:6,30
DA:7,30
DA:8,30
DA:9,30
DA:10,30
DA:11,30
DA:12,30
DA:13,30
DA:14,30
DA:15,30
DA:16,30
DA:17,30
DA:18,30
DA:19,30
DA:20,30
DA:21,30
DA:22,30
DA:23,30
DA:28,30
DA:32,30
DA:40,4
DA:41,6
DA:42,6
DA:43,6
DA:44,4
DA:48,0
DA:56,2
DA:64,56
DA:72,14
DA:80,1
DA:88,7
DA:96,174
DA:104,172
DA:112,16
DA:125,171
DA:137,150
DA:145,19
DA:153,131
DA:161,1
DA:169,1
DA:177,0
DA:185,1
DA:193,0
DA:203,1
DA:211,1
LF:47
LH:44
BRDA:5,0,0,30
BRDA:5,0,1,30
BRDA:41,1,0,6
BRDA:41,1,1,0
BRDA:43,2,0,4
BRDA:43,2,1,2
BRDA:113,3,0,16
BRDA:113,3,1,11
BRDA:113,3,2,6
BRDA:126,4,0,171
BRDA:126,4,1,171
BRDA:126,4,2,170
BRDA:177,5,0,0
BRDA:177,5,1,0
BRDA:194,6,0,0
BRDA:194,6,1,0
BRDA:193,7,0,0
BRDA:193,7,1,0
BRDA:195,8,0,0
BRDA:195,8,1,0
BRDA:195,8,2,0
BRDA:203,9,0,1
BRDA:203,9,1,1
BRDA:211,10,0,1
BRDA:211,10,1,1
BRF:25
BRH:15
end_of_record
TN:
SF:C:\Users\rxliuli\Text\Pkg\rx-util\src\module\obj\aggregation.ts
FN:8,getInnerFieldRule
FN:22,_copyProps
FN:24,(anonymous_2)
FN:38,aggregation
FN:44,(anonymous_4)
FN:45,(anonymous_5)
FN:51,(anonymous_6)
FNF:7
FNH:7
FNDA:28,getInnerFieldRule
FNDA:28,_copyProps
FNDA:50,(anonymous_2)
FNDA:5,aggregation
FNDA:4,(anonymous_4)
FNDA:8,(anonymous_5)
FNDA:10,(anonymous_6)
DA:1,3
DA:9,28
DA:10,10
DA:12,18
DA:23,28
DA:24,28
DA:25,50
DA:26,30
DA:28,20
DA:30,28
DA:38,3
DA:39,5
DA:45,4
DA:46,8
DA:51,5
DA:52,10
DA:53,10
DA:56,5
LF:18
LH:18
BRDA:9,0,0,10
BRDA:9,0,1,18
BRDA:25,1,0,30
BRDA:25,1,1,20
BRDA:25,2,0,50
BRDA:25,2,1,50
BRDA:45,3,0,2
BRF:7
BRH:7
end_of_record
TN:
SF:C:\Users\rxliuli\Text\Pkg\rx-util\src\module\obj\assign.ts
FN:22,assign
FN:26,(anonymous_1)
FN:30,(anonymous_2)
FNF:3
FNH:3
FNDA:3,assign
FNDA:9,(anonymous_1)
FNDA:11,(anonymous_2)
DA:1,3
DA:22,3
DA:26,3
DA:27,9
DA:28,2
DA:30,7
DA:31,11
DA:32,11
DA:33,2
DA:35,9
DA:36,9
LF:11
LH:11
BRDA:27,0,0,2
BRDA:27,0,1,7
BRDA:32,1,0,2
BRDA:32,1,1,9
BRF:4
BRH:4
end_of_record
TN:
SF:C:\Users\rxliuli\Text\Pkg\rx-util\src\module\obj\blankToNullField.ts
FN:8,blankToNullField
FN:9,(anonymous_1)
FNF:2
FNH:2
FNDA:1,blankToNullField
FNDA:3,(anonymous_1)
DA:1,3
DA:8,3
DA:9,1
DA:10,3
DA:11,3
DA:12,3
LF:6
LH:6
BRDA:11,0,0,2
BRDA:11,0,1,1
BRF:2
BRH:2
end_of_record
TN:
SF:C:\Users\rxliuli\Text\Pkg\rx-util\src\module\obj\compare.ts
FN:7,compare
FNF:1
FNH:1
FNDA:15,compare
DA:7,3
DA:8,15
DA:12,8
DA:13,8
DA:15,8
DA:16,1
DA:19,7
DA:20,6
DA:23,1
DA:24,1
DA:28,7
DA:29,1
DA:32,6
DA:37,5
DA:40,1
DA:41,1
DA:46,0
DA:47,0
DA:50,0
DA:51,0
DA:54,0
DA:55,0
DA:58,0
DA:59,0
DA:60,0
DA:64,0
DA:65,0
DA:66,0
DA:69,0
DA:70,0
DA:73,0
DA:74,0
DA:78,0
LF:33
LH:16
BRDA:8,0,0,8
BRDA:8,0,1,7
BRDA:9,1,0,15
BRDA:9,1,1,8
BRDA:9,1,2,8
BRDA:9,1,3,2
BRDA:15,2,0,1
BRDA:15,2,1,7
BRDA:15,3,0,8
BRDA:15,3,1,1
BRDA:19,4,0,6
BRDA:19,4,1,1
BRDA:23,5,0,1
BRDA:23,5,1,0
BRDA:28,6,0,1
BRDA:28,6,1,6
BRDA:32,7,0,5
BRDA:32,7,1,1
BRDA:33,8,0,6
BRDA:33,8,1,3
BRDA:33,8,2,3
BRDA:33,8,3,2
BRDA:33,8,4,2
BRDA:33,8,5,2
BRDA:40,9,0,1
BRDA:40,9,1,0
BRDA:40,10,0,1
BRDA:40,10,1,1
BRDA:46,11,0,0
BRDA:46,11,1,0
BRDA:46,12,0,0
BRDA:46,12,1,0
BRDA:50,13,0,0
BRDA:50,13,1,0
BRDA:54,14,0,0
BRDA:54,14,1,0
BRDA:59,15,0,0
BRDA:59,15,1,0
BRDA:65,16,0,0
BRDA:65,16,1,0
BRDA:69,17,0,0
BRDA:69,17,1,0
BRDA:73,18,0,0
BRDA:73,18,1,0
BRF:44
BRH:26
end_of_record
TN:
SF:C:\Users\rxliuli\Text\Pkg\rx-util\src\module\obj\deepExcludeFields.ts
FN:9,deepExcludeFields
FN:14,(anonymous_1)
FN:19,(anonymous_2)
FNF:3
FNH:3
FNDA:137,deepExcludeFields
FNDA:34,(anonymous_1)
FNDA:91,(anonymous_2)
DA:1,5
DA:2,5
DA:9,5
DA:13,137
DA:14,34
DA:15,130
DA:16,0
DA:17,130
DA:18,43
DA:19,43
DA:20,91
DA:21,91
DA:22,91
DA:25,87
LF:14
LH:13
BRDA:13,0,0,7
BRDA:13,0,1,130
BRDA:15,1,0,0
BRDA:15,1,1,130
BRDA:17,2,0,43
BRDA:17,2,1,87
BRF:6
BRH:5
end_of_record
TN:
SF:C:\Users\rxliuli\Text\Pkg\rx-util\src\module\obj\deepFreeze.ts
FN:8,deepFreeze
FN:9,(anonymous_1)
FN:19,(anonymous_2)
FNF:3
FNH:3
FNDA:10,deepFreeze
FNDA:12,(anonymous_1)
FNDA:7,(anonymous_2)
DA:1,3
DA:8,3
DA:9,10
DA:10,12
DA:11,5
DA:15,10
DA:16,3
DA:17,7
DA:18,7
DA:19,7
DA:22,10
LF:11
LH:11
BRDA:10,0,0,5
BRDA:10,0,1,7
BRDA:15,1,0,3
BRDA:15,1,1,7
BRDA:17,2,0,7
BRDA:17,2,1,0
BRF:6
BRH:5
end_of_record
TN:
SF:C:\Users\rxliuli\Text\Pkg\rx-util\src\module\obj\deepProxy.ts
FN:12,deepProxy
FN:17,(anonymous_1)
FNF:2
FNH:2
FNDA:3,deepProxy
FNDA:17,(anonymous_1)
DA:1,3
DA:2,3
DA:12,3
DA:16,3
DA:18,17
DA:19,17
DA:20,11
DA:22,17
DA:23,1
DA:25,16
DA:26,6
DA:28,10
DA:31,3
LF:13
LH:13
BRDA:13,0,0,1
BRDA:14,1,0,2
BRDA:19,2,0,11
BRDA:19,2,1,6
BRDA:22,3,0,1
BRDA:22,3,1,16
BRDA:25,4,0,6
BRDA:25,4,1,10
BRF:8
BRH:8
end_of_record
TN:
SF:C:\Users\rxliuli\Text\Pkg\rx-util\src\module\obj\emptyAllField.ts
FN:6,emptyAllField
FN:7,(anonymous_1)
FNF:2
FNH:2
FNDA:1,emptyAllField
FNDA:2,(anonymous_1)
DA:6,3
DA:7,1
DA:8,2
DA:9,2
LF:4
LH:4
BRF:0
BRH:0
end_of_record
TN:
SF:C:\Users\rxliuli\Text\Pkg\rx-util\src\module\obj\excludeFields.ts
FN:8,excludeFields
FN:13,(anonymous_1)
FNF:2
FNH:2
FNDA:48,excludeFields
FNDA:129,(anonymous_1)
DA:8,6
DA:12,48
DA:13,48
DA:14,129
DA:15,97
DA:17,129
LF:6
LH:6
BRDA:14,0,0,97
BRDA:14,0,1,32
BRF:2
BRH:2
end_of_record
TN:
SF:C:\Users\rxliuli\Text\Pkg\rx-util\src\module\obj\excludeFieldsDeep.ts
FN:11,excludeFieldsDeep
FNF:1
FNH:1
FNDA:10,excludeFieldsDeep
DA:3,4
DA:11,4
DA:15,10
LF:3
LH:3
BRF:0
BRH:0
end_of_record
TN:
SF:C:\Users\rxliuli\Text\Pkg\rx-util\src\module\obj\get.ts
FN:14,get
FNF:1
FNH:1
FNDA:25,get
DA:1,4
DA:2,4
DA:3,4
DA:14,4
DA:19,25
DA:20,25
DA:22,25
DA:23,25
DA:24,32
DA:25,32
DA:26,32
DA:27,3
DA:30,0
DA:33,22
LF:14
LH:13
BRDA:17,0,0,24
BRDA:19,1,0,25
BRDA:19,1,1,0
BRDA:26,2,0,3
BRDA:26,2,1,29
BRF:5
BRH:4
end_of_record
TN:
SF:C:\Users\rxliuli\Text\Pkg\rx-util\src\module\obj\getObjectEntries.ts
FN:7,getObjectEntries
FN:8,(anonymous_1)
FNF:2
FNH:2
FNDA:1,getObjectEntries
FNDA:2,(anonymous_1)
DA:7,3
DA:8,2
DA:12,1
LF:3
LH:3
BRF:0
BRH:0
end_of_record
TN:
SF:C:\Users\rxliuli\Text\Pkg\rx-util\src\module\obj\getObjectKeys.ts
FN:10,getObjectKeys
FNF:1
FNH:1
FNDA:4,getObjectKeys
DA:1,3
DA:10,3
DA:11,4
DA:12,2
DA:14,2
LF:5
LH:5
BRDA:11,0,0,2
BRDA:11,0,1,2
BRF:2
BRH:2
end_of_record
TN:
SF:C:\Users\rxliuli\Text\Pkg\rx-util\src\module\obj\getObjectValues.ts
FN:7,getObjectValues
FN:8,(anonymous_1)
FNF:2
FNH:2
FNDA:1,getObjectValues
FNDA:2,(anonymous_1)
DA:7,1
DA:8,2
LF:2
LH:2
BRF:0
BRH:0
end_of_record
TN:
SF:C:\Users\rxliuli\Text\Pkg\rx-util\src\module\obj\isNullOrUndefined.ts
FN:7,isNullOrUndefined
FNF:1
FNH:1
FNDA:384,isNullOrUndefined
DA:7,56
DA:8,384
LF:2
LH:2
BRDA:8,0,0,384
BRDA:8,0,1,321
BRF:2
BRH:2
end_of_record
TN:
SF:C:\Users\rxliuli\Text\Pkg\rx-util\src\module\obj\mapObject.ts
FN:6,mapObject
FN:10,(anonymous_1)
FNF:2
FNH:2
FNDA:1,mapObject
FNDA:2,(anonymous_1)
DA:6,3
DA:10,1
DA:11,2
DA:12,2
DA:13,2
LF:5
LH:5
BRF:0
BRH:0
end_of_record
TN:
SF:C:\Users\rxliuli\Text\Pkg\rx-util\src\module\obj\mapToObject.ts
FN:6,mapToObject
FNF:1
FNH:1
FNDA:1,mapToObject
DA:6,3
DA:7,1
DA:8,1
DA:9,3
DA:11,1
LF:5
LH:5
BRF:0
BRH:0
end_of_record
TN:
SF:C:\Users\rxliuli\Text\Pkg\rx-util\src\module\obj\objectToMap.ts
FN:6,objectToMap
FN:10,(anonymous_1)
FNF:2
FNH:2
FNDA:1,objectToMap
FNDA:3,(anonymous_1)
DA:6,3
DA:9,1
DA:10,3
LF:3
LH:3
BRF:0
BRH:0
end_of_record
TN:
SF:C:\Users\rxliuli\Text\Pkg\rx-util\src\module\obj\pick.ts
FN:9,pick
FN:14,(anonymous_1)
FNF:2
FNH:2
FNDA:1,pick
FNDA:2,(anonymous_1)
DA:9,3
DA:13,1
DA:14,1
DA:15,2
DA:16,1
DA:18,2
LF:6
LH:6
BRDA:15,0,0,1
BRDA:15,0,1,1
BRF:2
BRH:2
end_of_record
TN:
SF:C:\Users\rxliuli\Text\Pkg\rx-util\src\module\obj\set.ts
FN:13,set
FNF:1
FNH:1
FNDA:2,set
DA:1,3
DA:2,3
DA:13,3
DA:18,2
DA:19,2
DA:21,2
DA:22,2
DA:23,4
DA:24,4
DA:25,1
DA:26,1
DA:28,3
DA:29,3
DA:30,1
DA:33,0
LF:15
LH:14
BRDA:18,0,0,2
BRDA:18,0,1,0
BRDA:24,1,0,1
BRDA:24,1,1,3
BRDA:29,2,0,1
BRDA:29,2,1,2
BRF:6
BRH:5
end_of_record
TN:
SF:C:\Users\rxliuli\Text\Pkg\rx-util\src\module\string\PathUtil.ts
FN:11,(anonymous_0)
FN:25,(anonymous_1)
FNF:2
FNH:2
FNDA:5,(anonymous_0)
FNDA:7,(anonymous_1)
DA:4,3
DA:12,5
DA:17,3
DA:26,7
DA:27,3
DA:32,4
DA:33,1
DA:35,3
DA:43,3
LF:9
LH:9
BRDA:26,0,0,3
BRDA:26,0,1,4
BRDA:32,1,0,1
BRDA:32,1,1,3
BRF:4
BRH:4
end_of_record
TN:
SF:C:\Users\rxliuli\Text\Pkg\rx-util\src\module\string\StringConverter.ts
FN:19,(anonymous_0)
FN:34,(anonymous_1)
FN:48,(anonymous_2)
FNF:3
FNH:3
FNDA:4,(anonymous_0)
FNDA:5,(anonymous_1)
FNDA:2,(anonymous_2)
DA:1,3
DA:3,3
DA:13,3
DA:20,4
DA:26,3
DA:38,5
DA:53,2
LF:7
LH:7
BRF:0
BRH:0
end_of_record
TN:
SF:C:\Users\rxliuli\Text\Pkg\rx-util\src\module\string\StringValidator.ts
FN:50,(anonymous_0)
FN:58,(anonymous_1)
FN:67,(anonymous_2)
FN:79,(anonymous_3)
FN:87,(anonymous_4)
FN:95,(anonymous_5)
FN:104,(anonymous_6)
FN:113,(anonymous_7)
FN:121,(anonymous_8)
FN:129,(anonymous_9)
FN:137,(anonymous_10)
FNF:11
FNH:11
FNDA:58,(anonymous_0)
FNDA:20,(anonymous_1)
FNDA:9,(anonymous_2)
FNDA:32,(anonymous_3)
FNDA:5,(anonymous_4)
FNDA:9,(anonymous_5)
FNDA:9,(anonymous_6)
FNDA:9,(anonymous_7)
FNDA:7,(anonymous_8)
FNDA:9,(anonymous_9)
FNDA:9,(anonymous_10)
DA:1,39
DA:2,39
DA:7,39
DA:11,39
DA:15,39
DA:19,39
DA:23,39
DA:28,39
DA:32,39
DA:36,39
DA:44,39
DA:51,58
DA:59,20
DA:68,9
DA:69,0
DA:71,9
DA:80,32
DA:88,5
DA:96,9
DA:106,9
DA:114,9
DA:122,7
DA:130,9
DA:138,9
DA:146,39
LF:25
LH:24
BRDA:51,0,0,58
BRDA:51,0,1,48
BRDA:59,1,0,20
BRDA:59,1,1,9
BRDA:68,2,0,0
BRDA:68,2,1,9
BRDA:80,3,0,32
BRDA:80,3,1,31
BRDA:88,4,0,5
BRDA:88,4,1,4
BRDA:96,5,0,9
BRDA:96,5,1,8
BRDA:106,6,0,9
BRDA:106,6,1,6
BRDA:114,7,0,9
BRDA:114,7,1,8
BRDA:122,8,0,7
BRDA:122,8,1,6
BRDA:130,9,0,9
BRDA:130,9,1,8
BRDA:138,10,0,9
BRDA:138,10,1,8
BRF:22
BRH:21
end_of_record
TN:
SF:C:\Users\rxliuli\Text\Pkg\rx-util\src\module\string\blankToNull.ts
FN:9,blankToNull
FNF:1
FNH:1
FNDA:4,blankToNull
DA:1,4
DA:9,4
DA:10,4
LF:3
LH:3
BRDA:10,0,0,3
BRDA:10,0,1,1
BRF:2
BRH:2
end_of_record
TN:
SF:C:\Users\rxliuli\Text\Pkg\rx-util\src\module\string\fill.ts
FN:9,fill
FNF:1
FNH:1
FNDA:5,fill
DA:9,3
DA:10,5
DA:11,2
DA:13,3
LF:4
LH:4
BRDA:10,0,0,2
BRDA:10,0,1,3
BRF:2
BRH:2
end_of_record
TN:
SF:C:\Users\rxliuli\Text\Pkg\rx-util\src\module\string\format.ts
FN:11,format
FN:13,(anonymous_1)
FNF:2
FNH:2
FNDA:1,format
FNDA:2,(anonymous_1)
DA:1,3
DA:11,3
DA:12,1
DA:13,2
LF:4
LH:4
BRF:0
BRH:0
end_of_record
TN:
SF:C:\Users\rxliuli\Text\Pkg\rx-util\src\module\string\isBlank.ts
FN:9,isBlank
FNF:1
FNH:1
FNDA:5,isBlank
DA:1,3
DA:9,3
DA:10,5
LF:3
LH:3
BRF:0
BRH:0
end_of_record
TN:
SF:C:\Users\rxliuli\Text\Pkg\rx-util\src\module\string\isEmpty.ts
FN:9,isEmpty
FNF:1
FNH:1
FNDA:5,isEmpty
DA:1,3
DA:9,3
DA:10,5
LF:3
LH:3
BRF:0
BRH:0
end_of_record
TN:
SF:C:\Users\rxliuli\Text\Pkg\rx-util\src\module\string\isFloat.ts
FN:9,isFloat
FNF:1
FNH:1
FNDA:3,isFloat
DA:1,3
DA:9,3
DA:10,3
LF:3
LH:3
BRF:0
BRH:0
end_of_record
TN:
SF:C:\Users\rxliuli\Text\Pkg\rx-util\src\module\string\isNumber.ts
FN:9,isNumber
FNF:1
FNH:1
FNDA:3,isNumber
DA:1,3
DA:9,3
DA:10,3
LF:3
LH:3
BRF:0
BRH:0
end_of_record
TN:
SF:C:\Users\rxliuli\Text\Pkg\rx-util\src\module\string\randomStr.ts
FN:12,randomStr
FNF:1
FNH:1
FNDA:1,randomStr
DA:5,3
DA:6,3
DA:12,3
DA:13,1
DA:14,1
DA:15,10
DA:17,1
LF:7
LH:7
BRF:0
BRH:0
end_of_record
TN:
SF:C:\Users\rxliuli\Text\Pkg\rx-util\src\module\string\toLowerCase.ts
FN:8,toLowerCase
FNF:1
FNH:1
FNDA:12,toLowerCase
DA:1,5
DA:8,5
DA:9,12
DA:10,1
DA:12,11
LF:5
LH:5
BRDA:9,0,0,1
BRDA:9,0,1,11
BRDA:9,1,0,12
BRDA:9,1,1,11
BRF:4
BRH:4
end_of_record
TN:
SF:C:\Users\rxliuli\Text\Pkg\rx-util\src\module\string\toString.ts
FN:9,toString
FNF:1
FNH:1
FNDA:36,toString
DA:1,6
DA:9,6
DA:10,36
DA:11,3
DA:13,33
DA:14,1
DA:16,32
LF:7
LH:7
BRDA:10,0,0,3
BRDA:10,0,1,33
BRDA:13,1,0,1
BRDA:13,1,1,32
BRF:4
BRH:4
end_of_record
TN:
SF:C:\Users\rxliuli\Text\Pkg\rx-util\src\module\string\toUpperCase.ts
FN:8,toUpperCase
FNF:1
FNH:1
FNDA:9,toUpperCase
DA:1,4
DA:8,4
DA:9,9
DA:10,2
DA:12,7
LF:5
LH:5
BRDA:9,0,0,2
BRDA:9,0,1,7
BRDA:9,1,0,9
BRDA:9,1,1,8
BRF:4
BRH:4
end_of_record
TN:
SF:C:\Users\rxliuli\Text\Pkg\rx-util\src\module\string\StringConverter\CamelConverter.ts
FN:17,(anonymous_0)
FN:18,(anonymous_1)
FNF:2
FNH:2
FNDA:1,(anonymous_0)
FNDA:2,(anonymous_1)
DA:1,3
DA:2,3
DA:3,3
DA:9,3
DA:18,1
DA:19,2
DA:20,2
LF:7
LH:7
BRDA:21,0,0,1
BRDA:21,0,1,1
BRF:2
BRH:2
end_of_record
TN:
SF:C:\Users\rxliuli\Text\Pkg\rx-util\src\module\string\StringConverter\CamelOrPascalFrom.ts
FN:14,(anonymous_0)
FNF:1
FNH:1
FNDA:2,(anonymous_0)
DA:1,3
DA:6,3
DA:15,2
DA:16,2
DA:17,2
DA:18,2
DA:19,22
DA:20,22
DA:21,3
DA:22,2
DA:24,3
DA:27,2
DA:28,2
DA:30,2
LF:14
LH:14
BRDA:20,0,0,3
BRDA:20,0,1,19
BRDA:20,1,0,22
BRDA:20,1,1,22
BRDA:21,2,0,2
BRDA:21,2,1,1
BRDA:27,3,0,2
BRDA:27,3,1,0
BRF:8
BRH:7
end_of_record
TN:
SF:C:\Users\rxliuli\Text\Pkg\rx-util\src\module\string\StringConverter\ConverterFactory.ts
FN:19,(anonymous_0)
FNF:1
FNH:1
FNDA:8,(anonymous_0)
DA:2,3
DA:3,3
DA:4,3
DA:5,3
DA:6,3
DA:11,3
DA:20,8
DA:22,2
DA:24,2
DA:26,2
DA:28,2
DA:30,0
LF:12
LH:11
BRDA:21,0,0,2
BRDA:21,0,1,2
BRDA:21,0,2,2
BRDA:21,0,3,2
BRDA:21,0,4,0
BRF:5
BRH:4
end_of_record
TN:
SF:C:\Users\rxliuli\Text\Pkg\rx-util\src\module\string\StringConverter\IConverter.ts
FN:13,(anonymous_0)
FN:23,(anonymous_1)
FNF:2
FNH:2
FNDA:1,(anonymous_0)
FNDA:1,(anonymous_1)
DA:5,3
DA:14,1
DA:24,1
LF:3
LH:3
BRF:0
BRH:0
end_of_record
TN:
SF:C:\Users\rxliuli\Text\Pkg\rx-util\src\module\string\StringConverter\PascalConverter.ts
FN:16,(anonymous_0)
FN:17,(anonymous_1)
FNF:2
FNH:2
FNDA:1,(anonymous_0)
FNDA:2,(anonymous_1)
DA:1,3
DA:2,3
DA:3,3
DA:8,3
DA:17,1
DA:18,2
DA:19,2
LF:7
LH:7
BRF:0
BRH:0
end_of_record
TN:
SF:C:\Users\rxliuli\Text\Pkg\rx-util\src\module\string\StringConverter\ScreamingSnakeConverter.ts
FN:15,(anonymous_0)
FNF:1
FNH:1
FNDA:1,(anonymous_0)
DA:1,3
DA:2,3
DA:7,3
DA:16,1
LF:4
LH:4
BRF:0
BRH:0
end_of_record
TN:
SF:C:\Users\rxliuli\Text\Pkg\rx-util\src\module\string\StringConverter\SnakeConverter.ts
FN:15,(anonymous_0)
FNF:1
FNH:1
FNDA:1,(anonymous_0)
DA:1,3
DA:2,3
DA:7,3
DA:16,1
LF:4
LH:4
BRF:0
BRH:0
end_of_record
TN:
SF:C:\Users\rxliuli\Text\Pkg\rx-util\src\module\string\StringConverter\SnakeOrScreamingSnakeFrom.ts
FN:14,(anonymous_0)
FNF:1
FNH:1
FNDA:2,(anonymous_0)
DA:1,3
DA:6,3
DA:15,2
LF:3
LH:3
BRF:0
BRH:0
end_of_record
TN:
SF:C:\Users\rxliuli\Text\Pkg\rx-util\src\module\string\StringConverter\StringStyleConverter.ts
FN:20,(anonymous_0)
FN:40,(anonymous_1)
FNF:2
FNH:2
FNDA:4,(anonymous_0)
FNDA:5,(anonymous_1)
DA:1,3
DA:2,3
DA:11,3
DA:26,4
DA:32,4
DA:41,5
DA:42,1
DA:44,4
LF:8
LH:8
BRDA:41,0,0,1
BRDA:41,0,1,4
BRF:2
BRH:2
end_of_record
TN:
SF:C:\Users\rxliuli\Text\Pkg\rx-util\src\module\string\StringConverter\StringStyleType.ts
FN:4,(anonymous_0)
FNF:1
FNH:1
FNDA:3,(anonymous_0)
DA:4,3
DA:8,3
DA:12,3
DA:16,3
DA:20,3
LF:5
LH:5
BRDA:4,0,0,3
BRDA:4,0,1,3
BRF:2
BRH:2
end_of_record
TN:
SF:C:\Users\rxliuli\Text\Pkg\rx-util\src\module\tree\NodeBridgeUtil.ts
FN:17,(anonymous_0)
FN:36,(anonymous_1)
FN:47,(anonymous_2)
FNF:3
FNH:3
FNDA:7,(anonymous_0)
FNDA:1,(anonymous_1)
FNDA:1,(anonymous_2)
DA:1,6
DA:3,6
DA:11,6
DA:23,7
DA:37,1
DA:48,1
DA:56,6
LF:7
LH:7
BRDA:22,0,0,0
BRDA:18,1,0,0
BRDA:19,2,0,0
BRDA:20,3,0,2
BRDA:21,4,0,7
BRF:5
BRH:2
end_of_record
TN:
SF:C:\Users\rxliuli\Text\Pkg\rx-util\src\module\tree\listToTree.ts
FN:25,listToTree
FN:29,(anonymous_1)
FN:33,(anonymous_2)
FNF:3
FNH:3
FNDA:7,listToTree
FNDA:48,(anonymous_1)
FNDA:48,(anonymous_2)
DA:1,3
DA:25,3
DA:29,48
DA:32,7
DA:33,7
DA:34,48
DA:35,48
DA:36,8
DA:37,8
DA:39,40
DA:40,116
DA:41,116
DA:42,38
DA:43,38
DA:44,38
DA:47,2
DA:50,7
DA:51,7
DA:52,6
DA:53,1
LF:20
LH:20
BRDA:30,0,0,6
BRDA:28,1,0,6
BRDA:29,2,0,7
BRDA:35,3,0,8
BRDA:35,3,1,40
BRDA:41,4,0,38
BRDA:41,4,1,78
BRDA:42,5,0,38
BRDA:42,5,1,19
BRDA:51,6,0,1
BRDA:51,6,1,6
BRDA:52,7,0,5
BRDA:52,7,1,1
BRF:13
BRH:13
end_of_record
TN:
SF:C:\Users\rxliuli\Text\Pkg\rx-util\src\module\tree\treeMapping.ts
FN:29,treeMapping
FN:34,(anonymous_1)
FN:42,_treeMapping
FN:47,(anonymous_3)
FNF:4
FNH:4
FNDA:2,treeMapping
FNDA:6,(anonymous_1)
FNDA:14,_treeMapping
FNDA:12,(anonymous_3)
DA:1,6
DA:2,6
DA:29,6
DA:34,6
DA:44,14
DA:45,14
DA:46,14
DA:47,6
DA:49,12
DA:53,14
DA:55,2
LF:11
LH:11
BRDA:35,0,0,0
BRDA:32,1,0,0
BRDA:33,2,0,2
BRDA:34,3,0,1
BRDA:46,4,0,6
BRDA:46,4,1,8
BRF:6
BRH:4
end_of_record
TN:
SF:C:\Users\rxliuli\Text\Pkg\rx-util\src\module\tree\treeToList.ts
FN:28,treeToList2
FN:40,(anonymous_1)
FN:56,(anonymous_2)
FN:68,treeToList
FN:100,(anonymous_4)
FN:105,(anonymous_5)
FNF:6
FNH:3
FNDA:0,treeToList2
FNDA:0,(anonymous_1)
FNDA:0,(anonymous_2)
FNDA:4,treeToList
FNDA:26,(anonymous_4)
FNDA:20,(anonymous_5)
DA:1,3
DA:2,3
DA:4,3
DA:5,3
DA:28,3
DA:35,0
DA:36,0
DA:37,0
DA:39,0
DA:42,0
DA:43,0
DA:44,0
DA:45,0
DA:47,0
DA:49,0
DA:50,0
DA:53,0
DA:54,0
DA:56,0
DA:58,0
DA:68,3
DA:75,4
DA:76,4
DA:77,4
DA:78,3
DA:81,4
DA:83,4
DA:85,4
DA:86,4
DA:87,30
DA:88,30
DA:90,30
DA:91,2
DA:93,28
DA:94,28
DA:95,28
DA:96,28
DA:97,16
DA:99,12
DA:100,26
DA:103,12
DA:106,20
DA:108,20
DA:109,2
DA:112,18
DA:113,18
DA:114,18
DA:119,4
LF:48
LH:33
BRDA:33,0,0,0
BRDA:31,1,0,0
BRDA:32,2,0,0
BRDA:44,3,0,0
BRDA:44,3,1,0
BRDA:49,4,0,0
BRDA:49,4,1,0
BRDA:50,5,0,0
BRDA:50,5,1,0
BRDA:56,6,0,0
BRDA:56,6,1,0
BRDA:73,7,0,1
BRDA:71,8,0,1
BRDA:72,9,0,3
BRDA:77,10,0,3
BRDA:77,10,1,1
BRDA:90,11,0,2
BRDA:90,11,1,28
BRDA:90,12,0,30
BRDA:90,12,1,30
BRDA:96,13,0,16
BRDA:96,13,1,12
BRDA:100,14,0,26
BRDA:100,14,1,0
BRDA:105,15,0,9
BRDA:105,15,1,3
BRDA:108,16,0,2
BRDA:108,16,1,18
BRF:28
BRH:16
end_of_record
