TN:
SF:C:\Users\rxliuli\Text\Web\rx-util\dist\rx-util.js
FN:1,(anonymous_0)
FN:5,(anonymous_1)
FN:12,download
FN:41,__awaiter
FN:42,(anonymous_4)
FN:43,fulfilled
FN:44,rejected
FN:45,step
FN:45,(anonymous_8)
FN:55,strToBlob
FN:66,downloadString
FN:67,(anonymous_11)
FN:77,downloadUrl
FN:78,(anonymous_13)
FN:97,getCookies
FN:98,(anonymous_15)
FN:113,loadResource
FN:114,(anonymous_17)
FN:136,parseUrl
FN:177,(anonymous_19)
FN:178,(anonymous_20)
FN:179,(anonymous_21)
FN:213,(anonymous_22)
FN:237,_readLocal
FN:242,(anonymous_24)
FN:247,(anonymous_25)
FN:250,(anonymous_26)
FN:299,dateFormat
FN:341,(anonymous_28)
FN:347,spliceParams
FN:348,(anonymous_30)
FN:357,(anonymous_31)
FN:374,wait
FN:375,(anonymous_33)
FN:380,(anonymous_34)
FN:400,fetchTimeout
FN:403,(anonymous_36)
FN:414,strToArrayBuffer
FN:440,(anonymous_38)
FN:466,(anonymous_39)
FN:467,(anonymous_40)
FN:468,(anonymous_41)
FN:468,(anonymous_42)
FN:480,(anonymous_43)
FN:493,asIterator
FN:511,isNullOrUndefined
FN:523,returnItself
FN:536,compatibleAsync
FN:550,_inner
FN:553,_call
FN:574,(anonymous_50)
FN:575,(anonymous_51)
FN:576,(anonymous_52)
FN:584,(anonymous_53)
FN:585,(anonymous_54)
FN:586,(anonymous_55)
FN:594,(anonymous_56)
FN:596,(anonymous_57)
FN:597,(anonymous_58)
FN:610,(anonymous_59)
FN:631,(anonymous_60)
FN:647,(anonymous_61)
FN:655,(anonymous_62)
FN:656,(anonymous_63)
FN:661,(anonymous_64)
FN:662,_sort
FN:663,(anonymous_66)
FN:690,(anonymous_67)
FN:690,(anonymous_68)
FN:698,(anonymous_69)
FN:699,(anonymous_70)
FN:709,(anonymous_71)
FN:710,(anonymous_72)
FN:719,(anonymous_73)
FN:720,(anonymous_74)
FN:727,(anonymous_75)
FN:733,(anonymous_76)
FN:739,(anonymous_77)
FN:747,(anonymous_78)
FN:750,(anonymous_79)
FN:751,(anonymous_80)
FN:757,(anonymous_81)
FN:758,(anonymous_82)
FN:768,(anonymous_83)
FN:769,(anonymous_84)
FN:777,(anonymous_85)
FN:778,(anonymous_86)
FN:786,(anonymous_87)
FN:787,(anonymous_88)
FN:799,(anonymous_89)
FN:800,(anonymous_90)
FN:812,(anonymous_91)
FN:813,(anonymous_92)
FN:828,(anonymous_93)
FN:831,(anonymous_94)
FN:832,(anonymous_95)
FN:836,(anonymous_96)
FN:837,(anonymous_97)
FN:848,(anonymous_98)
FN:849,(anonymous_99)
FN:853,(anonymous_100)
FN:854,(anonymous_101)
FN:859,(anonymous_102)
FN:862,(anonymous_103)
FN:863,(anonymous_104)
FN:875,(anonymous_105)
FN:876,(anonymous_106)
FN:888,(anonymous_107)
FN:889,(anonymous_108)
FN:893,(anonymous_109)
FN:894,(anonymous_110)
FN:895,(anonymous_111)
FN:907,(anonymous_112)
FN:923,(anonymous_113)
FN:927,(anonymous_114)
FN:935,(anonymous_115)
FN:943,(anonymous_116)
FN:946,(anonymous_117)
FN:949,(anonymous_118)
FN:952,(anonymous_119)
FN:955,(anonymous_120)
FN:958,(anonymous_121)
FN:961,(anonymous_122)
FN:964,(anonymous_123)
FN:967,(anonymous_124)
FN:970,(anonymous_125)
FN:973,(anonymous_126)
FN:976,(anonymous_127)
FN:979,(anonymous_128)
FN:985,(anonymous_129)
FN:986,(anonymous_130)
FN:1017,(anonymous_131)
FN:1023,(anonymous_132)
FN:1028,(anonymous_133)
FN:1035,asyncFlatMap
FN:1036,(anonymous_135)
FN:1047,isRange
FN:1094,(anonymous_137)
FN:1102,(anonymous_138)
FN:1110,(anonymous_139)
FN:1121,(anonymous_140)
FN:1129,(anonymous_141)
FN:1137,(anonymous_142)
FN:1146,(anonymous_143)
FN:1155,(anonymous_144)
FN:1163,(anonymous_145)
FN:1171,(anonymous_146)
FN:1179,(anonymous_147)
FN:1193,(anonymous_148)
FN:1223,(anonymous_149)
FN:1239,(anonymous_150)
FN:1247,(anonymous_151)
FN:1255,(anonymous_152)
FN:1263,(anonymous_153)
FN:1271,(anonymous_154)
FN:1279,(anonymous_155)
FN:1287,(anonymous_156)
FN:1295,(anonymous_157)
FN:1306,(anonymous_158)
FN:1316,(anonymous_159)
FN:1324,(anonymous_160)
FN:1332,(anonymous_161)
FN:1340,(anonymous_162)
FN:1348,(anonymous_163)
FN:1356,(anonymous_164)
FN:1364,(anonymous_165)
FN:1372,(anonymous_166)
FN:1382,(anonymous_167)
FN:1390,(anonymous_168)
FN:1407,safeExec
FN:1411,(anonymous_170)
FN:1423,extractField
FN:1425,(anonymous_172)
FN:1426,(anonymous_173)
FN:1427,(anonymous_174)
FN:1437,getKFn
FN:1447,flatMap
FN:1447,(anonymous_177)
FN:1449,(anonymous_178)
FN:1455,groupBy
FN:1462,(anonymous_180)
FN:1465,(anonymous_181)
FN:1468,(anonymous_182)
FN:1486,range
FN:1502,toObject
FN:1505,(anonymous_185)
FN:1520,uniqueBy
FN:1523,(anonymous_187)
FN:1540,arrayToMap
FN:1543,(anonymous_189)
FN:1557,(anonymous_190)
FN:1608,dateParse
FN:1634,(anonymous_192)
FN:1636,(anonymous_193)
FN:1640,(anonymous_194)
FN:1649,(anonymous_195)
FN:1657,(anonymous_196)
FN:1657,(anonymous_197)
FN:1665,(anonymous_198)
FN:1698,strToDate
FN:1707,copyText
FN:1724,createElByString
FN:1735,getCursorPosition
FN:1745,getCusorPostion
FN:1755,setCursorPosition
FN:1766,insertText
FN:1777,toLowerCase
FN:1790,isEditable
FN:1803,_lastFocus
FN:1807,(anonymous_209)
FN:1808,(anonymous_210)
FN:1811,(anonymous_211)
FN:1822,removeEl
FN:1836,removeText
FN:1851,setCusorPostion
FN:1860,watchEventListener
FN:1865,(anonymous_216)
FN:1886,addEventListener
FN:1900,removeEventListenerByType
FN:1908,(anonymous_219)
FN:1909,(anonymous_220)
FN:1910,(anonymous_221)
FN:1914,(anonymous_222)
FN:1914,(anonymous_223)
FN:1927,toString$1
FN:1944,appends
FN:1958,deletes
FN:1959,(anonymous_227)
FN:1970,sets
FN:1984,formDataToArray
FN:1994,objToFormData
FN:1995,(anonymous_231)
FN:2019,debounce
FN:2023,(anonymous_233)
FN:2024,(anonymous_234)
FN:2027,(anonymous_235)
FN:2028,(anonymous_236)
FN:2039,singleModel
FN:2042,(anonymous_238)
FN:2059,(anonymous_239)
FN:2066,(anonymous_240)
FN:2080,(anonymous_241)
FN:2090,(anonymous_242)
FN:2101,(anonymous_243)
FN:2120,throttle
FN:2124,(anonymous_245)
FN:2125,(anonymous_246)
FN:2145,timing
FN:2148,(anonymous_248)
FN:2158,waitResource
FN:2160,(anonymous_250)
FN:2161,(anonymous_251)
FN:2182,watch
FN:2184,(anonymous_253)
FN:2191,(anonymous_254)
FN:2201,watchObject
FN:2203,(anonymous_256)
FN:2212,(anonymous_257)
FN:2228,fill
FN:2243,format
FN:2244,(anonymous_260)
FN:2253,isFloat
FN:2263,isNumber
FN:2272,toUpperCase
FN:2285,blankToNull
FN:2294,blankToNullField
FN:2295,(anonymous_266)
FN:2307,emptyAllField
FN:2308,(anonymous_268)
FN:2321,excludeFields
FN:2323,(anonymous_270)
FN:2336,mapToObject
FN:2344,randomInt
FN:2358,calcMonEndDay
FN:2366,(anonymous_274)
FN:2378,(anonymous_275)
FN:2386,(anonymous_276)
FN:2394,(anonymous_277)
FN:2402,(anonymous_278)
FN:2410,(anonymous_279)
FN:2418,(anonymous_280)
FN:2440,(anonymous_281)
FN:2447,(anonymous_282)
FN:2455,(anonymous_283)
FN:2462,(anonymous_284)
FN:2470,(anonymous_285)
FN:2479,(anonymous_286)
FN:2486,(anonymous_287)
FN:2494,(anonymous_288)
FN:2501,(anonymous_289)
FN:2508,(anonymous_290)
FN:2527,(anonymous_291)
FN:2534,(anonymous_292)
FN:2541,(anonymous_293)
FN:2548,(anonymous_294)
FN:2557,dateEnhance
FN:2567,getYearWeek
FN:2580,(anonymous_297)
FN:2588,(anonymous_298)
FN:2595,(anonymous_299)
FN:2602,(anonymous_300)
FN:2609,(anonymous_301)
FN:2616,(anonymous_302)
FN:2624,(anonymous_303)
FN:2634,(anonymous_304)
FN:2644,dateBetween
FN:2657,returnReasonableItself
FN:2675,filterItems
FN:2678,(anonymous_308)
FN:2688,diffBy
FN:2693,(anonymous_310)
FN:2694,(anonymous_311)
FN:2696,(anonymous_312)
FN:2709,autoIncrementGenerator
FN:2725,autoIncrement
FN:2741,(anonymous_315)
FN:2751,(anonymous_316)
FN:2767,(anonymous_317)
FN:2799,(anonymous_318)
FN:2800,(anonymous_319)
FN:2820,(anonymous_320)
FN:2821,(anonymous_321)
FN:2839,(anonymous_322)
FN:2855,(anonymous_323)
FN:2871,(anonymous_324)
FN:2879,(anonymous_325)
FN:2909,(anonymous_326)
FN:2937,(anonymous_327)
FN:2957,(anonymous_328)
FN:2970,(anonymous_329)
FN:2977,(anonymous_330)
FN:2980,(anonymous_331)
FN:2983,(anonymous_332)
FN:2991,(anonymous_333)
FN:2995,(anonymous_334)
FN:2999,(anonymous_335)
FN:3002,(anonymous_336)
FN:3005,(anonymous_337)
FN:3008,(anonymous_338)
FN:3016,(anonymous_339)
FN:3020,(anonymous_340)
FN:3024,(anonymous_341)
FN:3026,(anonymous_342)
FN:3031,(anonymous_343)
FN:3035,(anonymous_344)
FN:3039,(anonymous_345)
FN:3043,(anonymous_346)
FN:3052,(anonymous_347)
FN:3057,(anonymous_348)
FN:3060,(anonymous_349)
FN:3064,(anonymous_350)
FN:3067,(anonymous_351)
FN:3072,(anonymous_352)
FN:3076,(anonymous_353)
FN:3080,(anonymous_354)
FN:3084,(anonymous_355)
FN:3089,(anonymous_356)
FN:3101,(anonymous_357)
FN:3113,(anonymous_358)
FN:3121,_onceOfSameParam
FN:3123,(anonymous_360)
FN:3130,(anonymous_361)
FN:3138,(anonymous_362)
FN:3143,(anonymous_363)
FN:3166,(anonymous_364)
FN:3178,(anonymous_365)
FN:3189,(anonymous_366)
FN:3199,deepFreeze
FN:3200,(anonymous_368)
FN:3211,(anonymous_369)
FN:3225,deepProxy
FN:3227,(anonymous_371)
FN:3252,curry
FN:3253,(anonymous_373)
FN:3263,innerFn
FN:3267,(anonymous_375)
FN:3277,(anonymous_376)
FN:3282,(anonymous_377)
FN:3284,(anonymous_378)
FN:3284,(anonymous_379)
FN:3302,sortBy
FN:3305,(anonymous_381)
FN:3306,_sort
FN:3332,(anonymous_383)
FN:3344,(anonymous_384)
FN:3356,(anonymous_385)
FN:3364,(anonymous_386)
FN:3375,(anonymous_387)
FN:3388,(anonymous_388)
FN:3416,findIndex
FN:3433,(anonymous_390)
FN:3434,(anonymous_391)
FN:3435,(anonymous_392)
FN:3454,compose
FN:3455,(anonymous_394)
FN:3463,deepExcludeFields
FN:3465,(anonymous_396)
FN:3472,(anonymous_397)
FN:3489,excludeFieldsDeep
FN:3504,(anonymous_399)
FN:3529,(anonymous_400)
FN:3547,(anonymous_401)
FN:3548,(anonymous_402)
FN:3550,(anonymous_403)
FN:3560,(anonymous_404)
FN:3560,(anonymous_405)
FN:3561,(anonymous_406)
FN:3564,(anonymous_407)
FN:3571,(anonymous_408)
FN:3582,(anonymous_409)
FN:3595,(anonymous_410)
FN:3606,(anonymous_411)
FN:3625,(anonymous_412)
FN:3627,(anonymous_413)
FN:3657,(anonymous_414)
FN:3662,(anonymous_415)
FN:3706,(anonymous_416)
FN:3707,(anonymous_417)
FN:3709,(anonymous_418)
FN:3715,(anonymous_419)
FN:3723,(anonymous_420)
FN:3736,(anonymous_421)
FN:3737,(anonymous_422)
FN:3739,(anonymous_423)
FN:3745,(anonymous_424)
FN:3753,(anonymous_425)
FN:3769,emptyFunc
FN:3779,(anonymous_427)
FN:3780,(anonymous_428)
FN:3783,(anonymous_429)
FN:3790,(anonymous_430)
FN:3790,(anonymous_431)
FN:3791,(anonymous_432)
FN:3792,(anonymous_433)
FN:3800,(anonymous_434)
FN:3806,(anonymous_435)
FN:3810,(anonymous_436)
FN:3817,(anonymous_437)
FN:3837,isBlank
FN:3847,isEmpty
FN:3856,loadScript
FN:3857,(anonymous_441)
FN:3861,(anonymous_442)
FN:3874,deny
FN:3887,(anonymous_444)
FN:3909,(anonymous_445)
FN:3919,(anonymous_446)
FN:3940,(anonymous_447)
FN:3964,(anonymous_448)
FN:4007,(anonymous_449)
FN:4008,(anonymous_450)
FN:4014,(anonymous_451)
FN:4016,(anonymous_452)
FN:4017,(anonymous_453)
FN:4032,objectToMap
FN:4033,(anonymous_455)
FN:4043,listToTree
FN:4043,(anonymous_457)
FN:4045,(anonymous_458)
FN:4076,bridge
FN:4082,(anonymous_460)
FN:4084,(anonymous_461)
FN:4090,(anonymous_462)
FN:4108,treeMapping
FN:4108,(anonymous_464)
FN:4114,_treeMapping
FN:4119,(anonymous_466)
FN:4136,treeToList
FN:4161,(anonymous_468)
FN:4164,(anonymous_469)
FN:4190,(anonymous_470)
FN:4204,(anonymous_471)
FN:4215,(anonymous_472)
FN:4231,getObjectEntries
FN:4232,(anonymous_474)
FN:4246,getObjectKeys
FN:4260,floatEquals
FN:4283,assign
FN:4284,(anonymous_478)
FN:4288,(anonymous_479)
FN:4304,getInnerFieldRule
FN:4318,_copyProps
FN:4320,(anonymous_482)
FN:4333,aggregation
FN:4339,(anonymous_484)
FN:4340,(anonymous_485)
FN:4343,(anonymous_486)
FN:4357,asyncLimiting
FN:4365,(anonymous_488)
FN:4366,(anonymous_489)
FN:4367,(anonymous_490)
FN:4367,(anonymous_491)
FN:4381,(anonymous_492)
FN:4399,(anonymous_493)
FN:4409,(anonymous_494)
FN:4417,(anonymous_495)
FN:4425,(anonymous_496)
FN:4426,(anonymous_497)
FN:4432,(anonymous_498)
FN:4450,(anonymous_499)
FN:4463,trySometime
FN:4463,(anonymous_501)
FN:4465,(anonymous_502)
FN:4466,(anonymous_503)
FN:4497,trySometimeParallel
FN:4497,(anonymous_505)
FN:4499,(anonymous_506)
FN:4500,(anonymous_507)
FN:4501,(anonymous_508)
FN:4501,(anonymous_509)
FN:4504,(anonymous_510)
FN:4504,(anonymous_511)
FN:4533,compare
FN:4608,sleep
FN:4620,async
FN:4622,(anonymous_515)
FN:4623,(anonymous_516)
FN:4636,mergeMap
FN:4642,(anonymous_518)
FN:4643,(anonymous_519)
FN:4648,(anonymous_520)
FN:4662,switchMap
FN:4670,(anonymous_522)
FN:4671,(anonymous_523)
FN:4697,once
FN:4701,(anonymous_525)
FN:4707,(anonymous_526)
FN:4715,(anonymous_527)
FN:4729,concatMap
FN:4735,(anonymous_529)
FN:4736,(anonymous_530)
FN:4740,(anonymous_531)
FN:4756,repeatedCall
FN:4757,(anonymous_533)
FN:4766,(anonymous_534)
FN:4777,(anonymous_535)
FN:4782,(anonymous_536)
FN:4789,(anonymous_537)
FN:4800,(anonymous_538)
FN:4820,extractFieldMap
FN:4821,(anonymous_540)
FN:4826,(anonymous_541)
FN:4826,(anonymous_542)
FN:4836,segmentation
FN:4837,(anonymous_544)
FN:4853,toggleClass
FN:4859,toggle
FN:4860,(anonymous_547)
FN:4872,partial
FN:4873,(anonymous_549)
FN:4883,innerFn
FN:4887,(anonymous_551)
FN:4897,(anonymous_552)
FN:4902,(anonymous_553)
FN:4904,(anonymous_554)
FN:4904,(anonymous_555)
FN:4918,(anonymous_556)
FN:4929,(anonymous_557)
FN:4931,(anonymous_558)
FN:4935,(anonymous_559)
FN:4940,(anonymous_560)
FN:4944,(anonymous_561)
FN:4960,loadStyle
FN:4961,(anonymous_563)
FN:4965,(anonymous_564)
FN:4976,zeroPadding
FN:4990,(anonymous_566)
FN:5001,(anonymous_567)
FN:5013,remindLeavePage
FN:5013,(anonymous_569)
FN:5014,(anonymous_570)
FN:5023,(anonymous_571)
FN:5032,(anonymous_572)
FN:5041,(anonymous_573)
FN:5053,(anonymous_574)
FN:5055,(anonymous_575)
FN:5063,(anonymous_576)
FN:5073,(anonymous_577)
FN:5075,(anonymous_578)
FN:5085,(anonymous_579)
FN:5095,(anonymous_580)
FN:5101,(anonymous_581)
FN:5106,(anonymous_582)
FN:5111,(anonymous_583)
FN:5114,(anonymous_584)
FN:5133,randomStr
FN:5146,parseFieldStr
FN:5149,(anonymous_587)
FN:5161,get
FN:5189,set
FN:5212,getSelectText
FN:5220,imageSize
FN:5221,(anonymous_592)
FN:5223,(anonymous_593)
FN:5229,(anonymous_594)
FN:5241,getMousePos
FN:5254,batch
FN:5261,(anonymous_597)
FN:5262,(anonymous_598)
FN:5265,(anonymous_599)
FN:5269,(anonymous_600)
FN:5269,(anonymous_601)
FN:5298,pick
FN:5300,(anonymous_603)
FNF:604
FNH:27
FNDA:1,(anonymous_0)
FNDA:1,(anonymous_1)
FNDA:0,download
FNDA:1,__awaiter
FNDA:1,(anonymous_4)
FNDA:0,fulfilled
FNDA:0,rejected
FNDA:1,step
FNDA:0,(anonymous_8)
FNDA:0,strToBlob
FNDA:0,downloadString
FNDA:0,(anonymous_11)
FNDA:0,downloadUrl
FNDA:0,(anonymous_13)
FNDA:0,getCookies
FNDA:0,(anonymous_15)
FNDA:0,loadResource
FNDA:0,(anonymous_17)
FNDA:0,parseUrl
FNDA:0,(anonymous_19)
FNDA:0,(anonymous_20)
FNDA:0,(anonymous_21)
FNDA:1,(anonymous_22)
FNDA:0,_readLocal
FNDA:0,(anonymous_24)
FNDA:0,(anonymous_25)
FNDA:0,(anonymous_26)
FNDA:1,dateFormat
FNDA:0,(anonymous_28)
FNDA:0,spliceParams
FNDA:0,(anonymous_30)
FNDA:0,(anonymous_31)
FNDA:0,wait
FNDA:0,(anonymous_33)
FNDA:0,(anonymous_34)
FNDA:0,fetchTimeout
FNDA:0,(anonymous_36)
FNDA:0,strToArrayBuffer
FNDA:0,(anonymous_38)
FNDA:0,(anonymous_39)
FNDA:0,(anonymous_40)
FNDA:0,(anonymous_41)
FNDA:0,(anonymous_42)
FNDA:0,(anonymous_43)
FNDA:0,asIterator
FNDA:0,isNullOrUndefined
FNDA:0,returnItself
FNDA:0,compatibleAsync
FNDA:0,_inner
FNDA:0,_call
FNDA:0,(anonymous_50)
FNDA:0,(anonymous_51)
FNDA:0,(anonymous_52)
FNDA:0,(anonymous_53)
FNDA:0,(anonymous_54)
FNDA:0,(anonymous_55)
FNDA:1,(anonymous_56)
FNDA:0,(anonymous_57)
FNDA:0,(anonymous_58)
FNDA:1,(anonymous_59)
FNDA:0,(anonymous_60)
FNDA:0,(anonymous_61)
FNDA:0,(anonymous_62)
FNDA:0,(anonymous_63)
FNDA:0,(anonymous_64)
FNDA:0,_sort
FNDA:0,(anonymous_66)
FNDA:0,(anonymous_67)
FNDA:0,(anonymous_68)
FNDA:0,(anonymous_69)
FNDA:0,(anonymous_70)
FNDA:0,(anonymous_71)
FNDA:0,(anonymous_72)
FNDA:0,(anonymous_73)
FNDA:0,(anonymous_74)
FNDA:0,(anonymous_75)
FNDA:0,(anonymous_76)
FNDA:0,(anonymous_77)
FNDA:0,(anonymous_78)
FNDA:0,(anonymous_79)
FNDA:0,(anonymous_80)
FNDA:0,(anonymous_81)
FNDA:0,(anonymous_82)
FNDA:0,(anonymous_83)
FNDA:0,(anonymous_84)
FNDA:0,(anonymous_85)
FNDA:0,(anonymous_86)
FNDA:0,(anonymous_87)
FNDA:0,(anonymous_88)
FNDA:0,(anonymous_89)
FNDA:0,(anonymous_90)
FNDA:0,(anonymous_91)
FNDA:0,(anonymous_92)
FNDA:0,(anonymous_93)
FNDA:0,(anonymous_94)
FNDA:0,(anonymous_95)
FNDA:0,(anonymous_96)
FNDA:0,(anonymous_97)
FNDA:0,(anonymous_98)
FNDA:0,(anonymous_99)
FNDA:0,(anonymous_100)
FNDA:0,(anonymous_101)
FNDA:0,(anonymous_102)
FNDA:0,(anonymous_103)
FNDA:0,(anonymous_104)
FNDA:0,(anonymous_105)
FNDA:0,(anonymous_106)
FNDA:0,(anonymous_107)
FNDA:0,(anonymous_108)
FNDA:0,(anonymous_109)
FNDA:0,(anonymous_110)
FNDA:0,(anonymous_111)
FNDA:0,(anonymous_112)
FNDA:0,(anonymous_113)
FNDA:0,(anonymous_114)
FNDA:0,(anonymous_115)
FNDA:0,(anonymous_116)
FNDA:0,(anonymous_117)
FNDA:0,(anonymous_118)
FNDA:0,(anonymous_119)
FNDA:0,(anonymous_120)
FNDA:0,(anonymous_121)
FNDA:0,(anonymous_122)
FNDA:0,(anonymous_123)
FNDA:0,(anonymous_124)
FNDA:0,(anonymous_125)
FNDA:0,(anonymous_126)
FNDA:0,(anonymous_127)
FNDA:0,(anonymous_128)
FNDA:0,(anonymous_129)
FNDA:0,(anonymous_130)
FNDA:0,(anonymous_131)
FNDA:0,(anonymous_132)
FNDA:0,(anonymous_133)
FNDA:0,asyncFlatMap
FNDA:0,(anonymous_135)
FNDA:0,isRange
FNDA:0,(anonymous_137)
FNDA:0,(anonymous_138)
FNDA:0,(anonymous_139)
FNDA:0,(anonymous_140)
FNDA:0,(anonymous_141)
FNDA:0,(anonymous_142)
FNDA:0,(anonymous_143)
FNDA:0,(anonymous_144)
FNDA:0,(anonymous_145)
FNDA:0,(anonymous_146)
FNDA:0,(anonymous_147)
FNDA:1,(anonymous_148)
FNDA:0,(anonymous_149)
FNDA:0,(anonymous_150)
FNDA:0,(anonymous_151)
FNDA:0,(anonymous_152)
FNDA:0,(anonymous_153)
FNDA:0,(anonymous_154)
FNDA:0,(anonymous_155)
FNDA:0,(anonymous_156)
FNDA:0,(anonymous_157)
FNDA:0,(anonymous_158)
FNDA:0,(anonymous_159)
FNDA:0,(anonymous_160)
FNDA:0,(anonymous_161)
FNDA:0,(anonymous_162)
FNDA:0,(anonymous_163)
FNDA:0,(anonymous_164)
FNDA:0,(anonymous_165)
FNDA:0,(anonymous_166)
FNDA:0,(anonymous_167)
FNDA:0,(anonymous_168)
FNDA:0,safeExec
FNDA:0,(anonymous_170)
FNDA:0,extractField
FNDA:0,(anonymous_172)
FNDA:0,(anonymous_173)
FNDA:0,(anonymous_174)
FNDA:0,getKFn
FNDA:0,flatMap
FNDA:0,(anonymous_177)
FNDA:0,(anonymous_178)
FNDA:0,groupBy
FNDA:0,(anonymous_180)
FNDA:0,(anonymous_181)
FNDA:0,(anonymous_182)
FNDA:0,range
FNDA:0,toObject
FNDA:0,(anonymous_185)
FNDA:0,uniqueBy
FNDA:0,(anonymous_187)
FNDA:0,arrayToMap
FNDA:0,(anonymous_189)
FNDA:0,(anonymous_190)
FNDA:0,dateParse
FNDA:0,(anonymous_192)
FNDA:0,(anonymous_193)
FNDA:0,(anonymous_194)
FNDA:0,(anonymous_195)
FNDA:0,(anonymous_196)
FNDA:0,(anonymous_197)
FNDA:0,(anonymous_198)
FNDA:0,strToDate
FNDA:0,copyText
FNDA:0,createElByString
FNDA:0,getCursorPosition
FNDA:0,getCusorPostion
FNDA:0,setCursorPosition
FNDA:0,insertText
FNDA:0,toLowerCase
FNDA:0,isEditable
FNDA:0,_lastFocus
FNDA:0,(anonymous_209)
FNDA:0,(anonymous_210)
FNDA:0,(anonymous_211)
FNDA:0,removeEl
FNDA:0,removeText
FNDA:0,setCusorPostion
FNDA:0,watchEventListener
FNDA:0,(anonymous_216)
FNDA:0,addEventListener
FNDA:0,removeEventListenerByType
FNDA:0,(anonymous_219)
FNDA:0,(anonymous_220)
FNDA:0,(anonymous_221)
FNDA:0,(anonymous_222)
FNDA:0,(anonymous_223)
FNDA:0,toString$1
FNDA:0,appends
FNDA:0,deletes
FNDA:0,(anonymous_227)
FNDA:0,sets
FNDA:0,formDataToArray
FNDA:0,objToFormData
FNDA:0,(anonymous_231)
FNDA:0,debounce
FNDA:0,(anonymous_233)
FNDA:0,(anonymous_234)
FNDA:0,(anonymous_235)
FNDA:0,(anonymous_236)
FNDA:0,singleModel
FNDA:0,(anonymous_238)
FNDA:0,(anonymous_239)
FNDA:0,(anonymous_240)
FNDA:0,(anonymous_241)
FNDA:0,(anonymous_242)
FNDA:0,(anonymous_243)
FNDA:0,throttle
FNDA:0,(anonymous_245)
FNDA:0,(anonymous_246)
FNDA:0,timing
FNDA:0,(anonymous_248)
FNDA:0,waitResource
FNDA:0,(anonymous_250)
FNDA:0,(anonymous_251)
FNDA:0,watch
FNDA:0,(anonymous_253)
FNDA:0,(anonymous_254)
FNDA:0,watchObject
FNDA:0,(anonymous_256)
FNDA:0,(anonymous_257)
FNDA:0,fill
FNDA:0,format
FNDA:0,(anonymous_260)
FNDA:0,isFloat
FNDA:0,isNumber
FNDA:0,toUpperCase
FNDA:0,blankToNull
FNDA:0,blankToNullField
FNDA:0,(anonymous_266)
FNDA:0,emptyAllField
FNDA:0,(anonymous_268)
FNDA:0,excludeFields
FNDA:0,(anonymous_270)
FNDA:0,mapToObject
FNDA:0,randomInt
FNDA:0,calcMonEndDay
FNDA:0,(anonymous_274)
FNDA:0,(anonymous_275)
FNDA:0,(anonymous_276)
FNDA:0,(anonymous_277)
FNDA:0,(anonymous_278)
FNDA:0,(anonymous_279)
FNDA:0,(anonymous_280)
FNDA:0,(anonymous_281)
FNDA:0,(anonymous_282)
FNDA:0,(anonymous_283)
FNDA:0,(anonymous_284)
FNDA:0,(anonymous_285)
FNDA:0,(anonymous_286)
FNDA:0,(anonymous_287)
FNDA:0,(anonymous_288)
FNDA:0,(anonymous_289)
FNDA:0,(anonymous_290)
FNDA:0,(anonymous_291)
FNDA:0,(anonymous_292)
FNDA:0,(anonymous_293)
FNDA:0,(anonymous_294)
FNDA:0,dateEnhance
FNDA:0,getYearWeek
FNDA:0,(anonymous_297)
FNDA:0,(anonymous_298)
FNDA:0,(anonymous_299)
FNDA:0,(anonymous_300)
FNDA:0,(anonymous_301)
FNDA:0,(anonymous_302)
FNDA:0,(anonymous_303)
FNDA:0,(anonymous_304)
FNDA:0,dateBetween
FNDA:0,returnReasonableItself
FNDA:0,filterItems
FNDA:0,(anonymous_308)
FNDA:0,diffBy
FNDA:0,(anonymous_310)
FNDA:0,(anonymous_311)
FNDA:0,(anonymous_312)
FNDA:0,autoIncrementGenerator
FNDA:0,autoIncrement
FNDA:0,(anonymous_315)
FNDA:0,(anonymous_316)
FNDA:0,(anonymous_317)
FNDA:0,(anonymous_318)
FNDA:0,(anonymous_319)
FNDA:0,(anonymous_320)
FNDA:0,(anonymous_321)
FNDA:0,(anonymous_322)
FNDA:0,(anonymous_323)
FNDA:0,(anonymous_324)
FNDA:1,(anonymous_325)
FNDA:0,(anonymous_326)
FNDA:0,(anonymous_327)
FNDA:0,(anonymous_328)
FNDA:1,(anonymous_329)
FNDA:0,(anonymous_330)
FNDA:0,(anonymous_331)
FNDA:0,(anonymous_332)
FNDA:0,(anonymous_333)
FNDA:0,(anonymous_334)
FNDA:0,(anonymous_335)
FNDA:0,(anonymous_336)
FNDA:0,(anonymous_337)
FNDA:0,(anonymous_338)
FNDA:0,(anonymous_339)
FNDA:0,(anonymous_340)
FNDA:0,(anonymous_341)
FNDA:0,(anonymous_342)
FNDA:0,(anonymous_343)
FNDA:0,(anonymous_344)
FNDA:0,(anonymous_345)
FNDA:0,(anonymous_346)
FNDA:0,(anonymous_347)
FNDA:0,(anonymous_348)
FNDA:0,(anonymous_349)
FNDA:0,(anonymous_350)
FNDA:0,(anonymous_351)
FNDA:0,(anonymous_352)
FNDA:0,(anonymous_353)
FNDA:0,(anonymous_354)
FNDA:0,(anonymous_355)
FNDA:1,(anonymous_356)
FNDA:1,(anonymous_357)
FNDA:0,(anonymous_358)
FNDA:1,_onceOfSameParam
FNDA:0,(anonymous_360)
FNDA:0,(anonymous_361)
FNDA:0,(anonymous_362)
FNDA:0,(anonymous_363)
FNDA:0,(anonymous_364)
FNDA:0,(anonymous_365)
FNDA:0,(anonymous_366)
FNDA:0,deepFreeze
FNDA:0,(anonymous_368)
FNDA:0,(anonymous_369)
FNDA:0,deepProxy
FNDA:0,(anonymous_371)
FNDA:0,curry
FNDA:0,(anonymous_373)
FNDA:0,innerFn
FNDA:0,(anonymous_375)
FNDA:0,(anonymous_376)
FNDA:0,(anonymous_377)
FNDA:0,(anonymous_378)
FNDA:0,(anonymous_379)
FNDA:0,sortBy
FNDA:0,(anonymous_381)
FNDA:0,_sort
FNDA:0,(anonymous_383)
FNDA:0,(anonymous_384)
FNDA:3,(anonymous_385)
FNDA:0,(anonymous_386)
FNDA:0,(anonymous_387)
FNDA:0,(anonymous_388)
FNDA:0,findIndex
FNDA:0,(anonymous_390)
FNDA:0,(anonymous_391)
FNDA:0,(anonymous_392)
FNDA:0,compose
FNDA:0,(anonymous_394)
FNDA:0,deepExcludeFields
FNDA:0,(anonymous_396)
FNDA:0,(anonymous_397)
FNDA:0,excludeFieldsDeep
FNDA:0,(anonymous_399)
FNDA:1,(anonymous_400)
FNDA:1,(anonymous_401)
FNDA:1,(anonymous_402)
FNDA:1,(anonymous_403)
FNDA:0,(anonymous_404)
FNDA:0,(anonymous_405)
FNDA:0,(anonymous_406)
FNDA:0,(anonymous_407)
FNDA:0,(anonymous_408)
FNDA:0,(anonymous_409)
FNDA:0,(anonymous_410)
FNDA:0,(anonymous_411)
FNDA:0,(anonymous_412)
FNDA:0,(anonymous_413)
FNDA:0,(anonymous_414)
FNDA:0,(anonymous_415)
FNDA:0,(anonymous_416)
FNDA:0,(anonymous_417)
FNDA:0,(anonymous_418)
FNDA:0,(anonymous_419)
FNDA:0,(anonymous_420)
FNDA:0,(anonymous_421)
FNDA:0,(anonymous_422)
FNDA:0,(anonymous_423)
FNDA:0,(anonymous_424)
FNDA:0,(anonymous_425)
FNDA:0,emptyFunc
FNDA:0,(anonymous_427)
FNDA:0,(anonymous_428)
FNDA:0,(anonymous_429)
FNDA:0,(anonymous_430)
FNDA:0,(anonymous_431)
FNDA:0,(anonymous_432)
FNDA:0,(anonymous_433)
FNDA:0,(anonymous_434)
FNDA:0,(anonymous_435)
FNDA:0,(anonymous_436)
FNDA:0,(anonymous_437)
FNDA:0,isBlank
FNDA:0,isEmpty
FNDA:0,loadScript
FNDA:0,(anonymous_441)
FNDA:0,(anonymous_442)
FNDA:0,deny
FNDA:0,(anonymous_444)
FNDA:0,(anonymous_445)
FNDA:0,(anonymous_446)
FNDA:1,(anonymous_447)
FNDA:1,(anonymous_448)
FNDA:1,(anonymous_449)
FNDA:24,(anonymous_450)
FNDA:1,(anonymous_451)
FNDA:24,(anonymous_452)
FNDA:5,(anonymous_453)
FNDA:0,objectToMap
FNDA:0,(anonymous_455)
FNDA:0,listToTree
FNDA:0,(anonymous_457)
FNDA:0,(anonymous_458)
FNDA:0,bridge
FNDA:0,(anonymous_460)
FNDA:0,(anonymous_461)
FNDA:0,(anonymous_462)
FNDA:0,treeMapping
FNDA:0,(anonymous_464)
FNDA:0,_treeMapping
FNDA:0,(anonymous_466)
FNDA:0,treeToList
FNDA:0,(anonymous_468)
FNDA:0,(anonymous_469)
FNDA:0,(anonymous_470)
FNDA:0,(anonymous_471)
FNDA:0,(anonymous_472)
FNDA:0,getObjectEntries
FNDA:0,(anonymous_474)
FNDA:0,getObjectKeys
FNDA:0,floatEquals
FNDA:0,assign
FNDA:0,(anonymous_478)
FNDA:0,(anonymous_479)
FNDA:0,getInnerFieldRule
FNDA:0,_copyProps
FNDA:0,(anonymous_482)
FNDA:0,aggregation
FNDA:0,(anonymous_484)
FNDA:0,(anonymous_485)
FNDA:0,(anonymous_486)
FNDA:0,asyncLimiting
FNDA:0,(anonymous_488)
FNDA:0,(anonymous_489)
FNDA:0,(anonymous_490)
FNDA:0,(anonymous_491)
FNDA:0,(anonymous_492)
FNDA:0,(anonymous_493)
FNDA:0,(anonymous_494)
FNDA:0,(anonymous_495)
FNDA:0,(anonymous_496)
FNDA:0,(anonymous_497)
FNDA:0,(anonymous_498)
FNDA:0,(anonymous_499)
FNDA:0,trySometime
FNDA:0,(anonymous_501)
FNDA:0,(anonymous_502)
FNDA:0,(anonymous_503)
FNDA:0,trySometimeParallel
FNDA:0,(anonymous_505)
FNDA:0,(anonymous_506)
FNDA:0,(anonymous_507)
FNDA:0,(anonymous_508)
FNDA:0,(anonymous_509)
FNDA:0,(anonymous_510)
FNDA:0,(anonymous_511)
FNDA:0,compare
FNDA:0,sleep
FNDA:0,async
FNDA:0,(anonymous_515)
FNDA:0,(anonymous_516)
FNDA:0,mergeMap
FNDA:0,(anonymous_518)
FNDA:0,(anonymous_519)
FNDA:0,(anonymous_520)
FNDA:0,switchMap
FNDA:0,(anonymous_522)
FNDA:0,(anonymous_523)
FNDA:0,once
FNDA:0,(anonymous_525)
FNDA:0,(anonymous_526)
FNDA:0,(anonymous_527)
FNDA:0,concatMap
FNDA:0,(anonymous_529)
FNDA:0,(anonymous_530)
FNDA:0,(anonymous_531)
FNDA:0,repeatedCall
FNDA:0,(anonymous_533)
FNDA:0,(anonymous_534)
FNDA:0,(anonymous_535)
FNDA:0,(anonymous_536)
FNDA:0,(anonymous_537)
FNDA:0,(anonymous_538)
FNDA:0,extractFieldMap
FNDA:0,(anonymous_540)
FNDA:0,(anonymous_541)
FNDA:0,(anonymous_542)
FNDA:0,segmentation
FNDA:0,(anonymous_544)
FNDA:0,toggleClass
FNDA:0,toggle
FNDA:0,(anonymous_547)
FNDA:0,partial
FNDA:0,(anonymous_549)
FNDA:0,innerFn
FNDA:0,(anonymous_551)
FNDA:0,(anonymous_552)
FNDA:0,(anonymous_553)
FNDA:0,(anonymous_554)
FNDA:0,(anonymous_555)
FNDA:0,(anonymous_556)
FNDA:0,(anonymous_557)
FNDA:0,(anonymous_558)
FNDA:0,(anonymous_559)
FNDA:0,(anonymous_560)
FNDA:0,(anonymous_561)
FNDA:0,loadStyle
FNDA:0,(anonymous_563)
FNDA:0,(anonymous_564)
FNDA:0,zeroPadding
FNDA:0,(anonymous_566)
FNDA:0,(anonymous_567)
FNDA:0,remindLeavePage
FNDA:0,(anonymous_569)
FNDA:0,(anonymous_570)
FNDA:0,(anonymous_571)
FNDA:0,(anonymous_572)
FNDA:0,(anonymous_573)
FNDA:0,(anonymous_574)
FNDA:0,(anonymous_575)
FNDA:0,(anonymous_576)
FNDA:0,(anonymous_577)
FNDA:0,(anonymous_578)
FNDA:0,(anonymous_579)
FNDA:0,(anonymous_580)
FNDA:0,(anonymous_581)
FNDA:0,(anonymous_582)
FNDA:0,(anonymous_583)
FNDA:0,(anonymous_584)
FNDA:0,randomStr
FNDA:0,parseFieldStr
FNDA:0,(anonymous_587)
FNDA:0,get
FNDA:0,set
FNDA:0,getSelectText
FNDA:0,imageSize
FNDA:0,(anonymous_592)
FNDA:0,(anonymous_593)
FNDA:0,(anonymous_594)
FNDA:0,getMousePos
FNDA:0,batch
FNDA:0,(anonymous_597)
FNDA:0,(anonymous_598)
FNDA:0,(anonymous_599)
FNDA:0,(anonymous_600)
FNDA:0,(anonymous_601)
FNDA:0,pick
FNDA:0,(anonymous_603)
DA:1,1
DA:2,1
DA:14,0
DA:15,0
DA:16,0
DA:18,0
DA:20,0
DA:21,0
DA:23,0
DA:42,1
DA:43,0
DA:44,0
DA:45,1
DA:46,1
DA:56,0
DA:67,0
DA:68,0
DA:78,0
DA:80,0
DA:81,0
DA:82,0
DA:84,0
DA:86,0
DA:87,0
DA:89,0
DA:98,0
DA:99,0
DA:100,0
DA:101,0
DA:114,0
DA:115,0
DA:116,0
DA:118,0
DA:125,1
DA:137,0
DA:138,0
DA:140,0
DA:141,0
DA:142,0
DA:143,0
DA:145,0
DA:146,0
DA:147,0
DA:148,0
DA:149,0
DA:151,0
DA:152,0
DA:154,0
DA:155,0
DA:156,0
DA:168,0
DA:169,0
DA:170,0
DA:172,0
DA:174,0
DA:177,0
DA:178,0
DA:180,0
DA:181,0
DA:183,0
DA:184,0
DA:185,0
DA:188,0
DA:189,0
DA:191,0
DA:192,0
DA:195,0
DA:197,0
DA:213,1
DA:217,1
DA:221,1
DA:225,1
DA:229,1
DA:238,0
DA:242,0
DA:243,0
DA:244,0
DA:246,0
DA:247,0
DA:248,0
DA:250,0
DA:251,0
DA:253,0
DA:255,0
DA:256,0
DA:258,0
DA:259,0
DA:261,0
DA:262,0
DA:264,0
DA:265,0
DA:269,1
DA:300,1
DA:310,1
DA:311,8
DA:312,5
DA:314,3
DA:315,1
DA:317,2
DA:318,0
DA:319,0
DA:320,0
DA:323,2
DA:324,2
DA:327,1
DA:334,1
DA:341,1
DA:348,0
DA:349,0
DA:350,0
DA:352,0
DA:353,0
DA:355,0
DA:356,0
DA:357,0
DA:361,0
DA:363,0
DA:375,0
DA:376,0
DA:377,0
DA:379,0
DA:380,0
DA:381,0
DA:382,0
DA:383,0
DA:388,0
DA:401,0
DA:404,0
DA:415,0
DA:416,0
DA:417,0
DA:418,0
DA:420,0
DA:444,0
DA:448,0
DA:452,0
DA:457,0
DA:467,0
DA:468,0
DA:469,0
DA:470,0
DA:471,0
DA:473,0
DA:476,0
DA:479,0
DA:480,0
DA:482,0
DA:494,0
DA:495,0
DA:496,0
DA:497,0
DA:498,0
DA:500,0
DA:502,0
DA:512,0
DA:524,0
DA:537,0
DA:551,0
DA:552,0
DA:554,0
DA:555,0
DA:557,0
DA:558,0
DA:559,0
DA:561,0
DA:563,0
DA:575,0
DA:576,0
DA:585,0
DA:586,0
DA:595,1
DA:597,0
DA:602,1
DA:603,1
DA:604,1
DA:610,1
DA:611,1
DA:612,1
DA:613,1
DA:614,1
DA:615,1
DA:616,1
DA:617,1
DA:618,1
DA:619,1
DA:620,1
DA:621,1
DA:622,1
DA:623,1
DA:632,0
DA:633,0
DA:634,0
DA:635,0
DA:638,1
DA:648,0
DA:656,0
DA:657,0
DA:658,0
DA:661,0
DA:663,0
DA:665,0
DA:666,0
DA:669,0
DA:670,0
DA:671,0
DA:672,0
DA:673,0
DA:674,0
DA:675,0
DA:677,0
DA:678,0
DA:679,0
DA:682,0
DA:685,0
DA:690,0
DA:699,0
DA:700,0
DA:701,0
DA:710,0
DA:711,0
DA:720,0
DA:721,0
DA:728,0
DA:734,0
DA:740,0
DA:748,0
DA:751,0
DA:752,0
DA:753,0
DA:758,0
DA:759,0
DA:760,0
DA:761,0
DA:762,0
DA:765,0
DA:769,0
DA:770,0
DA:771,0
DA:772,0
DA:774,0
DA:778,0
DA:779,0
DA:780,0
DA:781,0
DA:783,0
DA:787,0
DA:788,0
DA:789,0
DA:790,0
DA:793,0
DA:796,0
DA:800,0
DA:801,0
DA:802,0
DA:803,0
DA:806,0
DA:809,0
DA:813,0
DA:814,0
DA:815,0
DA:816,0
DA:817,0
DA:820,0
DA:829,0
DA:832,0
DA:833,0
DA:837,0
DA:838,0
DA:839,0
DA:840,0
DA:841,0
DA:842,0
DA:845,0
DA:849,0
DA:850,0
DA:854,0
DA:855,0
DA:856,0
DA:860,0
DA:863,0
DA:864,0
DA:865,0
DA:866,0
DA:869,0
DA:872,0
DA:876,0
DA:877,0
DA:878,0
DA:879,0
DA:882,0
DA:885,0
DA:889,0
DA:890,0
DA:894,0
DA:895,0
DA:911,0
DA:912,0
DA:917,0
DA:924,0
DA:925,0
DA:928,0
DA:936,0
DA:937,0
DA:938,0
DA:940,0
DA:941,0
DA:944,0
DA:947,0
DA:950,0
DA:953,0
DA:956,0
DA:959,0
DA:962,0
DA:965,0
DA:968,0
DA:971,0
DA:974,0
DA:977,0
DA:980,0
DA:986,0
DA:987,0
DA:988,0
DA:989,0
DA:990,0
DA:991,0
DA:992,0
DA:993,0
DA:996,0
DA:997,0
DA:999,0
DA:1002,0
DA:1003,0
DA:1005,0
DA:1008,0
DA:1009,0
DA:1018,0
DA:1024,0
DA:1025,0
DA:1029,0
DA:1030,0
DA:1031,0
DA:1036,0
DA:1037,0
DA:1048,0
DA:1054,1
DA:1058,1
DA:1062,1
DA:1066,1
DA:1070,1
DA:1075,1
DA:1079,1
DA:1083,1
DA:1095,0
DA:1103,0
DA:1111,0
DA:1112,0
DA:1114,0
DA:1122,0
DA:1130,0
DA:1138,0
DA:1148,0
DA:1156,0
DA:1164,0
DA:1172,0
DA:1180,0
DA:1187,1
DA:1193,1
DA:1194,1
DA:1195,1
DA:1196,1
DA:1197,1
DA:1198,1
DA:1199,1
DA:1200,1
DA:1201,1
DA:1202,1
DA:1203,1
DA:1204,1
DA:1205,1
DA:1206,1
DA:1207,1
DA:1208,1
DA:1209,1
DA:1210,1
DA:1211,1
DA:1224,0
DA:1225,0
DA:1226,0
DA:1227,0
DA:1228,0
DA:1232,0
DA:1240,0
DA:1248,0
DA:1256,0
DA:1264,0
DA:1272,0
DA:1280,0
DA:1288,0
DA:1296,0
DA:1307,0
DA:1317,0
DA:1325,0
DA:1333,0
DA:1341,0
DA:1349,0
DA:1357,0
DA:1365,0
DA:1373,0
DA:1383,0
DA:1391,0
DA:1397,1
DA:1408,0
DA:1409,0
DA:1410,0
DA:1411,0
DA:1414,0
DA:1424,0
DA:1425,0
DA:1426,0
DA:1427,0
DA:1438,0
DA:1447,0
DA:1448,0
DA:1449,0
DA:1450,0
DA:1451,0
DA:1463,0
DA:1464,0
DA:1465,0
DA:1466,0
DA:1468,0
DA:1469,0
DA:1471,0
DA:1472,0
DA:1474,0
DA:1475,0
DA:1487,0
DA:1488,0
DA:1489,0
DA:1491,0
DA:1503,0
DA:1504,0
DA:1505,0
DA:1506,0
DA:1507,0
DA:1508,0
DA:1510,0
DA:1521,0
DA:1522,0
DA:1523,0
DA:1524,0
DA:1525,0
DA:1526,0
DA:1528,0
DA:1529,0
DA:1541,0
DA:1542,0
DA:1543,0
DA:1558,0
DA:1559,0
DA:1560,0
DA:1561,0
DA:1567,1
DA:1578,1
DA:1588,1
DA:1609,0
DA:1610,0
DA:1612,0
DA:1613,0
DA:1614,0
DA:1615,0
DA:1616,0
DA:1617,0
DA:1618,0
DA:1619,0
DA:1620,0
DA:1623,0
DA:1627,0
DA:1628,0
DA:1629,0
DA:1632,0
DA:1634,0
DA:1637,0
DA:1641,0
DA:1642,0
DA:1643,0
DA:1644,0
DA:1646,0
DA:1650,0
DA:1651,0
DA:1652,0
DA:1653,0
DA:1657,0
DA:1658,0
DA:1659,0
DA:1665,0
DA:1666,0
DA:1667,0
DA:1668,0
DA:1669,0
DA:1670,0
DA:1671,0
DA:1672,0
DA:1673,0
DA:1674,0
DA:1676,0
DA:1679,0
DA:1681,0
DA:1685,0
DA:1687,0
DA:1699,0
DA:1708,0
DA:1709,0
DA:1710,0
DA:1711,0
DA:1712,0
DA:1713,0
DA:1714,0
DA:1715,0
DA:1716,0
DA:1725,0
DA:1726,0
DA:1727,0
DA:1736,0
DA:1746,0
DA:1756,0
DA:1757,0
DA:1767,0
DA:1768,0
DA:1769,0
DA:1778,0
DA:1779,0
DA:1781,0
DA:1791,0
DA:1792,0
DA:1804,0
DA:1806,1
DA:1808,0
DA:1809,0
DA:1811,0
DA:1812,0
DA:1823,0
DA:1824,0
DA:1825,0
DA:1827,0
DA:1838,0
DA:1839,0
DA:1840,0
DA:1841,0
DA:1852,0
DA:1866,0
DA:1867,0
DA:1868,0
DA:1869,0
DA:1875,0
DA:1876,0
DA:1877,0
DA:1878,0
DA:1879,0
DA:1889,0
DA:1891,0
DA:1893,0
DA:1903,0
DA:1906,0
DA:1908,0
DA:1909,0
DA:1910,0
DA:1911,0
DA:1912,0
DA:1914,0
DA:1916,0
DA:1918,0
DA:1928,0
DA:1929,0
DA:1931,0
DA:1932,0
DA:1934,0
DA:1945,0
DA:1946,0
DA:1947,0
DA:1949,0
DA:1959,0
DA:1960,0
DA:1971,0
DA:1972,0
DA:1974,0
DA:1986,0
DA:1995,0
DA:1996,0
DA:1997,0
DA:2000,0
DA:2002,0
DA:2021,0
DA:2022,0
DA:2024,0
DA:2025,0
DA:2026,0
DA:2027,0
DA:2028,0
DA:2041,0
DA:2043,0
DA:2044,0
DA:2046,0
DA:2060,0
DA:2071,0
DA:2081,0
DA:2082,0
DA:2091,0
DA:2092,0
DA:2093,0
DA:2096,0
DA:2102,0
DA:2103,0
DA:2121,0
DA:2123,0
DA:2125,0
DA:2126,0
DA:2127,0
DA:2128,0
DA:2129,0
DA:2130,0
DA:2131,0
DA:2133,0
DA:2146,0
DA:2147,0
DA:2148,0
DA:2159,0
DA:2160,0
DA:2161,0
DA:2162,0
DA:2163,0
DA:2164,0
DA:2166,0
DA:2167,0
DA:2168,0
DA:2169,0
DA:2183,0
DA:2184,0
DA:2185,0
DA:2186,0
DA:2187,0
DA:2188,0
DA:2191,0
DA:2202,0
DA:2204,0
DA:2206,0
DA:2209,0
DA:2213,0
DA:2214,0
DA:2217,0
DA:2229,0
DA:2230,0
DA:2232,0
DA:2244,0
DA:2254,0
DA:2264,0
DA:2273,0
DA:2274,0
DA:2276,0
DA:2286,0
DA:2295,0
DA:2296,0
DA:2297,0
DA:2298,0
DA:2308,0
DA:2309,0
DA:2310,0
DA:2322,0
DA:2323,0
DA:2324,0
DA:2325,0
DA:2327,0
DA:2337,0
DA:2338,0
DA:2339,0
DA:2341,0
DA:2345,0
DA:2346,0
DA:2347,0
DA:2348,0
DA:2350,0
DA:2359,0
DA:2364,0
DA:2365,0
DA:2366,0
DA:2367,0
DA:2379,0
DA:2387,0
DA:2395,0
DA:2403,0
DA:2411,0
DA:2419,0
DA:2426,1
DA:2431,1
DA:2441,0
DA:2448,0
DA:2456,0
DA:2463,0
DA:2471,0
DA:2480,0
DA:2487,0
DA:2495,0
DA:2502,0
DA:2509,0
DA:2510,0
DA:2511,0
DA:2513,0
DA:2514,0
DA:2516,0
DA:2517,0
DA:2520,0
DA:2528,0
DA:2535,0
DA:2542,0
DA:2549,0
DA:2558,0
DA:2568,0
DA:2581,0
DA:2582,0
DA:2589,0
DA:2596,0
DA:2603,0
DA:2610,0
DA:2617,0
DA:2625,0
DA:2626,0
DA:2627,0
DA:2635,0
DA:2645,0
DA:2658,0
DA:2659,0
DA:2660,0
DA:2662,0
DA:2663,0
DA:2665,0
DA:2676,0
DA:2677,0
DA:2678,0
DA:2689,0
DA:2691,0
DA:2692,0
DA:2693,0
DA:2694,0
DA:2695,0
DA:2696,0
DA:2697,0
DA:2704,1
DA:2710,0
DA:2714,0
DA:2720,1
DA:2726,0
DA:2742,0
DA:2752,0
DA:2768,0
DA:2769,0
DA:2770,0
DA:2771,0
DA:2772,0
DA:2773,0
DA:2774,0
DA:2775,0
DA:2777,0
DA:2780,0
DA:2781,0
DA:2783,0
DA:2800,0
DA:2801,0
DA:2802,0
DA:2821,0
DA:2822,0
DA:2823,0
DA:2840,0
DA:2856,0
DA:2872,0
DA:2879,1
DA:2883,1
DA:2887,1
DA:2891,1
DA:2895,1
DA:2910,0
DA:2912,0
DA:2914,0
DA:2916,0
DA:2918,0
DA:2920,0
DA:2943,0
DA:2949,0
DA:2958,0
DA:2959,0
DA:2961,0
DA:2971,1
DA:2972,1
DA:2973,0
DA:2975,1
DA:2978,0
DA:2981,0
DA:2984,0
DA:2992,0
DA:2993,0
DA:2994,0
DA:2995,0
DA:2997,0
DA:3000,0
DA:3003,0
DA:3006,0
DA:3009,0
DA:3017,0
DA:3018,0
DA:3021,0
DA:3022,0
DA:3023,0
DA:3024,0
DA:3026,0
DA:3028,0
DA:3029,0
DA:3032,0
DA:3033,0
DA:3036,0
DA:3037,0
DA:3040,0
DA:3041,0
DA:3044,0
DA:3045,0
DA:3053,0
DA:3054,0
DA:3055,0
DA:3058,0
DA:3061,0
DA:3062,0
DA:3063,0
DA:3064,0
DA:3066,0
DA:3067,0
DA:3069,0
DA:3070,0
DA:3073,0
DA:3074,0
DA:3077,0
DA:3078,0
DA:3081,0
DA:3082,0
DA:3085,0
DA:3086,0
DA:3089,1
DA:3091,1
DA:3093,1
DA:3095,1
DA:3102,1
DA:3104,1
DA:3106,0
DA:3108,0
DA:3113,1
DA:3122,1
DA:3124,0
DA:3125,0
DA:3126,0
DA:3127,0
DA:3129,0
DA:3130,0
DA:3131,0
DA:3132,0
DA:3136,1
DA:3139,0
DA:3140,0
DA:3143,0
DA:3148,1
DA:3160,1
DA:3166,0
DA:3179,0
DA:3190,0
DA:3200,0
DA:3201,0
DA:3202,0
DA:3206,0
DA:3207,0
DA:3209,0
DA:3210,0
DA:3211,0
DA:3214,0
DA:3226,0
DA:3228,0
DA:3229,0
DA:3230,0
DA:3232,0
DA:3233,0
DA:3235,0
DA:3236,0
DA:3238,0
DA:3241,0
DA:3253,0
DA:3255,0
DA:3256,0
DA:3265,0
DA:3266,0
DA:3267,0
DA:3268,0
DA:3271,0
DA:3273,0
DA:3275,0
DA:3277,0
DA:3278,0
DA:3282,0
DA:3284,0
DA:3285,0
DA:3286,0
DA:3292,1
DA:3303,0
DA:3305,0
DA:3308,0
DA:3309,0
DA:3312,0
DA:3313,0
DA:3314,0
DA:3315,0
DA:3316,0
DA:3317,0
DA:3318,0
DA:3320,0
DA:3321,0
DA:3322,0
DA:3325,0
DA:3328,0
DA:3332,0
DA:3333,0
DA:3334,0
DA:3335,0
DA:3336,0
DA:3338,0
DA:3339,0
DA:3342,0
DA:3344,0
DA:3357,3
DA:3365,0
DA:3366,0
DA:3368,0
DA:3376,0
DA:3377,0
DA:3379,0
DA:3389,0
DA:3390,0
DA:3392,0
DA:3393,0
DA:3399,1
DA:3403,1
DA:3407,1
DA:3417,0
DA:3418,0
DA:3419,0
DA:3420,0
DA:3423,0
DA:3433,1
DA:3434,0
DA:3435,0
DA:3436,0
DA:3438,0
DA:3439,0
DA:3442,0
DA:3455,0
DA:3464,0
DA:3465,0
DA:3467,0
DA:3468,0
DA:3470,0
DA:3471,0
DA:3472,0
DA:3473,0
DA:3474,0
DA:3475,0
DA:3479,0
DA:3490,0
DA:3505,0
DA:3513,1
DA:3531,1
DA:3539,1
DA:3541,1
DA:3548,1
DA:3549,1
DA:3550,1
DA:3551,1
DA:3552,1
DA:3553,1
DA:3554,0
DA:3556,1
DA:3558,1
DA:3560,0
DA:3561,0
DA:3565,0
DA:3566,0
DA:3567,0
DA:3569,0
DA:3571,0
DA:3583,0
DA:3584,0
DA:3585,0
DA:3587,0
DA:3596,0
DA:3607,0
DA:3626,0
DA:3627,0
DA:3628,0
DA:3630,0
DA:3632,0
DA:3638,0
DA:3639,0
DA:3640,0
DA:3642,0
DA:3643,0
DA:3646,0
DA:3647,0
DA:3658,0
DA:3662,0
DA:3663,0
DA:3665,0
DA:3667,0
DA:3673,0
DA:3674,0
DA:3675,0
DA:3677,0
DA:3678,0
DA:3679,0
DA:3680,0
DA:3683,0
DA:3684,0
DA:3692,1
DA:3707,0
DA:3708,0
DA:3710,0
DA:3711,0
DA:3712,0
DA:3713,0
DA:3715,0
DA:3716,0
DA:3717,0
DA:3721,0
DA:3724,0
DA:3737,0
DA:3738,0
DA:3740,0
DA:3741,0
DA:3742,0
DA:3743,0
DA:3745,0
DA:3746,0
DA:3747,0
DA:3751,0
DA:3754,0
DA:3763,1
DA:3780,0
DA:3781,0
DA:3783,0
DA:3790,0
DA:3791,0
DA:3792,0
DA:3793,0
DA:3795,0
DA:3796,0
DA:3797,0
DA:3800,0
DA:3807,0
DA:3808,0
DA:3810,0
DA:3812,0
DA:3814,0
DA:3815,0
DA:3817,0
DA:3818,0
DA:3820,0
DA:3829,1
DA:3838,0
DA:3848,0
DA:3857,0
DA:3858,0
DA:3859,0
DA:3860,0
DA:3861,0
DA:3862,0
DA:3863,0
DA:3875,0
DA:3888,0
DA:3897,1
DA:3910,0
DA:3920,0
DA:3921,0
DA:3923,0
DA:3924,0
DA:3926,0
DA:3932,1
DA:3937,1
DA:3940,1
DA:3941,1
DA:3942,1
DA:3943,1
DA:3944,1
DA:3945,1
DA:3947,1
DA:3968,1
DA:3972,1
DA:3976,1
DA:3980,1
DA:3984,1
DA:3985,1
DA:3986,1
DA:3987,1
DA:3988,1
DA:3989,1
DA:3990,1
DA:3991,1
DA:3992,1
DA:3993,1
DA:3994,1
DA:3995,1
DA:3996,1
DA:3997,1
DA:3998,1
DA:3999,1
DA:4000,1
DA:4001,1
DA:4008,24
DA:4015,1
DA:4016,24
DA:4017,5
DA:4020,1
DA:4025,1
DA:4033,0
DA:4043,0
DA:4044,0
DA:4045,0
DA:4046,0
DA:4047,0
DA:4048,0
DA:4049,0
DA:4051,0
DA:4052,0
DA:4053,0
DA:4054,0
DA:4055,0
DA:4056,0
DA:4059,0
DA:4062,0
DA:4063,0
DA:4064,0
DA:4065,0
DA:4066,0
DA:4067,0
DA:4082,0
DA:4083,0
DA:4085,0
DA:4086,0
DA:4088,0
DA:4091,0
DA:4092,0
DA:4093,0
DA:4095,0
DA:4096,0
DA:4108,0
DA:4116,0
DA:4117,0
DA:4118,0
DA:4119,0
DA:4121,0
DA:4124,0
DA:4126,0
DA:4137,0
DA:4138,0
DA:4139,0
DA:4140,0
DA:4143,0
DA:4145,0
DA:4147,0
DA:4148,0
DA:4149,0
DA:4150,0
DA:4152,0
DA:4153,0
DA:4155,0
DA:4156,0
DA:4157,0
DA:4158,0
DA:4159,0
DA:4161,0
DA:4163,0
DA:4165,0
DA:4167,0
DA:4168,0
DA:4171,0
DA:4172,0
DA:4173,0
DA:4177,0
DA:4191,0
DA:4205,0
DA:4216,0
DA:4223,1
DA:4232,0
DA:4236,0
DA:4247,0
DA:4248,0
DA:4250,0
DA:4261,0
DA:4284,0
DA:4285,0
DA:4286,0
DA:4288,0
DA:4289,0
DA:4290,0
DA:4291,0
DA:4293,0
DA:4294,0
DA:4305,0
DA:4306,0
DA:4309,0
DA:4319,0
DA:4320,0
DA:4321,0
DA:4322,0
DA:4324,0
DA:4326,0
DA:4334,0
DA:4340,0
DA:4343,0
DA:4344,0
DA:4345,0
DA:4347,0
DA:4359,0
DA:4361,0
DA:4363,0
DA:4364,0
DA:4366,0
DA:4367,0
DA:4368,0
DA:4369,0
DA:4370,0
DA:4372,0
DA:4373,0
DA:4374,0
DA:4377,0
DA:4380,0
DA:4381,0
DA:4382,0
DA:4384,0
DA:4385,0
DA:4386,0
DA:4388,0
DA:4390,0
DA:4399,1
DA:4410,0
DA:4411,0
DA:4418,0
DA:4426,0
DA:4427,0
DA:4431,0
DA:4433,0
DA:4434,0
DA:4435,0
DA:4437,0
DA:4443,0
DA:4451,0
DA:4463,0
DA:4464,0
DA:4466,0
DA:4468,0
DA:4469,0
DA:4471,0
DA:4473,0
DA:4474,0
DA:4477,0
DA:4480,0
DA:4483,0
DA:4497,0
DA:4498,0
DA:4500,0
DA:4501,0
DA:4503,0
DA:4504,0
DA:4505,0
DA:4506,0
DA:4507,0
DA:4508,0
DA:4510,0
DA:4513,0
DA:4518,0
DA:4520,0
DA:4534,0
DA:4536,0
DA:4537,0
DA:4539,0
DA:4540,0
DA:4543,0
DA:4544,0
DA:4547,0
DA:4548,0
DA:4552,0
DA:4553,0
DA:4556,0
DA:4559,0
DA:4562,0
DA:4563,0
DA:4568,0
DA:4569,0
DA:4572,0
DA:4573,0
DA:4576,0
DA:4577,0
DA:4580,0
DA:4581,0
DA:4582,0
DA:4586,0
DA:4587,0
DA:4588,0
DA:4591,0
DA:4592,0
DA:4595,0
DA:4596,0
DA:4600,0
DA:4609,0
DA:4610,0
DA:4621,0
DA:4623,0
DA:4624,0
DA:4638,0
DA:4640,0
DA:4641,0
DA:4643,0
DA:4644,0
DA:4645,0
DA:4646,0
DA:4647,0
DA:4648,0
DA:4649,0
DA:4650,0
DA:4664,0
DA:4666,0
DA:4669,0
DA:4671,0
DA:4672,0
DA:4673,0
DA:4674,0
DA:4675,0
DA:4676,0
DA:4678,0
DA:4679,0
DA:4680,0
DA:4698,0
DA:4700,0
DA:4702,0
DA:4703,0
DA:4705,0
DA:4707,0
DA:4708,0
DA:4709,0
DA:4713,0
DA:4716,0
DA:4731,0
DA:4733,0
DA:4734,0
DA:4736,0
DA:4737,0
DA:4738,0
DA:4739,0
DA:4740,0
DA:4741,0
DA:4742,0
DA:4743,0
DA:4757,0
DA:4770,0
DA:4778,0
DA:4779,0
DA:4780,0
DA:4782,0
DA:4790,0
DA:4791,0
DA:4793,0
DA:4801,0
DA:4802,0
DA:4803,0
DA:4805,0
DA:4806,0
DA:4808,0
DA:4809,0
DA:4821,0
DA:4822,0
DA:4823,0
DA:4825,0
DA:4826,0
DA:4837,0
DA:4838,0
DA:4839,0
DA:4840,0
DA:4842,0
DA:4843,0
DA:4854,0
DA:4859,0
DA:4860,0
DA:4861,0
DA:4873,0
DA:4875,0
DA:4876,0
DA:4885,0
DA:4886,0
DA:4887,0
DA:4888,0
DA:4891,0
DA:4893,0
DA:4895,0
DA:4897,0
DA:4898,0
DA:4902,0
DA:4904,0
DA:4905,0
DA:4906,0
DA:4912,1
DA:4919,0
DA:4920,0
DA:4922,0
DA:4927,0
DA:4930,0
DA:4931,0
DA:4936,0
DA:4937,0
DA:4938,0
DA:4940,0
DA:4941,0
DA:4942,0
DA:4943,0
DA:4944,0
DA:4945,0
DA:4946,0
DA:4953,1
DA:4961,0
DA:4962,0
DA:4963,0
DA:4964,0
DA:4965,0
DA:4966,0
DA:4967,0
DA:4977,0
DA:4991,0
DA:4992,0
DA:4993,0
DA:4994,0
DA:5002,0
DA:5003,0
DA:5013,0
DA:5014,0
DA:5015,0
DA:5016,0
DA:5018,0
DA:5019,0
DA:5020,0
DA:5022,0
DA:5023,0
DA:5033,0
DA:5042,0
DA:5043,0
DA:5044,0
DA:5045,0
DA:5054,0
DA:5055,0
DA:5056,0
DA:5064,0
DA:5065,0
DA:5074,0
DA:5075,0
DA:5076,0
DA:5078,0
DA:5086,0
DA:5097,0
DA:5099,0
DA:5102,0
DA:5103,0
DA:5104,0
DA:5107,0
DA:5108,0
DA:5110,0
DA:5111,0
DA:5112,0
DA:5113,0
DA:5114,0
DA:5117,0
DA:5120,0
DA:5127,1
DA:5128,1
DA:5134,0
DA:5135,0
DA:5136,0
DA:5138,0
DA:5147,0
DA:5149,0
DA:5162,0
DA:5163,0
DA:5165,0
DA:5166,0
DA:5167,0
DA:5168,0
DA:5169,0
DA:5170,0
DA:5174,0
DA:5177,0
DA:5190,0
DA:5191,0
DA:5193,0
DA:5194,0
DA:5195,0
DA:5196,0
DA:5197,0
DA:5198,0
DA:5200,0
DA:5201,0
DA:5202,0
DA:5205,0
DA:5213,0
DA:5221,0
DA:5222,0
DA:5223,0
DA:5224,0
DA:5229,0
DA:5230,0
DA:5232,0
DA:5242,0
DA:5243,0
DA:5244,0
DA:5245,0
DA:5246,0
DA:5256,0
DA:5258,0
DA:5260,0
DA:5261,0
DA:5262,0
DA:5263,0
DA:5264,0
DA:5265,0
DA:5266,0
DA:5267,0
DA:5268,0
DA:5269,0
DA:5270,0
DA:5274,0
DA:5277,0
DA:5278,0
DA:5279,0
DA:5280,0
DA:5281,0
DA:5283,0
DA:5284,0
DA:5285,0
DA:5287,0
DA:5299,0
DA:5300,0
DA:5301,0
DA:5302,0
DA:5304,0
DA:5308,1
DA:5309,1
DA:5310,1
DA:5311,1
DA:5312,1
DA:5313,1
DA:5314,1
DA:5315,1
DA:5316,1
DA:5317,1
DA:5318,1
DA:5319,1
DA:5320,1
DA:5321,1
DA:5322,1
DA:5323,1
DA:5324,1
DA:5325,1
DA:5326,1
DA:5327,1
DA:5328,1
DA:5329,1
DA:5330,1
DA:5331,1
DA:5332,1
DA:5333,1
DA:5334,1
DA:5335,1
DA:5336,1
DA:5337,1
DA:5338,1
DA:5339,1
DA:5340,1
DA:5341,1
DA:5342,1
DA:5343,1
DA:5344,1
DA:5345,1
DA:5346,1
DA:5347,1
DA:5348,1
DA:5349,1
DA:5350,1
DA:5351,1
DA:5352,1
DA:5353,1
DA:5354,1
DA:5355,1
DA:5356,1
DA:5357,1
DA:5358,1
DA:5359,1
DA:5360,1
DA:5361,1
DA:5362,1
DA:5363,1
DA:5364,1
DA:5365,1
DA:5366,1
DA:5367,1
DA:5368,1
DA:5369,1
DA:5370,1
DA:5371,1
DA:5372,1
DA:5373,1
DA:5374,1
DA:5375,1
DA:5376,1
DA:5377,1
DA:5378,1
DA:5379,1
DA:5380,1
DA:5381,1
DA:5382,1
DA:5383,1
DA:5384,1
DA:5385,1
DA:5386,1
DA:5387,1
DA:5388,1
DA:5389,1
DA:5390,1
DA:5391,1
DA:5392,1
DA:5393,1
DA:5394,1
DA:5395,1
DA:5396,1
DA:5397,1
DA:5398,1
DA:5399,1
DA:5400,1
DA:5401,1
DA:5402,1
DA:5403,1
DA:5404,1
DA:5405,1
DA:5406,1
DA:5407,1
DA:5408,1
DA:5409,1
DA:5410,1
DA:5411,1
DA:5412,1
DA:5413,1
DA:5414,1
DA:5415,1
DA:5416,1
DA:5417,1
DA:5418,1
DA:5419,1
DA:5420,1
DA:5421,1
DA:5422,1
DA:5423,1
DA:5424,1
DA:5425,1
DA:5426,1
DA:5427,1
DA:5428,1
DA:5429,1
DA:5430,1
DA:5431,1
DA:5432,1
DA:5433,1
DA:5434,1
DA:5435,1
DA:5436,1
DA:5437,1
DA:5438,1
DA:5439,1
DA:5440,1
DA:5441,1
DA:5442,1
DA:5443,1
DA:5444,1
DA:5445,1
DA:5446,1
DA:5447,1
DA:5448,1
DA:5449,1
DA:5450,1
DA:5451,1
DA:5452,1
DA:5453,1
DA:5454,1
DA:5455,1
DA:5456,1
DA:5457,1
DA:5458,1
DA:5459,1
DA:5460,1
DA:5461,1
DA:5462,1
DA:5463,1
DA:5465,1
LF:1707
LH:321
BRDA:2,0,0,1
BRDA:2,0,1,0
BRDA:2,1,0,1
BRDA:2,1,1,1
BRDA:3,2,0,0
BRDA:3,2,1,0
BRDA:3,3,0,0
BRDA:3,3,1,0
BRDA:4,4,0,0
BRDA:4,4,1,0
BRDA:12,5,0,0
BRDA:42,6,0,1
BRDA:42,6,1,1
BRDA:45,7,0,1
BRDA:45,7,1,0
BRDA:46,8,0,1
BRDA:46,8,1,1
BRDA:66,9,0,0
BRDA:77,10,0,0
BRDA:113,11,0,0
BRDA:137,12,0,0
BRDA:137,12,1,0
BRDA:142,13,0,0
BRDA:142,13,1,0
BRDA:154,14,0,0
BRDA:154,14,1,0
BRDA:169,15,0,0
BRDA:169,15,1,0
BRDA:172,16,0,0
BRDA:172,16,1,0
BRDA:172,16,2,0
BRDA:181,17,0,0
BRDA:181,17,1,0
BRDA:184,18,0,0
BRDA:184,18,1,0
BRDA:188,19,0,0
BRDA:188,19,1,0
BRDA:191,20,0,0
BRDA:191,20,1,0
BRDA:230,21,0,1
BRDA:230,21,1,1
BRDA:237,22,0,0
BRDA:243,23,0,0
BRDA:243,23,1,0
BRDA:253,24,0,0
BRDA:253,24,1,0
BRDA:253,24,2,0
BRDA:253,24,3,0
BRDA:311,25,0,5
BRDA:311,25,1,3
BRDA:314,26,0,1
BRDA:314,26,1,2
BRDA:317,27,0,0
BRDA:317,27,1,2
BRDA:319,28,0,0
BRDA:319,28,1,0
BRDA:324,29,0,0
BRDA:324,29,1,2
BRDA:347,30,0,0
BRDA:349,31,0,0
BRDA:349,31,1,0
BRDA:349,32,0,0
BRDA:349,32,1,0
BRDA:352,33,0,0
BRDA:352,33,1,0
BRDA:355,34,0,0
BRDA:355,34,1,0
BRDA:357,35,0,0
BRDA:357,35,1,0
BRDA:376,36,0,0
BRDA:376,36,1,0
BRDA:379,37,0,0
BRDA:379,37,1,0
BRDA:381,38,0,0
BRDA:381,38,1,0
BRDA:440,39,0,0
BRDA:440,40,0,0
BRDA:440,41,0,0
BRDA:497,42,0,0
BRDA:497,42,1,0
BRDA:512,43,0,0
BRDA:512,43,1,0
BRDA:537,44,0,0
BRDA:537,44,1,0
BRDA:554,45,0,0
BRDA:554,45,1,0
BRDA:558,46,0,0
BRDA:558,46,1,0
BRDA:624,47,0,1
BRDA:624,47,1,1
BRDA:647,48,0,0
BRDA:657,49,0,0
BRDA:657,49,1,0
BRDA:665,50,0,0
BRDA:665,50,1,0
BRDA:674,51,0,0
BRDA:674,51,1,0
BRDA:678,52,0,0
BRDA:678,52,1,0
BRDA:701,53,0,0
BRDA:701,53,1,0
BRDA:761,54,0,0
BRDA:761,54,1,0
BRDA:789,55,0,0
BRDA:789,55,1,0
BRDA:802,56,0,0
BRDA:802,56,1,0
BRDA:816,57,0,0
BRDA:816,57,1,0
BRDA:841,58,0,0
BRDA:841,58,1,0
BRDA:865,59,0,0
BRDA:865,59,1,0
BRDA:878,60,0,0
BRDA:878,60,1,0
BRDA:937,61,0,0
BRDA:937,61,1,0
BRDA:992,62,0,0
BRDA:992,62,1,0
BRDA:996,63,0,0
BRDA:996,63,1,0
BRDA:1002,64,0,0
BRDA:1002,64,1,0
BRDA:1008,65,0,0
BRDA:1008,65,1,0
BRDA:1048,66,0,0
BRDA:1048,66,1,0
BRDA:1095,67,0,0
BRDA:1095,67,1,0
BRDA:1103,68,0,0
BRDA:1103,68,1,0
BRDA:1111,69,0,0
BRDA:1111,69,1,0
BRDA:1122,70,0,0
BRDA:1122,70,1,0
BRDA:1130,71,0,0
BRDA:1130,71,1,0
BRDA:1138,72,0,0
BRDA:1138,72,1,0
BRDA:1148,73,0,0
BRDA:1148,73,1,0
BRDA:1156,74,0,0
BRDA:1156,74,1,0
BRDA:1164,75,0,0
BRDA:1164,75,1,0
BRDA:1172,76,0,0
BRDA:1172,76,1,0
BRDA:1180,77,0,0
BRDA:1180,77,1,0
BRDA:1212,78,0,1
BRDA:1212,78,1,1
BRDA:1225,79,0,0
BRDA:1225,79,1,0
BRDA:1227,80,0,0
BRDA:1227,80,1,0
BRDA:1296,81,0,0
BRDA:1296,81,1,0
BRDA:1296,81,2,0
BRDA:1307,82,0,0
BRDA:1307,82,1,0
BRDA:1307,82,2,0
BRDA:1357,83,0,0
BRDA:1357,83,1,0
BRDA:1373,84,0,0
BRDA:1373,84,1,0
BRDA:1373,85,0,0
BRDA:1373,85,1,0
BRDA:1375,86,0,0
BRDA:1375,86,1,0
BRDA:1375,86,2,0
BRDA:1383,87,0,0
BRDA:1383,87,1,0
BRDA:1391,88,0,0
BRDA:1391,88,1,0
BRDA:1408,89,0,0
BRDA:1408,89,1,0
BRDA:1411,90,0,0
BRDA:1411,90,1,0
BRDA:1424,91,0,0
BRDA:1424,91,1,0
BRDA:1438,92,0,0
BRDA:1438,92,1,0
BRDA:1447,93,0,0
BRDA:1462,94,0,0
BRDA:1465,95,0,0
BRDA:1471,96,0,0
BRDA:1471,96,1,0
BRDA:1486,97,0,0
BRDA:1502,98,0,0
BRDA:1507,99,0,0
BRDA:1507,99,1,0
BRDA:1520,100,0,0
BRDA:1525,101,0,0
BRDA:1525,101,1,0
BRDA:1540,102,0,0
BRDA:1615,103,0,0
BRDA:1615,103,1,0
BRDA:1628,104,0,0
BRDA:1628,104,1,0
BRDA:1642,105,0,0
BRDA:1642,105,1,0
BRDA:1642,106,0,0
BRDA:1642,106,1,0
BRDA:1651,107,0,0
BRDA:1651,107,1,0
BRDA:1651,108,0,0
BRDA:1651,108,1,0
BRDA:1658,109,0,0
BRDA:1658,109,1,0
BRDA:1673,110,0,0
BRDA:1673,110,1,0
BRDA:1676,111,0,0
BRDA:1676,111,1,0
BRDA:1677,112,0,0
BRDA:1677,112,1,0
BRDA:1677,113,0,0
BRDA:1677,113,1,0
BRDA:1681,114,0,0
BRDA:1681,114,1,0
BRDA:1681,115,0,0
BRDA:1681,115,1,0
BRDA:1681,115,2,0
BRDA:1681,115,3,0
BRDA:1755,116,0,0
BRDA:1766,117,0,0
BRDA:1778,118,0,0
BRDA:1778,118,1,0
BRDA:1778,119,0,0
BRDA:1778,119,1,0
BRDA:1795,120,0,0
BRDA:1795,120,1,0
BRDA:1795,120,2,0
BRDA:1824,121,0,0
BRDA:1824,121,1,0
BRDA:1836,122,0,0
BRDA:1836,123,0,0
BRDA:1851,124,0,0
BRDA:1886,125,0,0
BRDA:1889,126,0,0
BRDA:1889,126,1,0
BRDA:1903,127,0,0
BRDA:1903,127,1,0
BRDA:1908,128,0,0
BRDA:1908,128,1,0
BRDA:1908,129,0,0
BRDA:1908,129,1,0
BRDA:1928,130,0,0
BRDA:1928,130,1,0
BRDA:1931,131,0,0
BRDA:1931,131,1,0
BRDA:1996,132,0,0
BRDA:1996,132,1,0
BRDA:2000,133,0,0
BRDA:2000,133,1,0
BRDA:2019,134,0,0
BRDA:2025,135,0,0
BRDA:2025,135,1,0
BRDA:2043,136,0,0
BRDA:2043,136,1,0
BRDA:2092,137,0,0
BRDA:2092,137,1,0
BRDA:2127,138,0,0
BRDA:2127,138,1,0
BRDA:2158,139,0,0
BRDA:2158,140,0,0
BRDA:2158,141,0,0
BRDA:2162,142,0,0
BRDA:2162,142,1,0
BRDA:2167,143,0,0
BRDA:2167,143,1,0
BRDA:2182,144,0,0
BRDA:2186,145,0,0
BRDA:2186,145,1,0
BRDA:2229,146,0,0
BRDA:2229,146,1,0
BRDA:2273,147,0,0
BRDA:2273,147,1,0
BRDA:2273,148,0,0
BRDA:2273,148,1,0
BRDA:2286,149,0,0
BRDA:2286,149,1,0
BRDA:2297,150,0,0
BRDA:2297,150,1,0
BRDA:2324,151,0,0
BRDA:2324,151,1,0
BRDA:2345,152,0,0
BRDA:2345,152,1,0
BRDA:2346,153,0,0
BRDA:2346,153,1,0
BRDA:2347,154,0,0
BRDA:2347,154,1,0
BRDA:2367,155,0,0
BRDA:2367,155,1,0
BRDA:2367,156,0,0
BRDA:2367,156,1,0
BRDA:2378,157,0,0
BRDA:2386,158,0,0
BRDA:2394,159,0,0
BRDA:2402,160,0,0
BRDA:2410,161,0,0
BRDA:2418,162,0,0
BRDA:2510,163,0,0
BRDA:2510,163,1,0
BRDA:2513,164,0,0
BRDA:2513,164,1,0
BRDA:2516,165,0,0
BRDA:2516,165,1,0
BRDA:2659,166,0,0
BRDA:2659,166,1,0
BRDA:2662,167,0,0
BRDA:2662,167,1,0
BRDA:2675,168,0,0
BRDA:2688,169,0,0
BRDA:2773,170,0,0
BRDA:2773,170,1,0
BRDA:2773,171,0,0
BRDA:2773,171,1,0
BRDA:2774,172,0,0
BRDA:2774,172,1,0
BRDA:2780,173,0,0
BRDA:2780,173,1,0
BRDA:2803,174,0,0
BRDA:2803,174,1,0
BRDA:2896,175,0,1
BRDA:2896,175,1,1
BRDA:2910,176,0,0
BRDA:2910,176,1,0
BRDA:2910,176,2,0
BRDA:2910,176,3,0
BRDA:2910,176,4,0
BRDA:2958,177,0,0
BRDA:2958,177,1,0
BRDA:2970,178,0,1
BRDA:2970,179,0,1
BRDA:2972,180,0,0
BRDA:2972,180,1,1
BRDA:2993,181,0,0
BRDA:2993,181,1,0
BRDA:3022,182,0,0
BRDA:3022,182,1,0
BRDA:3062,183,0,0
BRDA:3062,183,1,0
BRDA:3096,184,0,1
BRDA:3096,184,1,1
BRDA:3102,185,0,1
BRDA:3102,185,1,0
BRDA:3102,185,2,0
BRDA:3121,186,0,1
BRDA:3121,187,0,1
BRDA:3126,188,0,0
BRDA:3126,188,1,0
BRDA:3139,189,0,0
BRDA:3139,189,1,0
BRDA:3201,190,0,0
BRDA:3201,190,1,0
BRDA:3206,191,0,0
BRDA:3206,191,1,0
BRDA:3209,192,0,0
BRDA:3209,192,1,0
BRDA:3225,193,0,0
BRDA:3225,194,0,0
BRDA:3229,195,0,0
BRDA:3229,195,1,0
BRDA:3232,196,0,0
BRDA:3232,196,1,0
BRDA:3235,197,0,0
BRDA:3235,197,1,0
BRDA:3255,198,0,0
BRDA:3255,198,1,0
BRDA:3268,199,0,0
BRDA:3268,199,1,0
BRDA:3268,200,0,0
BRDA:3268,200,1,0
BRDA:3268,200,2,0
BRDA:3302,201,0,0
BRDA:3308,202,0,0
BRDA:3308,202,1,0
BRDA:3317,203,0,0
BRDA:3317,203,1,0
BRDA:3321,204,0,0
BRDA:3321,204,1,0
BRDA:3335,205,0,0
BRDA:3335,205,1,0
BRDA:3338,206,0,0
BRDA:3338,206,1,0
BRDA:3365,207,0,0
BRDA:3365,207,1,0
BRDA:3376,208,0,0
BRDA:3376,208,1,0
BRDA:3389,209,0,0
BRDA:3389,209,1,0
BRDA:3392,210,0,0
BRDA:3392,210,1,0
BRDA:3416,211,0,0
BRDA:3419,212,0,0
BRDA:3419,212,1,0
BRDA:3419,213,0,0
BRDA:3419,213,1,0
BRDA:3435,214,0,0
BRDA:3435,214,1,0
BRDA:3438,215,0,0
BRDA:3438,215,1,0
BRDA:3464,216,0,0
BRDA:3464,216,1,0
BRDA:3467,217,0,0
BRDA:3467,217,1,0
BRDA:3470,218,0,0
BRDA:3470,218,1,0
BRDA:3504,219,0,0
BRDA:3529,220,0,1
BRDA:3529,221,0,1
BRDA:3529,222,0,1
BRDA:3529,223,0,1
BRDA:3561,224,0,0
BRDA:3561,224,1,0
BRDA:3564,225,0,0
BRDA:3566,226,0,0
BRDA:3566,226,1,0
BRDA:3566,227,0,0
BRDA:3566,227,1,0
BRDA:3569,228,0,0
BRDA:3569,228,1,0
BRDA:3584,229,0,0
BRDA:3584,229,1,0
BRDA:3613,230,0,0
BRDA:3613,230,1,0
BRDA:3628,231,0,0
BRDA:3628,231,1,0
BRDA:3628,232,0,0
BRDA:3628,232,1,0
BRDA:3638,233,0,0
BRDA:3638,233,1,0
BRDA:3638,234,0,0
BRDA:3638,234,1,0
BRDA:3663,235,0,0
BRDA:3663,235,1,0
BRDA:3663,236,0,0
BRDA:3663,236,1,0
BRDA:3673,237,0,0
BRDA:3673,237,1,0
BRDA:3673,238,0,0
BRDA:3673,238,1,0
BRDA:3706,239,0,0
BRDA:3706,240,0,0
BRDA:3712,241,0,0
BRDA:3712,241,1,0
BRDA:3736,242,0,0
BRDA:3736,243,0,0
BRDA:3742,244,0,0
BRDA:3742,244,1,0
BRDA:3790,245,0,0
BRDA:3795,246,0,0
BRDA:3795,246,1,0
BRDA:3807,247,0,0
BRDA:3807,247,1,0
BRDA:3888,248,0,0
BRDA:3888,248,1,0
BRDA:3888,248,2,0
BRDA:3920,249,0,0
BRDA:3920,249,1,0
BRDA:3923,250,0,0
BRDA:3923,250,1,0
BRDA:3946,251,0,1
BRDA:3946,251,1,1
BRDA:3964,252,0,1
BRDA:3964,253,0,1
BRDA:3964,254,0,1
BRDA:4008,255,0,24
BRDA:4008,255,1,0
BRDA:4017,256,0,4
BRDA:4017,256,1,1
BRDA:4043,257,0,0
BRDA:4043,258,0,0
BRDA:4043,259,0,0
BRDA:4047,260,0,0
BRDA:4047,260,1,0
BRDA:4053,261,0,0
BRDA:4053,261,1,0
BRDA:4054,262,0,0
BRDA:4054,262,1,0
BRDA:4063,263,0,0
BRDA:4063,263,1,0
BRDA:4065,264,0,0
BRDA:4065,264,1,0
BRDA:4085,265,0,0
BRDA:4085,265,1,0
BRDA:4091,266,0,0
BRDA:4091,266,1,0
BRDA:4108,267,0,0
BRDA:4108,268,0,0
BRDA:4108,269,0,0
BRDA:4108,270,0,0
BRDA:4118,271,0,0
BRDA:4118,271,1,0
BRDA:4136,272,0,0
BRDA:4136,273,0,0
BRDA:4136,274,0,0
BRDA:4139,275,0,0
BRDA:4139,275,1,0
BRDA:4152,276,0,0
BRDA:4152,276,1,0
BRDA:4152,277,0,0
BRDA:4152,277,1,0
BRDA:4158,278,0,0
BRDA:4158,278,1,0
BRDA:4161,279,0,0
BRDA:4161,279,1,0
BRDA:4163,280,0,0
BRDA:4163,280,1,0
BRDA:4167,281,0,0
BRDA:4167,281,1,0
BRDA:4190,282,0,0
BRDA:4190,283,0,0
BRDA:4190,284,0,0
BRDA:4190,285,0,0
BRDA:4190,286,0,0
BRDA:4247,287,0,0
BRDA:4247,287,1,0
BRDA:4285,288,0,0
BRDA:4285,288,1,0
BRDA:4290,289,0,0
BRDA:4290,289,1,0
BRDA:4305,290,0,0
BRDA:4305,290,1,0
BRDA:4321,291,0,0
BRDA:4321,291,1,0
BRDA:4321,292,0,0
BRDA:4321,292,1,0
BRDA:4340,293,0,0
BRDA:4357,294,0,0
BRDA:4357,295,0,0
BRDA:4368,296,0,0
BRDA:4368,296,1,0
BRDA:4384,297,0,0
BRDA:4384,297,1,0
BRDA:4409,298,0,0
BRDA:4409,299,0,0
BRDA:4411,300,0,0
BRDA:4411,300,1,0
BRDA:4425,301,0,0
BRDA:4427,302,0,0
BRDA:4427,302,1,0
BRDA:4434,303,0,0
BRDA:4434,303,1,0
BRDA:4463,304,0,0
BRDA:4463,305,0,0
BRDA:4473,306,0,0
BRDA:4473,306,1,0
BRDA:4497,307,0,0
BRDA:4497,308,0,0
BRDA:4507,309,0,0
BRDA:4507,309,1,0
BRDA:4534,310,0,0
BRDA:4534,310,1,0
BRDA:4534,311,0,0
BRDA:4534,311,1,0
BRDA:4534,311,2,0
BRDA:4534,311,3,0
BRDA:4539,312,0,0
BRDA:4539,312,1,0
BRDA:4539,313,0,0
BRDA:4539,313,1,0
BRDA:4543,314,0,0
BRDA:4543,314,1,0
BRDA:4547,315,0,0
BRDA:4547,315,1,0
BRDA:4552,316,0,0
BRDA:4552,316,1,0
BRDA:4556,317,0,0
BRDA:4556,317,1,0
BRDA:4556,318,0,0
BRDA:4556,318,1,0
BRDA:4556,318,2,0
BRDA:4556,318,3,0
BRDA:4556,318,4,0
BRDA:4556,318,5,0
BRDA:4562,319,0,0
BRDA:4562,319,1,0
BRDA:4562,320,0,0
BRDA:4562,320,1,0
BRDA:4568,321,0,0
BRDA:4568,321,1,0
BRDA:4568,322,0,0
BRDA:4568,322,1,0
BRDA:4572,323,0,0
BRDA:4572,323,1,0
BRDA:4576,324,0,0
BRDA:4576,324,1,0
BRDA:4581,325,0,0
BRDA:4581,325,1,0
BRDA:4587,326,0,0
BRDA:4587,326,1,0
BRDA:4591,327,0,0
BRDA:4591,327,1,0
BRDA:4595,328,0,0
BRDA:4595,328,1,0
BRDA:4675,329,0,0
BRDA:4675,329,1,0
BRDA:4702,330,0,0
BRDA:4702,330,1,0
BRDA:4779,331,0,0
BRDA:4779,331,1,0
BRDA:4790,332,0,0
BRDA:4790,332,1,0
BRDA:4801,333,0,0
BRDA:4801,333,1,0
BRDA:4805,334,0,0
BRDA:4805,334,1,0
BRDA:4839,335,0,0
BRDA:4839,335,1,0
BRDA:4875,336,0,0
BRDA:4875,336,1,0
BRDA:4888,337,0,0
BRDA:4888,337,1,0
BRDA:4888,338,0,0
BRDA:4888,338,1,0
BRDA:4888,338,2,0
BRDA:4919,339,0,0
BRDA:4919,339,1,0
BRDA:4931,340,0,0
BRDA:4931,340,1,0
BRDA:4931,341,0,0
BRDA:4931,341,1,0
BRDA:4931,341,2,0
BRDA:4937,342,0,0
BRDA:4937,342,1,0
BRDA:4940,343,0,0
BRDA:4940,343,1,0
BRDA:4941,344,0,0
BRDA:4941,344,1,0
BRDA:4942,345,0,0
BRDA:4942,345,1,0
BRDA:4977,346,0,0
BRDA:4977,346,1,0
BRDA:5013,347,0,0
BRDA:5015,348,0,0
BRDA:5015,348,1,0
BRDA:5042,349,0,0
BRDA:5042,349,1,0
BRDA:5054,350,0,0
BRDA:5054,350,1,0
BRDA:5074,351,0,0
BRDA:5074,351,1,0
BRDA:5086,352,0,0
BRDA:5086,352,1,0
BRDA:5107,353,0,0
BRDA:5107,353,1,0
BRDA:5112,354,0,0
BRDA:5112,354,1,0
BRDA:5149,355,0,0
BRDA:5149,355,1,0
BRDA:5161,356,0,0
BRDA:5162,357,0,0
BRDA:5162,357,1,0
BRDA:5169,358,0,0
BRDA:5169,358,1,0
BRDA:5190,359,0,0
BRDA:5190,359,1,0
BRDA:5196,360,0,0
BRDA:5196,360,1,0
BRDA:5201,361,0,0
BRDA:5201,361,1,0
BRDA:5242,362,0,0
BRDA:5242,362,1,0
BRDA:5243,363,0,0
BRDA:5243,363,1,0
BRDA:5244,364,0,0
BRDA:5244,364,1,0
BRDA:5245,365,0,0
BRDA:5245,365,1,0
BRDA:5254,366,0,0
BRDA:5264,367,0,0
BRDA:5264,367,1,0
BRDA:5265,368,0,0
BRDA:5265,368,1,0
BRDA:5266,369,0,0
BRDA:5266,369,1,0
BRDA:5279,370,0,0
BRDA:5279,370,1,0
BRDA:5279,371,0,0
BRDA:5279,371,1,0
BRDA:5283,372,0,0
BRDA:5283,372,1,0
BRDA:5301,373,0,0
BRDA:5301,373,1,0
BRF:685
BRH:42
end_of_record
TN:
SF:C:\Users\rxliuli\Text\Web\rx-util\src\index.ts
FNF:0
FNH:0
DA:1,2
DA:2,2
DA:3,2
DA:4,2
DA:5,2
DA:6,2
DA:7,2
DA:8,2
DA:9,2
DA:10,2
DA:11,2
DA:12,2
DA:13,2
DA:14,2
DA:15,2
DA:16,2
DA:17,2
DA:18,2
DA:19,2
DA:20,2
DA:21,2
DA:22,2
DA:23,2
DA:24,2
DA:25,2
DA:26,2
DA:27,2
DA:28,2
DA:29,2
DA:30,2
DA:31,2
DA:32,2
DA:33,2
DA:34,2
DA:35,2
DA:36,2
DA:37,2
DA:38,2
DA:39,2
DA:40,2
DA:41,2
DA:42,2
DA:43,2
DA:44,2
DA:45,2
DA:46,2
DA:47,2
DA:48,2
DA:49,2
DA:50,2
DA:51,2
DA:52,2
DA:53,2
DA:54,2
DA:55,2
DA:56,2
DA:57,2
DA:58,2
DA:59,2
DA:60,2
DA:61,2
DA:62,2
DA:63,2
DA:64,2
DA:65,2
DA:66,2
DA:67,2
DA:68,2
DA:69,2
DA:70,2
DA:71,2
DA:72,2
DA:73,2
DA:74,2
DA:75,2
DA:76,2
DA:77,2
DA:78,2
DA:79,2
DA:80,2
DA:81,2
DA:82,2
DA:83,2
DA:84,2
DA:85,2
DA:86,2
DA:87,2
DA:88,2
DA:89,2
DA:93,2
DA:94,2
DA:95,2
DA:96,2
DA:97,2
DA:98,2
DA:99,2
DA:100,2
DA:102,2
DA:103,2
DA:104,2
DA:105,2
DA:106,2
DA:107,2
DA:108,2
DA:109,2
DA:110,2
DA:111,2
DA:112,2
DA:113,2
DA:114,2
DA:115,2
DA:116,2
DA:117,2
DA:123,2
DA:124,2
DA:125,2
DA:126,2
DA:127,2
DA:128,2
DA:129,2
DA:130,2
DA:131,2
DA:132,2
DA:133,2
DA:134,2
DA:135,2
DA:136,2
DA:137,2
DA:138,2
DA:139,2
DA:140,2
DA:141,2
DA:142,2
DA:143,2
DA:144,2
DA:145,2
DA:146,2
DA:147,2
DA:148,2
DA:149,2
DA:150,2
DA:151,2
DA:152,2
DA:153,2
DA:154,2
DA:155,2
DA:161,2
DA:162,2
DA:163,2
DA:164,2
DA:165,2
DA:166,2
DA:167,2
DA:168,2
DA:169,2
DA:170,2
DA:171,2
DA:172,2
DA:173,2
DA:174,2
DA:175,2
DA:176,2
DA:177,2
DA:178,2
DA:179,2
DA:180,2
DA:181,2
DA:182,2
DA:183,2
DA:184,2
DA:185,2
DA:186,2
DA:187,2
DA:188,2
DA:189,2
DA:190,2
DA:191,2
DA:192,2
DA:193,2
DA:194,2
DA:195,2
DA:196,2
DA:197,2
DA:198,2
DA:199,2
DA:200,2
DA:201,2
DA:202,2
DA:203,2
DA:204,2
DA:205,2
DA:206,2
DA:207,2
DA:208,2
DA:209,2
DA:210,2
DA:211,2
DA:212,2
DA:213,2
DA:214,2
DA:215,2
DA:216,2
DA:217,2
DA:218,2
DA:219,2
DA:220,2
DA:221,2
DA:222,2
DA:223,2
DA:224,2
DA:225,2
DA:226,2
DA:227,2
DA:228,2
DA:229,2
DA:230,2
DA:231,2
DA:232,2
DA:233,2
DA:234,2
DA:235,2
DA:236,2
DA:237,2
DA:238,2
DA:239,2
DA:240,2
DA:241,2
DA:242,2
DA:243,2
DA:244,2
DA:245,2
DA:246,2
DA:247,2
DA:248,2
DA:249,2
DA:250,2
DA:251,2
DA:252,2
DA:253,2
DA:254,2
DA:255,2
DA:256,2
DA:257,2
DA:258,2
DA:259,2
DA:260,2
DA:261,2
DA:262,2
DA:263,2
DA:264,2
DA:265,2
DA:266,2
DA:267,2
DA:268,2
DA:269,2
DA:270,2
DA:271,2
DA:272,2
DA:273,2
DA:274,2
DA:275,2
DA:276,2
DA:277,2
DA:278,2
DA:279,2
DA:280,2
DA:281,2
DA:282,2
DA:283,2
DA:284,2
DA:285,2
DA:286,2
DA:287,2
DA:288,2
DA:289,2
DA:290,2
DA:291,2
DA:292,2
DA:293,2
DA:294,2
DA:295,2
DA:296,2
DA:297,2
DA:298,2
DA:299,2
DA:300,2
DA:301,2
DA:302,2
DA:303,2
DA:304,2
DA:305,2
DA:306,2
DA:307,2
DA:308,2
DA:309,2
DA:310,2
DA:311,2
DA:312,2
DA:314,2
DA:315,2
DA:316,2
DA:317,2
DA:318,2
DA:319,2
LF:304
LH:304
BRF:0
BRH:0
end_of_record
TN:
SF:C:\Users\rxliuli\Text\Web\rx-util\src\module\ajax\FetchLimiting.ts
FN:33,(anonymous_0)
FN:63,(anonymous_1)
FN:67,(anonymous_3)
FN:67,(anonymous_4)
FN:78,(anonymous_5)
FNF:5
FNH:0
FNDA:0,(anonymous_0)
FNDA:0,(anonymous_1)
FNDA:0,(anonymous_3)
FNDA:0,(anonymous_4)
FNDA:0,(anonymous_5)
DA:1,2
DA:2,2
DA:22,2
DA:40,0
DA:44,0
DA:48,0
DA:53,0
DA:67,0
DA:68,0
DA:69,0
DA:70,0
DA:72,0
DA:74,0
DA:77,0
DA:78,0
DA:80,0
LF:16
LH:3
BRDA:36,0,0,0
BRDA:34,1,0,0
BRDA:35,2,0,0
BRF:3
BRH:0
end_of_record
TN:
SF:C:\Users\rxliuli\Text\Web\rx-util\src\module\ajax\download.ts
FN:6,download
FNF:1
FNH:0
FNDA:0,download
DA:6,2
DA:8,0
DA:9,0
DA:10,0
DA:12,0
DA:14,0
DA:15,0
DA:17,0
LF:8
LH:1
BRDA:6,0,0,0
BRF:1
BRH:0
end_of_record
TN:
SF:C:\Users\rxliuli\Text\Web\rx-util\src\module\ajax\downloadString.ts
FN:9,downloadString
FNF:1
FNH:0
FNDA:0,downloadString
DA:1,2
DA:2,2
DA:9,2
DA:10,0
LF:4
LH:3
BRDA:9,0,0,0
BRF:1
BRH:0
end_of_record
TN:
SF:C:\Users\rxliuli\Text\Web\rx-util\src\module\ajax\downloadUrl.ts
FN:6,downloadUrl
FNF:1
FNH:0
FNDA:0,downloadUrl
DA:6,2
DA:11,0
DA:12,0
DA:13,0
DA:15,0
DA:17,0
DA:18,0
DA:20,0
LF:8
LH:1
BRDA:8,0,0,0
BRF:1
BRH:0
end_of_record
TN:
SF:C:\Users\rxliuli\Text\Web\rx-util\src\module\ajax\fetchTimeout.ts
FN:10,fetchTimeout
FN:16,(anonymous_1)
FNF:2
FNH:0
FNDA:0,fetchTimeout
FNDA:0,(anonymous_1)
DA:1,2
DA:10,2
DA:14,0
DA:17,0
LF:4
LH:2
BRF:0
BRH:0
end_of_record
TN:
SF:C:\Users\rxliuli\Text\Web\rx-util\src\module\ajax\getCookies.ts
FN:5,getCookies
FN:6,(anonymous_1)
FNF:2
FNH:0
FNDA:0,getCookies
FNDA:0,(anonymous_1)
DA:5,2
DA:6,0
DA:7,0
DA:8,0
DA:9,0
LF:5
LH:1
BRF:0
BRH:0
end_of_record
TN:
SF:C:\Users\rxliuli\Text\Web\rx-util\src\module\ajax\loadResource.ts
FN:9,loadResource
FNF:1
FNH:0
FNDA:0,loadResource
DA:9,2
DA:19,0
DA:20,0
DA:22,0
LF:4
LH:1
BRDA:17,0,0,0
BRF:1
BRH:0
end_of_record
TN:
SF:C:\Users\rxliuli\Text\Web\rx-util\src\module\ajax\loadScript.ts
FN:6,loadScript
FN:7,(anonymous_1)
FN:11,(anonymous_2)
FNF:3
FNH:0
FNDA:0,loadScript
FNDA:0,(anonymous_1)
FNDA:0,(anonymous_2)
DA:6,2
DA:7,0
DA:8,0
DA:9,0
DA:10,0
DA:11,0
DA:12,0
DA:13,0
LF:8
LH:1
BRF:0
BRH:0
end_of_record
TN:
SF:C:\Users\rxliuli\Text\Web\rx-util\src\module\ajax\loadStyle.ts
FN:6,loadStyle
FN:7,(anonymous_1)
FN:11,(anonymous_2)
FNF:3
FNH:0
FNDA:0,loadStyle
FNDA:0,(anonymous_1)
FNDA:0,(anonymous_2)
DA:6,2
DA:7,0
DA:8,0
DA:9,0
DA:10,0
DA:11,0
DA:12,0
DA:13,0
LF:8
LH:1
BRF:0
BRH:0
end_of_record
TN:
SF:C:\Users\rxliuli\Text\Web\rx-util\src\module\ajax\objToURLSearchParams.ts
FN:6,objToURLSearchParams
FNF:1
FNH:1
FNDA:1,objToURLSearchParams
DA:6,1
DA:7,1
DA:8,1
DA:9,2
DA:11,1
LF:5
LH:5
BRF:0
BRH:0
end_of_record
TN:
SF:C:\Users\rxliuli\Text\Web\rx-util\src\module\ajax\parseUrl.ts
FN:54,parseUrl
FN:97,(anonymous_1)
FN:98,(anonymous_2)
FN:99,(anonymous_3)
FNF:4
FNH:4
FNDA:1,parseUrl
FNDA:2,(anonymous_1)
FNDA:2,(anonymous_2)
FNDA:2,(anonymous_3)
DA:42,3
DA:54,3
DA:55,1
DA:56,0
DA:59,1
DA:60,1
DA:61,1
DA:62,0
DA:64,1
DA:65,1
DA:66,1
DA:67,1
DA:68,1
DA:71,1
DA:72,1
DA:74,1
DA:75,0
DA:76,0
DA:88,1
DA:89,1
DA:90,1
DA:92,1
DA:94,1
DA:97,2
DA:98,2
DA:100,2
DA:101,2
DA:103,2
DA:104,2
DA:105,2
DA:107,0
DA:108,0
DA:110,0
DA:111,0
DA:114,2
DA:116,1
LF:36
LH:28
BRDA:55,0,0,0
BRDA:55,0,1,1
BRDA:61,1,0,0
BRDA:61,1,1,1
BRDA:74,2,0,0
BRDA:74,2,1,1
BRDA:89,3,0,1
BRDA:89,3,1,0
BRDA:92,4,0,1
BRDA:92,4,1,1
BRDA:92,4,2,0
BRDA:101,5,0,0
BRDA:101,5,1,2
BRDA:104,6,0,2
BRDA:104,6,1,0
BRDA:107,7,0,0
BRDA:107,7,1,0
BRDA:110,8,0,0
BRDA:110,8,1,0
BRF:19
BRH:8
end_of_record
TN:
SF:C:\Users\rxliuli\Text\Web\rx-util\src\module\ajax\readLocal.ts
FN:4,(anonymous_0)
FN:36,_readLocal
FN:50,(anonymous_2)
FN:55,(anonymous_3)
FN:58,(anonymous_4)
FNF:5
FNH:4
FNDA:3,(anonymous_0)
FNDA:1,_readLocal
FNDA:1,(anonymous_2)
FNDA:1,(anonymous_3)
FNDA:0,(anonymous_4)
DA:4,3
DA:8,3
DA:12,3
DA:16,3
DA:20,3
DA:36,3
DA:43,1
DA:50,1
DA:51,1
DA:52,0
DA:54,1
DA:55,1
DA:56,1
DA:58,1
DA:59,0
DA:61,1
DA:63,0
DA:64,0
DA:66,1
DA:67,1
DA:69,0
DA:70,0
DA:72,0
DA:73,0
DA:78,3
LF:25
LH:17
BRDA:4,0,0,3
BRDA:4,0,1,3
BRDA:41,1,0,0
BRDA:51,2,0,0
BRDA:51,2,1,1
BRDA:62,3,0,0
BRDA:62,3,1,1
BRDA:62,3,2,0
BRDA:62,3,3,0
BRF:9
BRH:4
end_of_record
TN:
SF:C:\Users\rxliuli\Text\Web\rx-util\src\module\ajax\spliceParams.ts
FN:14,(anonymous_0)
FN:22,spliceParams
FN:23,(anonymous_2)
FN:30,(anonymous_3)
FNF:4
FNH:4
FNDA:10,(anonymous_0)
FNDA:6,spliceParams
FNDA:7,(anonymous_2)
FNDA:5,(anonymous_3)
DA:1,3
DA:7,3
DA:14,3
DA:15,10
DA:22,3
DA:23,6
DA:24,7
DA:25,0
DA:26,7
DA:27,1
DA:28,6
DA:29,2
DA:31,5
DA:38,4
DA:40,7
LF:15
LH:14
BRDA:22,0,0,1
BRDA:24,1,0,0
BRDA:24,1,1,7
BRDA:24,2,0,7
BRDA:24,2,1,7
BRDA:26,3,0,1
BRDA:26,3,1,6
BRDA:28,4,0,2
BRDA:28,4,1,4
BRDA:33,5,0,2
BRDA:33,5,1,3
BRF:11
BRH:10
end_of_record
TN:
SF:C:\Users\rxliuli\Text\Web\rx-util\src\module\ajax\strToArrayBuffer.ts
FN:6,strToArrayBuffer
FNF:1
FNH:0
FNDA:0,strToArrayBuffer
DA:6,2
DA:7,0
DA:8,0
DA:9,0
DA:10,0
DA:12,0
LF:6
LH:1
BRF:0
BRH:0
end_of_record
TN:
SF:C:\Users\rxliuli\Text\Web\rx-util\src\module\ajax\strToBlob.ts
FN:6,strToBlob
FNF:1
FNH:1
FNDA:2,strToBlob
DA:6,4
DA:7,2
LF:2
LH:2
BRF:0
BRH:0
end_of_record
TN:
SF:C:\Users\rxliuli\Text\Web\rx-util\src\module\array\ArrayUtil.ts
FN:14,(anonymous_0)
FN:26,(anonymous_1)
FNF:2
FNH:2
FNDA:1,(anonymous_0)
FNDA:2,(anonymous_1)
DA:1,1
DA:6,1
DA:15,1
DA:16,1
DA:17,1
DA:27,2
LF:6
LH:6
BRF:0
BRH:0
end_of_record
TN:
SF:C:\Users\rxliuli\Text\Web\rx-util\src\module\array\ArrayValidator.ts
FN:12,(anonymous_0)
FNF:1
FNH:1
FNDA:46,(anonymous_0)
DA:1,7
DA:6,7
DA:13,46
DA:25,7
LF:4
LH:4
BRDA:14,0,0,46
BRDA:14,0,1,20
BRDA:14,0,2,20
BRF:3
BRH:3
end_of_record
TN:
SF:C:\Users\rxliuli\Text\Web\rx-util\src\module\array\AsyncArray.ts
FN:8,(anonymous_0)
FN:30,(anonymous_1)
FN:66,(anonymous_2)
FN:103,(anonymous_3)
FN:111,(anonymous_5)
FN:113,_sort
FN:142,(anonymous_8)
FN:143,(anonymous_9)
FN:180,(anonymous_10)
FN:191,(anonymous_12)
FN:201,(anonymous_14)
FN:207,(anonymous_16)
FN:213,(anonymous_17)
FN:219,(anonymous_18)
FN:228,(anonymous_19)
FN:231,(anonymous_20)
FN:238,(anonymous_22)
FN:249,(anonymous_24)
FN:258,(anonymous_26)
FN:267,(anonymous_28)
FN:280,(anonymous_30)
FN:293,(anonymous_32)
FN:310,(anonymous_34)
FN:313,(anonymous_35)
FN:318,(anonymous_37)
FN:330,(anonymous_39)
FN:335,(anonymous_41)
FN:341,(anonymous_43)
FN:346,(anonymous_44)
FN:359,(anonymous_46)
FN:372,(anonymous_48)
FN:377,(anonymous_50)
FN:381,(anonymous_52)
FN:431,(anonymous_53)
FN:393,(anonymous_54)
FN:397,(anonymous_55)
FN:405,(anonymous_56)
FN:439,(anonymous_57)
FN:448,(anonymous_58)
FN:457,(anonymous_59)
FN:466,(anonymous_60)
FN:469,(anonymous_61)
FN:472,(anonymous_62)
FN:475,(anonymous_63)
FN:484,(anonymous_64)
FN:493,(anonymous_65)
FN:502,(anonymous_66)
FN:511,(anonymous_67)
FN:520,(anonymous_68)
FN:526,(anonymous_69)
FN:535,(anonymous_70)
FN:576,(anonymous_72)
FN:582,(anonymous_73)
FN:587,(anonymous_74)
FNF:54
FNH:40
FNDA:4,(anonymous_0)
FNDA:18,(anonymous_1)
FNDA:34,(anonymous_2)
FNDA:0,(anonymous_3)
FNDA:0,(anonymous_5)
FNDA:0,_sort
FNDA:0,(anonymous_8)
FNDA:0,(anonymous_9)
FNDA:1,(anonymous_10)
FNDA:1,(anonymous_12)
FNDA:0,(anonymous_14)
FNDA:1,(anonymous_16)
FNDA:1,(anonymous_17)
FNDA:14,(anonymous_18)
FNDA:31,(anonymous_19)
FNDA:1,(anonymous_20)
FNDA:5,(anonymous_22)
FNDA:3,(anonymous_24)
FNDA:2,(anonymous_26)
FNDA:1,(anonymous_28)
FNDA:1,(anonymous_30)
FNDA:3,(anonymous_32)
FNDA:3,(anonymous_34)
FNDA:0,(anonymous_35)
FNDA:1,(anonymous_37)
FNDA:1,(anonymous_39)
FNDA:0,(anonymous_41)
FNDA:0,(anonymous_43)
FNDA:0,(anonymous_44)
FNDA:0,(anonymous_46)
FNDA:0,(anonymous_48)
FNDA:2,(anonymous_50)
FNDA:8,(anonymous_52)
FNDA:25,(anonymous_53)
FNDA:28,(anonymous_54)
FNDA:60,(anonymous_55)
FNDA:4,(anonymous_56)
FNDA:4,(anonymous_57)
FNDA:4,(anonymous_58)
FNDA:2,(anonymous_59)
FNDA:0,(anonymous_60)
FNDA:1,(anonymous_61)
FNDA:1,(anonymous_62)
FNDA:1,(anonymous_63)
FNDA:0,(anonymous_64)
FNDA:1,(anonymous_65)
FNDA:1,(anonymous_66)
FNDA:1,(anonymous_67)
FNDA:1,(anonymous_68)
FNDA:1,(anonymous_69)
FNDA:20,(anonymous_70)
FNDA:4,(anonymous_72)
FNDA:2,(anonymous_73)
FNDA:18,(anonymous_74)
DA:1,4
DA:2,4
DA:3,4
DA:8,4
DA:9,4
DA:10,4
DA:11,4
DA:12,4
DA:13,4
DA:14,4
DA:15,4
DA:16,4
DA:17,4
DA:18,4
DA:19,4
DA:20,4
DA:21,4
DA:29,4
DA:30,18
DA:31,18
DA:32,18
DA:67,34
DA:106,0
DA:107,0
DA:110,0
DA:111,0
DA:118,0
DA:119,0
DA:122,0
DA:123,0
DA:124,0
DA:125,0
DA:126,0
DA:127,0
DA:128,0
DA:130,0
DA:131,0
DA:132,0
DA:134,0
DA:137,0
DA:141,0
DA:142,0
DA:143,0
DA:183,1
DA:184,1
DA:194,1
DA:202,0
DA:208,1
DA:214,1
DA:220,14
DA:229,31
DA:234,1
DA:235,5
DA:241,5
DA:242,5
DA:243,25
DA:244,10
DA:247,5
DA:252,3
DA:253,3
DA:254,10
DA:256,3
DA:261,2
DA:262,2
DA:263,8
DA:265,2
DA:271,1
DA:272,5
DA:273,4
DA:275,1
DA:278,1
DA:284,1
DA:285,5
DA:286,4
DA:288,1
DA:291,1
DA:296,3
DA:297,5
DA:298,5
DA:299,3
DA:302,0
DA:311,3
DA:316,0
DA:321,1
DA:322,1
DA:323,1
DA:324,5
DA:325,3
DA:328,1
DA:333,1
DA:338,0
DA:339,0
DA:344,0
DA:350,0
DA:351,0
DA:352,0
DA:354,0
DA:357,0
DA:363,0
DA:364,0
DA:365,0
DA:367,0
DA:370,0
DA:375,0
DA:380,2
DA:381,8
DA:388,4
DA:394,28
DA:395,28
DA:398,60
DA:408,4
DA:409,4
DA:410,1
DA:412,3
DA:413,3
DA:418,25
DA:432,25
DA:437,25
DA:446,4
DA:455,4
DA:464,2
DA:467,0
DA:470,1
DA:473,1
DA:482,1
DA:491,0
DA:500,1
DA:509,1
DA:518,1
DA:524,1
DA:530,1
DA:545,20
DA:546,20
DA:547,20
DA:548,20
DA:549,20
DA:554,20
DA:555,14
DA:557,6
DA:558,0
DA:560,6
DA:563,14
DA:564,10
DA:566,14
DA:568,0
DA:569,0
DA:577,4
DA:583,2
DA:584,10
DA:588,18
DA:589,18
DA:590,18
LF:152
LH:109
BRDA:8,0,0,4
BRDA:8,0,1,4
BRDA:66,1,0,11
BRDA:106,2,0,0
BRDA:106,2,1,0
BRDA:118,3,0,0
BRDA:118,3,1,0
BRDA:127,4,0,0
BRDA:127,4,1,0
BRDA:131,5,0,0
BRDA:131,5,1,0
BRDA:184,6,0,0
BRDA:184,6,1,1
BRDA:243,7,0,10
BRDA:243,7,1,15
BRDA:272,8,0,4
BRDA:272,8,1,1
BRDA:285,9,0,4
BRDA:285,9,1,1
BRDA:298,10,0,3
BRDA:298,10,1,2
BRDA:324,11,0,3
BRDA:324,11,1,2
BRDA:351,12,0,0
BRDA:351,12,1,0
BRDA:364,13,0,0
BRDA:364,13,1,0
BRDA:409,14,0,1
BRDA:409,14,1,3
BRDA:554,15,0,14
BRDA:554,15,1,6
BRDA:557,16,0,0
BRDA:557,16,1,6
BRDA:563,17,0,10
BRDA:563,17,1,4
BRDA:568,18,0,0
BRDA:568,18,1,0
BRF:37
BRH:21
end_of_record
TN:
SF:C:\Users\rxliuli\Text\Web\rx-util\src\module\array\arrayDiffBy.ts
FNF:0
FNH:0
DA:1,2
DA:7,2
LF:2
LH:2
BRF:0
BRH:0
end_of_record
TN:
SF:C:\Users\rxliuli\Text\Web\rx-util\src\module\array\arrayToMap.ts
FN:22,arrayToMap
FN:30,(anonymous_1)
FNF:2
FNH:2
FNDA:28,arrayToMap
FNDA:147,(anonymous_1)
DA:1,8
DA:3,8
DA:22,8
DA:27,28
DA:28,28
DA:29,28
DA:31,147
LF:7
LH:7
BRDA:25,0,0,1
BRF:1
BRH:1
end_of_record
TN:
SF:C:\Users\rxliuli\Text\Web\rx-util\src\module\array\asIterator.ts
FN:7,asIterator
FNF:1
FNH:0
FNDA:0,asIterator
DA:7,3
DA:8,0
DA:9,0
DA:10,0
DA:11,0
DA:12,0
DA:14,0
DA:16,0
LF:8
LH:1
BRDA:11,0,0,0
BRDA:11,0,1,0
BRF:2
BRH:0
end_of_record
TN:
SF:C:\Users\rxliuli\Text\Web\rx-util\src\module\array\asyncFlatMap.ts
FN:10,asyncFlatMap
FNF:1
FNH:1
FNDA:1,asyncFlatMap
DA:8,3
DA:10,3
DA:14,1
LF:3
LH:3
BRF:0
BRH:0
end_of_record
TN:
SF:C:\Users\rxliuli\Text\Web\rx-util\src\module\array\diffBy.ts
FN:23,diffBy
FN:32,(anonymous_1)
FN:34,(anonymous_2)
FN:37,(anonymous_3)
FNF:4
FNH:4
FNDA:3,diffBy
FNDA:12,(anonymous_1)
FNDA:9,(anonymous_2)
FNDA:12,(anonymous_3)
DA:1,3
DA:3,3
DA:23,3
DA:28,3
DA:30,3
DA:31,3
DA:32,12
DA:33,3
DA:34,9
DA:36,3
DA:37,12
DA:38,3
LF:12
LH:12
BRDA:26,0,0,1
BRF:1
BRH:1
end_of_record
TN:
SF:C:\Users\rxliuli\Text\Web\rx-util\src\module\array\extractFieldMap.ts
FN:10,extractFieldMap
FN:15,(anonymous_1)
FN:23,(anonymous_2)
FN:24,(anonymous_3)
FNF:4
FNH:4
FNDA:1,extractFieldMap
FNDA:4,(anonymous_1)
FNDA:4,(anonymous_2)
FNDA:4,(anonymous_3)
DA:1,3
DA:10,3
DA:14,1
DA:16,4
DA:17,16
DA:19,4
DA:23,4
DA:24,4
LF:8
LH:8
BRF:0
BRH:0
end_of_record
TN:
SF:C:\Users\rxliuli\Text\Web\rx-util\src\module\array\filterItems.ts
FN:12,filterItems
FN:19,(anonymous_1)
FNF:2
FNH:2
FNDA:3,filterItems
FNDA:12,(anonymous_1)
DA:1,3
DA:3,3
DA:12,3
DA:17,3
DA:18,3
DA:19,12
LF:6
LH:6
BRDA:15,0,0,2
BRF:1
BRH:1
end_of_record
TN:
SF:C:\Users\rxliuli\Text\Web\rx-util\src\module\array\findIndex.ts
FN:10,findIndex
FNF:1
FNH:1
FNDA:28,findIndex
DA:10,4
DA:15,28
DA:16,28
DA:17,42
DA:18,14
DA:21,14
LF:6
LH:6
BRDA:13,0,0,1
BRDA:17,1,0,14
BRDA:17,1,1,28
BRDA:17,2,0,42
BRDA:17,2,1,36
BRF:5
BRH:5
end_of_record
TN:
SF:C:\Users\rxliuli\Text\Web\rx-util\src\module\array\flatMap.ts
FN:10,flatMap
FN:12,(anonymous_1)
FN:15,(anonymous_2)
FNF:3
FNH:3
FNDA:4,flatMap
FNDA:4,(anonymous_1)
FNDA:14,(anonymous_2)
DA:2,5
DA:10,5
DA:12,4
DA:14,4
DA:15,4
DA:16,14
DA:17,14
LF:7
LH:7
BRDA:12,0,0,1
BRF:1
BRH:1
end_of_record
TN:
SF:C:\Users\rxliuli\Text\Web\rx-util\src\module\array\getKFn.ts
FN:10,getKFn
FNF:1
FNH:1
FNDA:88,getKFn
DA:1,20
DA:10,20
DA:11,88
LF:3
LH:3
BRDA:11,0,0,85
BRDA:11,0,1,3
BRF:2
BRH:2
end_of_record
TN:
SF:C:\Users\rxliuli\Text\Web\rx-util\src\module\array\groupBy.ts
FN:50,groupBy
FN:59,(anonymous_1)
FN:63,(anonymous_2)
FN:67,(anonymous_3)
FNF:4
FNH:4
FNDA:7,groupBy
FNDA:16,(anonymous_1)
FNDA:10,(anonymous_2)
FNDA:26,(anonymous_3)
DA:4,5
DA:50,5
DA:60,16
DA:61,16
DA:63,10
DA:65,7
DA:67,7
DA:68,26
DA:70,26
DA:71,14
DA:73,26
DA:74,26
LF:12
LH:12
BRDA:59,0,0,4
BRDA:63,1,0,5
BRDA:70,2,0,14
BRDA:70,2,1,12
BRF:4
BRH:4
end_of_record
TN:
SF:C:\Users\rxliuli\Text\Web\rx-util\src\module\array\insert.ts
FN:7,insert
FNF:1
FNH:1
FNDA:5,insert
DA:7,1
DA:9,5
DA:10,5
DA:11,5
DA:12,5
LF:5
LH:5
BRDA:9,0,0,1
BRDA:9,0,1,4
BRDA:9,1,0,1
BRDA:9,1,1,3
BRF:4
BRH:4
end_of_record
TN:
SF:C:\Users\rxliuli\Text\Web\rx-util\src\module\array\kFnToCompare.ts
FN:7,kFnToCompare
FN:10,(anonymous_1)
FNF:2
FNH:2
FNDA:2,kFnToCompare
FNDA:9,(anonymous_1)
DA:7,1
DA:10,2
DA:11,9
DA:12,9
DA:13,9
DA:14,0
DA:15,9
DA:16,5
DA:18,4
LF:9
LH:8
BRDA:13,0,0,0
BRDA:13,0,1,9
BRDA:15,1,0,5
BRDA:15,1,1,4
BRF:4
BRH:3
end_of_record
TN:
SF:C:\Users\rxliuli\Text\Web\rx-util\src\module\array\range.ts
FN:8,range
FNF:1
FNH:1
FNDA:70,range
DA:8,21
DA:9,70
DA:10,70
DA:11,575
DA:13,70
LF:5
LH:5
BRDA:8,0,0,69
BRF:1
BRH:1
end_of_record
TN:
SF:C:\Users\rxliuli\Text\Web\rx-util\src\module\array\segmentation.ts
FN:8,segmentation
FN:9,(anonymous_1)
FNF:2
FNH:2
FNDA:3,segmentation
FNDA:11,(anonymous_1)
DA:8,3
DA:9,3
DA:10,11
DA:11,11
DA:12,5
DA:14,11
DA:15,10
LF:7
LH:7
BRDA:11,0,0,5
BRDA:11,0,1,6
BRF:2
BRH:2
end_of_record
TN:
SF:C:\Users\rxliuli\Text\Web\rx-util\src\module\array\sortBy.ts
FN:13,sortBy
FN:16,(anonymous_1)
FN:17,_sort
FN:42,(anonymous_3)
FN:52,(anonymous_4)
FNF:5
FNH:5
FNDA:8,sortBy
FNDA:27,(anonymous_1)
FNDA:34,_sort
FNDA:26,(anonymous_3)
FNDA:27,(anonymous_4)
DA:1,4
DA:3,4
DA:13,4
DA:14,8
DA:16,27
DA:19,34
DA:20,21
DA:23,13
DA:24,13
DA:25,13
DA:26,13
DA:27,13
DA:28,39
DA:29,13
DA:31,26
DA:32,26
DA:33,15
DA:35,11
DA:38,13
DA:42,8
DA:43,26
DA:44,26
DA:45,26
DA:46,3
DA:47,23
DA:48,12
DA:50,11
DA:52,27
LF:28
LH:28
BRDA:13,0,0,5
BRDA:19,1,0,21
BRDA:19,1,1,13
BRDA:28,2,0,13
BRDA:28,2,1,26
BRDA:32,3,0,15
BRDA:32,3,1,11
BRDA:45,4,0,3
BRDA:45,4,1,23
BRDA:47,5,0,12
BRDA:47,5,1,11
BRF:11
BRH:11
end_of_record
TN:
SF:C:\Users\rxliuli\Text\Web\rx-util\src\module\array\toObject.ts
FN:22,toObject
FN:29,(anonymous_1)
FNF:2
FNH:2
FNDA:2,toObject
FNDA:6,(anonymous_1)
DA:2,3
DA:3,3
DA:22,3
DA:27,2
DA:28,2
DA:29,2
DA:30,6
DA:31,6
DA:32,6
DA:34,6
LF:10
LH:10
BRDA:25,0,0,1
BRDA:31,1,0,6
BRDA:31,1,1,0
BRF:3
BRH:2
end_of_record
TN:
SF:C:\Users\rxliuli\Text\Web\rx-util\src\module\array\uniqueBy.ts
FN:11,uniqueBy
FN:17,(anonymous_1)
FNF:2
FNH:2
FNDA:3,uniqueBy
FNDA:16,(anonymous_1)
DA:1,4
DA:3,4
DA:11,4
DA:15,3
DA:16,3
DA:17,3
DA:18,16
DA:19,16
DA:20,6
DA:22,10
DA:23,10
LF:11
LH:11
BRDA:13,0,0,2
BRDA:19,1,0,6
BRDA:19,1,1,10
BRF:3
BRH:3
end_of_record
TN:
SF:C:\Users\rxliuli\Text\Web\rx-util\src\module\async\Locker.ts
FN:8,(anonymous_0)
FN:36,(anonymous_1)
FN:44,(anonymous_2)
FN:52,(anonymous_3)
FN:58,(anonymous_5)
FN:74,(anonymous_6)
FNF:6
FNH:6
FNDA:135,(anonymous_0)
FNDA:2,(anonymous_1)
FNDA:74,(anonymous_2)
FNDA:14,(anonymous_3)
FNDA:60,(anonymous_5)
FNDA:14,(anonymous_6)
DA:1,3
DA:8,135
DA:21,3
DA:37,2
DA:38,2
DA:45,74
DA:53,14
DA:57,12
DA:59,60
DA:60,60
DA:61,12
DA:63,60
DA:68,2
DA:75,14
LF:14
LH:14
BRDA:36,0,0,2
BRDA:36,1,0,2
BRDA:38,2,0,2
BRDA:38,2,1,2
BRDA:52,3,0,14
BRDA:53,4,0,12
BRDA:53,4,1,2
BRDA:60,5,0,12
BRDA:60,5,1,48
BRF:9
BRH:9
end_of_record
TN:
SF:C:\Users\rxliuli\Text\Web\rx-util\src\module\async\MicrotaskQueue.ts
FN:9,(anonymous_0)
FN:14,(anonymous_1)
FN:19,(anonymous_2)
FN:24,(anonymous_3)
FN:27,(anonymous_4)
FNF:5
FNH:5
FNDA:5,(anonymous_0)
FNDA:11,(anonymous_1)
FNDA:14,(anonymous_2)
FNDA:17,(anonymous_3)
FNDA:12,(anonymous_4)
DA:1,3
DA:9,3
DA:11,5
DA:13,5
DA:15,11
DA:16,11
DA:17,11
DA:20,14
DA:21,9
DA:23,5
DA:24,5
DA:25,17
DA:26,12
DA:27,12
DA:29,5
DA:32,5
LF:16
LH:16
BRDA:20,0,0,9
BRDA:20,0,1,5
BRDA:25,1,0,12
BRDA:25,1,1,5
BRF:4
BRH:4
end_of_record
TN:
SF:C:\Users\rxliuli\Text\Web\rx-util\src\module\async\async.ts
FN:11,async
FN:13,(anonymous_1)
FNF:2
FNH:2
FNDA:20,async
FNDA:63,(anonymous_1)
DA:11,6
DA:12,20
DA:14,63
LF:3
LH:3
BRF:0
BRH:0
end_of_record
TN:
SF:C:\Users\rxliuli\Text\Web\rx-util\src\module\async\asyncLimiting.ts
FN:22,asyncLimiting
FN:33,(anonymous_1)
FN:34,(anonymous_3)
FN:34,(anonymous_4)
FN:48,(anonymous_5)
FNF:5
FNH:5
FNDA:2,asyncLimiting
FNDA:14,(anonymous_1)
FNDA:10,(anonymous_3)
FNDA:10,(anonymous_4)
FNDA:55,(anonymous_5)
DA:1,3
DA:22,3
DA:27,2
DA:29,2
DA:31,2
DA:32,2
DA:34,14
DA:35,10
DA:36,0
DA:37,0
DA:39,10
DA:40,10
DA:41,10
DA:43,10
DA:46,14
DA:48,14
DA:49,55
DA:51,55
DA:52,10
DA:53,10
DA:55,55
DA:57,10
LF:22
LH:20
BRDA:24,0,0,2
BRDA:24,1,0,2
BRDA:35,2,0,0
BRDA:35,2,1,10
BRDA:51,3,0,10
BRDA:51,3,1,45
BRF:6
BRH:5
end_of_record
TN:
SF:C:\Users\rxliuli\Text\Web\rx-util\src\module\async\compatibleAsync.ts
FN:10,compatibleAsync
FNF:1
FNH:1
FNDA:101,compatibleAsync
DA:10,18
DA:14,101
LF:2
LH:2
BRDA:15,0,0,41
BRDA:15,0,1,60
BRF:2
BRH:2
end_of_record
TN:
SF:C:\Users\rxliuli\Text\Web\rx-util\src\module\async\concatMap.ts
FN:12,concatMap
FN:18,(anonymous_1)
FN:22,(anonymous_3)
FNF:3
FNH:3
FNDA:1,concatMap
FNDA:3,(anonymous_1)
FNDA:6,(anonymous_3)
DA:1,3
DA:12,3
DA:14,1
DA:16,1
DA:17,1
DA:19,3
DA:20,3
DA:21,3
DA:22,6
DA:23,3
DA:24,3
DA:25,3
LF:12
LH:12
BRF:0
BRH:0
end_of_record
TN:
SF:C:\Users\rxliuli\Text\Web\rx-util\src\module\async\debounce.ts
FN:17,debounce
FN:25,(anonymous_1)
FN:26,(anonymous_2)
FN:29,(anonymous_3)
FN:32,(anonymous_4)
FNF:5
FNH:5
FNDA:4,debounce
FNDA:18,(anonymous_1)
FNDA:18,(anonymous_2)
FNDA:7,(anonymous_3)
FNDA:17,(anonymous_4)
DA:17,3
DA:23,4
DA:24,4
DA:26,18
DA:27,18
DA:28,18
DA:29,7
DA:32,18
LF:8
LH:8
BRDA:20,0,0,3
BRDA:27,1,0,14
BRDA:27,1,1,4
BRF:3
BRH:3
end_of_record
TN:
SF:C:\Users\rxliuli\Text\Web\rx-util\src\module\async\mergeMap.ts
FN:10,mergeMap
FN:16,(anonymous_1)
FN:21,(anonymous_3)
FNF:3
FNH:3
FNDA:1,mergeMap
FNDA:3,(anonymous_1)
FNDA:3,(anonymous_3)
DA:1,3
DA:10,3
DA:12,1
DA:14,1
DA:15,1
DA:17,3
DA:18,3
DA:19,3
DA:20,3
DA:21,3
DA:22,3
DA:23,3
LF:12
LH:12
BRF:0
BRH:0
end_of_record
TN:
SF:C:\Users\rxliuli\Text\Web\rx-util\src\module\async\switchMap.ts
FN:10,switchMap
FN:18,(anonymous_1)
FNF:2
FNH:2
FNDA:1,switchMap
FNDA:3,(anonymous_1)
DA:10,3
DA:12,1
DA:14,1
DA:17,1
DA:19,3
DA:20,3
DA:21,3
DA:22,3
DA:23,2
DA:25,1
DA:26,1
DA:27,1
LF:12
LH:12
BRDA:22,0,0,2
BRDA:22,0,1,1
BRF:2
BRH:2
end_of_record
TN:
SF:C:\Users\rxliuli\Text\Web\rx-util\src\module\async\throttle.ts
FN:18,throttle
FN:25,(anonymous_1)
FN:26,(anonymous_2)
FNF:3
FNH:3
FNDA:4,throttle
FNDA:10,(anonymous_1)
FNDA:10,(anonymous_2)
DA:18,3
DA:22,4
DA:24,4
DA:26,10
DA:27,10
DA:28,10
DA:29,8
DA:30,8
DA:31,8
DA:32,8
DA:34,2
LF:11
LH:11
BRDA:28,0,0,8
BRDA:28,0,1,2
BRF:2
BRH:2
end_of_record
TN:
SF:C:\Users\rxliuli\Text\Web\rx-util\src\module\async\wait.ts
FN:10,wait
FN:11,(anonymous_1)
FN:15,(anonymous_2)
FNF:3
FNH:3
FNDA:165,wait
FNDA:165,(anonymous_1)
FNDA:326,(anonymous_2)
DA:10,19
DA:11,165
DA:12,165
DA:13,97
DA:14,68
DA:15,67
DA:16,326
DA:17,51
DA:18,51
DA:22,1
LF:10
LH:10
BRDA:12,0,0,97
BRDA:12,0,1,68
BRDA:14,1,0,67
BRDA:14,1,1,1
BRDA:16,2,0,51
BRDA:16,2,1,275
BRF:6
BRH:6
end_of_record
TN:
SF:C:\Users\rxliuli\Text\Web\rx-util\src\module\async\waitResource.ts
FN:23,waitResource
FN:28,(anonymous_1)
FN:29,(anonymous_2)
FNF:3
FNH:3
FNDA:5,waitResource
FNDA:5,(anonymous_1)
FNDA:25,(anonymous_2)
DA:23,4
DA:27,5
DA:28,5
DA:29,5
DA:30,25
DA:31,5
DA:32,5
DA:34,25
DA:35,25
DA:36,2
DA:37,2
LF:11
LH:11
BRDA:25,0,0,3
BRDA:25,1,0,3
BRDA:25,2,0,3
BRDA:30,3,0,5
BRDA:30,3,1,20
BRDA:35,4,0,2
BRDA:35,4,1,23
BRF:7
BRH:7
end_of_record
TN:
SF:C:\Users\rxliuli\Text\Web\rx-util\src\module\cache\CacheUtil.ts
FN:52,(anonymous_0)
FN:56,(anonymous_1)
FN:58,(anonymous_2)
FN:64,(anonymous_3)
FN:72,(anonymous_4)
FN:85,(anonymous_5)
FN:89,(anonymous_6)
FN:92,(anonymous_7)
FN:98,(anonymous_8)
FN:106,(anonymous_9)
FNF:10
FNH:0
FNDA:0,(anonymous_0)
FNDA:0,(anonymous_1)
FNDA:0,(anonymous_2)
FNDA:0,(anonymous_3)
FNDA:0,(anonymous_4)
FNDA:0,(anonymous_5)
FNDA:0,(anonymous_6)
FNDA:0,(anonymous_7)
FNDA:0,(anonymous_8)
FNDA:0,(anonymous_9)
DA:1,3
DA:3,3
DA:8,3
DA:43,3
DA:56,0
DA:57,0
DA:59,0
DA:60,0
DA:61,0
DA:62,0
DA:64,0
DA:65,0
DA:66,0
DA:70,0
DA:73,0
DA:89,0
DA:90,0
DA:91,0
DA:93,0
DA:94,0
DA:95,0
DA:96,0
DA:98,0
DA:99,0
DA:100,0
DA:104,0
DA:107,0
DA:117,3
LF:28
LH:5
BRDA:54,0,0,0
BRDA:54,1,0,0
BRDA:61,2,0,0
BRDA:61,2,1,0
BRDA:87,3,0,0
BRDA:87,4,0,0
BRDA:95,5,0,0
BRDA:95,5,1,0
BRF:8
BRH:0
end_of_record
TN:
SF:C:\Users\rxliuli\Text\Web\rx-util\src\module\cache\CacheVal.ts
FN:35,(anonymous_0)
FNF:1
FNH:0
FNDA:0,(anonymous_0)
DA:24,4
DA:36,0
LF:2
LH:1
BRDA:35,0,0,0
BRF:1
BRH:0
end_of_record
TN:
SF:C:\Users\rxliuli\Text\Web\rx-util\src\module\cache\ICacheOption.ts
FNF:0
FNH:0
DA:5,4
LF:1
LH:1
BRF:0
BRH:0
end_of_record
TN:
SF:C:\Users\rxliuli\Text\Web\rx-util\src\module\cache\LocalStorageCache.ts
FN:24,(anonymous_0)
FN:46,(anonymous_1)
FN:48,(anonymous_3)
FN:58,(anonymous_4)
FN:58,(anonymous_5)
FN:60,(anonymous_6)
FN:65,(anonymous_7)
FN:72,(anonymous_8)
FN:82,(anonymous_9)
FN:95,(anonymous_10)
FN:106,(anonymous_11)
FN:130,(anonymous_12)
FN:132,(anonymous_13)
FN:163,(anonymous_14)
FN:168,(anonymous_15)
FNF:15
[...]
DA:7,1
DA:10,3
DA:12,2
DA:13,2
DA:14,6
DA:15,6
DA:16,6
DA:17,6
DA:19,2
LF:9
LH:9
BRDA:10,0,0,1
BRF:1
BRH:1
end_of_record
TN:
SF:C:\Users\rxliuli\Text\Web\rx-util\src\module\number\autoIncrement.ts
FN:4,autoIncrementGenerator
FN:22,autoIncrement
FNF:2
FNH:2
FNDA:1,autoIncrementGenerator
FNDA:4,autoIncrement
DA:5,1
DA:9,4
DA:16,3
DA:22,3
DA:23,4
LF:5
LH:5
BRF:0
BRH:0
end_of_record
TN:
SF:C:\Users\rxliuli\Text\Web\rx-util\src\module\number\floatEquals.ts
FN:8,floatEquals
FNF:1
FNH:1
FNDA:3,floatEquals
DA:8,3
DA:9,3
LF:2
LH:2
BRF:0
BRH:0
end_of_record
TN:
SF:C:\Users\rxliuli\Text\Web\rx-util\src\module\number\isRange.ts
FN:7,isRange
FNF:1
FNH:1
FNDA:74,isRange
DA:7,42
DA:8,74
LF:2
LH:2
BRDA:8,0,0,74
BRDA:8,0,1,74
BRF:2
BRH:2
end_of_record
TN:
SF:C:\Users\rxliuli\Text\Web\rx-util\src\module\number\randomInt.ts
FN:16,randomInt
FNF:1
FNH:1
FNDA:206,randomInt
DA:16,6
DA:17,206
DA:18,206
DA:19,206
DA:20,0
DA:22,206
LF:6
LH:5
BRDA:17,0,0,99
BRDA:17,0,1,107
BRDA:18,1,0,99
BRDA:18,1,1,107
BRDA:19,2,0,0
BRDA:19,2,1,206
BRF:6
BRH:5
end_of_record
TN:
SF:C:\Users\rxliuli\Text\Web\rx-util\src\module\obj\Peek.ts
FN:20,(anonymous_0)
FN:25,(anonymous_1)
FN:29,(anonymous_2)
FN:38,(anonymous_3)
FN:62,(anonymous_4)
FN:65,(anonymous_5)
FN:66,(anonymous_6)
FN:82,(anonymous_7)
FNF:8
FNH:8
FNDA:1,(anonymous_0)
FNDA:1,(anonymous_1)
FNDA:19,(anonymous_2)
FNDA:15,(anonymous_3)
FNDA:3,(anonymous_4)
FNDA:6,(anonymous_5)
FNDA:10,(anonymous_6)
FNDA:2,(anonymous_7)
DA:1,1
DA:2,1
DA:19,1
DA:21,1
DA:22,1
DA:23,1
DA:27,1
DA:28,1
DA:30,19
DA:31,19
DA:32,13
DA:34,6
DA:35,6
DA:36,6
DA:39,15
DA:40,15
DA:41,7
DA:43,8
DA:44,8
DA:45,8
DA:46,5
DA:47,5
DA:49,3
DA:50,3
DA:53,1
DA:54,1
DA:55,1
DA:63,3
DA:64,3
DA:65,3
DA:66,6
DA:67,10
DA:68,6
DA:69,6
DA:71,4
DA:72,2
DA:74,4
DA:77,3
DA:83,2
DA:87,1
LF:40
LH:40
BRDA:31,0,0,13
BRDA:31,0,1,6
BRDA:31,1,0,19
BRDA:31,1,1,19
BRDA:31,1,2,14
BRDA:35,2,0,6
BRDA:35,2,1,4
BRDA:40,3,0,7
BRDA:40,3,1,8
BRDA:40,4,0,15
BRDA:40,4,1,9
BRDA:43,5,0,8
BRDA:43,5,1,1
BRDA:45,6,0,5
BRDA:45,6,1,3
BRDA:46,7,0,5
BRDA:46,7,1,0
BRDA:67,8,0,6
BRDA:67,8,1,4
BRDA:71,9,0,2
BRDA:71,9,1,2
BRF:21
BRH:20
end_of_record
TN:
SF:C:\Users\rxliuli\Text\Web\rx-util\src\module\obj\TypeValidator.ts
FN:5,(anonymous_0)
FN:39,(anonymous_1)
FN:55,(anonymous_2)
FN:63,(anonymous_3)
FN:71,(anonymous_4)
FN:79,(anonymous_5)
FN:87,(anonymous_6)
FN:95,(anonymous_7)
FN:103,(anonymous_8)
FN:111,(anonymous_9)
FN:124,(anonymous_10)
FN:136,(anonymous_11)
FN:144,(anonymous_12)
FN:152,(anonymous_13)
FN:160,(anonymous_14)
FN:168,(anonymous_15)
FN:176,(anonymous_16)
FN:184,(anonymous_17)
FN:192,(anonymous_18)
FN:202,(anonymous_19)
FN:210,(anonymous_20)
FNF:21
FNH:19
FNDA:30,(anonymous_0)
FNDA:4,(anonymous_1)
FNDA:2,(anonymous_2)
FNDA:56,(anonymous_3)
FNDA:14,(anonymous_4)
FNDA:1,(anonymous_5)
FNDA:7,(anonymous_6)
FNDA:174,(anonymous_7)
FNDA:172,(anonymous_8)
FNDA:16,(anonymous_9)
FNDA:171,(anonymous_10)
FNDA:150,(anonymous_11)
FNDA:19,(anonymous_12)
FNDA:131,(anonymous_13)
FNDA:1,(anonymous_14)
FNDA:1,(anonymous_15)
FNDA:0,(anonymous_16)
FNDA:1,(anonymous_17)
FNDA:0,(anonymous_18)
FNDA:1,(anonymous_19)
FNDA:1,(anonymous_20)
DA:1,30
DA:5,30
DA:6,30
DA:7,30
DA:8,30
DA:9,30
DA:10,30
DA:11,30
DA:12,30
DA:13,30
DA:14,30
DA:15,30
DA:16,30
DA:17,30
DA:18,30
DA:19,30
DA:20,30
DA:21,30
DA:22,30
DA:23,30
DA:28,30
DA:32,30
DA:40,4
DA:41,6
DA:42,6
DA:43,6
DA:44,4
DA:48,0
DA:56,2
DA:64,56
DA:72,14
DA:80,1
DA:88,7
DA:96,174
DA:104,172
DA:112,16
DA:125,171
DA:137,150
DA:145,19
DA:153,131
DA:161,1
DA:169,1
DA:177,0
DA:185,1
DA:193,0
DA:203,1
DA:211,1
LF:47
LH:44
BRDA:5,0,0,30
BRDA:5,0,1,30
BRDA:41,1,0,6
BRDA:41,1,1,0
BRDA:43,2,0,4
BRDA:43,2,1,2
BRDA:113,3,0,16
BRDA:113,3,1,11
BRDA:113,3,2,6
BRDA:126,4,0,171
BRDA:126,4,1,171
BRDA:126,4,2,170
BRDA:177,5,0,0
BRDA:177,5,1,0
BRDA:194,6,0,0
BRDA:194,6,1,0
BRDA:193,7,0,0
BRDA:193,7,1,0
BRDA:195,8,0,0
BRDA:195,8,1,0
BRDA:195,8,2,0
BRDA:203,9,0,1
BRDA:203,9,1,1
BRDA:211,10,0,1
BRDA:211,10,1,1
BRF:25
BRH:15
end_of_record
TN:
SF:C:\Users\rxliuli\Text\Web\rx-util\src\module\obj\aggregation.ts
FN:8,getInnerFieldRule
FN:22,_copyProps
FN:24,(anonymous_2)
FN:38,aggregation
FN:44,(anonymous_4)
FN:45,(anonymous_5)
FN:51,(anonymous_6)
FNF:7
FNH:7
FNDA:28,getInnerFieldRule
FNDA:28,_copyProps
FNDA:50,(anonymous_2)
FNDA:5,aggregation
FNDA:4,(anonymous_4)
FNDA:8,(anonymous_5)
FNDA:10,(anonymous_6)
DA:1,3
DA:9,28
DA:10,10
DA:12,18
DA:23,28
DA:24,28
DA:25,50
DA:26,30
DA:28,20
DA:30,28
DA:38,3
DA:39,5
DA:45,4
DA:46,8
DA:51,5
DA:52,10
DA:53,10
DA:56,5
LF:18
LH:18
BRDA:9,0,0,10
BRDA:9,0,1,18
BRDA:25,1,0,30
BRDA:25,1,1,20
BRDA:25,2,0,50
BRDA:25,2,1,50
BRDA:45,3,0,2
BRF:7
BRH:7
end_of_record
TN:
SF:C:\Users\rxliuli\Text\Web\rx-util\src\module\obj\assign.ts
FN:22,assign
FN:26,(anonymous_1)
FN:30,(anonymous_2)
FNF:3
FNH:3
FNDA:3,assign
FNDA:9,(anonymous_1)
FNDA:11,(anonymous_2)
DA:1,3
DA:22,3
DA:26,3
DA:27,9
DA:28,2
DA:30,7
DA:31,11
DA:32,11
DA:33,2
DA:35,9
DA:36,9
LF:11
LH:11
BRDA:27,0,0,2
BRDA:27,0,1,7
BRDA:32,1,0,2
BRDA:32,1,1,9
BRF:4
BRH:4
end_of_record
TN:
SF:C:\Users\rxliuli\Text\Web\rx-util\src\module\obj\blankToNullField.ts
FN:8,blankToNullField
FN:9,(anonymous_1)
FNF:2
FNH:2
FNDA:1,blankToNullField
FNDA:3,(anonymous_1)
DA:1,3
DA:8,3
DA:9,1
DA:10,3
DA:11,3
DA:12,3
LF:6
LH:6
BRDA:11,0,0,2
BRDA:11,0,1,1
BRF:2
BRH:2
end_of_record
TN:
SF:C:\Users\rxliuli\Text\Web\rx-util\src\module\obj\compare.ts
FN:7,compare
FNF:1
FNH:1
FNDA:15,compare
DA:7,3
DA:8,15
DA:12,8
DA:13,8
DA:15,8
DA:16,1
DA:19,7
DA:20,6
DA:23,1
DA:24,1
DA:28,7
DA:29,1
DA:32,6
DA:37,5
DA:40,1
DA:41,1
DA:46,0
DA:47,0
DA:50,0
DA:51,0
DA:54,0
DA:55,0
DA:58,0
DA:59,0
DA:60,0
DA:64,0
DA:65,0
DA:66,0
DA:69,0
DA:70,0
DA:73,0
DA:74,0
DA:78,0
LF:33
LH:16
BRDA:8,0,0,8
BRDA:8,0,1,7
BRDA:9,1,0,15
BRDA:9,1,1,8
BRDA:9,1,2,8
BRDA:9,1,3,2
BRDA:15,2,0,1
BRDA:15,2,1,7
BRDA:15,3,0,8
BRDA:15,3,1,1
BRDA:19,4,0,6
BRDA:19,4,1,1
BRDA:23,5,0,1
BRDA:23,5,1,0
BRDA:28,6,0,1
BRDA:28,6,1,6
BRDA:32,7,0,5
BRDA:32,7,1,1
BRDA:33,8,0,6
BRDA:33,8,1,3
BRDA:33,8,2,3
BRDA:33,8,3,2
BRDA:33,8,4,2
BRDA:33,8,5,2
BRDA:40,9,0,1
BRDA:40,9,1,0
BRDA:40,10,0,1
BRDA:40,10,1,1
BRDA:46,11,0,0
BRDA:46,11,1,0
BRDA:46,12,0,0
BRDA:46,12,1,0
BRDA:50,13,0,0
BRDA:50,13,1,0
BRDA:54,14,0,0
BRDA:54,14,1,0
BRDA:59,15,0,0
BRDA:59,15,1,0
BRDA:65,16,0,0
BRDA:65,16,1,0
BRDA:69,17,0,0
BRDA:69,17,1,0
BRDA:73,18,0,0
BRDA:73,18,1,0
BRF:44
BRH:26
end_of_record
TN:
SF:C:\Users\rxliuli\Text\Web\rx-util\src\module\obj\deepExcludeFields.ts
FN:9,deepExcludeFields
FN:14,(anonymous_1)
FN:19,(anonymous_2)
FNF:3
FNH:3
FNDA:137,deepExcludeFields
FNDA:34,(anonymous_1)
FNDA:91,(anonymous_2)
DA:1,5
DA:2,5
DA:9,5
DA:13,137
DA:14,34
DA:15,130
DA:16,0
DA:17,130
DA:18,43
DA:19,43
DA:20,91
DA:21,91
DA:22,91
DA:25,87
LF:14
LH:13
BRDA:13,0,0,7
BRDA:13,0,1,130
BRDA:15,1,0,0
BRDA:15,1,1,130
BRDA:17,2,0,43
BRDA:17,2,1,87
BRF:6
BRH:5
end_of_record
TN:
SF:C:\Users\rxliuli\Text\Web\rx-util\src\module\obj\deepFreeze.ts
FN:8,deepFreeze
FN:9,(anonymous_1)
FN:19,(anonymous_2)
FNF:3
FNH:3
FNDA:10,deepFreeze
FNDA:12,(anonymous_1)
FNDA:7,(anonymous_2)
DA:1,3
DA:8,3
DA:9,10
DA:10,12
DA:11,5
DA:15,10
DA:16,3
DA:17,7
DA:18,7
DA:19,7
DA:22,10
LF:11
LH:11
BRDA:10,0,0,5
BRDA:10,0,1,7
BRDA:15,1,0,3
BRDA:15,1,1,7
BRDA:17,2,0,7
BRDA:17,2,1,0
BRF:6
BRH:5
end_of_record
TN:
SF:C:\Users\rxliuli\Text\Web\rx-util\src\module\obj\deepProxy.ts
FN:12,deepProxy
FN:17,(anonymous_1)
FNF:2
FNH:2
FNDA:3,deepProxy
FNDA:17,(anonymous_1)
DA:1,3
DA:2,3
DA:12,3
DA:16,3
DA:18,17
DA:19,17
DA:20,11
DA:22,17
DA:23,1
DA:25,16
DA:26,6
DA:28,10
DA:31,3
LF:13
LH:13
BRDA:13,0,0,1
BRDA:14,1,0,2
BRDA:19,2,0,11
BRDA:19,2,1,6
BRDA:22,3,0,1
BRDA:22,3,1,16
BRDA:25,4,0,6
BRDA:25,4,1,10
BRF:8
BRH:8
end_of_record
TN:
SF:C:\Users\rxliuli\Text\Web\rx-util\src\module\obj\emptyAllField.ts
FN:6,emptyAllField
FN:7,(anonymous_1)
FNF:2
FNH:2
FNDA:1,emptyAllField
FNDA:2,(anonymous_1)
DA:6,3
DA:7,1
DA:8,2
DA:9,2
LF:4
LH:4
BRF:0
BRH:0
end_of_record
TN:
SF:C:\Users\rxliuli\Text\Web\rx-util\src\module\obj\excludeFields.ts
FN:8,excludeFields
FN:13,(anonymous_1)
FNF:2
FNH:2
FNDA:48,excludeFields
FNDA:129,(anonymous_1)
DA:8,6
DA:12,48
DA:13,48
DA:14,129
DA:15,97
DA:17,129
LF:6
LH:6
BRDA:14,0,0,97
BRDA:14,0,1,32
BRF:2
BRH:2
end_of_record
TN:
SF:C:\Users\rxliuli\Text\Web\rx-util\src\module\obj\excludeFieldsDeep.ts
FN:11,excludeFieldsDeep
FNF:1
FNH:1
FNDA:10,excludeFieldsDeep
DA:3,4
DA:11,4
DA:15,10
LF:3
LH:3
BRF:0
BRH:0
end_of_record
TN:
SF:C:\Users\rxliuli\Text\Web\rx-util\src\module\obj\get.ts
FN:14,get
FNF:1
FNH:1
FNDA:25,get
DA:1,4
DA:2,4
DA:3,4
DA:14,4
DA:19,25
DA:20,25
DA:22,25
DA:23,25
DA:24,32
DA:25,32
DA:26,32
DA:27,3
DA:30,0
DA:33,22
LF:14
LH:13
BRDA:17,0,0,24
BRDA:19,1,0,25
BRDA:19,1,1,0
BRDA:26,2,0,3
BRDA:26,2,1,29
BRF:5
BRH:4
end_of_record
TN:
SF:C:\Users\rxliuli\Text\Web\rx-util\src\module\obj\getObjectEntries.ts
FN:7,getObjectEntries
FN:8,(anonymous_1)
FNF:2
FNH:2
FNDA:1,getObjectEntries
FNDA:2,(anonymous_1)
DA:7,3
DA:8,2
DA:12,1
LF:3
LH:3
BRF:0
BRH:0
end_of_record
TN:
SF:C:\Users\rxliuli\Text\Web\rx-util\src\module\obj\getObjectKeys.ts
FN:10,getObjectKeys
FNF:1
FNH:1
FNDA:4,getObjectKeys
DA:1,3
DA:10,3
DA:11,4
DA:12,2
DA:14,2
LF:5
LH:5
BRDA:11,0,0,2
BRDA:11,0,1,2
BRF:2
BRH:2
end_of_record
TN:
SF:C:\Users\rxliuli\Text\Web\rx-util\src\module\obj\getObjectValues.ts
FN:7,getObjectValues
FN:8,(anonymous_1)
FNF:2
FNH:2
FNDA:1,getObjectValues
FNDA:2,(anonymous_1)
DA:7,1
DA:8,2
LF:2
LH:2
BRF:0
BRH:0
end_of_record
TN:
SF:C:\Users\rxliuli\Text\Web\rx-util\src\module\obj\isNullOrUndefined.ts
FN:7,isNullOrUndefined
FNF:1
FNH:1
FNDA:384,isNullOrUndefined
DA:7,56
DA:8,384
LF:2
LH:2
BRDA:8,0,0,384
BRDA:8,0,1,321
BRF:2
BRH:2
end_of_record
TN:
SF:C:\Users\rxliuli\Text\Web\rx-util\src\module\obj\mapToObject.ts
FN:6,mapToObject
FNF:1
FNH:1
FNDA:1,mapToObject
DA:6,3
DA:7,1
DA:8,1
DA:9,3
DA:11,1
LF:5
LH:5
BRF:0
BRH:0
end_of_record
TN:
SF:C:\Users\rxliuli\Text\Web\rx-util\src\module\obj\objectToMap.ts
FN:6,objectToMap
FN:10,(anonymous_1)
FNF:2
FNH:2
FNDA:1,objectToMap
FNDA:3,(anonymous_1)
DA:6,3
DA:9,1
DA:10,3
LF:3
LH:3
BRF:0
BRH:0
end_of_record
TN:
SF:C:\Users\rxliuli\Text\Web\rx-util\src\module\obj\pick.ts
FN:9,pick
FN:14,(anonymous_1)
FNF:2
FNH:2
FNDA:1,pick
FNDA:2,(anonymous_1)
DA:9,3
DA:13,1
DA:14,1
DA:15,2
DA:16,1
DA:18,2
LF:6
LH:6
BRDA:15,0,0,1
BRDA:15,0,1,1
BRF:2
BRH:2
end_of_record
TN:
SF:C:\Users\rxliuli\Text\Web\rx-util\src\module\obj\set.ts
FN:13,set
FNF:1
FNH:1
FNDA:2,set
DA:1,3
DA:2,3
DA:13,3
DA:18,2
DA:19,2
DA:21,2
DA:22,2
DA:23,4
DA:24,4
DA:25,1
DA:26,1
DA:28,3
DA:29,3
DA:30,1
DA:33,0
LF:15
LH:14
BRDA:18,0,0,2
BRDA:18,0,1,0
BRDA:24,1,0,1
BRDA:24,1,1,3
BRDA:29,2,0,1
BRDA:29,2,1,2
BRF:6
BRH:5
end_of_record
TN:
SF:C:\Users\rxliuli\Text\Web\rx-util\src\module\string\PathUtil.ts
FN:11,(anonymous_0)
FN:25,(anonymous_1)
FNF:2
FNH:2
FNDA:5,(anonymous_0)
FNDA:7,(anonymous_1)
DA:4,3
DA:12,5
DA:17,3
DA:26,7
DA:27,3
DA:32,4
DA:33,1
DA:35,3
DA:43,3
LF:9
LH:9
BRDA:26,0,0,3
BRDA:26,0,1,4
BRDA:32,1,0,1
BRDA:32,1,1,3
BRF:4
BRH:4
end_of_record
TN:
SF:C:\Users\rxliuli\Text\Web\rx-util\src\module\string\StringConverter.ts
FN:19,(anonymous_0)
FN:34,(anonymous_1)
FN:48,(anonymous_2)
FNF:3
FNH:3
FNDA:4,(anonymous_0)
FNDA:5,(anonymous_1)
FNDA:2,(anonymous_2)
DA:1,3
DA:3,3
DA:13,3
DA:20,4
DA:26,3
DA:38,5
DA:53,2
LF:7
LH:7
BRF:0
BRH:0
end_of_record
TN:
SF:C:\Users\rxliuli\Text\Web\rx-util\src\module\string\StringValidator.ts
FN:50,(anonymous_0)
FN:58,(anonymous_1)
FN:67,(anonymous_2)
FN:79,(anonymous_3)
FN:87,(anonymous_4)
FN:95,(anonymous_5)
FN:104,(anonymous_6)
FN:113,(anonymous_7)
FN:121,(anonymous_8)
FN:129,(anonymous_9)
FN:137,(anonymous_10)
FNF:11
FNH:11
FNDA:58,(anonymous_0)
FNDA:20,(anonymous_1)
FNDA:9,(anonymous_2)
FNDA:32,(anonymous_3)
FNDA:5,(anonymous_4)
FNDA:9,(anonymous_5)
FNDA:9,(anonymous_6)
FNDA:9,(anonymous_7)
FNDA:7,(anonymous_8)
FNDA:9,(anonymous_9)
FNDA:9,(anonymous_10)
DA:1,39
DA:2,39
DA:7,39
DA:11,39
DA:15,39
DA:19,39
DA:23,39
DA:28,39
DA:32,39
DA:36,39
DA:44,39
DA:51,58
DA:59,20
DA:68,9
DA:69,0
DA:71,9
DA:80,32
DA:88,5
DA:96,9
DA:106,9
DA:114,9
DA:122,7
DA:130,9
DA:138,9
DA:146,39
LF:25
LH:24
BRDA:51,0,0,58
BRDA:51,0,1,48
BRDA:59,1,0,20
BRDA:59,1,1,9
BRDA:68,2,0,0
BRDA:68,2,1,9
BRDA:80,3,0,32
BRDA:80,3,1,31
BRDA:88,4,0,5
BRDA:88,4,1,4
BRDA:96,5,0,9
BRDA:96,5,1,8
BRDA:106,6,0,9
BRDA:106,6,1,6
BRDA:114,7,0,9
BRDA:114,7,1,8
BRDA:122,8,0,7
BRDA:122,8,1,6
BRDA:130,9,0,9
BRDA:130,9,1,8
BRDA:138,10,0,9
BRDA:138,10,1,8
BRF:22
BRH:21
end_of_record
TN:
SF:C:\Users\rxliuli\Text\Web\rx-util\src\module\string\blankToNull.ts
FN:9,blankToNull
FNF:1
FNH:1
FNDA:4,blankToNull
DA:1,4
DA:9,4
DA:10,4
LF:3
LH:3
BRDA:10,0,0,3
BRDA:10,0,1,1
BRF:2
BRH:2
end_of_record
TN:
SF:C:\Users\rxliuli\Text\Web\rx-util\src\module\string\fill.ts
FN:9,fill
FNF:1
FNH:1
FNDA:5,fill
DA:9,3
DA:10,5
DA:11,2
DA:13,3
LF:4
LH:4
BRDA:10,0,0,2
BRDA:10,0,1,3
BRF:2
BRH:2
end_of_record
TN:
SF:C:\Users\rxliuli\Text\Web\rx-util\src\module\string\format.ts
FN:11,format
FN:13,(anonymous_1)
FNF:2
FNH:2
FNDA:1,format
FNDA:2,(anonymous_1)
DA:1,3
DA:11,3
DA:12,1
DA:13,2
LF:4
LH:4
BRF:0
BRH:0
end_of_record
TN:
SF:C:\Users\rxliuli\Text\Web\rx-util\src\module\string\isBlank.ts
FN:9,isBlank
FNF:1
FNH:1
FNDA:5,isBlank
DA:1,3
DA:9,3
DA:10,5
LF:3
LH:3
BRF:0
BRH:0
end_of_record
TN:
SF:C:\Users\rxliuli\Text\Web\rx-util\src\module\string\isEmpty.ts
FN:9,isEmpty
FNF:1
FNH:1
FNDA:5,isEmpty
DA:1,3
DA:9,3
DA:10,5
LF:3
LH:3
BRF:0
BRH:0
end_of_record
TN:
SF:C:\Users\rxliuli\Text\Web\rx-util\src\module\string\isFloat.ts
FN:9,isFloat
FNF:1
FNH:1
FNDA:3,isFloat
DA:1,3
DA:9,3
DA:10,3
LF:3
LH:3
BRF:0
BRH:0
end_of_record
TN:
SF:C:\Users\rxliuli\Text\Web\rx-util\src\module\string\isNumber.ts
FN:9,isNumber
FNF:1
FNH:1
FNDA:3,isNumber
DA:1,3
DA:9,3
DA:10,3
LF:3
LH:3
BRF:0
BRH:0
end_of_record
TN:
SF:C:\Users\rxliuli\Text\Web\rx-util\src\module\string\randomStr.ts
FN:12,randomStr
FNF:1
FNH:1
FNDA:1,randomStr
DA:5,3
DA:6,3
DA:12,3
DA:13,1
DA:14,1
DA:15,10
DA:17,1
LF:7
LH:7
BRF:0
BRH:0
end_of_record
TN:
SF:C:\Users\rxliuli\Text\Web\rx-util\src\module\string\toLowerCase.ts
FN:8,toLowerCase
FNF:1
FNH:1
FNDA:12,toLowerCase
DA:1,5
DA:8,5
DA:9,12
DA:10,1
DA:12,11
LF:5
LH:5
BRDA:9,0,0,1
BRDA:9,0,1,11
BRDA:9,1,0,12
BRDA:9,1,1,11
BRF:4
BRH:4
end_of_record
TN:
SF:C:\Users\rxliuli\Text\Web\rx-util\src\module\string\toString.ts
FN:9,toString
FNF:1
FNH:1
FNDA:36,toString
DA:1,6
DA:9,6
DA:10,36
DA:11,3
DA:13,33
DA:14,1
DA:16,32
LF:7
LH:7
BRDA:10,0,0,3
BRDA:10,0,1,33
BRDA:13,1,0,1
BRDA:13,1,1,32
BRF:4
BRH:4
end_of_record
TN:
SF:C:\Users\rxliuli\Text\Web\rx-util\src\module\string\toUpperCase.ts
FN:8,toUpperCase
FNF:1
FNH:1
FNDA:9,toUpperCase
DA:1,4
DA:8,4
DA:9,9
DA:10,2
DA:12,7
LF:5
LH:5
BRDA:9,0,0,2
BRDA:9,0,1,7
BRDA:9,1,0,9
BRDA:9,1,1,8
BRF:4
BRH:4
end_of_record
TN:
SF:C:\Users\rxliuli\Text\Web\rx-util\src\module\string\StringConverter\CamelConverter.ts
FN:17,(anonymous_0)
FN:18,(anonymous_1)
FNF:2
FNH:2
FNDA:1,(anonymous_0)
FNDA:2,(anonymous_1)
DA:1,3
DA:2,3
DA:3,3
DA:9,3
DA:18,1
DA:19,2
DA:20,2
LF:7
LH:7
BRDA:21,0,0,1
BRDA:21,0,1,1
BRF:2
BRH:2
end_of_record
TN:
SF:C:\Users\rxliuli\Text\Web\rx-util\src\module\string\StringConverter\CamelOrPascalFrom.ts
FN:14,(anonymous_0)
FNF:1
FNH:1
FNDA:2,(anonymous_0)
DA:1,3
DA:6,3
DA:15,2
DA:16,2
DA:17,2
DA:18,2
DA:19,22
DA:20,22
DA:21,3
DA:22,2
DA:24,3
DA:27,2
DA:28,2
DA:30,2
LF:14
LH:14
BRDA:20,0,0,3
BRDA:20,0,1,19
BRDA:20,1,0,22
BRDA:20,1,1,22
BRDA:21,2,0,2
BRDA:21,2,1,1
BRDA:27,3,0,2
BRDA:27,3,1,0
BRF:8
BRH:7
end_of_record
TN:
SF:C:\Users\rxliuli\Text\Web\rx-util\src\module\string\StringConverter\ConverterFactory.ts
FN:19,(anonymous_0)
FNF:1
FNH:1
FNDA:8,(anonymous_0)
DA:2,3
DA:3,3
DA:4,3
DA:5,3
DA:6,3
DA:11,3
DA:20,8
DA:22,2
DA:24,2
DA:26,2
DA:28,2
DA:30,0
LF:12
LH:11
BRDA:21,0,0,2
BRDA:21,0,1,2
BRDA:21,0,2,2
BRDA:21,0,3,2
BRDA:21,0,4,0
BRF:5
BRH:4
end_of_record
TN:
SF:C:\Users\rxliuli\Text\Web\rx-util\src\module\string\StringConverter\IConverter.ts
FN:13,(anonymous_0)
FN:23,(anonymous_1)
FNF:2
FNH:2
FNDA:1,(anonymous_0)
FNDA:1,(anonymous_1)
DA:5,3
DA:14,1
DA:24,1
LF:3
LH:3
BRF:0
BRH:0
end_of_record
TN:
SF:C:\Users\rxliuli\Text\Web\rx-util\src\module\string\StringConverter\PascalConverter.ts
FN:16,(anonymous_0)
FN:17,(anonymous_1)
FNF:2
FNH:2
FNDA:1,(anonymous_0)
FNDA:2,(anonymous_1)
DA:1,3
DA:2,3
DA:3,3
DA:8,3
DA:17,1
DA:18,2
DA:19,2
LF:7
LH:7
BRF:0
BRH:0
end_of_record
TN:
SF:C:\Users\rxliuli\Text\Web\rx-util\src\module\string\StringConverter\ScreamingSnakeConverter.ts
FN:15,(anonymous_0)
FNF:1
FNH:1
FNDA:1,(anonymous_0)
DA:1,3
DA:2,3
DA:7,3
DA:16,1
LF:4
LH:4
BRF:0
BRH:0
end_of_record
TN:
SF:C:\Users\rxliuli\Text\Web\rx-util\src\module\string\StringConverter\SnakeConverter.ts
FN:15,(anonymous_0)
FNF:1
FNH:1
FNDA:1,(anonymous_0)
DA:1,3
DA:2,3
DA:7,3
DA:16,1
LF:4
LH:4
BRF:0
BRH:0
end_of_record
TN:
SF:C:\Users\rxliuli\Text\Web\rx-util\src\module\string\StringConverter\SnakeOrScreamingSnakeFrom.ts
FN:14,(anonymous_0)
FNF:1
FNH:1
FNDA:2,(anonymous_0)
DA:1,3
DA:6,3
DA:15,2
LF:3
LH:3
BRF:0
BRH:0
end_of_record
TN:
SF:C:\Users\rxliuli\Text\Web\rx-util\src\module\string\StringConverter\StringStyleConverter.ts
FN:20,(anonymous_0)
FN:40,(anonymous_1)
FNF:2
FNH:2
FNDA:4,(anonymous_0)
FNDA:5,(anonymous_1)
DA:1,3
DA:2,3
DA:11,3
DA:26,4
DA:32,4
DA:41,5
DA:42,1
DA:44,4
LF:8
LH:8
BRDA:41,0,0,1
BRDA:41,0,1,4
BRF:2
BRH:2
end_of_record
TN:
SF:C:\Users\rxliuli\Text\Web\rx-util\src\module\string\StringConverter\StringStyleType.ts
FN:4,(anonymous_0)
FNF:1
FNH:1
FNDA:3,(anonymous_0)
DA:4,3
DA:8,3
DA:12,3
DA:16,3
DA:20,3
LF:5
LH:5
BRDA:4,0,0,3
BRDA:4,0,1,3
BRF:2
BRH:2
end_of_record
TN:
SF:C:\Users\rxliuli\Text\Web\rx-util\src\module\tree\NodeBridgeUtil.ts
FN:17,(anonymous_0)
FN:36,(anonymous_1)
FN:47,(anonymous_2)
FNF:3
FNH:3
FNDA:7,(anonymous_0)
FNDA:1,(anonymous_1)
FNDA:1,(anonymous_2)
DA:1,6
DA:3,6
DA:11,6
DA:23,7
DA:37,1
DA:48,1
DA:56,6
LF:7
LH:7
BRDA:22,0,0,0
BRDA:18,1,0,0
BRDA:19,2,0,0
BRDA:20,3,0,2
BRDA:21,4,0,7
BRF:5
BRH:2
end_of_record
TN:
SF:C:\Users\rxliuli\Text\Web\rx-util\src\module\tree\listToTree.ts
FN:25,listToTree
FN:29,(anonymous_1)
FN:33,(anonymous_2)
FNF:3
FNH:3
FNDA:7,listToTree
FNDA:48,(anonymous_1)
FNDA:48,(anonymous_2)
DA:1,3
DA:25,3
DA:29,48
DA:32,7
DA:33,7
DA:34,48
DA:35,48
DA:36,8
DA:37,8
DA:39,40
DA:40,116
DA:41,116
DA:42,38
DA:43,38
DA:44,38
DA:47,2
DA:50,7
DA:51,7
DA:52,6
DA:53,1
LF:20
LH:20
BRDA:30,0,0,6
BRDA:28,1,0,6
BRDA:29,2,0,7
BRDA:35,3,0,8
BRDA:35,3,1,40
BRDA:41,4,0,38
BRDA:41,4,1,78
BRDA:42,5,0,38
BRDA:42,5,1,19
BRDA:51,6,0,1
BRDA:51,6,1,6
BRDA:52,7,0,5
BRDA:52,7,1,1
BRF:13
BRH:13
end_of_record
TN:
SF:C:\Users\rxliuli\Text\Web\rx-util\src\module\tree\treeMapping.ts
FN:29,treeMapping
FN:34,(anonymous_1)
FN:42,_treeMapping
FN:47,(anonymous_3)
FNF:4
FNH:4
FNDA:2,treeMapping
FNDA:6,(anonymous_1)
FNDA:14,_treeMapping
FNDA:12,(anonymous_3)
DA:1,6
DA:2,6
DA:29,6
DA:34,6
DA:44,14
DA:45,14
DA:46,14
DA:47,6
DA:49,12
DA:53,14
DA:55,2
LF:11
LH:11
BRDA:35,0,0,0
BRDA:32,1,0,0
BRDA:33,2,0,2
BRDA:34,3,0,1
BRDA:46,4,0,6
BRDA:46,4,1,8
BRF:6
BRH:4
end_of_record
TN:
SF:C:\Users\rxliuli\Text\Web\rx-util\src\module\tree\treeToList.ts
FN:28,treeToList2
FN:40,(anonymous_1)
FN:56,(anonymous_2)
FN:68,treeToList
FN:100,(anonymous_4)
FN:105,(anonymous_5)
FNF:6
FNH:3
FNDA:0,treeToList2
FNDA:0,(anonymous_1)
FNDA:0,(anonymous_2)
FNDA:4,treeToList
FNDA:26,(anonymous_4)
FNDA:20,(anonymous_5)
DA:1,3
DA:2,3
DA:4,3
DA:5,3
DA:28,3
DA:35,0
DA:36,0
DA:37,0
DA:39,0
DA:42,0
DA:43,0
DA:44,0
DA:45,0
DA:47,0
DA:49,0
DA:50,0
DA:53,0
DA:54,0
DA:56,0
DA:58,0
DA:68,3
DA:75,4
DA:76,4
DA:77,4
DA:78,3
DA:81,4
DA:83,4
DA:85,4
DA:86,4
DA:87,30
DA:88,30
DA:90,30
DA:91,2
DA:93,28
DA:94,28
DA:95,28
DA:96,28
DA:97,16
DA:99,12
DA:100,26
DA:103,12
DA:106,20
DA:108,20
DA:109,2
DA:112,18
DA:113,18
DA:114,18
DA:119,4
LF:48
LH:33
BRDA:33,0,0,0
BRDA:31,1,0,0
BRDA:32,2,0,0
BRDA:44,3,0,0
BRDA:44,3,1,0
BRDA:49,4,0,0
BRDA:49,4,1,0
BRDA:50,5,0,0
BRDA:50,5,1,0
BRDA:56,6,0,0
BRDA:56,6,1,0
BRDA:73,7,0,1
BRDA:71,8,0,1
BRDA:72,9,0,3
BRDA:77,10,0,3
BRDA:77,10,1,1
BRDA:90,11,0,2
BRDA:90,11,1,28
BRDA:90,12,0,30
BRDA:90,12,1,30
BRDA:96,13,0,16
BRDA:96,13,1,12
BRDA:100,14,0,26
BRDA:100,14,1,0
BRDA:105,15,0,9
BRDA:105,15,1,3
BRDA:108,16,0,2
BRDA:108,16,1,18
BRF:28
BRH:16
end_of_record
